
===========================================================================
report_checks -unconstrained
===========================================================================
======================= nom_ss_100C_1v60 Corner ===================================

Startpoint: reset (input port clocked by clk)
Endpoint: _27_ (recovery check against rising-edge clock clk)
Path Group: asynchronous
Path Type: max

Fanout         Cap        Slew       Delay        Time   Description
---------------------------------------------------------------------------------------------
                                  0.000000    0.000000   clock clk (rise edge)
                                  0.000000    0.000000   clock network delay (propagated)
                                  5.000000    5.000000 v input external delay
     1    0.002425    0.017043    0.008056    5.008056 v reset (in)
                                                         reset (net)
                      0.017043    0.000000    5.008056 v input1/A (sky130_fd_sc_hd__dlymetal6s2s_1)
     3    0.015816    0.175338    0.352392    5.360448 v input1/X (sky130_fd_sc_hd__dlymetal6s2s_1)
                                                         net1 (net)
                      0.175338    0.000463    5.360911 v _24_/A (sky130_fd_sc_hd__inv_2)
     1    0.004215    0.063768    0.114723    5.475634 ^ _24_/Y (sky130_fd_sc_hd__inv_2)
                                                         _01_ (net)
                      0.063768    0.000091    5.475726 ^ _27_/RESET_B (sky130_fd_sc_hd__dfrtp_1)
                                              5.475726   data arrival time

                                 25.000000   25.000000   clock clk (rise edge)
                                  0.000000   25.000000   clock source latency
     1    0.009700    0.079079    0.050941   25.050940 ^ clk (in)
                                                         clk (net)
                      0.079080    0.000000   25.050940 ^ clkbuf_0_clk/A (sky130_fd_sc_hd__clkbuf_16)
     2    0.018114    0.065080    0.222915   25.273855 ^ clkbuf_0_clk/X (sky130_fd_sc_hd__clkbuf_16)
                                                         clknet_0_clk (net)
                      0.065080    0.000506   25.274361 ^ clkbuf_1_1__f_clk/A (sky130_fd_sc_hd__clkbuf_16)
     2    0.005965    0.049122    0.197725   25.472086 ^ clkbuf_1_1__f_clk/X (sky130_fd_sc_hd__clkbuf_16)
                                                         clknet_1_1__leaf_clk (net)
                      0.049122    0.000114   25.472198 ^ _27_/CLK (sky130_fd_sc_hd__dfrtp_1)
                                 -0.250000   25.222200   clock uncertainty
                                  0.000000   25.222200   clock reconvergence pessimism
                                  0.457942   25.680141   library recovery time
                                             25.680141   data required time
---------------------------------------------------------------------------------------------
                                             25.680141   data required time
                                             -5.475726   data arrival time
---------------------------------------------------------------------------------------------
                                             20.204414   slack (MET)


Startpoint: _28_ (rising edge-triggered flip-flop clocked by clk)
Endpoint: result[1] (output port clocked by clk)
Path Group: clk
Path Type: max

Fanout         Cap        Slew       Delay        Time   Description
---------------------------------------------------------------------------------------------
                                  0.000000    0.000000   clock clk (rise edge)
                                  0.000000    0.000000   clock source latency
     1    0.009700    0.079079    0.050940    0.050940 ^ clk (in)
                                                         clk (net)
                      0.079080    0.000000    0.050940 ^ clkbuf_0_clk/A (sky130_fd_sc_hd__clkbuf_16)
     2    0.018114    0.065080    0.222915    0.273855 ^ clkbuf_0_clk/X (sky130_fd_sc_hd__clkbuf_16)
                                                         clknet_0_clk (net)
                      0.065080    0.000473    0.274327 ^ clkbuf_1_0__f_clk/A (sky130_fd_sc_hd__clkbuf_16)
     2    0.004759    0.047474    0.195442    0.469770 ^ clkbuf_1_0__f_clk/X (sky130_fd_sc_hd__clkbuf_16)
                                                         clknet_1_0__leaf_clk (net)
                      0.047474    0.000084    0.469854 ^ _28_/CLK (sky130_fd_sc_hd__dfrtp_1)
     5    0.011407    0.151490    0.805461    1.275315 v _28_/Q (sky130_fd_sc_hd__dfrtp_1)
                                                         fsm.pstate[2] (net)
                      0.151490    0.000262    1.275577 v _10_/A_N (sky130_fd_sc_hd__nand2b_1)
     1    0.002153    0.081478    0.318410    1.593988 v _10_/Y (sky130_fd_sc_hd__nand2b_1)
                                                         _04_ (net)
                      0.081478    0.000041    1.594029 v _11_/A (sky130_fd_sc_hd__buf_1)
     3    0.006589    0.088892    0.198424    1.792453 v _11_/X (sky130_fd_sc_hd__buf_1)
                                                         net3 (net)
                      0.088892    0.000155    1.792608 v _12_/B (sky130_fd_sc_hd__or2_1)
     1    0.002335    0.091966    0.455192    2.247800 v _12_/X (sky130_fd_sc_hd__or2_1)
                                                         _05_ (net)
                      0.091966    0.000065    2.247865 v _13_/A (sky130_fd_sc_hd__clkbuf_1)
     3    0.006868    0.091846    0.205639    2.453504 v _13_/X (sky130_fd_sc_hd__clkbuf_1)
                                                         net2 (net)
                      0.091846    0.000091    2.453595 v _29_/A (sky130_fd_sc_hd__clkbuf_1)
     1    0.002589    0.048285    0.168117    2.621712 v _29_/X (sky130_fd_sc_hd__clkbuf_1)
                                                         net4 (net)
                      0.048285    0.000073    2.621785 v output4/A (sky130_fd_sc_hd__buf_2)
     1    0.034048    0.165134    0.333948    2.955733 v output4/X (sky130_fd_sc_hd__buf_2)
                                                         result[1] (net)
                      0.165134    0.000616    2.956349 v result[1] (out)
                                              2.956349   data arrival time

                                 25.000000   25.000000   clock clk (rise edge)
                                  0.000000   25.000000   clock network delay (propagated)
                                 -0.250000   24.750000   clock uncertainty
                                  0.000000   24.750000   clock reconvergence pessimism
                                 -5.000000   19.750000   output external delay
                                             19.750000   data required time
---------------------------------------------------------------------------------------------
                                             19.750000   data required time
                                             -2.956349   data arrival time
---------------------------------------------------------------------------------------------
                                             16.793650   slack (MET)




===========================================================================
report_checks --slack_max -0.01
============================================================================
======================= nom_ss_100C_1v60 Corner ===================================

No paths found.


===========================================================================
 report_check_types -max_slew -max_cap -max_fanout -violators
============================================================================
======================= nom_ss_100C_1v60 Corner ===================================



===========================================================================
report_parasitic_annotation -report_unannotated
============================================================================
Found 1 unannotated drivers.
 clkload0/X
Found 0 partially unannotated drivers.

===========================================================================
max slew violation count 0
max fanout violation count 0
max cap violation count 0
============================================================================

===========================================================================
check_setup -verbose -unconstrained_endpoints -multiple_clock -no_clock -no_input_delay -loops -generated_clocks
===========================================================================
