Clock: clk
Sources: clk 
Generated: no
Virtual: yes
Propagated: no
Period: 25.000000

===========================================================================
report_clock_properties
============================================================================
Clock                   Period          Waveform
----------------------------------------------------
clk                  25.000000    0.000000 12.500000

===========================================================================
report_clock_latency
============================================================================
Clock clk
rise -> rise
    min     max
0.000000 0.000000 source latency
0.469852         network latency _26_/CLK
        0.472200 network latency _27_/CLK
---------------
0.469852 0.472200 latency
        0.002348 skew

fall -> fall
    min     max
0.000000 0.000000 source latency
0.496915         network latency _26_/CLK
        0.498860 network latency _27_/CLK
---------------
0.496915 0.498860 latency
        0.001944 skew



===========================================================================
report_clock_min_period
============================================================================
clk period_min = 2.65 fmax = 377.13
