
===========================================================================
report_checks -path_delay min (Hold)
============================================================================
======================= nom_ss_100C_1v60 Corner ===================================

Startpoint: _27_ (rising edge-triggered flip-flop clocked by clk)
Endpoint: _28_ (rising edge-triggered flip-flop clocked by clk)
Path Group: clk
Path Type: min

Fanout         Cap        Slew       Delay        Time   Description
---------------------------------------------------------------------------------------------
                                  0.000000    0.000000   clock clk (rise edge)
                                  0.000000    0.000000   clock source latency
     1    0.009700    0.079079    0.050940    0.050940 ^ clk (in)
                                                         clk (net)
                      0.079080    0.000000    0.050940 ^ clkbuf_0_clk/A (sky130_fd_sc_hd__clkbuf_16)
     2    0.018114    0.065080    0.222915    0.273855 ^ clkbuf_0_clk/X (sky130_fd_sc_hd__clkbuf_16)
                                                         clknet_0_clk (net)
                      0.065080    0.000507    0.274361 ^ clkbuf_1_1__f_clk/A (sky130_fd_sc_hd__clkbuf_16)
     2    0.005965    0.049122    0.197726    0.472087 ^ clkbuf_1_1__f_clk/X (sky130_fd_sc_hd__clkbuf_16)
                                                         clknet_1_1__leaf_clk (net)
                      0.049122    0.000113    0.472200 ^ _27_/CLK (sky130_fd_sc_hd__dfrtp_1)
     3    0.013378    0.164601    0.824375    1.296575 v _27_/Q (sky130_fd_sc_hd__dfrtp_1)
                                                         fsm.pstate[1] (net)
                      0.164601    0.000292    1.296867 v _09_/A (sky130_fd_sc_hd__inv_2)
     3    0.006952    0.077476    0.128643    1.425510 ^ _09_/Y (sky130_fd_sc_hd__inv_2)
                                                         _03_ (net)
                      0.077476    0.000174    1.425685 ^ _22_/A (sky130_fd_sc_hd__nor2_1)
     1    0.003508    0.049309    0.085971    1.511656 v _22_/Y (sky130_fd_sc_hd__nor2_1)
                                                         fsm.nstate[2] (net)
                      0.049309    0.000086    1.511742 v _28_/D (sky130_fd_sc_hd__dfrtp_1)
                                              1.511742   data arrival time

                                  0.000000    0.000000   clock clk (rise edge)
                                  0.000000    0.000000   clock source latency
     1    0.009700    0.079079    0.050940    0.050940 ^ clk (in)
                                                         clk (net)
                      0.079080    0.000000    0.050940 ^ clkbuf_0_clk/A (sky130_fd_sc_hd__clkbuf_16)
     2    0.018114    0.065080    0.222915    0.273855 ^ clkbuf_0_clk/X (sky130_fd_sc_hd__clkbuf_16)
                                                         clknet_0_clk (net)
                      0.065080    0.000473    0.274327 ^ clkbuf_1_0__f_clk/A (sky130_fd_sc_hd__clkbuf_16)
     2    0.004759    0.047474    0.195442    0.469770 ^ clkbuf_1_0__f_clk/X (sky130_fd_sc_hd__clkbuf_16)
                                                         clknet_1_0__leaf_clk (net)
                      0.047474    0.000084    0.469854 ^ _28_/CLK (sky130_fd_sc_hd__dfrtp_1)
                                  0.250000    0.719854   clock uncertainty
                                  0.000000    0.719854   clock reconvergence pessimism
                                 -0.095030    0.624824   library hold time
                                              0.624824   data required time
---------------------------------------------------------------------------------------------
                                              0.624824   data required time
                                             -1.511742   data arrival time
---------------------------------------------------------------------------------------------
                                              0.886918   slack (MET)


Startpoint: _27_ (rising edge-triggered flip-flop clocked by clk)
Endpoint: _27_ (rising edge-triggered flip-flop clocked by clk)
Path Group: clk
Path Type: min

Fanout         Cap        Slew       Delay        Time   Description
---------------------------------------------------------------------------------------------
                                  0.000000    0.000000   clock clk (rise edge)
                                  0.000000    0.000000   clock source latency
     1    0.009700    0.079079    0.050940    0.050940 ^ clk (in)
                                                         clk (net)
                      0.079080    0.000000    0.050940 ^ clkbuf_0_clk/A (sky130_fd_sc_hd__clkbuf_16)
     2    0.018114    0.065080    0.222915    0.273855 ^ clkbuf_0_clk/X (sky130_fd_sc_hd__clkbuf_16)
                                                         clknet_0_clk (net)
                      0.065080    0.000507    0.274361 ^ clkbuf_1_1__f_clk/A (sky130_fd_sc_hd__clkbuf_16)
     2    0.005965    0.049122    0.197726    0.472087 ^ clkbuf_1_1__f_clk/X (sky130_fd_sc_hd__clkbuf_16)
                                                         clknet_1_1__leaf_clk (net)
                      0.049122    0.000113    0.472200 ^ _27_/CLK (sky130_fd_sc_hd__dfrtp_1)
     3    0.014062    0.213698    0.749087    1.221287 ^ _27_/Q (sky130_fd_sc_hd__dfrtp_1)
                                                         fsm.pstate[1] (net)
                      0.213698    0.000292    1.221579 ^ _20_/B (sky130_fd_sc_hd__xnor2_1)
     1    0.003164    0.080188    0.175450    1.397029 v _20_/Y (sky130_fd_sc_hd__xnor2_1)
                                                         _08_ (net)
                      0.080188    0.000095    1.397124 v _21_/B (sky130_fd_sc_hd__nor2_1)
     1    0.003226    0.139303    0.153557    1.550681 ^ _21_/Y (sky130_fd_sc_hd__nor2_1)
                                                         fsm.nstate[1] (net)
                      0.139303    0.000103    1.550784 ^ _27_/D (sky130_fd_sc_hd__dfrtp_1)
                                              1.550784   data arrival time

                                  0.000000    0.000000   clock clk (rise edge)
                                  0.000000    0.000000   clock source latency
     1    0.009700    0.079079    0.050940    0.050940 ^ clk (in)
                                                         clk (net)
                      0.079080    0.000000    0.050940 ^ clkbuf_0_clk/A (sky130_fd_sc_hd__clkbuf_16)
     2    0.018114    0.065080    0.222915    0.273855 ^ clkbuf_0_clk/X (sky130_fd_sc_hd__clkbuf_16)
                                                         clknet_0_clk (net)
                      0.065080    0.000507    0.274361 ^ clkbuf_1_1__f_clk/A (sky130_fd_sc_hd__clkbuf_16)
     2    0.005965    0.049122    0.197726    0.472087 ^ clkbuf_1_1__f_clk/X (sky130_fd_sc_hd__clkbuf_16)
                                                         clknet_1_1__leaf_clk (net)
                      0.049122    0.000113    0.472200 ^ _27_/CLK (sky130_fd_sc_hd__dfrtp_1)
                                  0.250000    0.722200   clock uncertainty
                                  0.000000    0.722200   clock reconvergence pessimism
                                 -0.096192    0.626008   library hold time
                                              0.626008   data required time
---------------------------------------------------------------------------------------------
                                              0.626008   data required time
                                             -1.550784   data arrival time
---------------------------------------------------------------------------------------------
                                              0.924776   slack (MET)


Startpoint: _26_ (rising edge-triggered flip-flop clocked by clk)
Endpoint: _26_ (rising edge-triggered flip-flop clocked by clk)
Path Group: clk
Path Type: min

Fanout         Cap        Slew       Delay        Time   Description
---------------------------------------------------------------------------------------------
                                  0.000000    0.000000   clock clk (rise edge)
                                  0.000000    0.000000   clock source latency
     1    0.009700    0.079079    0.050940    0.050940 ^ clk (in)
                                                         clk (net)
                      0.079080    0.000000    0.050940 ^ clkbuf_0_clk/A (sky130_fd_sc_hd__clkbuf_16)
     2    0.018114    0.065080    0.222915    0.273855 ^ clkbuf_0_clk/X (sky130_fd_sc_hd__clkbuf_16)
                                                         clknet_0_clk (net)
                      0.065080    0.000473    0.274327 ^ clkbuf_1_0__f_clk/A (sky130_fd_sc_hd__clkbuf_16)
     2    0.004759    0.047474    0.195442    0.469770 ^ clkbuf_1_0__f_clk/X (sky130_fd_sc_hd__clkbuf_16)
                                                         clknet_1_0__leaf_clk (net)
                      0.047474    0.000082    0.469852 ^ _26_/CLK (sky130_fd_sc_hd__dfrtp_1)
     5    0.017020    0.251853    0.776257    1.246109 ^ _26_/Q (sky130_fd_sc_hd__dfrtp_1)
                                                         fsm.pstate[0] (net)
                      0.251853    0.000339    1.246448 ^ hold2/A (sky130_fd_sc_hd__dlygate4sd3_1)
     1    0.002832    0.092058    1.111300    2.357749 ^ hold2/X (sky130_fd_sc_hd__dlygate4sd3_1)
                                                         net11 (net)
                      0.092058    0.000080    2.357829 ^ _19_/A (sky130_fd_sc_hd__nor2_1)
     1    0.004508    0.058682    0.098849    2.456678 v _19_/Y (sky130_fd_sc_hd__nor2_1)
                                                         fsm.nstate[0] (net)
                      0.058682    0.000163    2.456841 v _26_/D (sky130_fd_sc_hd__dfrtp_1)
                                              2.456841   data arrival time

                                  0.000000    0.000000   clock clk (rise edge)
                                  0.000000    0.000000   clock source latency
     1    0.009700    0.079079    0.050940    0.050940 ^ clk (in)
                                                         clk (net)
                      0.079080    0.000000    0.050940 ^ clkbuf_0_clk/A (sky130_fd_sc_hd__clkbuf_16)
     2    0.018114    0.065080    0.222915    0.273855 ^ clkbuf_0_clk/X (sky130_fd_sc_hd__clkbuf_16)
                                                         clknet_0_clk (net)
                      0.065080    0.000473    0.274327 ^ clkbuf_1_0__f_clk/A (sky130_fd_sc_hd__clkbuf_16)
     2    0.004759    0.047474    0.195442    0.469770 ^ clkbuf_1_0__f_clk/X (sky130_fd_sc_hd__clkbuf_16)
                                                         clknet_1_0__leaf_clk (net)
                      0.047474    0.000082    0.469852 ^ _26_/CLK (sky130_fd_sc_hd__dfrtp_1)
                                  0.250000    0.719852   clock uncertainty
                                  0.000000    0.719852   clock reconvergence pessimism
                                 -0.098510    0.621342   library hold time
                                              0.621342   data required time
---------------------------------------------------------------------------------------------
                                              0.621342   data required time
                                             -2.456841   data arrival time
---------------------------------------------------------------------------------------------
                                              1.835499   slack (MET)


Startpoint: reset (input port clocked by clk)
Endpoint: _28_ (removal check against rising-edge clock clk)
Path Group: asynchronous
Path Type: min

Fanout         Cap        Slew       Delay        Time   Description
---------------------------------------------------------------------------------------------
                                  0.000000    0.000000   clock clk (rise edge)
                                  0.000000    0.000000   clock network delay (propagated)
                                  5.000000    5.000000 v input external delay
     1    0.002425    0.017043    0.008056    5.008056 v reset (in)
                                                         reset (net)
                      0.017043    0.000000    5.008056 v input1/A (sky130_fd_sc_hd__dlymetal6s2s_1)
     3    0.015816    0.175338    0.352392    5.360448 v input1/X (sky130_fd_sc_hd__dlymetal6s2s_1)
                                                         net1 (net)
                      0.175338    0.000326    5.360774 v _25_/A (sky130_fd_sc_hd__inv_2)
     1    0.003439    0.059272    0.108475    5.469249 ^ _25_/Y (sky130_fd_sc_hd__inv_2)
                                                         _02_ (net)
                      0.059272    0.000066    5.469315 ^ _28_/RESET_B (sky130_fd_sc_hd__dfrtp_1)
                                              5.469315   data arrival time

                                  0.000000    0.000000   clock clk (rise edge)
                                  0.000000    0.000000   clock source latency
     1    0.009700    0.079079    0.050940    0.050940 ^ clk (in)
                                                         clk (net)
                      0.079080    0.000000    0.050940 ^ clkbuf_0_clk/A (sky130_fd_sc_hd__clkbuf_16)
     2    0.018114    0.065080    0.222915    0.273855 ^ clkbuf_0_clk/X (sky130_fd_sc_hd__clkbuf_16)
                                                         clknet_0_clk (net)
                      0.065080    0.000473    0.274327 ^ clkbuf_1_0__f_clk/A (sky130_fd_sc_hd__clkbuf_16)
     2    0.004759    0.047474    0.195442    0.469770 ^ clkbuf_1_0__f_clk/X (sky130_fd_sc_hd__clkbuf_16)
                                                         clknet_1_0__leaf_clk (net)
                      0.047474    0.000084    0.469854 ^ _28_/CLK (sky130_fd_sc_hd__dfrtp_1)
                                  0.250000    0.719854   clock uncertainty
                                  0.000000    0.719854   clock reconvergence pessimism
                                  0.647360    1.367214   library removal time
                                              1.367214   data required time
---------------------------------------------------------------------------------------------
                                              1.367214   data required time
                                             -5.469315   data arrival time
---------------------------------------------------------------------------------------------
                                              4.102100   slack (MET)


Startpoint: reset (input port clocked by clk)
Endpoint: _26_ (removal check against rising-edge clock clk)
Path Group: asynchronous
Path Type: min

Fanout         Cap        Slew       Delay        Time   Description
---------------------------------------------------------------------------------------------
                                  0.000000    0.000000   clock clk (rise edge)
                                  0.000000    0.000000   clock network delay (propagated)
                                  5.000000    5.000000 v input external delay
     1    0.002425    0.017043    0.008056    5.008056 v reset (in)
                                                         reset (net)
                      0.017043    0.000000    5.008056 v input1/A (sky130_fd_sc_hd__dlymetal6s2s_1)
     3    0.015816    0.175338    0.352392    5.360448 v input1/X (sky130_fd_sc_hd__dlymetal6s2s_1)
                                                         net1 (net)
                      0.175338    0.000435    5.360883 v _23_/A (sky130_fd_sc_hd__inv_2)
     1    0.003616    0.060244    0.109898    5.470782 ^ _23_/Y (sky130_fd_sc_hd__inv_2)
                                                         _00_ (net)
                      0.060244    0.000074    5.470856 ^ _26_/RESET_B (sky130_fd_sc_hd__dfrtp_1)
                                              5.470856   data arrival time

                                  0.000000    0.000000   clock clk (rise edge)
                                  0.000000    0.000000   clock source latency
     1    0.009700    0.079079    0.050940    0.050940 ^ clk (in)
                                                         clk (net)
                      0.079080    0.000000    0.050940 ^ clkbuf_0_clk/A (sky130_fd_sc_hd__clkbuf_16)
     2    0.018114    0.065080    0.222915    0.273855 ^ clkbuf_0_clk/X (sky130_fd_sc_hd__clkbuf_16)
                                                         clknet_0_clk (net)
                      0.065080    0.000473    0.274327 ^ clkbuf_1_0__f_clk/A (sky130_fd_sc_hd__clkbuf_16)
     2    0.004759    0.047474    0.195442    0.469770 ^ clkbuf_1_0__f_clk/X (sky130_fd_sc_hd__clkbuf_16)
                                                         clknet_1_0__leaf_clk (net)
                      0.047474    0.000082    0.469852 ^ _26_/CLK (sky130_fd_sc_hd__dfrtp_1)
                                  0.250000    0.719852   clock uncertainty
                                  0.000000    0.719852   clock reconvergence pessimism
                                  0.647659    1.367511   library removal time
                                              1.367511   data required time
---------------------------------------------------------------------------------------------
                                              1.367511   data required time
                                             -5.470856   data arrival time
---------------------------------------------------------------------------------------------
                                              4.103344   slack (MET)


Startpoint: reset (input port clocked by clk)
Endpoint: _27_ (removal check against rising-edge clock clk)
Path Group: asynchronous
Path Type: min

Fanout         Cap        Slew       Delay        Time   Description
---------------------------------------------------------------------------------------------
                                  0.000000    0.000000   clock clk (rise edge)
                                  0.000000    0.000000   clock network delay (propagated)
                                  5.000000    5.000000 v input external delay
     1    0.002425    0.017043    0.008056    5.008056 v reset (in)
                                                         reset (net)
                      0.017043    0.000000    5.008056 v input1/A (sky130_fd_sc_hd__dlymetal6s2s_1)
     3    0.015816    0.175338    0.352392    5.360448 v input1/X (sky130_fd_sc_hd__dlymetal6s2s_1)
                                                         net1 (net)
                      0.175338    0.000463    5.360911 v _24_/A (sky130_fd_sc_hd__inv_2)
     1    0.004215    0.063768    0.114723    5.475634 ^ _24_/Y (sky130_fd_sc_hd__inv_2)
                                                         _01_ (net)
                      0.063768    0.000091    5.475726 ^ _27_/RESET_B (sky130_fd_sc_hd__dfrtp_1)
                                              5.475726   data arrival time

                                  0.000000    0.000000   clock clk (rise edge)
                                  0.000000    0.000000   clock source latency
     1    0.009700    0.079079    0.050940    0.050940 ^ clk (in)
                                                         clk (net)
                      0.079080    0.000000    0.050940 ^ clkbuf_0_clk/A (sky130_fd_sc_hd__clkbuf_16)
     2    0.018114    0.065080    0.222915    0.273855 ^ clkbuf_0_clk/X (sky130_fd_sc_hd__clkbuf_16)
                                                         clknet_0_clk (net)
                      0.065080    0.000507    0.274361 ^ clkbuf_1_1__f_clk/A (sky130_fd_sc_hd__clkbuf_16)
     2    0.005965    0.049122    0.197726    0.472087 ^ clkbuf_1_1__f_clk/X (sky130_fd_sc_hd__clkbuf_16)
                                                         clknet_1_1__leaf_clk (net)
                      0.049122    0.000113    0.472200 ^ _27_/CLK (sky130_fd_sc_hd__dfrtp_1)
                                  0.250000    0.722200   clock uncertainty
                                  0.000000    0.722200   clock reconvergence pessimism
                                  0.649240    1.371440   library removal time
                                              1.371440   data required time
---------------------------------------------------------------------------------------------
                                              1.371440   data required time
                                             -5.475726   data arrival time
---------------------------------------------------------------------------------------------
                                              4.104286   slack (MET)


Startpoint: _27_ (rising edge-triggered flip-flop clocked by clk)
Endpoint: result[6] (output port clocked by clk)
Path Group: clk
Path Type: min

Fanout         Cap        Slew       Delay        Time   Description
---------------------------------------------------------------------------------------------
                                  0.000000    0.000000   clock clk (rise edge)
                                  0.000000    0.000000   clock source latency
     1    0.009700    0.079079    0.050940    0.050940 ^ clk (in)
                                                         clk (net)
                      0.079080    0.000000    0.050940 ^ clkbuf_0_clk/A (sky130_fd_sc_hd__clkbuf_16)
     2    0.018114    0.065080    0.222915    0.273855 ^ clkbuf_0_clk/X (sky130_fd_sc_hd__clkbuf_16)
                                                         clknet_0_clk (net)
                      0.065080    0.000507    0.274361 ^ clkbuf_1_1__f_clk/A (sky130_fd_sc_hd__clkbuf_16)
     2    0.005965    0.049122    0.197726    0.472087 ^ clkbuf_1_1__f_clk/X (sky130_fd_sc_hd__clkbuf_16)
                                                         clknet_1_1__leaf_clk (net)
                      0.049122    0.000113    0.472200 ^ _27_/CLK (sky130_fd_sc_hd__dfrtp_1)
     3    0.014062    0.213698    0.749087    1.221287 ^ _27_/Q (sky130_fd_sc_hd__dfrtp_1)
                                                         fsm.pstate[1] (net)
                      0.213698    0.000258    1.221545 ^ _14_/A2 (sky130_fd_sc_hd__o21bai_1)
     2    0.004997    0.111789    0.200528    1.422073 v _14_/Y (sky130_fd_sc_hd__o21bai_1)
                                                         net9 (net)
                      0.111789    0.000128    1.422201 v output9/A (sky130_fd_sc_hd__buf_2)
     1    0.034281    0.165977    0.364498    1.786699 v output9/X (sky130_fd_sc_hd__buf_2)
                                                         result[6] (net)
                      0.165977    0.000721    1.787420 v result[6] (out)
                                              1.787420   data arrival time

                                  0.000000    0.000000   clock clk (rise edge)
                                  0.000000    0.000000   clock network delay (propagated)
                                  0.250000    0.250000   clock uncertainty
                                  0.000000    0.250000   clock reconvergence pessimism
                                 -5.000000   -4.750000   output external delay
                                             -4.750000   data required time
---------------------------------------------------------------------------------------------
                                             -4.750000   data required time
                                             -1.787420   data arrival time
---------------------------------------------------------------------------------------------
                                              6.537420   slack (MET)


Startpoint: _28_ (rising edge-triggered flip-flop clocked by clk)
Endpoint: result[4] (output port clocked by clk)
Path Group: clk
Path Type: min

Fanout         Cap        Slew       Delay        Time   Description
---------------------------------------------------------------------------------------------
                                  0.000000    0.000000   clock clk (rise edge)
                                  0.000000    0.000000   clock source latency
     1    0.009700    0.079079    0.050940    0.050940 ^ clk (in)
                                                         clk (net)
                      0.079080    0.000000    0.050940 ^ clkbuf_0_clk/A (sky130_fd_sc_hd__clkbuf_16)
     2    0.018114    0.065080    0.222915    0.273855 ^ clkbuf_0_clk/X (sky130_fd_sc_hd__clkbuf_16)
                                                         clknet_0_clk (net)
                      0.065080    0.000473    0.274327 ^ clkbuf_1_0__f_clk/A (sky130_fd_sc_hd__clkbuf_16)
     2    0.004759    0.047474    0.195442    0.469770 ^ clkbuf_1_0__f_clk/X (sky130_fd_sc_hd__clkbuf_16)
                                                         clknet_1_0__leaf_clk (net)
                      0.047474    0.000084    0.469854 ^ _28_/CLK (sky130_fd_sc_hd__dfrtp_1)
     5    0.011924    0.190023    0.726108    1.195962 ^ _28_/Q (sky130_fd_sc_hd__dfrtp_1)
                                                         fsm.pstate[2] (net)
                      0.190023    0.000328    1.196290 ^ _17_/A (sky130_fd_sc_hd__or2b_1)
     1    0.002326    0.055027    0.203665    1.399955 ^ _17_/X (sky130_fd_sc_hd__or2b_1)
                                                         _07_ (net)
                      0.055027    0.000045    1.400000 ^ _18_/A (sky130_fd_sc_hd__clkbuf_1)
     1    0.001971    0.058548    0.132372    1.532372 ^ _18_/X (sky130_fd_sc_hd__clkbuf_1)
                                                         net7 (net)
                      0.058548    0.000055    1.532427 ^ output7/A (sky130_fd_sc_hd__buf_2)
     1    0.034075    0.270691    0.337234    1.869661 ^ output7/X (sky130_fd_sc_hd__buf_2)
                                                         result[4] (net)
                      0.270691    0.000655    1.870317 ^ result[4] (out)
                                              1.870317   data arrival time

                                  0.000000    0.000000   clock clk (rise edge)
                                  0.000000    0.000000   clock network delay (propagated)
                                  0.250000    0.250000   clock uncertainty
                                  0.000000    0.250000   clock reconvergence pessimism
                                 -5.000000   -4.750000   output external delay
                                             -4.750000   data required time
---------------------------------------------------------------------------------------------
                                             -4.750000   data required time
                                             -1.870317   data arrival time
---------------------------------------------------------------------------------------------
                                              6.620317   slack (MET)


Startpoint: _28_ (rising edge-triggered flip-flop clocked by clk)
Endpoint: result[3] (output port clocked by clk)
Path Group: clk
Path Type: min

Fanout         Cap        Slew       Delay        Time   Description
---------------------------------------------------------------------------------------------
                                  0.000000    0.000000   clock clk (rise edge)
                                  0.000000    0.000000   clock source latency
     1    0.009700    0.079079    0.050940    0.050940 ^ clk (in)
                                                         clk (net)
                      0.079080    0.000000    0.050940 ^ clkbuf_0_clk/A (sky130_fd_sc_hd__clkbuf_16)
     2    0.018114    0.065080    0.222915    0.273855 ^ clkbuf_0_clk/X (sky130_fd_sc_hd__clkbuf_16)
                                                         clknet_0_clk (net)
                      0.065080    0.000473    0.274327 ^ clkbuf_1_0__f_clk/A (sky130_fd_sc_hd__clkbuf_16)
     2    0.004759    0.047474    0.195442    0.469770 ^ clkbuf_1_0__f_clk/X (sky130_fd_sc_hd__clkbuf_16)
                                                         clknet_1_0__leaf_clk (net)
                      0.047474    0.000084    0.469854 ^ _28_/CLK (sky130_fd_sc_hd__dfrtp_1)
     5    0.011924    0.190023    0.726108    1.195962 ^ _28_/Q (sky130_fd_sc_hd__dfrtp_1)
                                                         fsm.pstate[2] (net)
                      0.190023    0.000328    1.196290 ^ _15_/B (sky130_fd_sc_hd__or2_1)
     1    0.002557    0.062442    0.209994    1.406284 ^ _15_/X (sky130_fd_sc_hd__or2_1)
                                                         _06_ (net)
                      0.062442    0.000074    1.406358 ^ _16_/A (sky130_fd_sc_hd__clkbuf_1)
     1    0.002505    0.067455    0.142911    1.549270 ^ _16_/X (sky130_fd_sc_hd__clkbuf_1)
                                                         net6 (net)
                      0.067455    0.000074    1.549344 ^ output6/A (sky130_fd_sc_hd__buf_2)
     1    0.034694    0.275316    0.344558    1.893902 ^ output6/X (sky130_fd_sc_hd__buf_2)
                                                         result[3] (net)
                      0.275316    0.000717    1.894619 ^ result[3] (out)
                                              1.894619   data arrival time

                                  0.000000    0.000000   clock clk (rise edge)
                                  0.000000    0.000000   clock network delay (propagated)
                                  0.250000    0.250000   clock uncertainty
                                  0.000000    0.250000   clock reconvergence pessimism
                                 -5.000000   -4.750000   output external delay
                                             -4.750000   data required time
---------------------------------------------------------------------------------------------
                                             -4.750000   data required time
                                             -1.894619   data arrival time
---------------------------------------------------------------------------------------------
                                              6.644619   slack (MET)


Startpoint: _27_ (rising edge-triggered flip-flop clocked by clk)
Endpoint: result[2] (output port clocked by clk)
Path Group: clk
Path Type: min

Fanout         Cap        Slew       Delay        Time   Description
---------------------------------------------------------------------------------------------
                                  0.000000    0.000000   clock clk (rise edge)
                                  0.000000    0.000000   clock source latency
     1    0.009700    0.079079    0.050940    0.050940 ^ clk (in)
                                                         clk (net)
                      0.079080    0.000000    0.050940 ^ clkbuf_0_clk/A (sky130_fd_sc_hd__clkbuf_16)
     2    0.018114    0.065080    0.222915    0.273855 ^ clkbuf_0_clk/X (sky130_fd_sc_hd__clkbuf_16)
                                                         clknet_0_clk (net)
                      0.065080    0.000507    0.274361 ^ clkbuf_1_1__f_clk/A (sky130_fd_sc_hd__clkbuf_16)
     2    0.005965    0.049122    0.197726    0.472087 ^ clkbuf_1_1__f_clk/X (sky130_fd_sc_hd__clkbuf_16)
                                                         clknet_1_1__leaf_clk (net)
                      0.049122    0.000113    0.472200 ^ _27_/CLK (sky130_fd_sc_hd__dfrtp_1)
     3    0.014062    0.213698    0.749087    1.221287 ^ _27_/Q (sky130_fd_sc_hd__dfrtp_1)
                                                         fsm.pstate[1] (net)
                      0.213698    0.000258    1.221545 ^ _14_/A2 (sky130_fd_sc_hd__o21bai_1)
     2    0.004997    0.111789    0.200528    1.422073 v _14_/Y (sky130_fd_sc_hd__o21bai_1)
                                                         net9 (net)
                      0.111789    0.000143    1.422217 v _30_/A (sky130_fd_sc_hd__clkbuf_1)
     1    0.001797    0.040823    0.169975    1.592192 v _30_/X (sky130_fd_sc_hd__clkbuf_1)
                                                         net5 (net)
                      0.040823    0.000035    1.592227 v output5/A (sky130_fd_sc_hd__buf_2)
     1    0.034409    0.166632    0.331599    1.923825 v output5/X (sky130_fd_sc_hd__buf_2)
                                                         result[2] (net)
                      0.166633    0.000737    1.924563 v result[2] (out)
                                              1.924563   data arrival time

                                  0.000000    0.000000   clock clk (rise edge)
                                  0.000000    0.000000   clock network delay (propagated)
                                  0.250000    0.250000   clock uncertainty
                                  0.000000    0.250000   clock reconvergence pessimism
                                 -5.000000   -4.750000   output external delay
                                             -4.750000   data required time
---------------------------------------------------------------------------------------------
                                             -4.750000   data required time
                                             -1.924563   data arrival time
---------------------------------------------------------------------------------------------
                                              6.674562   slack (MET)


Startpoint: _26_ (rising edge-triggered flip-flop clocked by clk)
Endpoint: result[0] (output port clocked by clk)
Path Group: clk
Path Type: min

Fanout         Cap        Slew       Delay        Time   Description
---------------------------------------------------------------------------------------------
                                  0.000000    0.000000   clock clk (rise edge)
                                  0.000000    0.000000   clock source latency
     1    0.009700    0.079079    0.050940    0.050940 ^ clk (in)
                                                         clk (net)
                      0.079080    0.000000    0.050940 ^ clkbuf_0_clk/A (sky130_fd_sc_hd__clkbuf_16)
     2    0.018114    0.065080    0.222915    0.273855 ^ clkbuf_0_clk/X (sky130_fd_sc_hd__clkbuf_16)
                                                         clknet_0_clk (net)
                      0.065080    0.000473    0.274327 ^ clkbuf_1_0__f_clk/A (sky130_fd_sc_hd__clkbuf_16)
     2    0.004759    0.047474    0.195442    0.469770 ^ clkbuf_1_0__f_clk/X (sky130_fd_sc_hd__clkbuf_16)
                                                         clknet_1_0__leaf_clk (net)
                      0.047474    0.000082    0.469852 ^ _26_/CLK (sky130_fd_sc_hd__dfrtp_1)
     5    0.017020    0.251853    0.776257    1.246109 ^ _26_/Q (sky130_fd_sc_hd__dfrtp_1)
                                                         fsm.pstate[0] (net)
                      0.251853    0.000519    1.246628 ^ _10_/B (sky130_fd_sc_hd__nand2b_1)
     1    0.002153    0.079418    0.162035    1.408663 v _10_/Y (sky130_fd_sc_hd__nand2b_1)
                                                         _04_ (net)
                      0.079418    0.000041    1.408704 v _11_/A (sky130_fd_sc_hd__buf_1)
     3    0.006589    0.088885    0.197438    1.606142 v _11_/X (sky130_fd_sc_hd__buf_1)
                                                         net3 (net)
                      0.088885    0.000154    1.606296 v output3/A (sky130_fd_sc_hd__buf_2)
     1    0.034042    0.164971    0.352762    1.959058 v output3/X (sky130_fd_sc_hd__buf_2)
                                                         result[0] (net)
                      0.164972    0.000616    1.959674 v result[0] (out)
                                              1.959674   data arrival time

                                  0.000000    0.000000   clock clk (rise edge)
                                  0.000000    0.000000   clock network delay (propagated)
                                  0.250000    0.250000   clock uncertainty
                                  0.000000    0.250000   clock reconvergence pessimism
                                 -5.000000   -4.750000   output external delay
                                             -4.750000   data required time
---------------------------------------------------------------------------------------------
                                             -4.750000   data required time
                                             -1.959674   data arrival time
---------------------------------------------------------------------------------------------
                                              6.709674   slack (MET)


Startpoint: _27_ (rising edge-triggered flip-flop clocked by clk)
Endpoint: flag_gt_zero (output port clocked by clk)
Path Group: clk
Path Type: min

Fanout         Cap        Slew       Delay        Time   Description
---------------------------------------------------------------------------------------------
                                  0.000000    0.000000   clock clk (rise edge)
                                  0.000000    0.000000   clock source latency
     1    0.009700    0.079079    0.050940    0.050940 ^ clk (in)
                                                         clk (net)
                      0.079080    0.000000    0.050940 ^ clkbuf_0_clk/A (sky130_fd_sc_hd__clkbuf_16)
     2    0.018114    0.065080    0.222915    0.273855 ^ clkbuf_0_clk/X (sky130_fd_sc_hd__clkbuf_16)
                                                         clknet_0_clk (net)
                      0.065080    0.000507    0.274361 ^ clkbuf_1_1__f_clk/A (sky130_fd_sc_hd__clkbuf_16)
     2    0.005965    0.049122    0.197726    0.472087 ^ clkbuf_1_1__f_clk/X (sky130_fd_sc_hd__clkbuf_16)
                                                         clknet_1_1__leaf_clk (net)
                      0.049122    0.000113    0.472200 ^ _27_/CLK (sky130_fd_sc_hd__dfrtp_1)
     3    0.013378    0.164601    0.824375    1.296575 v _27_/Q (sky130_fd_sc_hd__dfrtp_1)
                                                         fsm.pstate[1] (net)
                      0.164601    0.000292    1.296867 v _09_/A (sky130_fd_sc_hd__inv_2)
     3    0.006952    0.077476    0.128643    1.425510 ^ _09_/Y (sky130_fd_sc_hd__inv_2)
                                                         _03_ (net)
                      0.077476    0.000180    1.425690 ^ _12_/A (sky130_fd_sc_hd__or2_1)
     1    0.002464    0.061285    0.161747    1.587437 ^ _12_/X (sky130_fd_sc_hd__or2_1)
                                                         _05_ (net)
                      0.061285    0.000069    1.587506 ^ _13_/A (sky130_fd_sc_hd__clkbuf_1)
     3    0.007254    0.151448    0.204852    1.792358 ^ _13_/X (sky130_fd_sc_hd__clkbuf_1)
                                                         net2 (net)
                      0.151448    0.000098    1.792456 ^ output2/A (sky130_fd_sc_hd__buf_2)
     1    0.034166    0.271531    0.381095    2.173552 ^ output2/X (sky130_fd_sc_hd__buf_2)
                                                         flag_gt_zero (net)
                      0.271531    0.000620    2.174172 ^ flag_gt_zero (out)
                                              2.174172   data arrival time

                                  0.000000    0.000000   clock clk (rise edge)
                                  0.000000    0.000000   clock network delay (propagated)
                                  0.250000    0.250000   clock uncertainty
                                  0.000000    0.250000   clock reconvergence pessimism
                                 -5.000000   -4.750000   output external delay
                                             -4.750000   data required time
---------------------------------------------------------------------------------------------
                                             -4.750000   data required time
                                             -2.174172   data arrival time
---------------------------------------------------------------------------------------------
                                              6.924171   slack (MET)


Startpoint: _27_ (rising edge-triggered flip-flop clocked by clk)
Endpoint: result[5] (output port clocked by clk)
Path Group: clk
Path Type: min

Fanout         Cap        Slew       Delay        Time   Description
---------------------------------------------------------------------------------------------
                                  0.000000    0.000000   clock clk (rise edge)
                                  0.000000    0.000000   clock source latency
     1    0.009700    0.079079    0.050940    0.050940 ^ clk (in)
                                                         clk (net)
                      0.079080    0.000000    0.050940 ^ clkbuf_0_clk/A (sky130_fd_sc_hd__clkbuf_16)
     2    0.018114    0.065080    0.222915    0.273855 ^ clkbuf_0_clk/X (sky130_fd_sc_hd__clkbuf_16)
                                                         clknet_0_clk (net)
                      0.065080    0.000507    0.274361 ^ clkbuf_1_1__f_clk/A (sky130_fd_sc_hd__clkbuf_16)
     2    0.005965    0.049122    0.197726    0.472087 ^ clkbuf_1_1__f_clk/X (sky130_fd_sc_hd__clkbuf_16)
                                                         clknet_1_1__leaf_clk (net)
                      0.049122    0.000113    0.472200 ^ _27_/CLK (sky130_fd_sc_hd__dfrtp_1)
     3    0.013378    0.164601    0.824375    1.296575 v _27_/Q (sky130_fd_sc_hd__dfrtp_1)
                                                         fsm.pstate[1] (net)
                      0.164601    0.000292    1.296867 v _09_/A (sky130_fd_sc_hd__inv_2)
     3    0.006952    0.077476    0.128643    1.425510 ^ _09_/Y (sky130_fd_sc_hd__inv_2)
                                                         _03_ (net)
                      0.077476    0.000180    1.425690 ^ _12_/A (sky130_fd_sc_hd__or2_1)
     1    0.002464    0.061285    0.161747    1.587437 ^ _12_/X (sky130_fd_sc_hd__or2_1)
                                                         _05_ (net)
                      0.061285    0.000069    1.587506 ^ _13_/A (sky130_fd_sc_hd__clkbuf_1)
     3    0.007254    0.151448    0.204852    1.792358 ^ _13_/X (sky130_fd_sc_hd__clkbuf_1)
                                                         net2 (net)
                      0.151448    0.000127    1.792485 ^ _31_/A (sky130_fd_sc_hd__clkbuf_1)
     1    0.002471    0.067500    0.179780    1.972265 ^ _31_/X (sky130_fd_sc_hd__clkbuf_1)
                                                         net8 (net)
                      0.067500    0.000072    1.972337 ^ output8/A (sky130_fd_sc_hd__buf_2)
     1    0.034574    0.274416    0.343971    2.316308 ^ output8/X (sky130_fd_sc_hd__buf_2)
                                                         result[5] (net)
                      0.274416    0.000676    2.316984 ^ result[5] (out)
                                              2.316984   data arrival time

                                  0.000000    0.000000   clock clk (rise edge)
                                  0.000000    0.000000   clock network delay (propagated)
                                  0.250000    0.250000   clock uncertainty
                                  0.000000    0.250000   clock reconvergence pessimism
                                 -5.000000   -4.750000   output external delay
                                             -4.750000   data required time
---------------------------------------------------------------------------------------------
                                             -4.750000   data required time
                                             -2.316984   data arrival time
---------------------------------------------------------------------------------------------
                                              7.066984   slack (MET)


Startpoint: _27_ (rising edge-triggered flip-flop clocked by clk)
Endpoint: result[1] (output port clocked by clk)
Path Group: clk
Path Type: min

Fanout         Cap        Slew       Delay        Time   Description
---------------------------------------------------------------------------------------------
                                  0.000000    0.000000   clock clk (rise edge)
                                  0.000000    0.000000   clock source latency
     1    0.009700    0.079079    0.050940    0.050940 ^ clk (in)
                                                         clk (net)
                      0.079080    0.000000    0.050940 ^ clkbuf_0_clk/A (sky130_fd_sc_hd__clkbuf_16)
     2    0.018114    0.065080    0.222915    0.273855 ^ clkbuf_0_clk/X (sky130_fd_sc_hd__clkbuf_16)
                                                         clknet_0_clk (net)
                      0.065080    0.000507    0.274361 ^ clkbuf_1_1__f_clk/A (sky130_fd_sc_hd__clkbuf_16)
     2    0.005965    0.049122    0.197726    0.472087 ^ clkbuf_1_1__f_clk/X (sky130_fd_sc_hd__clkbuf_16)
                                                         clknet_1_1__leaf_clk (net)
                      0.049122    0.000113    0.472200 ^ _27_/CLK (sky130_fd_sc_hd__dfrtp_1)
     3    0.013378    0.164601    0.824375    1.296575 v _27_/Q (sky130_fd_sc_hd__dfrtp_1)
                                                         fsm.pstate[1] (net)
                      0.164601    0.000292    1.296867 v _09_/A (sky130_fd_sc_hd__inv_2)
     3    0.006952    0.077476    0.128643    1.425510 ^ _09_/Y (sky130_fd_sc_hd__inv_2)
                                                         _03_ (net)
                      0.077476    0.000180    1.425690 ^ _12_/A (sky130_fd_sc_hd__or2_1)
     1    0.002464    0.061285    0.161747    1.587437 ^ _12_/X (sky130_fd_sc_hd__or2_1)
                                                         _05_ (net)
                      0.061285    0.000069    1.587506 ^ _13_/A (sky130_fd_sc_hd__clkbuf_1)
     3    0.007254    0.151448    0.204852    1.792358 ^ _13_/X (sky130_fd_sc_hd__clkbuf_1)
                                                         net2 (net)
                      0.151448    0.000096    1.792454 ^ _29_/A (sky130_fd_sc_hd__clkbuf_1)
     1    0.002717    0.071642    0.183124    1.975578 ^ _29_/X (sky130_fd_sc_hd__clkbuf_1)
                                                         net4 (net)
                      0.071642    0.000077    1.975655 ^ output4/A (sky130_fd_sc_hd__buf_2)
     1    0.034048    0.270508    0.343122    2.318777 ^ output4/X (sky130_fd_sc_hd__buf_2)
                                                         result[1] (net)
                      0.270508    0.000616    2.319393 ^ result[1] (out)
                                              2.319393   data arrival time

                                  0.000000    0.000000   clock clk (rise edge)
                                  0.000000    0.000000   clock network delay (propagated)
                                  0.250000    0.250000   clock uncertainty
                                  0.000000    0.250000   clock reconvergence pessimism
                                 -5.000000   -4.750000   output external delay
                                             -4.750000   data required time
---------------------------------------------------------------------------------------------
                                             -4.750000   data required time
                                             -2.319393   data arrival time
---------------------------------------------------------------------------------------------
                                              7.069393   slack (MET)



