Clock: clk
Sources: clk 
Generated: no
Virtual: yes
Propagated: no
Period: 25.000000

===========================================================================
report_clock_properties
============================================================================
Clock                   Period          Waveform
----------------------------------------------------
clk                  25.000000    0.000000 12.500000

===========================================================================
report_clock_latency
============================================================================
Clock clk
rise -> rise
    min     max
0.000000 0.000000 source latency
0.476227         network latency _15_/CLK
        0.477826 network latency _14_/CLK
---------------
0.476227 0.477826 latency
        0.001598 skew

fall -> fall
    min     max
0.000000 0.000000 source latency
0.499500         network latency _15_/CLK
        0.500891 network latency _14_/CLK
---------------
0.499500 0.500891 latency
        0.001391 skew



===========================================================================
report_clock_min_period
============================================================================
clk period_min = 3.14 fmax = 318.08
