
===========================================================================
report_checks -path_delay min (Hold)
============================================================================
======================= min_tt_025C_1v80 Corner ===================================

Startpoint: _15_ (rising edge-triggered flip-flop clocked by clk)
Endpoint: _15_ (rising edge-triggered flip-flop clocked by clk)
Path Group: clk
Path Type: min

Fanout         Cap        Slew       Delay        Time   Description
---------------------------------------------------------------------------------------------
                                  0.000000    0.000000   clock clk (rise edge)
                                  0.000000    0.000000   clock source latency
     1    0.011169    0.056619    0.037774    0.037774 ^ clk (in)
                                                         clk (net)
                      0.056619    0.000000    0.037774 ^ clkbuf_0_clk/A (sky130_fd_sc_hd__clkbuf_16)
     2    0.018116    0.040245    0.127861    0.165635 ^ clkbuf_0_clk/X (sky130_fd_sc_hd__clkbuf_16)
                                                         clknet_0_clk (net)
                      0.040245    0.000201    0.165836 ^ clkbuf_1_1__f_clk/A (sky130_fd_sc_hd__clkbuf_16)
     1    0.002118    0.026033    0.105348    0.271184 ^ clkbuf_1_1__f_clk/X (sky130_fd_sc_hd__clkbuf_16)
                                                         clknet_1_1__leaf_clk (net)
                      0.026033    0.000018    0.271202 ^ _15_/CLK (sky130_fd_sc_hd__dfrtp_2)
     5    0.017335    0.099152    0.384118    0.655320 ^ _15_/Q (sky130_fd_sc_hd__dfrtp_2)
                                                         controller_inst.pstate[1] (net)
                      0.099152    0.000033    0.655353 ^ hold2/A (sky130_fd_sc_hd__dlygate4sd3_1)
     1    0.004961    0.071741    0.568380    1.223733 ^ hold2/X (sky130_fd_sc_hd__dlygate4sd3_1)
                                                         net11 (net)
                      0.071741    0.000046    1.223779 ^ _11_/A (sky130_fd_sc_hd__xor2_1)
     1    0.003591    0.039267    0.070216    1.293995 v _11_/X (sky130_fd_sc_hd__xor2_1)
                                                         controller_inst.nstate[1] (net)
                      0.039267    0.000046    1.294041 v _15_/D (sky130_fd_sc_hd__dfrtp_2)
                                              1.294041   data arrival time

                                  0.000000    0.000000   clock clk (rise edge)
                                  0.000000    0.000000   clock source latency
     1    0.011169    0.056619    0.037774    0.037774 ^ clk (in)
                                                         clk (net)
                      0.056619    0.000000    0.037774 ^ clkbuf_0_clk/A (sky130_fd_sc_hd__clkbuf_16)
     2    0.018116    0.040245    0.127861    0.165635 ^ clkbuf_0_clk/X (sky130_fd_sc_hd__clkbuf_16)
                                                         clknet_0_clk (net)
                      0.040245    0.000201    0.165836 ^ clkbuf_1_1__f_clk/A (sky130_fd_sc_hd__clkbuf_16)
     1    0.002118    0.026033    0.105348    0.271184 ^ clkbuf_1_1__f_clk/X (sky130_fd_sc_hd__clkbuf_16)
                                                         clknet_1_1__leaf_clk (net)
                      0.026033    0.000018    0.271202 ^ _15_/CLK (sky130_fd_sc_hd__dfrtp_2)
                                  0.250000    0.521202   clock uncertainty
                                  0.000000    0.521202   clock reconvergence pessimism
                                 -0.044105    0.477097   library hold time
                                              0.477097   data required time
---------------------------------------------------------------------------------------------
                                              0.477097   data required time
                                             -1.294041   data arrival time
---------------------------------------------------------------------------------------------
                                              0.816944   slack (MET)


Startpoint: _14_ (rising edge-triggered flip-flop clocked by clk)
Endpoint: _14_ (rising edge-triggered flip-flop clocked by clk)
Path Group: clk
Path Type: min

Fanout         Cap        Slew       Delay        Time   Description
---------------------------------------------------------------------------------------------
                                  0.000000    0.000000   clock clk (rise edge)
                                  0.000000    0.000000   clock source latency
     1    0.011169    0.056619    0.037774    0.037774 ^ clk (in)
                                                         clk (net)
                      0.056619    0.000000    0.037774 ^ clkbuf_0_clk/A (sky130_fd_sc_hd__clkbuf_16)
     2    0.018116    0.040245    0.127861    0.165635 ^ clkbuf_0_clk/X (sky130_fd_sc_hd__clkbuf_16)
                                                         clknet_0_clk (net)
                      0.040245    0.000168    0.165802 ^ clkbuf_1_0__f_clk/A (sky130_fd_sc_hd__clkbuf_16)
     1    0.002923    0.026822    0.106314    0.272116 ^ clkbuf_1_0__f_clk/X (sky130_fd_sc_hd__clkbuf_16)
                                                         clknet_1_0__leaf_clk (net)
                      0.026822    0.000032    0.272148 ^ _14_/CLK (sky130_fd_sc_hd__dfrtp_4)
     5    0.017766    0.084269    0.422773    0.694921 ^ _14_/Q (sky130_fd_sc_hd__dfrtp_4)
                                                         controller_inst.pstate[0] (net)
                      0.084269    0.000065    0.694986 ^ hold1/A (sky130_fd_sc_hd__dlygate4sd3_1)
     2    0.011510    0.129663    0.612242    1.307228 ^ hold1/X (sky130_fd_sc_hd__dlygate4sd3_1)
                                                         net10 (net)
                      0.129663    0.000114    1.307342 ^ _10_/A (sky130_fd_sc_hd__inv_2)
     1    0.002229    0.026392    0.034488    1.341829 v _10_/Y (sky130_fd_sc_hd__inv_2)
                                                         controller_inst.nstate[0] (net)
                      0.026392    0.000011    1.341840 v _14_/D (sky130_fd_sc_hd__dfrtp_4)
                                              1.341840   data arrival time

                                  0.000000    0.000000   clock clk (rise edge)
                                  0.000000    0.000000   clock source latency
     1    0.011169    0.056619    0.037774    0.037774 ^ clk (in)
                                                         clk (net)
                      0.056619    0.000000    0.037774 ^ clkbuf_0_clk/A (sky130_fd_sc_hd__clkbuf_16)
     2    0.018116    0.040245    0.127861    0.165635 ^ clkbuf_0_clk/X (sky130_fd_sc_hd__clkbuf_16)
                                                         clknet_0_clk (net)
                      0.040245    0.000168    0.165802 ^ clkbuf_1_0__f_clk/A (sky130_fd_sc_hd__clkbuf_16)
     1    0.002923    0.026822    0.106314    0.272116 ^ clkbuf_1_0__f_clk/X (sky130_fd_sc_hd__clkbuf_16)
                                                         clknet_1_0__leaf_clk (net)
                      0.026822    0.000032    0.272148 ^ _14_/CLK (sky130_fd_sc_hd__dfrtp_4)
                                  0.250000    0.522148   clock uncertainty
                                  0.000000    0.522148   clock reconvergence pessimism
                                 -0.038643    0.483505   library hold time
                                              0.483505   data required time
---------------------------------------------------------------------------------------------
                                              0.483505   data required time
                                             -1.341840   data arrival time
---------------------------------------------------------------------------------------------
                                              0.858335   slack (MET)


Startpoint: reset (input port clocked by clk)
Endpoint: _14_ (removal check against rising-edge clock clk)
Path Group: asynchronous
Path Type: min

Fanout         Cap        Slew       Delay        Time   Description
---------------------------------------------------------------------------------------------
                                  0.000000    0.000000   clock clk (rise edge)
                                  0.000000    0.000000   clock network delay (propagated)
                                  5.000000    5.000000 v input external delay
     1    0.002509    0.007961    0.003925    5.003925 v reset (in)
                                                         reset (net)
                      0.007961    0.000000    5.003925 v input1/A (sky130_fd_sc_hd__buf_1)
     2    0.010099    0.064993    0.105071    5.108995 v input1/X (sky130_fd_sc_hd__buf_1)
                                                         net1 (net)
                      0.064993    0.000124    5.109120 v _12_/A (sky130_fd_sc_hd__inv_2)
     1    0.004703    0.032725    0.054805    5.163926 ^ _12_/Y (sky130_fd_sc_hd__inv_2)
                                                         _00_ (net)
                      0.032725    0.000055    5.163980 ^ _14_/RESET_B (sky130_fd_sc_hd__dfrtp_4)
                                              5.163980   data arrival time

                                  0.000000    0.000000   clock clk (rise edge)
                                  0.000000    0.000000   clock source latency
     1    0.011169    0.056619    0.037774    0.037774 ^ clk (in)
                                                         clk (net)
                      0.056619    0.000000    0.037774 ^ clkbuf_0_clk/A (sky130_fd_sc_hd__clkbuf_16)
     2    0.018116    0.040245    0.127861    0.165635 ^ clkbuf_0_clk/X (sky130_fd_sc_hd__clkbuf_16)
                                                         clknet_0_clk (net)
                      0.040245    0.000168    0.165802 ^ clkbuf_1_0__f_clk/A (sky130_fd_sc_hd__clkbuf_16)
     1    0.002923    0.026822    0.106314    0.272116 ^ clkbuf_1_0__f_clk/X (sky130_fd_sc_hd__clkbuf_16)
                                                         clknet_1_0__leaf_clk (net)
                      0.026822    0.000032    0.272148 ^ _14_/CLK (sky130_fd_sc_hd__dfrtp_4)
                                  0.250000    0.522148   clock uncertainty
                                  0.000000    0.522148   clock reconvergence pessimism
                                  0.311955    0.834103   library removal time
                                              0.834103   data required time
---------------------------------------------------------------------------------------------
                                              0.834103   data required time
                                             -5.163980   data arrival time
---------------------------------------------------------------------------------------------
                                              4.329876   slack (MET)


Startpoint: reset (input port clocked by clk)
Endpoint: _15_ (removal check against rising-edge clock clk)
Path Group: asynchronous
Path Type: min

Fanout         Cap        Slew       Delay        Time   Description
---------------------------------------------------------------------------------------------
                                  0.000000    0.000000   clock clk (rise edge)
                                  0.000000    0.000000   clock network delay (propagated)
                                  5.000000    5.000000 v input external delay
     1    0.002509    0.007961    0.003925    5.003925 v reset (in)
                                                         reset (net)
                      0.007961    0.000000    5.003925 v input1/A (sky130_fd_sc_hd__buf_1)
     2    0.010099    0.064993    0.105071    5.108995 v input1/X (sky130_fd_sc_hd__buf_1)
                                                         net1 (net)
                      0.064993    0.000130    5.109126 v _13_/A (sky130_fd_sc_hd__inv_2)
     1    0.004289    0.031221    0.053407    5.162533 ^ _13_/Y (sky130_fd_sc_hd__inv_2)
                                                         _01_ (net)
                      0.031221    0.000041    5.162574 ^ _15_/RESET_B (sky130_fd_sc_hd__dfrtp_2)
                                              5.162574   data arrival time

                                  0.000000    0.000000   clock clk (rise edge)
                                  0.000000    0.000000   clock source latency
     1    0.011169    0.056619    0.037774    0.037774 ^ clk (in)
                                                         clk (net)
                      0.056619    0.000000    0.037774 ^ clkbuf_0_clk/A (sky130_fd_sc_hd__clkbuf_16)
     2    0.018116    0.040245    0.127861    0.165635 ^ clkbuf_0_clk/X (sky130_fd_sc_hd__clkbuf_16)
                                                         clknet_0_clk (net)
                      0.040245    0.000201    0.165836 ^ clkbuf_1_1__f_clk/A (sky130_fd_sc_hd__clkbuf_16)
     1    0.002118    0.026033    0.105348    0.271184 ^ clkbuf_1_1__f_clk/X (sky130_fd_sc_hd__clkbuf_16)
                                                         clknet_1_1__leaf_clk (net)
                      0.026033    0.000018    0.271202 ^ _15_/CLK (sky130_fd_sc_hd__dfrtp_2)
                                  0.250000    0.521202   clock uncertainty
                                  0.000000    0.521202   clock reconvergence pessimism
                                  0.311273    0.832475   library removal time
                                              0.832475   data required time
---------------------------------------------------------------------------------------------
                                              0.832475   data required time
                                             -5.162574   data arrival time
---------------------------------------------------------------------------------------------
                                              4.330099   slack (MET)


Startpoint: _15_ (rising edge-triggered flip-flop clocked by clk)
Endpoint: result[6] (output port clocked by clk)
Path Group: clk
Path Type: min

Fanout         Cap        Slew       Delay        Time   Description
---------------------------------------------------------------------------------------------
                                  0.000000    0.000000   clock clk (rise edge)
                                  0.000000    0.000000   clock source latency
     1    0.011169    0.056619    0.037774    0.037774 ^ clk (in)
                                                         clk (net)
                      0.056619    0.000000    0.037774 ^ clkbuf_0_clk/A (sky130_fd_sc_hd__clkbuf_16)
     2    0.018116    0.040245    0.127861    0.165635 ^ clkbuf_0_clk/X (sky130_fd_sc_hd__clkbuf_16)
                                                         clknet_0_clk (net)
                      0.040245    0.000201    0.165836 ^ clkbuf_1_1__f_clk/A (sky130_fd_sc_hd__clkbuf_16)
     1    0.002118    0.026033    0.105348    0.271184 ^ clkbuf_1_1__f_clk/X (sky130_fd_sc_hd__clkbuf_16)
                                                         clknet_1_1__leaf_clk (net)
                      0.026033    0.000018    0.271202 ^ _15_/CLK (sky130_fd_sc_hd__dfrtp_2)
     5    0.017335    0.099152    0.384118    0.655320 ^ _15_/Q (sky130_fd_sc_hd__dfrtp_2)
                                                         controller_inst.pstate[1] (net)
                      0.099152    0.000212    0.655532 ^ _09_/A (sky130_fd_sc_hd__xnor2_1)
     1    0.002135    0.032064    0.073894    0.729427 v _09_/Y (sky130_fd_sc_hd__xnor2_1)
                                                         net7 (net)
                      0.032064    0.000012    0.729439 v output7/A (sky130_fd_sc_hd__buf_2)
     1    0.034356    0.089588    0.175055    0.904494 v output7/X (sky130_fd_sc_hd__buf_2)
                                                         result[6] (net)
                      0.089588    0.000205    0.904699 v result[6] (out)
                                              0.904699   data arrival time

                                  0.000000    0.000000   clock clk (rise edge)
                                  0.000000    0.000000   clock network delay (propagated)
                                  0.250000    0.250000   clock uncertainty
                                  0.000000    0.250000   clock reconvergence pessimism
                                 -5.000000   -4.750000   output external delay
                                             -4.750000   data required time
---------------------------------------------------------------------------------------------
                                             -4.750000   data required time
                                             -0.904699   data arrival time
---------------------------------------------------------------------------------------------
                                              5.654699   slack (MET)


Startpoint: _15_ (rising edge-triggered flip-flop clocked by clk)
Endpoint: result[4] (output port clocked by clk)
Path Group: clk
Path Type: min

Fanout         Cap        Slew       Delay        Time   Description
---------------------------------------------------------------------------------------------
                                  0.000000    0.000000   clock clk (rise edge)
                                  0.000000    0.000000   clock source latency
     1    0.011169    0.056619    0.037774    0.037774 ^ clk (in)
                                                         clk (net)
                      0.056619    0.000000    0.037774 ^ clkbuf_0_clk/A (sky130_fd_sc_hd__clkbuf_16)
     2    0.018116    0.040245    0.127861    0.165635 ^ clkbuf_0_clk/X (sky130_fd_sc_hd__clkbuf_16)
                                                         clknet_0_clk (net)
                      0.040245    0.000201    0.165836 ^ clkbuf_1_1__f_clk/A (sky130_fd_sc_hd__clkbuf_16)
     1    0.002118    0.026033    0.105348    0.271184 ^ clkbuf_1_1__f_clk/X (sky130_fd_sc_hd__clkbuf_16)
                                                         clknet_1_1__leaf_clk (net)
                      0.026033    0.000018    0.271202 ^ _15_/CLK (sky130_fd_sc_hd__dfrtp_2)
     5    0.017335    0.099152    0.384118    0.655320 ^ _15_/Q (sky130_fd_sc_hd__dfrtp_2)
                                                         controller_inst.pstate[1] (net)
                      0.099152    0.000192    0.655512 ^ _04_/A (sky130_fd_sc_hd__xnor2_1)
     2    0.006608    0.060479    0.100909    0.756421 v _04_/Y (sky130_fd_sc_hd__xnor2_1)
                                                         net5 (net)
                      0.060479    0.000082    0.756503 v output5/A (sky130_fd_sc_hd__buf_2)
     1    0.035172    0.091289    0.188840    0.945343 v output5/X (sky130_fd_sc_hd__buf_2)
                                                         result[4] (net)
                      0.091290    0.000401    0.945744 v result[4] (out)
                                              0.945744   data arrival time

                                  0.000000    0.000000   clock clk (rise edge)
                                  0.000000    0.000000   clock network delay (propagated)
                                  0.250000    0.250000   clock uncertainty
                                  0.000000    0.250000   clock reconvergence pessimism
                                 -5.000000   -4.750000   output external delay
                                             -4.750000   data required time
---------------------------------------------------------------------------------------------
                                             -4.750000   data required time
                                             -0.945744   data arrival time
---------------------------------------------------------------------------------------------
                                              5.695744   slack (MET)


Startpoint: _15_ (rising edge-triggered flip-flop clocked by clk)
Endpoint: result[5] (output port clocked by clk)
Path Group: clk
Path Type: min

Fanout         Cap        Slew       Delay        Time   Description
---------------------------------------------------------------------------------------------
                                  0.000000    0.000000   clock clk (rise edge)
                                  0.000000    0.000000   clock source latency
     1    0.011169    0.056619    0.037774    0.037774 ^ clk (in)
                                                         clk (net)
                      0.056619    0.000000    0.037774 ^ clkbuf_0_clk/A (sky130_fd_sc_hd__clkbuf_16)
     2    0.018116    0.040245    0.127861    0.165635 ^ clkbuf_0_clk/X (sky130_fd_sc_hd__clkbuf_16)
                                                         clknet_0_clk (net)
                      0.040245    0.000201    0.165836 ^ clkbuf_1_1__f_clk/A (sky130_fd_sc_hd__clkbuf_16)
     1    0.002118    0.026033    0.105348    0.271184 ^ clkbuf_1_1__f_clk/X (sky130_fd_sc_hd__clkbuf_16)
                                                         clknet_1_1__leaf_clk (net)
                      0.026033    0.000018    0.271202 ^ _15_/CLK (sky130_fd_sc_hd__dfrtp_2)
     5    0.017335    0.099152    0.384118    0.655320 ^ _15_/Q (sky130_fd_sc_hd__dfrtp_2)
                                                         controller_inst.pstate[1] (net)
                      0.099152    0.000217    0.655537 ^ _05_/B (sky130_fd_sc_hd__nand2b_1)
     1    0.003722    0.044896    0.069013    0.724550 v _05_/Y (sky130_fd_sc_hd__nand2b_1)
                                                         _02_ (net)
                      0.044896    0.000060    0.724609 v _06_/A (sky130_fd_sc_hd__clkbuf_1)
     2    0.005508    0.040731    0.100190    0.824799 v _06_/X (sky130_fd_sc_hd__clkbuf_1)
                                                         net6 (net)
                      0.040731    0.000047    0.824846 v output6/A (sky130_fd_sc_hd__buf_2)
     1    0.034352    0.089618    0.178612    1.003458 v output6/X (sky130_fd_sc_hd__buf_2)
                                                         result[5] (net)
                      0.089619    0.000417    1.003875 v result[5] (out)
                                              1.003875   data arrival time

                                  0.000000    0.000000   clock clk (rise edge)
                                  0.000000    0.000000   clock network delay (propagated)
                                  0.250000    0.250000   clock uncertainty
                                  0.000000    0.250000   clock reconvergence pessimism
                                 -5.000000   -4.750000   output external delay
                                             -4.750000   data required time
---------------------------------------------------------------------------------------------
                                             -4.750000   data required time
                                             -1.003875   data arrival time
---------------------------------------------------------------------------------------------
                                              5.753876   slack (MET)


Startpoint: _14_ (rising edge-triggered flip-flop clocked by clk)
Endpoint: result[2] (output port clocked by clk)
Path Group: clk
Path Type: min

Fanout         Cap        Slew       Delay        Time   Description
---------------------------------------------------------------------------------------------
                                  0.000000    0.000000   clock clk (rise edge)
                                  0.000000    0.000000   clock source latency
     1    0.011169    0.056619    0.037774    0.037774 ^ clk (in)
                                                         clk (net)
                      0.056619    0.000000    0.037774 ^ clkbuf_0_clk/A (sky130_fd_sc_hd__clkbuf_16)
     2    0.018116    0.040245    0.127861    0.165635 ^ clkbuf_0_clk/X (sky130_fd_sc_hd__clkbuf_16)
                                                         clknet_0_clk (net)
                      0.040245    0.000168    0.165802 ^ clkbuf_1_0__f_clk/A (sky130_fd_sc_hd__clkbuf_16)
     1    0.002923    0.026822    0.106314    0.272116 ^ clkbuf_1_0__f_clk/X (sky130_fd_sc_hd__clkbuf_16)
                                                         clknet_1_0__leaf_clk (net)
                      0.026822    0.000032    0.272148 ^ _14_/CLK (sky130_fd_sc_hd__dfrtp_4)
     5    0.017766    0.084269    0.422773    0.694921 ^ _14_/Q (sky130_fd_sc_hd__dfrtp_4)
                                                         controller_inst.pstate[0] (net)
                      0.084269    0.000275    0.695197 ^ _07_/B (sky130_fd_sc_hd__nand2b_1)
     1    0.002154    0.034464    0.055435    0.750632 v _07_/Y (sky130_fd_sc_hd__nand2b_1)
                                                         _03_ (net)
                      0.034464    0.000008    0.750640 v _08_/A (sky130_fd_sc_hd__clkbuf_1)
     1    0.002978    0.027495    0.083681    0.834322 v _08_/X (sky130_fd_sc_hd__clkbuf_1)
                                                         net4 (net)
                      0.027495    0.000037    0.834358 v output4/A (sky130_fd_sc_hd__buf_2)
     1    0.034215    0.089308    0.172838    1.007196 v output4/X (sky130_fd_sc_hd__buf_2)
                                                         result[2] (net)
                      0.089308    0.000185    1.007381 v result[2] (out)
                                              1.007381   data arrival time

                                  0.000000    0.000000   clock clk (rise edge)
                                  0.000000    0.000000   clock network delay (propagated)
                                  0.250000    0.250000   clock uncertainty
                                  0.000000    0.250000   clock reconvergence pessimism
                                 -5.000000   -4.750000   output external delay
                                             -4.750000   data required time
---------------------------------------------------------------------------------------------
                                             -4.750000   data required time
                                             -1.007381   data arrival time
---------------------------------------------------------------------------------------------
                                              5.757381   slack (MET)


Startpoint: _15_ (rising edge-triggered flip-flop clocked by clk)
Endpoint: result[0] (output port clocked by clk)
Path Group: clk
Path Type: min

Fanout         Cap        Slew       Delay        Time   Description
---------------------------------------------------------------------------------------------
                                  0.000000    0.000000   clock clk (rise edge)
                                  0.000000    0.000000   clock source latency
     1    0.011169    0.056619    0.037774    0.037774 ^ clk (in)
                                                         clk (net)
                      0.056619    0.000000    0.037774 ^ clkbuf_0_clk/A (sky130_fd_sc_hd__clkbuf_16)
     2    0.018116    0.040245    0.127861    0.165635 ^ clkbuf_0_clk/X (sky130_fd_sc_hd__clkbuf_16)
                                                         clknet_0_clk (net)
                      0.040245    0.000201    0.165836 ^ clkbuf_1_1__f_clk/A (sky130_fd_sc_hd__clkbuf_16)
     1    0.002118    0.026033    0.105348    0.271184 ^ clkbuf_1_1__f_clk/X (sky130_fd_sc_hd__clkbuf_16)
                                                         clknet_1_1__leaf_clk (net)
                      0.026033    0.000018    0.271202 ^ _15_/CLK (sky130_fd_sc_hd__dfrtp_2)
     5    0.017335    0.099152    0.384118    0.655320 ^ _15_/Q (sky130_fd_sc_hd__dfrtp_2)
                                                         controller_inst.pstate[1] (net)
                      0.099152    0.000192    0.655512 ^ _04_/A (sky130_fd_sc_hd__xnor2_1)
     2    0.006608    0.060479    0.100909    0.756421 v _04_/Y (sky130_fd_sc_hd__xnor2_1)
                                                         net5 (net)
                      0.060479    0.000045    0.756466 v _18_/A (sky130_fd_sc_hd__clkbuf_1)
     1    0.002077    0.022936    0.090212    0.846678 v _18_/X (sky130_fd_sc_hd__clkbuf_1)
                                                         net2 (net)
                      0.022936    0.000012    0.846690 v output2/A (sky130_fd_sc_hd__buf_2)
     1    0.034854    0.090794    0.171934    1.018624 v output2/X (sky130_fd_sc_hd__buf_2)
                                                         result[0] (net)
                      0.090795    0.000358    1.018983 v result[0] (out)
                                              1.018983   data arrival time

                                  0.000000    0.000000   clock clk (rise edge)
                                  0.000000    0.000000   clock network delay (propagated)
                                  0.250000    0.250000   clock uncertainty
                                  0.000000    0.250000   clock reconvergence pessimism
                                 -5.000000   -4.750000   output external delay
                                             -4.750000   data required time
---------------------------------------------------------------------------------------------
                                             -4.750000   data required time
                                             -1.018983   data arrival time
---------------------------------------------------------------------------------------------
                                              5.768983   slack (MET)


Startpoint: _15_ (rising edge-triggered flip-flop clocked by clk)
Endpoint: result[1] (output port clocked by clk)
Path Group: clk
Path Type: min

Fanout         Cap        Slew       Delay        Time   Description
---------------------------------------------------------------------------------------------
                                  0.000000    0.000000   clock clk (rise edge)
                                  0.000000    0.000000   clock source latency
     1    0.011169    0.056619    0.037774    0.037774 ^ clk (in)
                                                         clk (net)
                      0.056619    0.000000    0.037774 ^ clkbuf_0_clk/A (sky130_fd_sc_hd__clkbuf_16)
     2    0.018116    0.040245    0.127861    0.165635 ^ clkbuf_0_clk/X (sky130_fd_sc_hd__clkbuf_16)
                                                         clknet_0_clk (net)
                      0.040245    0.000201    0.165836 ^ clkbuf_1_1__f_clk/A (sky130_fd_sc_hd__clkbuf_16)
     1    0.002118    0.026033    0.105348    0.271184 ^ clkbuf_1_1__f_clk/X (sky130_fd_sc_hd__clkbuf_16)
                                                         clknet_1_1__leaf_clk (net)
                      0.026033    0.000018    0.271202 ^ _15_/CLK (sky130_fd_sc_hd__dfrtp_2)
     5    0.017335    0.099152    0.384118    0.655320 ^ _15_/Q (sky130_fd_sc_hd__dfrtp_2)
                                                         controller_inst.pstate[1] (net)
                      0.099152    0.000217    0.655537 ^ _05_/B (sky130_fd_sc_hd__nand2b_1)
     1    0.003722    0.044896    0.069013    0.724550 v _05_/Y (sky130_fd_sc_hd__nand2b_1)
                                                         _02_ (net)
                      0.044896    0.000060    0.724609 v _06_/A (sky130_fd_sc_hd__clkbuf_1)
     2    0.005508    0.040731    0.100190    0.824799 v _06_/X (sky130_fd_sc_hd__clkbuf_1)
                                                         net6 (net)
                      0.040731    0.000048    0.824847 v _19_/A (sky130_fd_sc_hd__clkbuf_1)
     1    0.001810    0.021522    0.080029    0.904876 v _19_/X (sky130_fd_sc_hd__clkbuf_1)
                                                         net3 (net)
                      0.021522    0.000007    0.904884 v output3/A (sky130_fd_sc_hd__buf_2)
     1    0.035197    0.091525    0.171994    1.076878 v output3/X (sky130_fd_sc_hd__buf_2)
                                                         result[1] (net)
                      0.091526    0.000372    1.077250 v result[1] (out)
                                              1.077250   data arrival time

                                  0.000000    0.000000   clock clk (rise edge)
                                  0.000000    0.000000   clock network delay (propagated)
                                  0.250000    0.250000   clock uncertainty
                                  0.000000    0.250000   clock reconvergence pessimism
                                 -5.000000   -4.750000   output external delay
                                             -4.750000   data required time
---------------------------------------------------------------------------------------------
                                             -4.750000   data required time
                                             -1.077250   data arrival time
---------------------------------------------------------------------------------------------
                                              5.827250   slack (MET)



