
===========================================================================
report_checks -unconstrained
===========================================================================
======================= nom_ff_n40C_1v95 Corner ===================================

Startpoint: reset (input port clocked by clk)
Endpoint: _14_ (recovery check against rising-edge clock clk)
Path Group: asynchronous
Path Type: max

Fanout         Cap        Slew       Delay        Time   Description
---------------------------------------------------------------------------------------------
                      0.150000    0.000000    0.000000   clock clk (rise edge)
                                  0.000000    0.000000   clock network delay (ideal)
                                  5.000000    5.000000 v input external delay
     2    0.008570    0.014113    0.008235    5.008235 v reset (in)
                                                         reset (net)
                      0.014113    0.000000    5.008235 v _12_/A (sky130_fd_sc_hd__inv_2)
     1    0.003617    0.018023    0.022923    5.031157 ^ _12_/Y (sky130_fd_sc_hd__inv_2)
                                                         _00_ (net)
                      0.018023    0.000000    5.031157 ^ _14_/RESET_B (sky130_fd_sc_hd__dfrtp_2)
                                              5.031157   data arrival time

                      0.150000   25.000000   25.000000   clock clk (rise edge)
                                  0.000000   25.000000   clock network delay (ideal)
                                 -0.250000   24.750000   clock uncertainty
                                  0.000000   24.750000   clock reconvergence pessimism
                                             24.750000 ^ _14_/CLK (sky130_fd_sc_hd__dfrtp_2)
                                  0.155026   24.905025   library recovery time
                                             24.905025   data required time
---------------------------------------------------------------------------------------------
                                             24.905025   data required time
                                             -5.031157   data arrival time
---------------------------------------------------------------------------------------------
                                             19.873869   slack (MET)


Startpoint: _15_ (rising edge-triggered flip-flop clocked by clk)
Endpoint: result[0] (output port clocked by clk)
Path Group: clk
Path Type: max

Fanout         Cap        Slew       Delay        Time   Description
---------------------------------------------------------------------------------------------
                      0.150000    0.000000    0.000000   clock clk (rise edge)
                                  0.000000    0.000000   clock network delay (ideal)
                      0.150000    0.000000    0.000000 ^ _15_/CLK (sky130_fd_sc_hd__dfrtp_2)
     5    0.059231    0.116041    0.361796    0.361796 v _15_/Q (sky130_fd_sc_hd__dfrtp_2)
                                                         controller_inst.pstate[1] (net)
                      0.116041    0.000000    0.361796 v _04_/A (sky130_fd_sc_hd__xnor2_4)
     2    0.035320    0.236708    0.241491    0.603287 ^ _04_/Y (sky130_fd_sc_hd__xnor2_4)
                                                         result[4] (net)
                      0.236708    0.000000    0.603287 ^ _18_/A (sky130_fd_sc_hd__buf_2)
     1    0.033442    0.128187    0.170061    0.773348 ^ _18_/X (sky130_fd_sc_hd__buf_2)
                                                         result[0] (net)
                      0.128187    0.000000    0.773348 ^ result[0] (out)
                                              0.773348   data arrival time

                      0.150000   25.000000   25.000000   clock clk (rise edge)
                                  0.000000   25.000000   clock network delay (ideal)
                                 -0.250000   24.750000   clock uncertainty
                                  0.000000   24.750000   clock reconvergence pessimism
                                 -5.000000   19.750000   output external delay
                                             19.750000   data required time
---------------------------------------------------------------------------------------------
                                             19.750000   data required time
                                             -0.773348   data arrival time
---------------------------------------------------------------------------------------------
                                             18.976652   slack (MET)




===========================================================================
report_checks --slack_max -0.01
============================================================================
======================= nom_ff_n40C_1v95 Corner ===================================

No paths found.


===========================================================================
 report_check_types -max_slew -max_cap -max_fanout -violators
============================================================================
======================= nom_ff_n40C_1v95 Corner ===================================



===========================================================================
report_parasitic_annotation -report_unannotated
============================================================================
Found 20 unannotated drivers.
 clk
 reset
 _04_/Y
 _05_/Y
 _06_/X
 _07_/Y
 _08_/X
 _09_/Y
 _10_/Y
 _11_/X
 _12_/Y
 _13_/Y
 _14_/Q
 _15_/Q
 _16_/HI
 _16_/LO
 _17_/HI
 _17_/LO
 _18_/X
 _19_/X
Found 0 partially unannotated drivers.

===========================================================================
max slew violation count 0
max fanout violation count 0
max cap violation count 0
============================================================================

===========================================================================
check_setup -verbose -unconstrained_endpoints -multiple_clock -no_clock -no_input_delay -loops -generated_clocks
===========================================================================
Warning: There are 2 unconstrained endpoints.
  flag_gt_zero
  result[3]
