Clock: clk
Sources: clk 
Generated: no
Virtual: yes
Propagated: no
Period: 25.000000

===========================================================================
report_clock_properties
============================================================================
Clock                   Period          Waveform
----------------------------------------------------
clk                  25.000000    0.000000 12.500000

===========================================================================
report_clock_latency
============================================================================
Clock clk
rise -> rise
    min     max
0.000000 0.000000 source latency
0.189425         network latency _15_/CLK
        0.190260 network latency _14_/CLK
---------------
0.189425 0.190260 latency
        0.000835 skew

fall -> fall
    min     max
0.000000 0.000000 source latency
0.188202         network latency _15_/CLK
        0.188968 network latency _14_/CLK
---------------
0.188202 0.188968 latency
        0.000766 skew



===========================================================================
report_clock_min_period
============================================================================
clk period_min = 1.14 fmax = 874.66
