
===========================================================================
report_checks -unconstrained
===========================================================================
======================= max_ss_100C_1v60 Corner ===================================

Startpoint: reset (input port clocked by clk)
Endpoint: _14_ (recovery check against rising-edge clock clk)
Path Group: asynchronous
Path Type: max

Fanout         Cap        Slew       Delay        Time   Description
---------------------------------------------------------------------------------------------
                                  0.000000    0.000000   clock clk (rise edge)
                                  0.000000    0.000000   clock network delay (propagated)
                                  5.000000    5.000000 v input external delay
     1    0.002558    0.017536    0.008512    5.008512 v reset (in)
                                                         reset (net)
                      0.017536    0.000000    5.008512 v input1/A (sky130_fd_sc_hd__buf_1)
     2    0.010500    0.130308    0.201800    5.210312 v input1/X (sky130_fd_sc_hd__buf_1)
                                                         net1 (net)
                      0.130310    0.000699    5.211011 v _12_/A (sky130_fd_sc_hd__inv_2)
     1    0.004560    0.056632    0.099795    5.310806 ^ _12_/Y (sky130_fd_sc_hd__inv_2)
                                                         _00_ (net)
                      0.056632    0.000254    5.311060 ^ _14_/RESET_B (sky130_fd_sc_hd__dfrtp_4)
                                              5.311060   data arrival time

                                 25.000000   25.000000   clock clk (rise edge)
                                  0.000000   25.000000   clock source latency
     1    0.011762    0.093217    0.061313   25.061312 ^ clk (in)
                                                         clk (net)
                      0.093221    0.000000   25.061312 ^ clkbuf_0_clk/A (sky130_fd_sc_hd__clkbuf_16)
     2    0.018572    0.065661    0.229903   25.291216 ^ clkbuf_0_clk/X (sky130_fd_sc_hd__clkbuf_16)
                                                         clknet_0_clk (net)
                      0.065661    0.000979   25.292194 ^ clkbuf_1_0__f_clk/A (sky130_fd_sc_hd__clkbuf_16)
     1    0.003124    0.045173    0.192596   25.484791 ^ clkbuf_1_0__f_clk/X (sky130_fd_sc_hd__clkbuf_16)
                                                         clknet_1_0__leaf_clk (net)
                      0.045173    0.000183   25.484974 ^ _14_/CLK (sky130_fd_sc_hd__dfrtp_4)
                                 -0.250000   25.234974   clock uncertainty
                                  0.000000   25.234974   clock reconvergence pessimism
                                  0.441873   25.676847   library recovery time
                                             25.676847   data required time
---------------------------------------------------------------------------------------------
                                             25.676847   data required time
                                             -5.311060   data arrival time
---------------------------------------------------------------------------------------------
                                             20.365788   slack (MET)


Startpoint: _14_ (rising edge-triggered flip-flop clocked by clk)
Endpoint: result[1] (output port clocked by clk)
Path Group: clk
Path Type: max

Fanout         Cap        Slew       Delay        Time   Description
---------------------------------------------------------------------------------------------
                                  0.000000    0.000000   clock clk (rise edge)
                                  0.000000    0.000000   clock source latency
     1    0.011762    0.093217    0.061313    0.061313 ^ clk (in)
                                                         clk (net)
                      0.093221    0.000000    0.061313 ^ clkbuf_0_clk/A (sky130_fd_sc_hd__clkbuf_16)
     2    0.018572    0.065661    0.229903    0.291216 ^ clkbuf_0_clk/X (sky130_fd_sc_hd__clkbuf_16)
                                                         clknet_0_clk (net)
                      0.065661    0.000978    0.292194 ^ clkbuf_1_0__f_clk/A (sky130_fd_sc_hd__clkbuf_16)
     1    0.003124    0.045173    0.192596    0.484790 ^ clkbuf_1_0__f_clk/X (sky130_fd_sc_hd__clkbuf_16)
                                                         clknet_1_0__leaf_clk (net)
                      0.045173    0.000184    0.484974 ^ _14_/CLK (sky130_fd_sc_hd__dfrtp_4)
     5    0.017214    0.144689    1.020625    1.505598 v _14_/Q (sky130_fd_sc_hd__dfrtp_4)
                                                         controller_inst.pstate[0] (net)
                      0.144689    0.000791    1.506389 v _05_/A_N (sky130_fd_sc_hd__nand2b_1)
     1    0.004082    0.107742    0.343392    1.849782 v _05_/Y (sky130_fd_sc_hd__nand2b_1)
                                                         _02_ (net)
                      0.107742    0.000286    1.850068 v _06_/A (sky130_fd_sc_hd__clkbuf_1)
     2    0.005777    0.080582    0.204021    2.054089 v _06_/X (sky130_fd_sc_hd__clkbuf_1)
                                                         net6 (net)
                      0.080582    0.000343    2.054432 v _19_/A (sky130_fd_sc_hd__clkbuf_1)
     1    0.001810    0.040755    0.155271    2.209703 v _19_/X (sky130_fd_sc_hd__clkbuf_1)
                                                         net3 (net)
                      0.040755    0.000083    2.209786 v output3/A (sky130_fd_sc_hd__buf_2)
     1    0.035551    0.171483    0.334391    2.544177 v output3/X (sky130_fd_sc_hd__buf_2)
                                                         result[1] (net)
                      0.171503    0.001930    2.546107 v result[1] (out)
                                              2.546107   data arrival time

                                 25.000000   25.000000   clock clk (rise edge)
                                  0.000000   25.000000   clock network delay (propagated)
                                 -0.250000   24.750000   clock uncertainty
                                  0.000000   24.750000   clock reconvergence pessimism
                                 -5.000000   19.750000   output external delay
                                             19.750000   data required time
---------------------------------------------------------------------------------------------
                                             19.750000   data required time
                                             -2.546107   data arrival time
---------------------------------------------------------------------------------------------
                                             17.203892   slack (MET)




===========================================================================
report_checks --slack_max -0.01
============================================================================
======================= max_ss_100C_1v60 Corner ===================================

No paths found.


===========================================================================
 report_check_types -max_slew -max_cap -max_fanout -violators
============================================================================
======================= max_ss_100C_1v60 Corner ===================================



===========================================================================
report_parasitic_annotation -report_unannotated
============================================================================
Found 2 unannotated drivers.
 top_8/LO
 top_9/LO
Found 0 partially unannotated drivers.

===========================================================================
max slew violation count 0
max fanout violation count 0
max cap violation count 0
============================================================================

===========================================================================
check_setup -verbose -unconstrained_endpoints -multiple_clock -no_clock -no_input_delay -loops -generated_clocks
===========================================================================
Warning: There are 2 unconstrained endpoints.
  flag_gt_zero
  result[3]
