127. Printing statistics.

=== top ===

   Number of wires:                 13
   Number of wire bits:             23
   Number of public wires:           6
   Number of public wire bits:      16
   Number of ports:                  4
   Number of port bits:             10
   Number of memories:               0
   Number of memory bits:            0
   Number of processes:              0
   Number of cells:                 17
     $_ANDNOT_                       3
     $_AND_                          1
     $_NAND_                         1
     $_NOT_                          2
     $_ORNOT_                        2
     $_OR_                           4
     $_XNOR_                         1
     $_XOR_                          1
     sky130_fd_sc_hd__dfrtp_2        2

   Area for cell type $_NOT_ is unknown!
   Area for cell type $_AND_ is unknown!
   Area for cell type $_NAND_ is unknown!
   Area for cell type $_OR_ is unknown!
   Area for cell type $_XOR_ is unknown!
   Area for cell type $_XNOR_ is unknown!
   Area for cell type $_ANDNOT_ is unknown!
   Area for cell type $_ORNOT_ is unknown!

   Chip area for module '\top': 52.550400
     of which used for sequential elements: 52.550400 (100.00%)

