Clock: clk
Sources: clk 
Generated: no
Virtual: yes
Propagated: no
Period: 25.000000

===========================================================================
report_clock_properties
============================================================================
Clock                   Period          Waveform
----------------------------------------------------
clk                  25.000000    0.000000 12.500000

===========================================================================
report_clock_latency
============================================================================
Clock clk
rise -> rise
    min     max
0.000000 0.000000 source latency
0.266459         network latency _26_/CLK
        0.267674 network latency _27_/CLK
---------------
0.266459 0.267674 latency
        0.001215 skew

fall -> fall
    min     max
0.000000 0.000000 source latency
0.275497         network latency _26_/CLK
        0.276516 network latency _27_/CLK
---------------
0.275497 0.276516 latency
        0.001019 skew



===========================================================================
report_clock_min_period
============================================================================
clk period_min = 1.42 fmax = 702.39
