
===========================================================================
report_checks -path_delay max (Setup)
============================================================================
======================= nom_tt_025C_1v80 Corner ===================================

Startpoint: _28_ (rising edge-triggered flip-flop clocked by clk)
Endpoint: result[1] (output port clocked by clk)
Path Group: clk
Path Type: max

Fanout         Cap        Slew       Delay        Time   Description
---------------------------------------------------------------------------------------------
                                  0.000000    0.000000   clock clk (rise edge)
                                  0.000000    0.000000   clock source latency
     1    0.009387    0.048675    0.032007    0.032007 ^ clk (in)
                                                         clk (net)
                      0.048675    0.000000    0.032007 ^ clkbuf_0_clk/A (sky130_fd_sc_hd__clkbuf_16)
     2    0.017238    0.039493    0.124157    0.156163 ^ clkbuf_0_clk/X (sky130_fd_sc_hd__clkbuf_16)
                                                         clknet_0_clk (net)
                      0.039493    0.000058    0.156221 ^ clkbuf_1_0__f_clk/A (sky130_fd_sc_hd__clkbuf_16)
     2    0.004673    0.028466    0.108143    0.264364 ^ clkbuf_1_0__f_clk/X (sky130_fd_sc_hd__clkbuf_16)
                                                         clknet_1_0__leaf_clk (net)
                      0.028466    0.000006    0.264370 ^ _28_/CLK (sky130_fd_sc_hd__dfrtp_1)
     5    0.010092    0.071278    0.386045    0.650415 v _28_/Q (sky130_fd_sc_hd__dfrtp_1)
                                                         fsm.pstate[2] (net)
                      0.071278    0.000028    0.650443 v _10_/A_N (sky130_fd_sc_hd__nand2b_1)
     1    0.002156    0.041710    0.142465    0.792907 v _10_/Y (sky130_fd_sc_hd__nand2b_1)
                                                         _04_ (net)
                      0.041710    0.000001    0.792909 v _11_/A (sky130_fd_sc_hd__buf_1)
     3    0.006149    0.045126    0.101853    0.894762 v _11_/X (sky130_fd_sc_hd__buf_1)
                                                         net3 (net)
                      0.045126    0.000013    0.894775 v _12_/B (sky130_fd_sc_hd__or2_1)
     1    0.002258    0.046010    0.197058    1.091833 v _12_/X (sky130_fd_sc_hd__or2_1)
                                                         _05_ (net)
                      0.046010    0.000003    1.091836 v _13_/A (sky130_fd_sc_hd__clkbuf_1)
     3    0.006286    0.045864    0.104306    1.196142 v _13_/X (sky130_fd_sc_hd__clkbuf_1)
                                                         net2 (net)
                      0.045864    0.000002    1.196144 v _29_/A (sky130_fd_sc_hd__clkbuf_1)
     1    0.002238    0.024536    0.084665    1.280809 v _29_/X (sky130_fd_sc_hd__clkbuf_1)
                                                         net4 (net)
                      0.024536    0.000006    1.280815 v output4/A (sky130_fd_sc_hd__buf_2)
     1    0.034033    0.088893    0.171301    1.452116 v output4/X (sky130_fd_sc_hd__buf_2)
                                                         result[1] (net)
                      0.088893    0.000090    1.452206 v result[1] (out)
                                              1.452206   data arrival time

                                 25.000000   25.000000   clock clk (rise edge)
                                  0.000000   25.000000   clock network delay (propagated)
                                 -0.250000   24.750000   clock uncertainty
                                  0.000000   24.750000   clock reconvergence pessimism
                                 -5.000000   19.750000   output external delay
                                             19.750000   data required time
---------------------------------------------------------------------------------------------
                                             19.750000   data required time
                                             -1.452206   data arrival time
---------------------------------------------------------------------------------------------
                                             18.297792   slack (MET)


Startpoint: _28_ (rising edge-triggered flip-flop clocked by clk)
Endpoint: result[5] (output port clocked by clk)
Path Group: clk
Path Type: max

Fanout         Cap        Slew       Delay        Time   Description
---------------------------------------------------------------------------------------------
                                  0.000000    0.000000   clock clk (rise edge)
                                  0.000000    0.000000   clock source latency
     1    0.009387    0.048675    0.032007    0.032007 ^ clk (in)
                                                         clk (net)
                      0.048675    0.000000    0.032007 ^ clkbuf_0_clk/A (sky130_fd_sc_hd__clkbuf_16)
     2    0.017238    0.039493    0.124157    0.156163 ^ clkbuf_0_clk/X (sky130_fd_sc_hd__clkbuf_16)
                                                         clknet_0_clk (net)
                      0.039493    0.000058    0.156221 ^ clkbuf_1_0__f_clk/A (sky130_fd_sc_hd__clkbuf_16)
     2    0.004673    0.028466    0.108143    0.264364 ^ clkbuf_1_0__f_clk/X (sky130_fd_sc_hd__clkbuf_16)
                                                         clknet_1_0__leaf_clk (net)
                      0.028466    0.000006    0.264370 ^ _28_/CLK (sky130_fd_sc_hd__dfrtp_1)
     5    0.010092    0.071278    0.386045    0.650415 v _28_/Q (sky130_fd_sc_hd__dfrtp_1)
                                                         fsm.pstate[2] (net)
                      0.071278    0.000028    0.650443 v _10_/A_N (sky130_fd_sc_hd__nand2b_1)
     1    0.002156    0.041710    0.142465    0.792907 v _10_/Y (sky130_fd_sc_hd__nand2b_1)
                                                         _04_ (net)
                      0.041710    0.000001    0.792909 v _11_/A (sky130_fd_sc_hd__buf_1)
     3    0.006149    0.045126    0.101853    0.894762 v _11_/X (sky130_fd_sc_hd__buf_1)
                                                         net3 (net)
                      0.045126    0.000013    0.894775 v _12_/B (sky130_fd_sc_hd__or2_1)
     1    0.002258    0.046010    0.197058    1.091833 v _12_/X (sky130_fd_sc_hd__or2_1)
                                                         _05_ (net)
                      0.046010    0.000003    1.091836 v _13_/A (sky130_fd_sc_hd__clkbuf_1)
     3    0.006286    0.045864    0.104306    1.196142 v _13_/X (sky130_fd_sc_hd__clkbuf_1)
                                                         net2 (net)
                      0.045864    0.000006    1.196148 v _31_/A (sky130_fd_sc_hd__clkbuf_1)
     1    0.002104    0.023819    0.083926    1.280074 v _31_/X (sky130_fd_sc_hd__clkbuf_1)
                                                         net8 (net)
                      0.023819    0.000006    1.280080 v output8/A (sky130_fd_sc_hd__buf_2)
     1    0.034296    0.089485    0.171447    1.451527 v output8/X (sky130_fd_sc_hd__buf_2)
                                                         result[5] (net)
                      0.089485    0.000137    1.451664 v result[5] (out)
                                              1.451664   data arrival time

                                 25.000000   25.000000   clock clk (rise edge)
                                  0.000000   25.000000   clock network delay (propagated)
                                 -0.250000   24.750000   clock uncertainty
                                  0.000000   24.750000   clock reconvergence pessimism
                                 -5.000000   19.750000   output external delay
                                             19.750000   data required time
---------------------------------------------------------------------------------------------
                                             19.750000   data required time
                                             -1.451664   data arrival time
---------------------------------------------------------------------------------------------
                                             18.298336   slack (MET)


Startpoint: _28_ (rising edge-triggered flip-flop clocked by clk)
Endpoint: flag_gt_zero (output port clocked by clk)
Path Group: clk
Path Type: max

Fanout         Cap        Slew       Delay        Time   Description
---------------------------------------------------------------------------------------------
                                  0.000000    0.000000   clock clk (rise edge)
                                  0.000000    0.000000   clock source latency
     1    0.009387    0.048675    0.032007    0.032007 ^ clk (in)
                                                         clk (net)
                      0.048675    0.000000    0.032007 ^ clkbuf_0_clk/A (sky130_fd_sc_hd__clkbuf_16)
     2    0.017238    0.039493    0.124157    0.156163 ^ clkbuf_0_clk/X (sky130_fd_sc_hd__clkbuf_16)
                                                         clknet_0_clk (net)
                      0.039493    0.000058    0.156221 ^ clkbuf_1_0__f_clk/A (sky130_fd_sc_hd__clkbuf_16)
     2    0.004673    0.028466    0.108143    0.264364 ^ clkbuf_1_0__f_clk/X (sky130_fd_sc_hd__clkbuf_16)
                                                         clknet_1_0__leaf_clk (net)
                      0.028466    0.000006    0.264370 ^ _28_/CLK (sky130_fd_sc_hd__dfrtp_1)
     5    0.010092    0.071278    0.386045    0.650415 v _28_/Q (sky130_fd_sc_hd__dfrtp_1)
                                                         fsm.pstate[2] (net)
                      0.071278    0.000028    0.650443 v _10_/A_N (sky130_fd_sc_hd__nand2b_1)
     1    0.002156    0.041710    0.142465    0.792907 v _10_/Y (sky130_fd_sc_hd__nand2b_1)
                                                         _04_ (net)
                      0.041710    0.000001    0.792909 v _11_/A (sky130_fd_sc_hd__buf_1)
     3    0.006149    0.045126    0.101853    0.894762 v _11_/X (sky130_fd_sc_hd__buf_1)
                                                         net3 (net)
                      0.045126    0.000013    0.894775 v _12_/B (sky130_fd_sc_hd__or2_1)
     1    0.002258    0.046010    0.197058    1.091833 v _12_/X (sky130_fd_sc_hd__or2_1)
                                                         _05_ (net)
                      0.046010    0.000003    1.091836 v _13_/A (sky130_fd_sc_hd__clkbuf_1)
     3    0.006286    0.045864    0.104306    1.196142 v _13_/X (sky130_fd_sc_hd__clkbuf_1)
                                                         net2 (net)
                      0.045864    0.000004    1.196146 v output2/A (sky130_fd_sc_hd__buf_2)
     1    0.034016    0.088704    0.180462    1.376608 v output2/X (sky130_fd_sc_hd__buf_2)
                                                         flag_gt_zero (net)
                      0.088704    0.000086    1.376695 v flag_gt_zero (out)
                                              1.376695   data arrival time

                                 25.000000   25.000000   clock clk (rise edge)
                                  0.000000   25.000000   clock network delay (propagated)
                                 -0.250000   24.750000   clock uncertainty
                                  0.000000   24.750000   clock reconvergence pessimism
                                 -5.000000   19.750000   output external delay
                                             19.750000   data required time
---------------------------------------------------------------------------------------------
                                             19.750000   data required time
                                             -1.376695   data arrival time
---------------------------------------------------------------------------------------------
                                             18.373304   slack (MET)


Startpoint: _27_ (rising edge-triggered flip-flop clocked by clk)
Endpoint: result[3] (output port clocked by clk)
Path Group: clk
Path Type: max

Fanout         Cap        Slew       Delay        Time   Description
---------------------------------------------------------------------------------------------
                                  0.000000    0.000000   clock clk (rise edge)
                                  0.000000    0.000000   clock source latency
     1    0.009387    0.048675    0.032007    0.032007 ^ clk (in)
                                                         clk (net)
                      0.048675    0.000000    0.032007 ^ clkbuf_0_clk/A (sky130_fd_sc_hd__clkbuf_16)
     2    0.017238    0.039493    0.124157    0.156163 ^ clkbuf_0_clk/X (sky130_fd_sc_hd__clkbuf_16)
                                                         clknet_0_clk (net)
                      0.039493    0.000076    0.156240 ^ clkbuf_1_1__f_clk/A (sky130_fd_sc_hd__clkbuf_16)
     2    0.004965    0.028733    0.108493    0.264732 ^ clkbuf_1_1__f_clk/X (sky130_fd_sc_hd__clkbuf_16)
                                                         clknet_1_1__leaf_clk (net)
                      0.028733    0.000008    0.264740 ^ _27_/CLK (sky130_fd_sc_hd__dfrtp_1)
     3    0.013150    0.129072    0.376241    0.640981 ^ _27_/Q (sky130_fd_sc_hd__dfrtp_1)
                                                         fsm.pstate[1] (net)
                      0.129072    0.000049    0.641030 ^ _09_/A (sky130_fd_sc_hd__inv_2)
     3    0.006024    0.035383    0.049422    0.690453 v _09_/Y (sky130_fd_sc_hd__inv_2)
                                                         _03_ (net)
                      0.035383    0.000022    0.690475 v _15_/A (sky130_fd_sc_hd__or2_1)
     1    0.002362    0.046490    0.213119    0.903594 v _15_/X (sky130_fd_sc_hd__or2_1)
                                                         _06_ (net)
                      0.046490    0.000004    0.903599 v _16_/A (sky130_fd_sc_hd__clkbuf_1)
     1    0.002095    0.023773    0.084155    0.987753 v _16_/X (sky130_fd_sc_hd__clkbuf_1)
                                                         net6 (net)
                      0.023773    0.000006    0.987759 v output6/A (sky130_fd_sc_hd__buf_2)
     1    0.034279    0.089447    0.171399    1.159158 v output6/X (sky130_fd_sc_hd__buf_2)
                                                         result[3] (net)
                      0.089447    0.000133    1.159291 v result[3] (out)
                                              1.159291   data arrival time

                                 25.000000   25.000000   clock clk (rise edge)
                                  0.000000   25.000000   clock network delay (propagated)
                                 -0.250000   24.750000   clock uncertainty
                                  0.000000   24.750000   clock reconvergence pessimism
                                 -5.000000   19.750000   output external delay
                                             19.750000   data required time
---------------------------------------------------------------------------------------------
                                             19.750000   data required time
                                             -1.159291   data arrival time
---------------------------------------------------------------------------------------------
                                             18.590708   slack (MET)


Startpoint: _26_ (rising edge-triggered flip-flop clocked by clk)
Endpoint: result[4] (output port clocked by clk)
Path Group: clk
Path Type: max

Fanout         Cap        Slew       Delay        Time   Description
---------------------------------------------------------------------------------------------
                                  0.000000    0.000000   clock clk (rise edge)
                                  0.000000    0.000000   clock source latency
     1    0.009387    0.048675    0.032007    0.032007 ^ clk (in)
                                                         clk (net)
                      0.048675    0.000000    0.032007 ^ clkbuf_0_clk/A (sky130_fd_sc_hd__clkbuf_16)
     2    0.017238    0.039493    0.124157    0.156163 ^ clkbuf_0_clk/X (sky130_fd_sc_hd__clkbuf_16)
                                                         clknet_0_clk (net)
                      0.039493    0.000058    0.156221 ^ clkbuf_1_0__f_clk/A (sky130_fd_sc_hd__clkbuf_16)
     2    0.004673    0.028466    0.108143    0.264364 ^ clkbuf_1_0__f_clk/X (sky130_fd_sc_hd__clkbuf_16)
                                                         clknet_1_0__leaf_clk (net)
                      0.028466    0.000004    0.264368 ^ _26_/CLK (sky130_fd_sc_hd__dfrtp_1)
     5    0.015243    0.143207    0.388777    0.653145 ^ _26_/Q (sky130_fd_sc_hd__dfrtp_1)
                                                         fsm.pstate[0] (net)
                      0.143207    0.000115    0.653260 ^ _17_/B_N (sky130_fd_sc_hd__or2b_1)
     1    0.002135    0.042889    0.233606    0.886866 v _17_/X (sky130_fd_sc_hd__or2b_1)
                                                         _07_ (net)
                      0.042889    0.000001    0.886867 v _18_/A (sky130_fd_sc_hd__clkbuf_1)
     1    0.001832    0.022359    0.081105    0.967972 v _18_/X (sky130_fd_sc_hd__clkbuf_1)
                                                         net7 (net)
                      0.022359    0.000002    0.967974 v output7/A (sky130_fd_sc_hd__buf_2)
     1    0.034121    0.089095    0.170530    1.138504 v output7/X (sky130_fd_sc_hd__buf_2)
                                                         result[4] (net)
                      0.089095    0.000111    1.138615 v result[4] (out)
                                              1.138615   data arrival time

                                 25.000000   25.000000   clock clk (rise edge)
                                  0.000000   25.000000   clock network delay (propagated)
                                 -0.250000   24.750000   clock uncertainty
                                  0.000000   24.750000   clock reconvergence pessimism
                                 -5.000000   19.750000   output external delay
                                             19.750000   data required time
---------------------------------------------------------------------------------------------
                                             19.750000   data required time
                                             -1.138615   data arrival time
---------------------------------------------------------------------------------------------
                                             18.611385   slack (MET)


Startpoint: _26_ (rising edge-triggered flip-flop clocked by clk)
Endpoint: result[2] (output port clocked by clk)
Path Group: clk
Path Type: max

Fanout         Cap        Slew       Delay        Time   Description
---------------------------------------------------------------------------------------------
                                  0.000000    0.000000   clock clk (rise edge)
                                  0.000000    0.000000   clock source latency
     1    0.009387    0.048675    0.032007    0.032007 ^ clk (in)
                                                         clk (net)
                      0.048675    0.000000    0.032007 ^ clkbuf_0_clk/A (sky130_fd_sc_hd__clkbuf_16)
     2    0.017238    0.039493    0.124157    0.156163 ^ clkbuf_0_clk/X (sky130_fd_sc_hd__clkbuf_16)
                                                         clknet_0_clk (net)
                      0.039493    0.000058    0.156221 ^ clkbuf_1_0__f_clk/A (sky130_fd_sc_hd__clkbuf_16)
     2    0.004673    0.028466    0.108143    0.264364 ^ clkbuf_1_0__f_clk/X (sky130_fd_sc_hd__clkbuf_16)
                                                         clknet_1_0__leaf_clk (net)
                      0.028466    0.000004    0.264368 ^ _26_/CLK (sky130_fd_sc_hd__dfrtp_1)
     5    0.014205    0.089043    0.402662    0.667030 v _26_/Q (sky130_fd_sc_hd__dfrtp_1)
                                                         fsm.pstate[0] (net)
                      0.089043    0.000068    0.667098 v _14_/A1 (sky130_fd_sc_hd__o21bai_1)
     2    0.004863    0.145535    0.175212    0.842310 ^ _14_/Y (sky130_fd_sc_hd__o21bai_1)
                                                         net9 (net)
                      0.145535    0.000019    0.842329 ^ _30_/A (sky130_fd_sc_hd__clkbuf_1)
     1    0.001851    0.036458    0.096973    0.939303 ^ _30_/X (sky130_fd_sc_hd__clkbuf_1)
                                                         net5 (net)
                      0.036458    0.000000    0.939303 ^ output5/A (sky130_fd_sc_hd__buf_2)
     1    0.034296    0.170243    0.195116    1.134419 ^ output5/X (sky130_fd_sc_hd__buf_2)
                                                         result[2] (net)
                      0.170243    0.000191    1.134610 ^ result[2] (out)
                                              1.134610   data arrival time

                                 25.000000   25.000000   clock clk (rise edge)
                                  0.000000   25.000000   clock network delay (propagated)
                                 -0.250000   24.750000   clock uncertainty
                                  0.000000   24.750000   clock reconvergence pessimism
                                 -5.000000   19.750000   output external delay
                                             19.750000   data required time
---------------------------------------------------------------------------------------------
                                             19.750000   data required time
                                             -1.134610   data arrival time
---------------------------------------------------------------------------------------------
                                             18.615389   slack (MET)


Startpoint: _26_ (rising edge-triggered flip-flop clocked by clk)
Endpoint: result[0] (output port clocked by clk)
Path Group: clk
Path Type: max

Fanout         Cap        Slew       Delay        Time   Description
---------------------------------------------------------------------------------------------
                                  0.000000    0.000000   clock clk (rise edge)
                                  0.000000    0.000000   clock source latency
     1    0.009387    0.048675    0.032007    0.032007 ^ clk (in)
                                                         clk (net)
                      0.048675    0.000000    0.032007 ^ clkbuf_0_clk/A (sky130_fd_sc_hd__clkbuf_16)
     2    0.017238    0.039493    0.124157    0.156163 ^ clkbuf_0_clk/X (sky130_fd_sc_hd__clkbuf_16)
                                                         clknet_0_clk (net)
                      0.039493    0.000058    0.156221 ^ clkbuf_1_0__f_clk/A (sky130_fd_sc_hd__clkbuf_16)
     2    0.004673    0.028466    0.108143    0.264364 ^ clkbuf_1_0__f_clk/X (sky130_fd_sc_hd__clkbuf_16)
                                                         clknet_1_0__leaf_clk (net)
                      0.028466    0.000004    0.264368 ^ _26_/CLK (sky130_fd_sc_hd__dfrtp_1)
     5    0.014205    0.089043    0.402662    0.667030 v _26_/Q (sky130_fd_sc_hd__dfrtp_1)
                                                         fsm.pstate[0] (net)
                      0.089043    0.000109    0.667140 v _10_/B (sky130_fd_sc_hd__nand2b_1)
     1    0.002332    0.050626    0.080716    0.747855 ^ _10_/Y (sky130_fd_sc_hd__nand2b_1)
                                                         _04_ (net)
                      0.050626    0.000001    0.747857 ^ _11_/A (sky130_fd_sc_hd__buf_1)
     3    0.006779    0.090817    0.114399    0.862256 ^ _11_/X (sky130_fd_sc_hd__buf_1)
                                                         net3 (net)
                      0.090817    0.000013    0.862269 ^ output3/A (sky130_fd_sc_hd__buf_2)
     1    0.034033    0.169201    0.214592    1.076861 ^ output3/X (sky130_fd_sc_hd__buf_2)
                                                         result[0] (net)
                      0.169201    0.000090    1.076951 ^ result[0] (out)
                                              1.076951   data arrival time

                                 25.000000   25.000000   clock clk (rise edge)
                                  0.000000   25.000000   clock network delay (propagated)
                                 -0.250000   24.750000   clock uncertainty
                                  0.000000   24.750000   clock reconvergence pessimism
                                 -5.000000   19.750000   output external delay
                                             19.750000   data required time
---------------------------------------------------------------------------------------------
                                             19.750000   data required time
                                             -1.076951   data arrival time
---------------------------------------------------------------------------------------------
                                             18.673048   slack (MET)


Startpoint: _26_ (rising edge-triggered flip-flop clocked by clk)
Endpoint: result[6] (output port clocked by clk)
Path Group: clk
Path Type: max

Fanout         Cap        Slew       Delay        Time   Description
---------------------------------------------------------------------------------------------
                                  0.000000    0.000000   clock clk (rise edge)
                                  0.000000    0.000000   clock source latency
     1    0.009387    0.048675    0.032007    0.032007 ^ clk (in)
                                                         clk (net)
                      0.048675    0.000000    0.032007 ^ clkbuf_0_clk/A (sky130_fd_sc_hd__clkbuf_16)
     2    0.017238    0.039493    0.124157    0.156163 ^ clkbuf_0_clk/X (sky130_fd_sc_hd__clkbuf_16)
                                                         clknet_0_clk (net)
                      0.039493    0.000058    0.156221 ^ clkbuf_1_0__f_clk/A (sky130_fd_sc_hd__clkbuf_16)
     2    0.004673    0.028466    0.108143    0.264364 ^ clkbuf_1_0__f_clk/X (sky130_fd_sc_hd__clkbuf_16)
                                                         clknet_1_0__leaf_clk (net)
                      0.028466    0.000004    0.264368 ^ _26_/CLK (sky130_fd_sc_hd__dfrtp_1)
     5    0.014205    0.089043    0.402662    0.667030 v _26_/Q (sky130_fd_sc_hd__dfrtp_1)
                                                         fsm.pstate[0] (net)
                      0.089043    0.000068    0.667098 v _14_/A1 (sky130_fd_sc_hd__o21bai_1)
     2    0.004863    0.145535    0.175212    0.842310 ^ _14_/Y (sky130_fd_sc_hd__o21bai_1)
                                                         net9 (net)
                      0.145535    0.000016    0.842327 ^ output9/A (sky130_fd_sc_hd__buf_2)
     1    0.034256    0.170474    0.233166    1.075492 ^ output9/X (sky130_fd_sc_hd__buf_2)
                                                         result[6] (net)
                      0.170474    0.000185    1.075677 ^ result[6] (out)
                                              1.075677   data arrival time

                                 25.000000   25.000000   clock clk (rise edge)
                                  0.000000   25.000000   clock network delay (propagated)
                                 -0.250000   24.750000   clock uncertainty
                                  0.000000   24.750000   clock reconvergence pessimism
                                 -5.000000   19.750000   output external delay
                                             19.750000   data required time
---------------------------------------------------------------------------------------------
                                             19.750000   data required time
                                             -1.075677   data arrival time
---------------------------------------------------------------------------------------------
                                             18.674322   slack (MET)


Startpoint: reset (input port clocked by clk)
Endpoint: _27_ (recovery check against rising-edge clock clk)
Path Group: asynchronous
Path Type: max

Fanout         Cap        Slew       Delay        Time   Description
---------------------------------------------------------------------------------------------
                                  0.000000    0.000000   clock clk (rise edge)
                                  0.000000    0.000000   clock network delay (propagated)
                                  5.000000    5.000000 v input external delay
     1    0.002323    0.007534    0.003611    5.003611 v reset (in)
                                                         reset (net)
                      0.007534    0.000000    5.003611 v input1/A (sky130_fd_sc_hd__dlymetal6s2s_1)
     3    0.015030    0.088029    0.167522    5.171134 v input1/X (sky130_fd_sc_hd__dlymetal6s2s_1)
                                                         net1 (net)
                      0.088029    0.000095    5.171229 v _24_/A (sky130_fd_sc_hd__inv_2)
     1    0.004063    0.036519    0.060838    5.232067 ^ _24_/Y (sky130_fd_sc_hd__inv_2)
                                                         _01_ (net)
                      0.036519    0.000009    5.232076 ^ _27_/RESET_B (sky130_fd_sc_hd__dfrtp_1)
                                              5.232076   data arrival time

                                 25.000000   25.000000   clock clk (rise edge)
                                  0.000000   25.000000   clock source latency
     1    0.009387    0.048675    0.032006   25.032005 ^ clk (in)
                                                         clk (net)
                      0.048675    0.000000   25.032005 ^ clkbuf_0_clk/A (sky130_fd_sc_hd__clkbuf_16)
     2    0.017238    0.039493    0.124157   25.156162 ^ clkbuf_0_clk/X (sky130_fd_sc_hd__clkbuf_16)
                                                         clknet_0_clk (net)
                      0.039493    0.000076   25.156239 ^ clkbuf_1_1__f_clk/A (sky130_fd_sc_hd__clkbuf_16)
     2    0.004965    0.028733    0.108493   25.264732 ^ clkbuf_1_1__f_clk/X (sky130_fd_sc_hd__clkbuf_16)
                                                         clknet_1_1__leaf_clk (net)
                      0.028733    0.000007   25.264738 ^ _27_/CLK (sky130_fd_sc_hd__dfrtp_1)
                                 -0.250000   25.014740   clock uncertainty
                                  0.000000   25.014740   clock reconvergence pessimism
                                  0.227546   25.242285   library recovery time
                                             25.242285   data required time
---------------------------------------------------------------------------------------------
                                             25.242285   data required time
                                             -5.232076   data arrival time
---------------------------------------------------------------------------------------------
                                             20.010210   slack (MET)


Startpoint: reset (input port clocked by clk)
Endpoint: _26_ (recovery check against rising-edge clock clk)
Path Group: asynchronous
Path Type: max

Fanout         Cap        Slew       Delay        Time   Description
---------------------------------------------------------------------------------------------
                                  0.000000    0.000000   clock clk (rise edge)
                                  0.000000    0.000000   clock network delay (propagated)
                                  5.000000    5.000000 v input external delay
     1    0.002323    0.007534    0.003611    5.003611 v reset (in)
                                                         reset (net)
                      0.007534    0.000000    5.003611 v input1/A (sky130_fd_sc_hd__dlymetal6s2s_1)
     3    0.015030    0.088029    0.167522    5.171134 v input1/X (sky130_fd_sc_hd__dlymetal6s2s_1)
                                                         net1 (net)
                      0.088029    0.000084    5.171218 v _23_/A (sky130_fd_sc_hd__inv_2)
     1    0.003934    0.036058    0.060215    5.231433 ^ _23_/Y (sky130_fd_sc_hd__inv_2)
                                                         _00_ (net)
                      0.036058    0.000006    5.231439 ^ _26_/RESET_B (sky130_fd_sc_hd__dfrtp_1)
                                              5.231439   data arrival time

                                 25.000000   25.000000   clock clk (rise edge)
                                  0.000000   25.000000   clock source latency
     1    0.009387    0.048675    0.032006   25.032005 ^ clk (in)
                                                         clk (net)
                      0.048675    0.000000   25.032005 ^ clkbuf_0_clk/A (sky130_fd_sc_hd__clkbuf_16)
     2    0.017238    0.039493    0.124157   25.156162 ^ clkbuf_0_clk/X (sky130_fd_sc_hd__clkbuf_16)
                                                         clknet_0_clk (net)
                      0.039493    0.000059   25.156221 ^ clkbuf_1_0__f_clk/A (sky130_fd_sc_hd__clkbuf_16)
     2    0.004673    0.028466    0.108143   25.264364 ^ clkbuf_1_0__f_clk/X (sky130_fd_sc_hd__clkbuf_16)
                                                         clknet_1_0__leaf_clk (net)
                      0.028466    0.000004   25.264368 ^ _26_/CLK (sky130_fd_sc_hd__dfrtp_1)
                                 -0.250000   25.014368   clock uncertainty
                                  0.000000   25.014368   clock reconvergence pessimism
                                  0.227584   25.241951   library recovery time
                                             25.241951   data required time
---------------------------------------------------------------------------------------------
                                             25.241951   data required time
                                             -5.231439   data arrival time
---------------------------------------------------------------------------------------------
                                             20.010513   slack (MET)


Startpoint: reset (input port clocked by clk)
Endpoint: _28_ (recovery check against rising-edge clock clk)
Path Group: asynchronous
Path Type: max

Fanout         Cap        Slew       Delay        Time   Description
---------------------------------------------------------------------------------------------
                                  0.000000    0.000000   clock clk (rise edge)
                                  0.000000    0.000000   clock network delay (propagated)
                                  5.000000    5.000000 v input external delay
     1    0.002323    0.007534    0.003611    5.003611 v reset (in)
                                                         reset (net)
                      0.007534    0.000000    5.003611 v input1/A (sky130_fd_sc_hd__dlymetal6s2s_1)
     3    0.015030    0.088029    0.167522    5.171134 v input1/X (sky130_fd_sc_hd__dlymetal6s2s_1)
                                                         net1 (net)
                      0.088029    0.000054    5.171187 v _25_/A (sky130_fd_sc_hd__inv_2)
     1    0.003894    0.035914    0.060020    5.231208 ^ _25_/Y (sky130_fd_sc_hd__inv_2)
                                                         _02_ (net)
                      0.035914    0.000006    5.231214 ^ _28_/RESET_B (sky130_fd_sc_hd__dfrtp_1)
                                              5.231214   data arrival time

                                 25.000000   25.000000   clock clk (rise edge)
                                  0.000000   25.000000   clock source latency
     1    0.009387    0.048675    0.032006   25.032005 ^ clk (in)
                                                         clk (net)
                      0.048675    0.000000   25.032005 ^ clkbuf_0_clk/A (sky130_fd_sc_hd__clkbuf_16)
     2    0.017238    0.039493    0.124157   25.156162 ^ clkbuf_0_clk/X (sky130_fd_sc_hd__clkbuf_16)
                                                         clknet_0_clk (net)
                      0.039493    0.000059   25.156221 ^ clkbuf_1_0__f_clk/A (sky130_fd_sc_hd__clkbuf_16)
     2    0.004673    0.028466    0.108143   25.264364 ^ clkbuf_1_0__f_clk/X (sky130_fd_sc_hd__clkbuf_16)
                                                         clknet_1_0__leaf_clk (net)
                      0.028466    0.000005   25.264370 ^ _28_/CLK (sky130_fd_sc_hd__dfrtp_1)
                                 -0.250000   25.014370   clock uncertainty
                                  0.000000   25.014370   clock reconvergence pessimism
                                  0.227621   25.241993   library recovery time
                                             25.241993   data required time
---------------------------------------------------------------------------------------------
                                             25.241993   data required time
                                             -5.231214   data arrival time
---------------------------------------------------------------------------------------------
                                             20.010778   slack (MET)


Startpoint: _26_ (rising edge-triggered flip-flop clocked by clk)
Endpoint: _26_ (rising edge-triggered flip-flop clocked by clk)
Path Group: clk
Path Type: max

Fanout         Cap        Slew       Delay        Time   Description
---------------------------------------------------------------------------------------------
                                  0.000000    0.000000   clock clk (rise edge)
                                  0.000000    0.000000   clock source latency
     1    0.009387    0.048675    0.032007    0.032007 ^ clk (in)
                                                         clk (net)
                      0.048675    0.000000    0.032007 ^ clkbuf_0_clk/A (sky130_fd_sc_hd__clkbuf_16)
     2    0.017238    0.039493    0.124157    0.156163 ^ clkbuf_0_clk/X (sky130_fd_sc_hd__clkbuf_16)
                                                         clknet_0_clk (net)
                      0.039493    0.000058    0.156221 ^ clkbuf_1_0__f_clk/A (sky130_fd_sc_hd__clkbuf_16)
     2    0.004673    0.028466    0.108143    0.264364 ^ clkbuf_1_0__f_clk/X (sky130_fd_sc_hd__clkbuf_16)
                                                         clknet_1_0__leaf_clk (net)
                      0.028466    0.000004    0.264368 ^ _26_/CLK (sky130_fd_sc_hd__dfrtp_1)
     5    0.014205    0.089043    0.402662    0.667030 v _26_/Q (sky130_fd_sc_hd__dfrtp_1)
                                                         fsm.pstate[0] (net)
                      0.089043    0.000053    0.667083 v hold2/A (sky130_fd_sc_hd__dlygate4sd3_1)
     1    0.002505    0.053091    0.565011    1.232094 v hold2/X (sky130_fd_sc_hd__dlygate4sd3_1)
                                                         net11 (net)
                      0.053091    0.000003    1.232098 v _19_/A (sky130_fd_sc_hd__nor2_1)
     1    0.003708    0.091152    0.110654    1.342752 ^ _19_/Y (sky130_fd_sc_hd__nor2_1)
                                                         fsm.nstate[0] (net)
                      0.091152    0.000025    1.342777 ^ _26_/D (sky130_fd_sc_hd__dfrtp_1)
                                              1.342777   data arrival time

                                 25.000000   25.000000   clock clk (rise edge)
                                  0.000000   25.000000   clock source latency
     1    0.009387    0.048675    0.032006   25.032005 ^ clk (in)
                                                         clk (net)
                      0.048675    0.000000   25.032005 ^ clkbuf_0_clk/A (sky130_fd_sc_hd__clkbuf_16)
     2    0.017238    0.039493    0.124157   25.156162 ^ clkbuf_0_clk/X (sky130_fd_sc_hd__clkbuf_16)
                                                         clknet_0_clk (net)
                      0.039493    0.000059   25.156221 ^ clkbuf_1_0__f_clk/A (sky130_fd_sc_hd__clkbuf_16)
     2    0.004673    0.028466    0.108143   25.264364 ^ clkbuf_1_0__f_clk/X (sky130_fd_sc_hd__clkbuf_16)
                                                         clknet_1_0__leaf_clk (net)
                      0.028466    0.000004   25.264368 ^ _26_/CLK (sky130_fd_sc_hd__dfrtp_1)
                                 -0.250000   25.014368   clock uncertainty
                                  0.000000   25.014368   clock reconvergence pessimism
                                 -0.073012   24.941357   library setup time
                                             24.941357   data required time
---------------------------------------------------------------------------------------------
                                             24.941357   data required time
                                             -1.342777   data arrival time
---------------------------------------------------------------------------------------------
                                             23.598579   slack (MET)


Startpoint: _28_ (rising edge-triggered flip-flop clocked by clk)
Endpoint: _27_ (rising edge-triggered flip-flop clocked by clk)
Path Group: clk
Path Type: max

Fanout         Cap        Slew       Delay        Time   Description
---------------------------------------------------------------------------------------------
                                  0.000000    0.000000   clock clk (rise edge)
                                  0.000000    0.000000   clock source latency
     1    0.009387    0.048675    0.032007    0.032007 ^ clk (in)
                                                         clk (net)
                      0.048675    0.000000    0.032007 ^ clkbuf_0_clk/A (sky130_fd_sc_hd__clkbuf_16)
     2    0.017238    0.039493    0.124157    0.156163 ^ clkbuf_0_clk/X (sky130_fd_sc_hd__clkbuf_16)
                                                         clknet_0_clk (net)
                      0.039493    0.000058    0.156221 ^ clkbuf_1_0__f_clk/A (sky130_fd_sc_hd__clkbuf_16)
     2    0.004673    0.028466    0.108143    0.264364 ^ clkbuf_1_0__f_clk/X (sky130_fd_sc_hd__clkbuf_16)
                                                         clknet_1_0__leaf_clk (net)
                      0.028466    0.000006    0.264370 ^ _28_/CLK (sky130_fd_sc_hd__dfrtp_1)
     5    0.010092    0.071278    0.386045    0.650415 v _28_/Q (sky130_fd_sc_hd__dfrtp_1)
                                                         fsm.pstate[2] (net)
                      0.071278    0.000014    0.650429 v hold1/A (sky130_fd_sc_hd__dlygate4sd3_1)
     2    0.006023    0.068751    0.582101    1.232531 v hold1/X (sky130_fd_sc_hd__dlygate4sd3_1)
                                                         net10 (net)
                      0.068751    0.000008    1.232539 v _21_/A (sky130_fd_sc_hd__nor2_1)
     1    0.002693    0.077195    0.103929    1.336468 ^ _21_/Y (sky130_fd_sc_hd__nor2_1)
                                                         fsm.nstate[1] (net)
                      0.077195    0.000009    1.336478 ^ _27_/D (sky130_fd_sc_hd__dfrtp_1)
                                              1.336478   data arrival time

                                 25.000000   25.000000   clock clk (rise edge)
                                  0.000000   25.000000   clock source latency
     1    0.009387    0.048675    0.032006   25.032005 ^ clk (in)
                                                         clk (net)
                      0.048675    0.000000   25.032005 ^ clkbuf_0_clk/A (sky130_fd_sc_hd__clkbuf_16)
     2    0.017238    0.039493    0.124157   25.156162 ^ clkbuf_0_clk/X (sky130_fd_sc_hd__clkbuf_16)
                                                         clknet_0_clk (net)
                      0.039493    0.000076   25.156239 ^ clkbuf_1_1__f_clk/A (sky130_fd_sc_hd__clkbuf_16)
     2    0.004965    0.028733    0.108493   25.264732 ^ clkbuf_1_1__f_clk/X (sky130_fd_sc_hd__clkbuf_16)
                                                         clknet_1_1__leaf_clk (net)
                      0.028733    0.000007   25.264738 ^ _27_/CLK (sky130_fd_sc_hd__dfrtp_1)
                                 -0.250000   25.014740   clock uncertainty
                                  0.000000   25.014740   clock reconvergence pessimism
                                 -0.069735   24.945004   library setup time
                                             24.945004   data required time
---------------------------------------------------------------------------------------------
                                             24.945004   data required time
                                             -1.336478   data arrival time
---------------------------------------------------------------------------------------------
                                             23.608526   slack (MET)


Startpoint: _28_ (rising edge-triggered flip-flop clocked by clk)
Endpoint: _28_ (rising edge-triggered flip-flop clocked by clk)
Path Group: clk
Path Type: max

Fanout         Cap        Slew       Delay        Time   Description
---------------------------------------------------------------------------------------------
                                  0.000000    0.000000   clock clk (rise edge)
                                  0.000000    0.000000   clock source latency
     1    0.009387    0.048675    0.032007    0.032007 ^ clk (in)
                                                         clk (net)
                      0.048675    0.000000    0.032007 ^ clkbuf_0_clk/A (sky130_fd_sc_hd__clkbuf_16)
     2    0.017238    0.039493    0.124157    0.156163 ^ clkbuf_0_clk/X (sky130_fd_sc_hd__clkbuf_16)
                                                         clknet_0_clk (net)
                      0.039493    0.000058    0.156221 ^ clkbuf_1_0__f_clk/A (sky130_fd_sc_hd__clkbuf_16)
     2    0.004673    0.028466    0.108143    0.264364 ^ clkbuf_1_0__f_clk/X (sky130_fd_sc_hd__clkbuf_16)
                                                         clknet_1_0__leaf_clk (net)
                      0.028466    0.000006    0.264370 ^ _28_/CLK (sky130_fd_sc_hd__dfrtp_1)
     5    0.010092    0.071278    0.386045    0.650415 v _28_/Q (sky130_fd_sc_hd__dfrtp_1)
                                                         fsm.pstate[2] (net)
                      0.071278    0.000028    0.650443 v _10_/A_N (sky130_fd_sc_hd__nand2b_1)
     1    0.002156    0.041710    0.142465    0.792907 v _10_/Y (sky130_fd_sc_hd__nand2b_1)
                                                         _04_ (net)
                      0.041710    0.000001    0.792909 v _11_/A (sky130_fd_sc_hd__buf_1)
     3    0.006149    0.045126    0.101853    0.894762 v _11_/X (sky130_fd_sc_hd__buf_1)
                                                         net3 (net)
                      0.045126    0.000015    0.894777 v _22_/B (sky130_fd_sc_hd__nor2_1)
     1    0.003230    0.085636    0.086695    0.981472 ^ _22_/Y (sky130_fd_sc_hd__nor2_1)
                                                         fsm.nstate[2] (net)
                      0.085636    0.000013    0.981485 ^ _28_/D (sky130_fd_sc_hd__dfrtp_1)
                                              0.981485   data arrival time

                                 25.000000   25.000000   clock clk (rise edge)
                                  0.000000   25.000000   clock source latency
     1    0.009387    0.048675    0.032006   25.032005 ^ clk (in)
                                                         clk (net)
                      0.048675    0.000000   25.032005 ^ clkbuf_0_clk/A (sky130_fd_sc_hd__clkbuf_16)
     2    0.017238    0.039493    0.124157   25.156162 ^ clkbuf_0_clk/X (sky130_fd_sc_hd__clkbuf_16)
                                                         clknet_0_clk (net)
                      0.039493    0.000059   25.156221 ^ clkbuf_1_0__f_clk/A (sky130_fd_sc_hd__clkbuf_16)
     2    0.004673    0.028466    0.108143   25.264364 ^ clkbuf_1_0__f_clk/X (sky130_fd_sc_hd__clkbuf_16)
                                                         clknet_1_0__leaf_clk (net)
                      0.028466    0.000005   25.264370 ^ _28_/CLK (sky130_fd_sc_hd__dfrtp_1)
                                 -0.250000   25.014370   clock uncertainty
                                  0.000000   25.014370   clock reconvergence pessimism
                                 -0.071733   24.942636   library setup time
                                             24.942636   data required time
---------------------------------------------------------------------------------------------
                                             24.942636   data required time
                                             -0.981485   data arrival time
---------------------------------------------------------------------------------------------
                                             23.961151   slack (MET)



