Reading OpenROAD database at '/foss/designs/ALU/runs/RUN_2025-06-08_17-25-06/20-openroad-generatepdn/ALU_7bit.odb'…
Reading library file at '/foss/pdks/sky130A/libs.ref/sky130_fd_sc_hd/lib/sky130_fd_sc_hd__tt_025C_1v80.lib'…
Reading design constraints file at '/usr/local/lib/python3.12/dist-packages/openlane/scripts/base.sdc'…
[WARNING STA-0366] port 'clk' not found.
[INFO] Using clock clk…
[INFO] Setting output delay to: 5.0
[INFO] Setting input delay to: 5.0
[WARNING STA-0366] port 'clk' not found.
[INFO] Setting load to: 0.033442
[INFO] Setting clock uncertainty to: 0.25
[INFO] Setting clock transition to: 0.1499999999999999944488848768742172978818416595458984375
[WARNING STA-0419] transition time can not be specified for virtual clocks.
[INFO] Setting timing derate to: 5%
[WARNING STA-0450] virtual clock clk can not be propagated.
+ global_placement -density 0.8 -skip_io -pad_right 0 -pad_left 0 -init_wirelength_coef 0.25
[INFO GPL-0002] DBU: 1000
[INFO GPL-0003] SiteSize: (  0.460  2.720 ) um
[INFO GPL-0004] CoreBBox: (  5.520 10.880 ) ( 44.160 38.080 ) um
[INFO GPL-0006] NumInstances:                78
[INFO GPL-0007] NumPlaceInstances:           46
[INFO GPL-0008] NumFixedInstances:           32
[INFO GPL-0009] NumDummyInstances:            0
[INFO GPL-0010] NumNets:                     61
[INFO GPL-0011] NumPins:                    186
[INFO GPL-0012] DieBBox:  (  0.000  0.000 ) ( 50.000 50.000 ) um
[INFO GPL-0013] CoreBBox: (  5.520 10.880 ) ( 44.160 38.080 ) um
[INFO GPL-0016] CoreArea:              1051.008 um^2
[INFO GPL-0017] NonPlaceInstsArea:       90.086 um^2
[INFO GPL-0018] PlaceInstsArea:         462.944 um^2
[INFO GPL-0019] Util:                    48.177 %
[INFO GPL-0020] StdInstsArea:           462.944 um^2
[INFO GPL-0021] MacroInstsArea:           0.000 um^2
[INFO GPL-0031] FillerInit:NumGCells:        78
[INFO GPL-0032] FillerInit:NumGNets:         61
[INFO GPL-0033] FillerInit:NumGPins:        186
[INFO GPL-0023] TargetDensity:            0.800
[INFO GPL-0024] AvrgPlaceInstArea:       10.064 um^2
[INFO GPL-0025] IdealBinArea:            12.580 um^2
[INFO GPL-0026] IdealBinCnt:                 83
[INFO GPL-0027] TotalBinArea:          1051.008 um^2
[INFO GPL-0028] BinCnt:         8      8
[INFO GPL-0029] BinSize: (  4.830  3.400 )
[INFO GPL-0030] NumBins: 64
[NesterovSolve] Iter:    1 overflow: 0.880 HPWL: 105347
[NesterovSolve] Iter:   10 overflow: 0.869 HPWL: 88253
[NesterovSolve] Iter:   20 overflow: 0.870 HPWL: 88268
[NesterovSolve] Iter:   30 overflow: 0.870 HPWL: 88261
[NesterovSolve] Iter:   40 overflow: 0.870 HPWL: 88273
[NesterovSolve] Iter:   50 overflow: 0.870 HPWL: 88285
[NesterovSolve] Iter:   60 overflow: 0.870 HPWL: 88311
[NesterovSolve] Iter:   70 overflow: 0.870 HPWL: 88504
[NesterovSolve] Iter:   80 overflow: 0.870 HPWL: 88914
[NesterovSolve] Iter:   90 overflow: 0.870 HPWL: 89463
[NesterovSolve] Iter:  100 overflow: 0.869 HPWL: 90015
[NesterovSolve] Iter:  110 overflow: 0.869 HPWL: 89449
[NesterovSolve] Iter:  120 overflow: 0.869 HPWL: 89340
[NesterovSolve] Iter:  130 overflow: 0.868 HPWL: 89397
[NesterovSolve] Iter:  140 overflow: 0.866 HPWL: 89490
[NesterovSolve] Iter:  150 overflow: 0.863 HPWL: 89568
[NesterovSolve] Iter:  160 overflow: 0.859 HPWL: 90272
[NesterovSolve] Iter:  170 overflow: 0.849 HPWL: 94115
[NesterovSolve] Iter:  180 overflow: 0.822 HPWL: 104553
[NesterovSolve] Iter:  190 overflow: 0.782 HPWL: 131876
[NesterovSolve] Iter:  200 overflow: 0.722 HPWL: 157503
[NesterovSolve] Iter:  210 overflow: 0.686 HPWL: 181592
[NesterovSolve] Iter:  220 overflow: 0.643 HPWL: 220638
[NesterovSolve] Iter:  230 overflow: 0.601 HPWL: 262727
[NesterovSolve] Iter:  240 overflow: 0.564 HPWL: 298621
[NesterovSolve] Iter:  250 overflow: 0.521 HPWL: 332652
[NesterovSolve] Iter:  260 overflow: 0.461 HPWL: 367685
[NesterovSolve] Iter:  270 overflow: 0.402 HPWL: 396767
[NesterovSolve] Iter:  280 overflow: 0.423 HPWL: 380373
[NesterovSolve] Iter:  290 overflow: 0.265 HPWL: 469423
[NesterovSolve] Iter:  300 overflow: 0.282 HPWL: 460818
[NesterovSolve] Iter:  310 overflow: 0.226 HPWL: 488542
[NesterovSolve] Iter:  320 overflow: 0.186 HPWL: 506400
[NesterovSolve] Iter:  330 overflow: 0.157 HPWL: 535225
[NesterovSolve] Iter:  340 overflow: 0.121 HPWL: 550871
[NesterovSolve] Iter:  350 overflow: 0.101 HPWL: 565519
[NesterovSolve] Finished with Overflow: 0.098272
[INFO] Setting RC values…
Setting global connections for newly added cells…
[INFO] Setting global connections...
Updating metrics…
Cell type report:                       Count       Area
  Fill cell                                20      75.07
  Tap cell                                 12      15.01
  Inverter                                  6      22.52
  Multi-Input combinational cell           40     440.42
  Total                                    78     553.03
Writing OpenROAD database to '/foss/designs/ALU/runs/RUN_2025-06-08_17-25-06/23-openroad-globalplacementskipio/ALU_7bit.odb'…
Writing netlist to '/foss/designs/ALU/runs/RUN_2025-06-08_17-25-06/23-openroad-globalplacementskipio/ALU_7bit.nl.v'…
Writing powered netlist to '/foss/designs/ALU/runs/RUN_2025-06-08_17-25-06/23-openroad-globalplacementskipio/ALU_7bit.pnl.v'…
Writing layout to '/foss/designs/ALU/runs/RUN_2025-06-08_17-25-06/23-openroad-globalplacementskipio/ALU_7bit.def'…
Writing timing constraints to '/foss/designs/ALU/runs/RUN_2025-06-08_17-25-06/23-openroad-globalplacementskipio/ALU_7bit.sdc'…
