Clock: clk
Sources: clk 
Generated: no
Virtual: yes
Propagated: no
Period: 25.000000

===========================================================================
report_clock_properties
============================================================================
Clock                   Period          Waveform
----------------------------------------------------
clk                  25.000000    0.000000 12.500000

===========================================================================
report_clock_latency
============================================================================
Clock clk
rise -> rise
    min     max
0.000000 0.000000 source latency
0.270844         network latency _26_/CLK
        0.272469 network latency _27_/CLK
---------------
0.270844 0.272469 latency
        0.001624 skew

fall -> fall
    min     max
0.000000 0.000000 source latency
0.278088         network latency _26_/CLK
        0.279480 network latency _27_/CLK
---------------
0.278088 0.279480 latency
        0.001392 skew



===========================================================================
report_clock_min_period
============================================================================
clk period_min = 1.43 fmax = 698.03
