Reading OpenROAD database at '/foss/designs/ALU/runs/RUN_2025-06-08_18-02-53/31-openroad-repairdesignpostgpl/top.odb'…
Reading library file at '/foss/pdks/sky130A/libs.ref/sky130_fd_sc_hd/lib/sky130_fd_sc_hd__tt_025C_1v80.lib'…
Reading design constraints file at '/usr/local/lib/python3.12/dist-packages/openlane/scripts/base.sdc'…
[INFO] Using clock clk…
[INFO] Setting output delay to: 5.0
[INFO] Setting input delay to: 5.0
[INFO] Setting load to: 0.033442
[INFO] Setting clock uncertainty to: 0.25
[INFO] Setting clock transition to: 0.1499999999999999944488848768742172978818416595458984375
[INFO] Setting timing derate to: 5%
Placement Analysis
---------------------------------
total displacement          0.0 u
average displacement        0.0 u
max displacement            0.0 u
original HPWL             238.8 u
legalized HPWL            249.5 u
delta HPWL                    4 %

[INFO DPL-0020] Mirrored 9 instances
[INFO DPL-0021] HPWL before             249.5 u
[INFO DPL-0022] HPWL after              238.8 u
[INFO DPL-0023] HPWL delta               -4.3 %
Setting global connections for newly added cells…
[INFO] Setting global connections...
Updating metrics…
Cell type report:                       Count       Area
  Fill cell                                20      75.07
  Tap cell                                 12      15.01
  Buffer                                    4      15.01
  Timing Repair Buffer                      7      33.78
  Inverter                                  3      11.26
  Sequential cell                           2      55.05
  Multi-Input combinational cell            7      46.29
  Total                                    55     251.49
Writing OpenROAD database to '/foss/designs/ALU/runs/RUN_2025-06-08_18-02-53/33-openroad-detailedplacement/top.odb'…
Writing netlist to '/foss/designs/ALU/runs/RUN_2025-06-08_18-02-53/33-openroad-detailedplacement/top.nl.v'…
Writing powered netlist to '/foss/designs/ALU/runs/RUN_2025-06-08_18-02-53/33-openroad-detailedplacement/top.pnl.v'…
Writing layout to '/foss/designs/ALU/runs/RUN_2025-06-08_18-02-53/33-openroad-detailedplacement/top.def'…
Writing timing constraints to '/foss/designs/ALU/runs/RUN_2025-06-08_18-02-53/33-openroad-detailedplacement/top.sdc'…
