
===========================================================================
report_checks -unconstrained
===========================================================================
======================= min_ff_n40C_1v95 Corner ===================================

Startpoint: B[0] (input port clocked by clk)
Endpoint: ZF (output port clocked by clk)
Path Group: clk
Path Type: max

Fanout         Cap        Slew       Delay        Time   Description
---------------------------------------------------------------------------------------------
                      0.000000    0.000000    0.000000   clock clk (rise edge)
                                  0.000000    0.000000   clock network delay (ideal)
                                  5.000000    5.000000 ^ input external delay
     1    0.003568    0.016673    0.009239    5.009239 ^ B[0] (in)
                                                         B[0] (net)
                      0.016673    0.000000    5.009239 ^ input8/A (sky130_fd_sc_hd__buf_1)
     3    0.012541    0.114140    0.105533    5.114773 ^ input8/X (sky130_fd_sc_hd__buf_1)
                                                         net8 (net)
                      0.114140    0.000064    5.114836 ^ fanout20/A (sky130_fd_sc_hd__buf_2)
    10    0.033541    0.125578    0.156134    5.270970 ^ fanout20/X (sky130_fd_sc_hd__buf_2)
                                                         net20 (net)
                      0.125627    0.000901    5.271871 ^ _68_/S0 (sky130_fd_sc_hd__mux4_1)
     1    0.002374    0.060607    0.274495    5.546366 v _68_/X (sky130_fd_sc_hd__mux4_1)
                                                         _27_ (net)
                      0.060607    0.000024    5.546390 v _69_/B2 (sky130_fd_sc_hd__a2bb2o_1)
     2    0.004488    0.041273    0.159996    5.706386 v _69_/X (sky130_fd_sc_hd__a2bb2o_1)
                                                         net16 (net)
                      0.041273    0.000036    5.706422 v _82_/A (sky130_fd_sc_hd__or4_1)
     1    0.006774    0.070313    0.317348    6.023770 v _82_/X (sky130_fd_sc_hd__or4_1)
                                                         _37_ (net)
                      0.070313    0.000164    6.023934 v _83_/D (sky130_fd_sc_hd__nor4_1)
     1    0.002100    0.131744    0.103863    6.127797 ^ _83_/Y (sky130_fd_sc_hd__nor4_1)
                                                         net12 (net)
                      0.131744    0.000018    6.127815 ^ output12/A (sky130_fd_sc_hd__buf_2)
     1    0.034568    0.129185    0.161761    6.289576 ^ output12/X (sky130_fd_sc_hd__buf_2)
                                                         ZF (net)
                      0.129185    0.000323    6.289899 ^ ZF (out)
                                              6.289899   data arrival time

                      0.000000   25.000000   25.000000   clock clk (rise edge)
                                  0.000000   25.000000   clock network delay (ideal)
                                 -0.250000   24.750000   clock uncertainty
                                  0.000000   24.750000   clock reconvergence pessimism
                                 -5.000000   19.750000   output external delay
                                             19.750000   data required time
---------------------------------------------------------------------------------------------
                                             19.750000   data required time
                                             -6.289899   data arrival time
---------------------------------------------------------------------------------------------
                                             13.460100   slack (MET)




===========================================================================
report_checks --slack_max -0.01
============================================================================
======================= min_ff_n40C_1v95 Corner ===================================

No paths found.


===========================================================================
 report_check_types -max_slew -max_cap -max_fanout -violators
============================================================================
======================= min_ff_n40C_1v95 Corner ===================================



===========================================================================
report_parasitic_annotation -report_unannotated
============================================================================
Found 4 unannotated drivers.
 B[3]
 B[4]
 B[5]
 B[6]
Found 0 partially unannotated drivers.

===========================================================================
max slew violation count 0
max fanout violation count 0
max cap violation count 0
============================================================================

===========================================================================
check_setup -verbose -unconstrained_endpoints -multiple_clock -no_clock -no_input_delay -loops -generated_clocks
===========================================================================
