
===========================================================================
report_checks -path_delay max (Setup)
============================================================================
======================= min_ff_n40C_1v95 Corner ===================================

Startpoint: B[0] (input port clocked by clk)
Endpoint: ZF (output port clocked by clk)
Path Group: clk
Path Type: max

Fanout         Cap        Slew       Delay        Time   Description
---------------------------------------------------------------------------------------------
                      0.000000    0.000000    0.000000   clock clk (rise edge)
                                  0.000000    0.000000   clock network delay (ideal)
                                  5.000000    5.000000 ^ input external delay
     1    0.003568    0.016673    0.009239    5.009239 ^ B[0] (in)
                                                         B[0] (net)
                      0.016673    0.000000    5.009239 ^ input8/A (sky130_fd_sc_hd__buf_1)
     3    0.012541    0.114140    0.105533    5.114773 ^ input8/X (sky130_fd_sc_hd__buf_1)
                                                         net8 (net)
                      0.114140    0.000064    5.114836 ^ fanout20/A (sky130_fd_sc_hd__buf_2)
    10    0.033541    0.125578    0.156134    5.270970 ^ fanout20/X (sky130_fd_sc_hd__buf_2)
                                                         net20 (net)
                      0.125627    0.000901    5.271871 ^ _68_/S0 (sky130_fd_sc_hd__mux4_1)
     1    0.002374    0.060607    0.274495    5.546366 v _68_/X (sky130_fd_sc_hd__mux4_1)
                                                         _27_ (net)
                      0.060607    0.000024    5.546390 v _69_/B2 (sky130_fd_sc_hd__a2bb2o_1)
     2    0.004488    0.041273    0.159996    5.706386 v _69_/X (sky130_fd_sc_hd__a2bb2o_1)
                                                         net16 (net)
                      0.041273    0.000036    5.706422 v _82_/A (sky130_fd_sc_hd__or4_1)
     1    0.006774    0.070313    0.317348    6.023770 v _82_/X (sky130_fd_sc_hd__or4_1)
                                                         _37_ (net)
                      0.070313    0.000164    6.023934 v _83_/D (sky130_fd_sc_hd__nor4_1)
     1    0.002100    0.131744    0.103863    6.127797 ^ _83_/Y (sky130_fd_sc_hd__nor4_1)
                                                         net12 (net)
                      0.131744    0.000018    6.127815 ^ output12/A (sky130_fd_sc_hd__buf_2)
     1    0.034568    0.129185    0.161761    6.289576 ^ output12/X (sky130_fd_sc_hd__buf_2)
                                                         ZF (net)
                      0.129185    0.000323    6.289899 ^ ZF (out)
                                              6.289899   data arrival time

                      0.000000   25.000000   25.000000   clock clk (rise edge)
                                  0.000000   25.000000   clock network delay (ideal)
                                 -0.250000   24.750000   clock uncertainty
                                  0.000000   24.750000   clock reconvergence pessimism
                                 -5.000000   19.750000   output external delay
                                             19.750000   data required time
---------------------------------------------------------------------------------------------
                                             19.750000   data required time
                                             -6.289899   data arrival time
---------------------------------------------------------------------------------------------
                                             13.460100   slack (MET)


Startpoint: B[0] (input port clocked by clk)
Endpoint: result[0] (output port clocked by clk)
Path Group: clk
Path Type: max

Fanout         Cap        Slew       Delay        Time   Description
---------------------------------------------------------------------------------------------
                      0.000000    0.000000    0.000000   clock clk (rise edge)
                                  0.000000    0.000000   clock network delay (ideal)
                                  5.000000    5.000000 ^ input external delay
     1    0.003568    0.016673    0.009239    5.009239 ^ B[0] (in)
                                                         B[0] (net)
                      0.016673    0.000000    5.009239 ^ input8/A (sky130_fd_sc_hd__buf_1)
     3    0.012541    0.114140    0.105533    5.114773 ^ input8/X (sky130_fd_sc_hd__buf_1)
                                                         net8 (net)
                      0.114140    0.000064    5.114836 ^ fanout20/A (sky130_fd_sc_hd__buf_2)
    10    0.033541    0.125578    0.156134    5.270970 ^ fanout20/X (sky130_fd_sc_hd__buf_2)
                                                         net20 (net)
                      0.125624    0.000782    5.271752 ^ _41_/S (sky130_fd_sc_hd__mux2_1)
     2    0.005919    0.049694    0.206976    5.478728 v _41_/X (sky130_fd_sc_hd__mux2_1)
                                                         _03_ (net)
                      0.049694    0.000031    5.478758 v _44_/A2 (sky130_fd_sc_hd__o211a_1)
     1    0.002624    0.027443    0.130233    5.608992 v _44_/X (sky130_fd_sc_hd__o211a_1)
                                                         _06_ (net)
                      0.027443    0.000023    5.609015 v _48_/B1 (sky130_fd_sc_hd__a211o_1)
     1    0.003235    0.035019    0.120753    5.729767 v _48_/X (sky130_fd_sc_hd__a211o_1)
                                                         _10_ (net)
                      0.035019    0.000039    5.729806 v _52_/A2 (sky130_fd_sc_hd__o21a_1)
     2    0.005074    0.031879    0.111672    5.841479 v _52_/X (sky130_fd_sc_hd__o21a_1)
                                                         net13 (net)
                      0.031879    0.000026    5.841505 v output13/A (sky130_fd_sc_hd__buf_2)
     1    0.034325    0.062700    0.118349    5.959854 v output13/X (sky130_fd_sc_hd__buf_2)
                                                         result[0] (net)
                      0.062700    0.000253    5.960107 v result[0] (out)
                                              5.960107   data arrival time

                      0.000000   25.000000   25.000000   clock clk (rise edge)
                                  0.000000   25.000000   clock network delay (ideal)
                                 -0.250000   24.750000   clock uncertainty
                                  0.000000   24.750000   clock reconvergence pessimism
                                 -5.000000   19.750000   output external delay
                                             19.750000   data required time
---------------------------------------------------------------------------------------------
                                             19.750000   data required time
                                             -5.960107   data arrival time
---------------------------------------------------------------------------------------------
                                             13.789892   slack (MET)


Startpoint: OP (input port clocked by clk)
Endpoint: result[1] (output port clocked by clk)
Path Group: clk
Path Type: max

Fanout         Cap        Slew       Delay        Time   Description
---------------------------------------------------------------------------------------------
                      0.000000    0.000000    0.000000   clock clk (rise edge)
                                  0.000000    0.000000   clock network delay (ideal)
                                  5.000000    5.000000 ^ input external delay
     1    0.003334    0.015826    0.008620    5.008620 ^ OP (in)
                                                         OP (net)
                      0.015826    0.000000    5.008620 ^ input11/A (sky130_fd_sc_hd__buf_1)
     3    0.010465    0.096468    0.093230    5.101851 ^ input11/X (sky130_fd_sc_hd__buf_1)
                                                         net11 (net)
                      0.096468    0.000085    5.101935 ^ fanout21/A (sky130_fd_sc_hd__clkbuf_2)
    10    0.031860    0.135471    0.155216    5.257152 ^ fanout21/X (sky130_fd_sc_hd__clkbuf_2)
                                                         net21 (net)
                      0.135479    0.000844    5.257996 ^ _38_/A (sky130_fd_sc_hd__inv_2)
     5    0.013615    0.048110    0.041829    5.299825 v _38_/Y (sky130_fd_sc_hd__inv_2)
                                                         _00_ (net)
                      0.048110    0.000040    5.299865 v _50_/B (sky130_fd_sc_hd__or3b_1)
     3    0.007159    0.059685    0.223070    5.522935 v _50_/X (sky130_fd_sc_hd__or3b_1)
                                                         _12_ (net)
                      0.059685    0.000091    5.523026 v _57_/A0 (sky130_fd_sc_hd__mux2_1)
     1    0.002847    0.038084    0.150003    5.673028 v _57_/X (sky130_fd_sc_hd__mux2_1)
                                                         _18_ (net)
                      0.038084    0.000026    5.673054 v _61_/B1 (sky130_fd_sc_hd__o211a_1)
     2    0.004632    0.033899    0.083189    5.756244 v _61_/X (sky130_fd_sc_hd__o211a_1)
                                                         net14 (net)
                      0.033899    0.000029    5.756272 v output14/A (sky130_fd_sc_hd__buf_2)
     1    0.034272    0.062611    0.119108    5.875381 v output14/X (sky130_fd_sc_hd__buf_2)
                                                         result[1] (net)
                      0.062611    0.000228    5.875609 v result[1] (out)
                                              5.875609   data arrival time

                      0.000000   25.000000   25.000000   clock clk (rise edge)
                                  0.000000   25.000000   clock network delay (ideal)
                                 -0.250000   24.750000   clock uncertainty
                                  0.000000   24.750000   clock reconvergence pessimism
                                 -5.000000   19.750000   output external delay
                                             19.750000   data required time
---------------------------------------------------------------------------------------------
                                             19.750000   data required time
                                             -5.875609   data arrival time
---------------------------------------------------------------------------------------------
                                             13.874390   slack (MET)


Startpoint: B[0] (input port clocked by clk)
Endpoint: result[2] (output port clocked by clk)
Path Group: clk
Path Type: max

Fanout         Cap        Slew       Delay        Time   Description
---------------------------------------------------------------------------------------------
                      0.000000    0.000000    0.000000   clock clk (rise edge)
                                  0.000000    0.000000   clock network delay (ideal)
                                  5.000000    5.000000 ^ input external delay
     1    0.003568    0.016673    0.009239    5.009239 ^ B[0] (in)
                                                         B[0] (net)
                      0.016673    0.000000    5.009239 ^ input8/A (sky130_fd_sc_hd__buf_1)
     3    0.012541    0.114140    0.105533    5.114773 ^ input8/X (sky130_fd_sc_hd__buf_1)
                                                         net8 (net)
                      0.114140    0.000064    5.114836 ^ fanout20/A (sky130_fd_sc_hd__buf_2)
    10    0.033541    0.125578    0.156134    5.270970 ^ fanout20/X (sky130_fd_sc_hd__buf_2)
                                                         net20 (net)
                      0.125578    0.000238    5.271208 ^ _40_/A_N (sky130_fd_sc_hd__and2b_1)
     3    0.009518    0.044420    0.139160    5.410368 v _40_/X (sky130_fd_sc_hd__and2b_1)
                                                         _02_ (net)
                      0.044420    0.000027    5.410396 v _63_/B1 (sky130_fd_sc_hd__a211o_1)
     1    0.002818    0.033319    0.124901    5.535296 v _63_/X (sky130_fd_sc_hd__a211o_1)
                                                         _23_ (net)
                      0.033319    0.000016    5.535312 v _64_/B1 (sky130_fd_sc_hd__o2111a_1)
     1    0.002941    0.031655    0.085219    5.620531 v _64_/X (sky130_fd_sc_hd__o2111a_1)
                                                         _24_ (net)
                      0.031655    0.000028    5.620558 v _67_/B1 (sky130_fd_sc_hd__a211o_1)
     2    0.004845    0.040473    0.128859    5.749418 v _67_/X (sky130_fd_sc_hd__a211o_1)
                                                         net15 (net)
                      0.040473    0.000014    5.749432 v output15/A (sky130_fd_sc_hd__buf_2)
     1    0.034229    0.062547    0.121688    5.871120 v output15/X (sky130_fd_sc_hd__buf_2)
                                                         result[2] (net)
                      0.062547    0.000227    5.871347 v result[2] (out)
                                              5.871347   data arrival time

                      0.000000   25.000000   25.000000   clock clk (rise edge)
                                  0.000000   25.000000   clock network delay (ideal)
                                 -0.250000   24.750000   clock uncertainty
                                  0.000000   24.750000   clock reconvergence pessimism
                                 -5.000000   19.750000   output external delay
                                             19.750000   data required time
---------------------------------------------------------------------------------------------
                                             19.750000   data required time
                                             -5.871347   data arrival time
---------------------------------------------------------------------------------------------
                                             13.878653   slack (MET)


Startpoint: OP (input port clocked by clk)
Endpoint: result[6] (output port clocked by clk)
Path Group: clk
Path Type: max

Fanout         Cap        Slew       Delay        Time   Description
---------------------------------------------------------------------------------------------
                      0.000000    0.000000    0.000000   clock clk (rise edge)
                                  0.000000    0.000000   clock network delay (ideal)
                                  5.000000    5.000000 ^ input external delay
     1    0.003334    0.015826    0.008620    5.008620 ^ OP (in)
                                                         OP (net)
                      0.015826    0.000000    5.008620 ^ input11/A (sky130_fd_sc_hd__buf_1)
     3    0.010465    0.096468    0.093230    5.101851 ^ input11/X (sky130_fd_sc_hd__buf_1)
                                                         net11 (net)
                      0.096468    0.000085    5.101935 ^ fanout21/A (sky130_fd_sc_hd__clkbuf_2)
    10    0.031860    0.135471    0.155216    5.257152 ^ fanout21/X (sky130_fd_sc_hd__clkbuf_2)
                                                         net21 (net)
                      0.135479    0.000844    5.257996 ^ _38_/A (sky130_fd_sc_hd__inv_2)
     5    0.013615    0.048110    0.041829    5.299825 v _38_/Y (sky130_fd_sc_hd__inv_2)
                                                         _00_ (net)
                      0.048110    0.000040    5.299865 v _50_/B (sky130_fd_sc_hd__or3b_1)
     3    0.007159    0.059685    0.223070    5.522935 v _50_/X (sky130_fd_sc_hd__or3b_1)
                                                         _12_ (net)
                      0.059685    0.000054    5.522989 v _78_/A1 (sky130_fd_sc_hd__mux2_1)
     1    0.004939    0.045946    0.166441    5.689430 v _78_/X (sky130_fd_sc_hd__mux2_1)
                                                         _34_ (net)
                      0.045946    0.000051    5.689481 v _79_/A (sky130_fd_sc_hd__inv_2)
     1    0.002017    0.018199    0.030176    5.719657 ^ _79_/Y (sky130_fd_sc_hd__inv_2)
                                                         net19 (net)
                      0.018199    0.000008    5.719666 ^ output19/A (sky130_fd_sc_hd__buf_2)
     1    0.034417    0.128750    0.133961    5.853627 ^ output19/X (sky130_fd_sc_hd__buf_2)
                                                         result[6] (net)
                      0.128752    0.000395    5.854022 ^ result[6] (out)
                                              5.854022   data arrival time

                      0.000000   25.000000   25.000000   clock clk (rise edge)
                                  0.000000   25.000000   clock network delay (ideal)
                                 -0.250000   24.750000   clock uncertainty
                                  0.000000   24.750000   clock reconvergence pessimism
                                 -5.000000   19.750000   output external delay
                                             19.750000   data required time
---------------------------------------------------------------------------------------------
                                             19.750000   data required time
                                             -5.854022   data arrival time
---------------------------------------------------------------------------------------------
                                             13.895978   slack (MET)


Startpoint: B[0] (input port clocked by clk)
Endpoint: result[3] (output port clocked by clk)
Path Group: clk
Path Type: max

Fanout         Cap        Slew       Delay        Time   Description
---------------------------------------------------------------------------------------------
                      0.000000    0.000000    0.000000   clock clk (rise edge)
                                  0.000000    0.000000   clock network delay (ideal)
                                  5.000000    5.000000 ^ input external delay
     1    0.003568    0.016673    0.009239    5.009239 ^ B[0] (in)
                                                         B[0] (net)
                      0.016673    0.000000    5.009239 ^ input8/A (sky130_fd_sc_hd__buf_1)
     3    0.012541    0.114140    0.105533    5.114773 ^ input8/X (sky130_fd_sc_hd__buf_1)
                                                         net8 (net)
                      0.114140    0.000064    5.114836 ^ fanout20/A (sky130_fd_sc_hd__buf_2)
    10    0.033541    0.125578    0.156134    5.270970 ^ fanout20/X (sky130_fd_sc_hd__buf_2)
                                                         net20 (net)
                      0.125627    0.000901    5.271871 ^ _68_/S0 (sky130_fd_sc_hd__mux4_1)
     1    0.002374    0.060607    0.274495    5.546366 v _68_/X (sky130_fd_sc_hd__mux4_1)
                                                         _27_ (net)
                      0.060607    0.000024    5.546390 v _69_/B2 (sky130_fd_sc_hd__a2bb2o_1)
     2    0.004488    0.041273    0.159996    5.706386 v _69_/X (sky130_fd_sc_hd__a2bb2o_1)
                                                         net16 (net)
                      0.041273    0.000045    5.706431 v output16/A (sky130_fd_sc_hd__buf_2)
     1    0.034985    0.063706    0.122905    5.829336 v output16/X (sky130_fd_sc_hd__buf_2)
                                                         result[3] (net)
                      0.063707    0.000318    5.829654 v result[3] (out)
                                              5.829654   data arrival time

                      0.000000   25.000000   25.000000   clock clk (rise edge)
                                  0.000000   25.000000   clock network delay (ideal)
                                 -0.250000   24.750000   clock uncertainty
                                  0.000000   24.750000   clock reconvergence pessimism
                                 -5.000000   19.750000   output external delay
                                             19.750000   data required time
---------------------------------------------------------------------------------------------
                                             19.750000   data required time
                                             -5.829654   data arrival time
---------------------------------------------------------------------------------------------
                                             13.920346   slack (MET)


Startpoint: B[0] (input port clocked by clk)
Endpoint: result[4] (output port clocked by clk)
Path Group: clk
Path Type: max

Fanout         Cap        Slew       Delay        Time   Description
---------------------------------------------------------------------------------------------
                      0.000000    0.000000    0.000000   clock clk (rise edge)
                                  0.000000    0.000000   clock network delay (ideal)
                                  5.000000    5.000000 ^ input external delay
     1    0.003568    0.016673    0.009239    5.009239 ^ B[0] (in)
                                                         B[0] (net)
                      0.016673    0.000000    5.009239 ^ input8/A (sky130_fd_sc_hd__buf_1)
     3    0.012541    0.114140    0.105533    5.114773 ^ input8/X (sky130_fd_sc_hd__buf_1)
                                                         net8 (net)
                      0.114140    0.000064    5.114836 ^ fanout20/A (sky130_fd_sc_hd__buf_2)
    10    0.033541    0.125578    0.156134    5.270970 ^ fanout20/X (sky130_fd_sc_hd__buf_2)
                                                         net20 (net)
                      0.125626    0.000878    5.271848 ^ _45_/A_N (sky130_fd_sc_hd__and2b_1)
     3    0.010579    0.046311    0.142517    5.414365 v _45_/X (sky130_fd_sc_hd__and2b_1)
                                                         _07_ (net)
                      0.046311    0.000042    5.414407 v _71_/A2 (sky130_fd_sc_hd__o21a_1)
     1    0.002700    0.024581    0.106589    5.520996 v _71_/X (sky130_fd_sc_hd__o21a_1)
                                                         _29_ (net)
                      0.024581    0.000033    5.521029 v _73_/B1 (sky130_fd_sc_hd__a2bb2o_1)
     2    0.004759    0.042162    0.170084    5.691113 v _73_/X (sky130_fd_sc_hd__a2bb2o_1)
                                                         net17 (net)
                      0.042162    0.000027    5.691140 v output17/A (sky130_fd_sc_hd__buf_2)
     1    0.034158    0.062424    0.122307    5.813447 v output17/X (sky130_fd_sc_hd__buf_2)
                                                         result[4] (net)
                      0.062424    0.000184    5.813631 v result[4] (out)
                                              5.813631   data arrival time

                      0.000000   25.000000   25.000000   clock clk (rise edge)
                                  0.000000   25.000000   clock network delay (ideal)
                                 -0.250000   24.750000   clock uncertainty
                                  0.000000   24.750000   clock reconvergence pessimism
                                 -5.000000   19.750000   output external delay
                                             19.750000   data required time
---------------------------------------------------------------------------------------------
                                             19.750000   data required time
                                             -5.813631   data arrival time
---------------------------------------------------------------------------------------------
                                             13.936369   slack (MET)


Startpoint: B[0] (input port clocked by clk)
Endpoint: result[5] (output port clocked by clk)
Path Group: clk
Path Type: max

Fanout         Cap        Slew       Delay        Time   Description
---------------------------------------------------------------------------------------------
                      0.000000    0.000000    0.000000   clock clk (rise edge)
                                  0.000000    0.000000   clock network delay (ideal)
                                  5.000000    5.000000 ^ input external delay
     1    0.003568    0.016673    0.009239    5.009239 ^ B[0] (in)
                                                         B[0] (net)
                      0.016673    0.000000    5.009239 ^ input8/A (sky130_fd_sc_hd__buf_1)
     3    0.012541    0.114140    0.105533    5.114773 ^ input8/X (sky130_fd_sc_hd__buf_1)
                                                         net8 (net)
                      0.114140    0.000064    5.114836 ^ fanout20/A (sky130_fd_sc_hd__buf_2)
    10    0.033541    0.125578    0.156134    5.270970 ^ fanout20/X (sky130_fd_sc_hd__buf_2)
                                                         net20 (net)
                      0.125625    0.000849    5.271819 ^ _55_/A (sky130_fd_sc_hd__inv_2)
     3    0.008654    0.036162    0.029564    5.301383 v _55_/Y (sky130_fd_sc_hd__inv_2)
                                                         _16_ (net)
                      0.036162    0.000035    5.301419 v _74_/A (sky130_fd_sc_hd__and2_1)
     2    0.005799    0.033827    0.094913    5.396331 v _74_/X (sky130_fd_sc_hd__and2_1)
                                                         _31_ (net)
                      0.033827    0.000055    5.396386 v _75_/B1 (sky130_fd_sc_hd__a21o_1)
     1    0.003064    0.024760    0.068913    5.465300 v _75_/X (sky130_fd_sc_hd__a21o_1)
                                                         _32_ (net)
                      0.024760    0.000032    5.465332 v _77_/A3 (sky130_fd_sc_hd__a31o_1)
     1    0.003237    0.029120    0.133071    5.598403 v _77_/X (sky130_fd_sc_hd__a31o_1)
                                                         net18 (net)
                      0.029120    0.000043    5.598446 v output18/A (sky130_fd_sc_hd__buf_2)
     1    0.033980    0.062151    0.116869    5.715314 v output18/X (sky130_fd_sc_hd__buf_2)
                                                         result[5] (net)
                      0.062151    0.000166    5.715480 v result[5] (out)
                                              5.715480   data arrival time

                      0.000000   25.000000   25.000000   clock clk (rise edge)
                                  0.000000   25.000000   clock network delay (ideal)
                                 -0.250000   24.750000   clock uncertainty
                                  0.000000   24.750000   clock reconvergence pessimism
                                 -5.000000   19.750000   output external delay
                                             19.750000   data required time
---------------------------------------------------------------------------------------------
                                             19.750000   data required time
                                             -5.715480   data arrival time
---------------------------------------------------------------------------------------------
                                             14.034520   slack (MET)



