
===========================================================================
report_checks -path_delay max (Setup)
============================================================================
======================= min_ff_n40C_1v95 Corner ===================================

Startpoint: _14_ (rising edge-triggered flip-flop clocked by clk)
Endpoint: result[0] (output port clocked by clk)
Path Group: clk
Path Type: max

Fanout         Cap        Slew       Delay        Time   Description
---------------------------------------------------------------------------------------------
                                  0.000000    0.000000   clock clk (rise edge)
                                  0.000000    0.000000   clock source latency
     1    0.011238    0.042692    0.028063    0.028063 ^ clk (in)
                                                         clk (net)
                      0.042692    0.000000    0.028063 ^ clkbuf_0_clk/A (sky130_fd_sc_hd__clkbuf_16)
     2    0.018254    0.030039    0.086691    0.114754 ^ clkbuf_0_clk/X (sky130_fd_sc_hd__clkbuf_16)
                                                         clknet_0_clk (net)
                      0.030039    0.000169    0.114923 ^ clkbuf_1_0__f_clk/A (sky130_fd_sc_hd__clkbuf_16)
     1    0.003004    0.019563    0.071753    0.186676 ^ clkbuf_1_0__f_clk/X (sky130_fd_sc_hd__clkbuf_16)
                                                         clknet_1_0__leaf_clk (net)
                      0.019563    0.000034    0.186710 ^ _14_/CLK (sky130_fd_sc_hd__dfrtp_4)
     5    0.017061    0.054971    0.304610    0.491319 v _14_/Q (sky130_fd_sc_hd__dfrtp_4)
                                                         controller_inst.pstate[0] (net)
                      0.054971    0.000252    0.491571 v _04_/B (sky130_fd_sc_hd__xnor2_1)
     2    0.007080    0.140772    0.138887    0.630458 ^ _04_/Y (sky130_fd_sc_hd__xnor2_1)
                                                         net5 (net)
                      0.140772    0.000049    0.630507 ^ _18_/A (sky130_fd_sc_hd__clkbuf_1)
     1    0.002308    0.029768    0.057660    0.688167 ^ _18_/X (sky130_fd_sc_hd__clkbuf_1)
                                                         net2 (net)
                      0.029768    0.000014    0.688181 ^ output2/A (sky130_fd_sc_hd__buf_2)
     1    0.034854    0.130297    0.138498    0.826679 ^ output2/X (sky130_fd_sc_hd__buf_2)
                                                         result[0] (net)
                      0.130299    0.000358    0.827037 ^ result[0] (out)
                                              0.827037   data arrival time

                                 25.000000   25.000000   clock clk (rise edge)
                                  0.000000   25.000000   clock network delay (propagated)
                                 -0.250000   24.750000   clock uncertainty
                                  0.000000   24.750000   clock reconvergence pessimism
                                 -5.000000   19.750000   output external delay
                                             19.750000   data required time
---------------------------------------------------------------------------------------------
                                             19.750000   data required time
                                             -0.827037   data arrival time
---------------------------------------------------------------------------------------------
                                             18.922962   slack (MET)


Startpoint: _14_ (rising edge-triggered flip-flop clocked by clk)
Endpoint: result[1] (output port clocked by clk)
Path Group: clk
Path Type: max

Fanout         Cap        Slew       Delay        Time   Description
---------------------------------------------------------------------------------------------
                                  0.000000    0.000000   clock clk (rise edge)
                                  0.000000    0.000000   clock source latency
     1    0.011238    0.042692    0.028063    0.028063 ^ clk (in)
                                                         clk (net)
                      0.042692    0.000000    0.028063 ^ clkbuf_0_clk/A (sky130_fd_sc_hd__clkbuf_16)
     2    0.018254    0.030039    0.086691    0.114754 ^ clkbuf_0_clk/X (sky130_fd_sc_hd__clkbuf_16)
                                                         clknet_0_clk (net)
                      0.030039    0.000169    0.114923 ^ clkbuf_1_0__f_clk/A (sky130_fd_sc_hd__clkbuf_16)
     1    0.003004    0.019563    0.071753    0.186676 ^ clkbuf_1_0__f_clk/X (sky130_fd_sc_hd__clkbuf_16)
                                                         clknet_1_0__leaf_clk (net)
                      0.019563    0.000034    0.186710 ^ _14_/CLK (sky130_fd_sc_hd__dfrtp_4)
     5    0.017061    0.054971    0.304610    0.491319 v _14_/Q (sky130_fd_sc_hd__dfrtp_4)
                                                         controller_inst.pstate[0] (net)
                      0.054971    0.000151    0.491470 v _05_/A_N (sky130_fd_sc_hd__nand2b_1)
     1    0.003777    0.030751    0.097324    0.588795 v _05_/Y (sky130_fd_sc_hd__nand2b_1)
                                                         _02_ (net)
                      0.030751    0.000061    0.588855 v _06_/A (sky130_fd_sc_hd__clkbuf_1)
     2    0.005635    0.028463    0.065702    0.654557 v _06_/X (sky130_fd_sc_hd__clkbuf_1)
                                                         net6 (net)
                      0.028463    0.000049    0.654606 v _19_/A (sky130_fd_sc_hd__clkbuf_1)
     1    0.001882    0.015275    0.052006    0.706612 v _19_/X (sky130_fd_sc_hd__clkbuf_1)
                                                         net3 (net)
                      0.015275    0.000008    0.706620 v output3/A (sky130_fd_sc_hd__buf_2)
     1    0.035197    0.063988    0.113076    0.819696 v output3/X (sky130_fd_sc_hd__buf_2)
                                                         result[1] (net)
                      0.063989    0.000372    0.820068 v result[1] (out)
                                              0.820068   data arrival time

                                 25.000000   25.000000   clock clk (rise edge)
                                  0.000000   25.000000   clock network delay (propagated)
                                 -0.250000   24.750000   clock uncertainty
                                  0.000000   24.750000   clock reconvergence pessimism
                                 -5.000000   19.750000   output external delay
                                             19.750000   data required time
---------------------------------------------------------------------------------------------
                                             19.750000   data required time
                                             -0.820068   data arrival time
---------------------------------------------------------------------------------------------
                                             18.929932   slack (MET)


Startpoint: _14_ (rising edge-triggered flip-flop clocked by clk)
Endpoint: result[4] (output port clocked by clk)
Path Group: clk
Path Type: max

Fanout         Cap        Slew       Delay        Time   Description
---------------------------------------------------------------------------------------------
                                  0.000000    0.000000   clock clk (rise edge)
                                  0.000000    0.000000   clock source latency
     1    0.011238    0.042692    0.028063    0.028063 ^ clk (in)
                                                         clk (net)
                      0.042692    0.000000    0.028063 ^ clkbuf_0_clk/A (sky130_fd_sc_hd__clkbuf_16)
     2    0.018254    0.030039    0.086691    0.114754 ^ clkbuf_0_clk/X (sky130_fd_sc_hd__clkbuf_16)
                                                         clknet_0_clk (net)
                      0.030039    0.000169    0.114923 ^ clkbuf_1_0__f_clk/A (sky130_fd_sc_hd__clkbuf_16)
     1    0.003004    0.019563    0.071753    0.186676 ^ clkbuf_1_0__f_clk/X (sky130_fd_sc_hd__clkbuf_16)
                                                         clknet_1_0__leaf_clk (net)
                      0.019563    0.000034    0.186710 ^ _14_/CLK (sky130_fd_sc_hd__dfrtp_4)
     5    0.017061    0.054971    0.304610    0.491319 v _14_/Q (sky130_fd_sc_hd__dfrtp_4)
                                                         controller_inst.pstate[0] (net)
                      0.054971    0.000252    0.491571 v _04_/B (sky130_fd_sc_hd__xnor2_1)
     2    0.007080    0.140772    0.138887    0.630458 ^ _04_/Y (sky130_fd_sc_hd__xnor2_1)
                                                         net5 (net)
                      0.140772    0.000088    0.630547 ^ output5/A (sky130_fd_sc_hd__buf_2)
     1    0.035172    0.131363    0.164123    0.794670 ^ output5/X (sky130_fd_sc_hd__buf_2)
                                                         result[4] (net)
                      0.131363    0.000401    0.795071 ^ result[4] (out)
                                              0.795071   data arrival time

                                 25.000000   25.000000   clock clk (rise edge)
                                  0.000000   25.000000   clock network delay (propagated)
                                 -0.250000   24.750000   clock uncertainty
                                  0.000000   24.750000   clock reconvergence pessimism
                                 -5.000000   19.750000   output external delay
                                             19.750000   data required time
---------------------------------------------------------------------------------------------
                                             19.750000   data required time
                                             -0.795071   data arrival time
---------------------------------------------------------------------------------------------
                                             18.954929   slack (MET)


Startpoint: _14_ (rising edge-triggered flip-flop clocked by clk)
Endpoint: result[5] (output port clocked by clk)
Path Group: clk
Path Type: max

Fanout         Cap        Slew       Delay        Time   Description
---------------------------------------------------------------------------------------------
                                  0.000000    0.000000   clock clk (rise edge)
                                  0.000000    0.000000   clock source latency
     1    0.011238    0.042692    0.028063    0.028063 ^ clk (in)
                                                         clk (net)
                      0.042692    0.000000    0.028063 ^ clkbuf_0_clk/A (sky130_fd_sc_hd__clkbuf_16)
     2    0.018254    0.030039    0.086691    0.114754 ^ clkbuf_0_clk/X (sky130_fd_sc_hd__clkbuf_16)
                                                         clknet_0_clk (net)
                      0.030039    0.000169    0.114923 ^ clkbuf_1_0__f_clk/A (sky130_fd_sc_hd__clkbuf_16)
     1    0.003004    0.019563    0.071753    0.186676 ^ clkbuf_1_0__f_clk/X (sky130_fd_sc_hd__clkbuf_16)
                                                         clknet_1_0__leaf_clk (net)
                      0.019563    0.000034    0.186710 ^ _14_/CLK (sky130_fd_sc_hd__dfrtp_4)
     5    0.017061    0.054971    0.304610    0.491319 v _14_/Q (sky130_fd_sc_hd__dfrtp_4)
                                                         controller_inst.pstate[0] (net)
                      0.054971    0.000151    0.491470 v _05_/A_N (sky130_fd_sc_hd__nand2b_1)
     1    0.003777    0.030751    0.097324    0.588795 v _05_/Y (sky130_fd_sc_hd__nand2b_1)
                                                         _02_ (net)
                      0.030751    0.000061    0.588855 v _06_/A (sky130_fd_sc_hd__clkbuf_1)
     2    0.005635    0.028463    0.065702    0.654557 v _06_/X (sky130_fd_sc_hd__clkbuf_1)
                                                         net6 (net)
                      0.028463    0.000048    0.654605 v output6/A (sky130_fd_sc_hd__buf_2)
     1    0.034352    0.062808    0.116889    0.771495 v output6/X (sky130_fd_sc_hd__buf_2)
                                                         result[5] (net)
                      0.062810    0.000417    0.771912 v result[5] (out)
                                              0.771912   data arrival time

                                 25.000000   25.000000   clock clk (rise edge)
                                  0.000000   25.000000   clock network delay (propagated)
                                 -0.250000   24.750000   clock uncertainty
                                  0.000000   24.750000   clock reconvergence pessimism
                                 -5.000000   19.750000   output external delay
                                             19.750000   data required time
---------------------------------------------------------------------------------------------
                                             19.750000   data required time
                                             -0.771912   data arrival time
---------------------------------------------------------------------------------------------
                                             18.978086   slack (MET)


Startpoint: _14_ (rising edge-triggered flip-flop clocked by clk)
Endpoint: result[2] (output port clocked by clk)
Path Group: clk
Path Type: max

Fanout         Cap        Slew       Delay        Time   Description
---------------------------------------------------------------------------------------------
                                  0.000000    0.000000   clock clk (rise edge)
                                  0.000000    0.000000   clock source latency
     1    0.011238    0.042692    0.028063    0.028063 ^ clk (in)
                                                         clk (net)
                      0.042692    0.000000    0.028063 ^ clkbuf_0_clk/A (sky130_fd_sc_hd__clkbuf_16)
     2    0.018254    0.030039    0.086691    0.114754 ^ clkbuf_0_clk/X (sky130_fd_sc_hd__clkbuf_16)
                                                         clknet_0_clk (net)
                      0.030039    0.000169    0.114923 ^ clkbuf_1_0__f_clk/A (sky130_fd_sc_hd__clkbuf_16)
     1    0.003004    0.019563    0.071753    0.186676 ^ clkbuf_1_0__f_clk/X (sky130_fd_sc_hd__clkbuf_16)
                                                         clknet_1_0__leaf_clk (net)
                      0.019563    0.000034    0.186710 ^ _14_/CLK (sky130_fd_sc_hd__dfrtp_4)
     5    0.017061    0.054971    0.304610    0.491319 v _14_/Q (sky130_fd_sc_hd__dfrtp_4)
                                                         controller_inst.pstate[0] (net)
                      0.054971    0.000262    0.491582 v _07_/B (sky130_fd_sc_hd__nand2b_1)
     1    0.002395    0.036067    0.052943    0.544525 ^ _07_/Y (sky130_fd_sc_hd__nand2b_1)
                                                         _03_ (net)
                      0.036067    0.000009    0.544534 ^ _08_/A (sky130_fd_sc_hd__clkbuf_1)
     1    0.003209    0.035541    0.055209    0.599743 ^ _08_/X (sky130_fd_sc_hd__clkbuf_1)
                                                         net4 (net)
                      0.035541    0.000040    0.599783 ^ output4/A (sky130_fd_sc_hd__buf_2)
     1    0.034215    0.127977    0.138791    0.738575 ^ output4/X (sky130_fd_sc_hd__buf_2)
                                                         result[2] (net)
                      0.127978    0.000185    0.738759 ^ result[2] (out)
                                              0.738759   data arrival time

                                 25.000000   25.000000   clock clk (rise edge)
                                  0.000000   25.000000   clock network delay (propagated)
                                 -0.250000   24.750000   clock uncertainty
                                  0.000000   24.750000   clock reconvergence pessimism
                                 -5.000000   19.750000   output external delay
                                             19.750000   data required time
---------------------------------------------------------------------------------------------
                                             19.750000   data required time
                                             -0.738759   data arrival time
---------------------------------------------------------------------------------------------
                                             19.011240   slack (MET)


Startpoint: _14_ (rising edge-triggered flip-flop clocked by clk)
Endpoint: result[6] (output port clocked by clk)
Path Group: clk
Path Type: max

Fanout         Cap        Slew       Delay        Time   Description
---------------------------------------------------------------------------------------------
                                  0.000000    0.000000   clock clk (rise edge)
                                  0.000000    0.000000   clock source latency
     1    0.011238    0.042692    0.028063    0.028063 ^ clk (in)
                                                         clk (net)
                      0.042692    0.000000    0.028063 ^ clkbuf_0_clk/A (sky130_fd_sc_hd__clkbuf_16)
     2    0.018254    0.030039    0.086691    0.114754 ^ clkbuf_0_clk/X (sky130_fd_sc_hd__clkbuf_16)
                                                         clknet_0_clk (net)
                      0.030039    0.000169    0.114923 ^ clkbuf_1_0__f_clk/A (sky130_fd_sc_hd__clkbuf_16)
     1    0.003004    0.019563    0.071753    0.186676 ^ clkbuf_1_0__f_clk/X (sky130_fd_sc_hd__clkbuf_16)
                                                         clknet_1_0__leaf_clk (net)
                      0.019563    0.000034    0.186710 ^ _14_/CLK (sky130_fd_sc_hd__dfrtp_4)
     5    0.017061    0.054971    0.304610    0.491319 v _14_/Q (sky130_fd_sc_hd__dfrtp_4)
                                                         controller_inst.pstate[0] (net)
                      0.054971    0.000236    0.491555 v _09_/B (sky130_fd_sc_hd__xnor2_1)
     1    0.002366    0.077605    0.088846    0.580401 ^ _09_/Y (sky130_fd_sc_hd__xnor2_1)
                                                         net7 (net)
                      0.077605    0.000014    0.580415 ^ output7/A (sky130_fd_sc_hd__buf_2)
     1    0.034356    0.128393    0.150070    0.730485 ^ output7/X (sky130_fd_sc_hd__buf_2)
                                                         result[6] (net)
                      0.128393    0.000205    0.730690 ^ result[6] (out)
                                              0.730690   data arrival time

                                 25.000000   25.000000   clock clk (rise edge)
                                  0.000000   25.000000   clock network delay (propagated)
                                 -0.250000   24.750000   clock uncertainty
                                  0.000000   24.750000   clock reconvergence pessimism
                                 -5.000000   19.750000   output external delay
                                             19.750000   data required time
---------------------------------------------------------------------------------------------
                                             19.750000   data required time
                                             -0.730690   data arrival time
---------------------------------------------------------------------------------------------
                                             19.019310   slack (MET)


Startpoint: reset (input port clocked by clk)
Endpoint: _14_ (recovery check against rising-edge clock clk)
Path Group: asynchronous
Path Type: max

Fanout         Cap        Slew       Delay        Time   Description
---------------------------------------------------------------------------------------------
                                  0.000000    0.000000   clock clk (rise edge)
                                  0.000000    0.000000   clock network delay (propagated)
                                  5.000000    5.000000 v input external delay
     1    0.002564    0.004387    0.002049    5.002049 v reset (in)
                                                         reset (net)
                      0.004387    0.000000    5.002049 v input1/A (sky130_fd_sc_hd__buf_1)
     2    0.010117    0.044173    0.069471    5.071520 v input1/X (sky130_fd_sc_hd__buf_1)
                                                         net1 (net)
                      0.044173    0.000125    5.071645 v _12_/A (sky130_fd_sc_hd__inv_2)
     1    0.004683    0.024252    0.037604    5.109249 ^ _12_/Y (sky130_fd_sc_hd__inv_2)
                                                         _00_ (net)
                      0.024252    0.000054    5.109303 ^ _14_/RESET_B (sky130_fd_sc_hd__dfrtp_4)
                                              5.109303   data arrival time

                                 25.000000   25.000000   clock clk (rise edge)
                                  0.000000   25.000000   clock source latency
     1    0.011238    0.042692    0.028063   25.028063 ^ clk (in)
                                                         clk (net)
                      0.042692    0.000000   25.028063 ^ clkbuf_0_clk/A (sky130_fd_sc_hd__clkbuf_16)
     2    0.018254    0.030039    0.086692   25.114754 ^ clkbuf_0_clk/X (sky130_fd_sc_hd__clkbuf_16)
                                                         clknet_0_clk (net)
                      0.030039    0.000169   25.114922 ^ clkbuf_1_0__f_clk/A (sky130_fd_sc_hd__clkbuf_16)
     1    0.003004    0.019563    0.071752   25.186674 ^ clkbuf_1_0__f_clk/X (sky130_fd_sc_hd__clkbuf_16)
                                                         clknet_1_0__leaf_clk (net)
                      0.019563    0.000034   25.186708 ^ _14_/CLK (sky130_fd_sc_hd__dfrtp_4)
                                 -0.250000   24.936708   clock uncertainty
                                  0.000000   24.936708   clock reconvergence pessimism
                                  0.131641   25.068350   library recovery time
                                             25.068350   data required time
---------------------------------------------------------------------------------------------
                                             25.068350   data required time
                                             -5.109303   data arrival time
---------------------------------------------------------------------------------------------
                                             19.959047   slack (MET)


Startpoint: reset (input port clocked by clk)
Endpoint: _15_ (recovery check against rising-edge clock clk)
Path Group: asynchronous
Path Type: max

Fanout         Cap        Slew       Delay        Time   Description
---------------------------------------------------------------------------------------------
                                  0.000000    0.000000   clock clk (rise edge)
                                  0.000000    0.000000   clock network delay (propagated)
                                  5.000000    5.000000 v input external delay
     1    0.002564    0.004387    0.002049    5.002049 v reset (in)
                                                         reset (net)
                      0.004387    0.000000    5.002049 v input1/A (sky130_fd_sc_hd__buf_1)
     2    0.010117    0.044173    0.069471    5.071520 v input1/X (sky130_fd_sc_hd__buf_1)
                                                         net1 (net)
                      0.044173    0.000131    5.071651 v _13_/A (sky130_fd_sc_hd__inv_2)
     1    0.004294    0.023236    0.036438    5.108088 ^ _13_/Y (sky130_fd_sc_hd__inv_2)
                                                         _01_ (net)
                      0.023236    0.000041    5.108130 ^ _15_/RESET_B (sky130_fd_sc_hd__dfrtp_2)
                                              5.108130   data arrival time

                                 25.000000   25.000000   clock clk (rise edge)
                                  0.000000   25.000000   clock source latency
     1    0.011238    0.042692    0.028063   25.028063 ^ clk (in)
                                                         clk (net)
                      0.042692    0.000000   25.028063 ^ clkbuf_0_clk/A (sky130_fd_sc_hd__clkbuf_16)
     2    0.018254    0.030039    0.086692   25.114754 ^ clkbuf_0_clk/X (sky130_fd_sc_hd__clkbuf_16)
                                                         clknet_0_clk (net)
                      0.030040    0.000203   25.114956 ^ clkbuf_1_1__f_clk/A (sky130_fd_sc_hd__clkbuf_16)
     1    0.002199    0.018964    0.071063   25.186020 ^ clkbuf_1_1__f_clk/X (sky130_fd_sc_hd__clkbuf_16)
                                                         clknet_1_1__leaf_clk (net)
                      0.018964    0.000018   25.186037 ^ _15_/CLK (sky130_fd_sc_hd__dfrtp_2)
                                 -0.250000   24.936037   clock uncertainty
                                  0.000000   24.936037   clock reconvergence pessimism
                                  0.133884   25.069921   library recovery time
                                             25.069921   data required time
---------------------------------------------------------------------------------------------
                                             25.069921   data required time
                                             -5.108130   data arrival time
---------------------------------------------------------------------------------------------
                                             19.961792   slack (MET)


Startpoint: _14_ (rising edge-triggered flip-flop clocked by clk)
Endpoint: _15_ (rising edge-triggered flip-flop clocked by clk)
Path Group: clk
Path Type: max

Fanout         Cap        Slew       Delay        Time   Description
---------------------------------------------------------------------------------------------
                                  0.000000    0.000000   clock clk (rise edge)
                                  0.000000    0.000000   clock source latency
     1    0.011238    0.042692    0.028063    0.028063 ^ clk (in)
                                                         clk (net)
                      0.042692    0.000000    0.028063 ^ clkbuf_0_clk/A (sky130_fd_sc_hd__clkbuf_16)
     2    0.018254    0.030039    0.086691    0.114754 ^ clkbuf_0_clk/X (sky130_fd_sc_hd__clkbuf_16)
                                                         clknet_0_clk (net)
                      0.030039    0.000169    0.114923 ^ clkbuf_1_0__f_clk/A (sky130_fd_sc_hd__clkbuf_16)
     1    0.003004    0.019563    0.071753    0.186676 ^ clkbuf_1_0__f_clk/X (sky130_fd_sc_hd__clkbuf_16)
                                                         clknet_1_0__leaf_clk (net)
                      0.019563    0.000034    0.186710 ^ _14_/CLK (sky130_fd_sc_hd__dfrtp_4)
     5    0.017061    0.054971    0.304610    0.491319 v _14_/Q (sky130_fd_sc_hd__dfrtp_4)
                                                         controller_inst.pstate[0] (net)
                      0.054971    0.000062    0.491382 v hold1/A (sky130_fd_sc_hd__dlygate4sd3_1)
     2    0.010783    0.064069    0.404469    0.895850 v hold1/X (sky130_fd_sc_hd__dlygate4sd3_1)
                                                         net10 (net)
                      0.064069    0.000134    0.895984 v _11_/B (sky130_fd_sc_hd__xor2_1)
     1    0.003701    0.041368    0.099546    0.995530 v _11_/X (sky130_fd_sc_hd__xor2_1)
                                                         controller_inst.nstate[1] (net)
                      0.041368    0.000048    0.995578 v _15_/D (sky130_fd_sc_hd__dfrtp_2)
                                              0.995578   data arrival time

                                 25.000000   25.000000   clock clk (rise edge)
                                  0.000000   25.000000   clock source latency
     1    0.011238    0.042692    0.028063   25.028063 ^ clk (in)
                                                         clk (net)
                      0.042692    0.000000   25.028063 ^ clkbuf_0_clk/A (sky130_fd_sc_hd__clkbuf_16)
     2    0.018254    0.030039    0.086692   25.114754 ^ clkbuf_0_clk/X (sky130_fd_sc_hd__clkbuf_16)
                                                         clknet_0_clk (net)
                      0.030040    0.000203   25.114956 ^ clkbuf_1_1__f_clk/A (sky130_fd_sc_hd__clkbuf_16)
     1    0.002199    0.018964    0.071063   25.186020 ^ clkbuf_1_1__f_clk/X (sky130_fd_sc_hd__clkbuf_16)
                                                         clknet_1_1__leaf_clk (net)
                      0.018964    0.000018   25.186037 ^ _15_/CLK (sky130_fd_sc_hd__dfrtp_2)
                                 -0.250000   24.936037   clock uncertainty
                                  0.000000   24.936037   clock reconvergence pessimism
                                 -0.078267   24.857769   library setup time
                                             24.857769   data required time
---------------------------------------------------------------------------------------------
                                             24.857769   data required time
                                             -0.995578   data arrival time
---------------------------------------------------------------------------------------------
                                             23.862190   slack (MET)


Startpoint: _14_ (rising edge-triggered flip-flop clocked by clk)
Endpoint: _14_ (rising edge-triggered flip-flop clocked by clk)
Path Group: clk
Path Type: max

Fanout         Cap        Slew       Delay        Time   Description
---------------------------------------------------------------------------------------------
                                  0.000000    0.000000   clock clk (rise edge)
                                  0.000000    0.000000   clock source latency
     1    0.011238    0.042692    0.028063    0.028063 ^ clk (in)
                                                         clk (net)
                      0.042692    0.000000    0.028063 ^ clkbuf_0_clk/A (sky130_fd_sc_hd__clkbuf_16)
     2    0.018254    0.030039    0.086691    0.114754 ^ clkbuf_0_clk/X (sky130_fd_sc_hd__clkbuf_16)
                                                         clknet_0_clk (net)
                      0.030039    0.000169    0.114923 ^ clkbuf_1_0__f_clk/A (sky130_fd_sc_hd__clkbuf_16)
     1    0.003004    0.019563    0.071753    0.186676 ^ clkbuf_1_0__f_clk/X (sky130_fd_sc_hd__clkbuf_16)
                                                         clknet_1_0__leaf_clk (net)
                      0.019563    0.000034    0.186710 ^ _14_/CLK (sky130_fd_sc_hd__dfrtp_4)
     5    0.017061    0.054971    0.304610    0.491319 v _14_/Q (sky130_fd_sc_hd__dfrtp_4)
                                                         controller_inst.pstate[0] (net)
                      0.054971    0.000062    0.491382 v hold1/A (sky130_fd_sc_hd__dlygate4sd3_1)
     2    0.010783    0.064069    0.404469    0.895850 v hold1/X (sky130_fd_sc_hd__dlygate4sd3_1)
                                                         net10 (net)
                      0.064069    0.000106    0.895956 v _10_/A (sky130_fd_sc_hd__inv_2)
     1    0.002367    0.022160    0.036369    0.932325 ^ _10_/Y (sky130_fd_sc_hd__inv_2)
                                                         controller_inst.nstate[0] (net)
                      0.022160    0.000011    0.932337 ^ _14_/D (sky130_fd_sc_hd__dfrtp_4)
                                              0.932337   data arrival time

                                 25.000000   25.000000   clock clk (rise edge)
                                  0.000000   25.000000   clock source latency
     1    0.011238    0.042692    0.028063   25.028063 ^ clk (in)
                                                         clk (net)
                      0.042692    0.000000   25.028063 ^ clkbuf_0_clk/A (sky130_fd_sc_hd__clkbuf_16)
     2    0.018254    0.030039    0.086692   25.114754 ^ clkbuf_0_clk/X (sky130_fd_sc_hd__clkbuf_16)
                                                         clknet_0_clk (net)
                      0.030039    0.000169   25.114922 ^ clkbuf_1_0__f_clk/A (sky130_fd_sc_hd__clkbuf_16)
     1    0.003004    0.019563    0.071752   25.186674 ^ clkbuf_1_0__f_clk/X (sky130_fd_sc_hd__clkbuf_16)
                                                         clknet_1_0__leaf_clk (net)
                      0.019563    0.000034   25.186708 ^ _14_/CLK (sky130_fd_sc_hd__dfrtp_4)
                                 -0.250000   24.936708   clock uncertainty
                                  0.000000   24.936708   clock reconvergence pessimism
                                 -0.037055   24.899654   library setup time
                                             24.899654   data required time
---------------------------------------------------------------------------------------------
                                             24.899654   data required time
                                             -0.932337   data arrival time
---------------------------------------------------------------------------------------------
                                             23.967318   slack (MET)



