Reading OpenROAD database at '/foss/designs/ALU/runs/RUN_2025-06-09_05-56-58/17-openroad-cutrows/top.odb'…
Reading library file at '/foss/pdks/sky130A/libs.ref/sky130_fd_sc_hd/lib/sky130_fd_sc_hd__tt_025C_1v80.lib'…
Reading design constraints file at '/usr/local/lib/python3.12/dist-packages/openlane/scripts/base.sdc'…
[INFO] Using clock clk…
[INFO] Setting output delay to: 5.0
[INFO] Setting input delay to: 5.0
[INFO] Setting load to: 0.033442
[INFO] Setting clock uncertainty to: 0.25
[INFO] Setting clock transition to: 0.1499999999999999944488848768742172978818416595458984375
[INFO] Setting timing derate to: 5%
[INFO TAP-0004] Inserted 20 endcaps.
[INFO TAP-0005] Inserted 12 tapcells.
Setting global connections for newly added cells…
[INFO] Setting global connections...
Updating metrics…
Cell type report:                       Count       Area
  Fill cell                                20      75.07
  Tap cell                                 12      15.01
  Buffer                                    7      45.04
  Inverter                                  4      15.01
  Sequential cell                           3      78.83
  Multi-Input combinational cell            9      83.83
  Total                                    55     312.80
Writing OpenROAD database to '/foss/designs/ALU/runs/RUN_2025-06-09_05-56-58/18-openroad-tapendcapinsertion/top.odb'…
Writing netlist to '/foss/designs/ALU/runs/RUN_2025-06-09_05-56-58/18-openroad-tapendcapinsertion/top.nl.v'…
Writing powered netlist to '/foss/designs/ALU/runs/RUN_2025-06-09_05-56-58/18-openroad-tapendcapinsertion/top.pnl.v'…
Writing layout to '/foss/designs/ALU/runs/RUN_2025-06-09_05-56-58/18-openroad-tapendcapinsertion/top.def'…
Writing timing constraints to '/foss/designs/ALU/runs/RUN_2025-06-09_05-56-58/18-openroad-tapendcapinsertion/top.sdc'…
