Reading OpenROAD database at '/foss/designs/ALU/runs/RUN_2025-06-08_18-02-53/47-odb-reportdisconnectedpins/top.odb'…
Reading library file at '/foss/pdks/sky130A/libs.ref/sky130_fd_sc_hd/lib/sky130_fd_sc_hd__tt_025C_1v80.lib'…
Reading design constraints file at '/usr/local/lib/python3.12/dist-packages/openlane/scripts/base.sdc'…
[INFO] Using clock clk…
[INFO] Setting output delay to: 5.0
[INFO] Setting input delay to: 5.0
[INFO] Setting load to: 0.033442
[INFO] Setting clock uncertainty to: 0.25
[INFO] Setting clock transition to: 0.1499999999999999944488848768742172978818416595458984375
[INFO] Setting timing derate to: 5%
sky130_ef_sc_hd__decap_12 sky130_fd_sc_hd__decap_8 sky130_fd_sc_hd__decap_6 sky130_fd_sc_hd__decap_4 sky130_fd_sc_hd__decap_3 sky130_fd_sc_hd__fill*
[INFO DPL-0001] Placed 73 filler instances.
Setting global connections for newly added cells…
[INFO] Setting global connections...
Updating metrics…
Cell type report:                       Count       Area
  Fill cell                                93     779.50
  Tap cell                                 12      15.01
  Buffer                                    4      15.01
  Clock buffer                              3      75.07
  Timing Repair Buffer                      9      53.80
  Inverter                                  3      11.26
  Sequential cell                           2      55.05
  Multi-Input combinational cell            7      46.29
  Total                                   133    1051.01
Writing OpenROAD database to '/foss/designs/ALU/runs/RUN_2025-06-08_18-02-53/51-openroad-fillinsertion/top.odb'…
Writing netlist to '/foss/designs/ALU/runs/RUN_2025-06-08_18-02-53/51-openroad-fillinsertion/top.nl.v'…
Writing powered netlist to '/foss/designs/ALU/runs/RUN_2025-06-08_18-02-53/51-openroad-fillinsertion/top.pnl.v'…
Writing layout to '/foss/designs/ALU/runs/RUN_2025-06-08_18-02-53/51-openroad-fillinsertion/top.def'…
Writing timing constraints to '/foss/designs/ALU/runs/RUN_2025-06-08_18-02-53/51-openroad-fillinsertion/top.sdc'…
