Reading timing models for corner nom_tt_025C_1v80…
Reading timing library for the 'nom_tt_025C_1v80' corner at '/foss/pdks/sky130A/libs.ref/sky130_fd_sc_hd/lib/sky130_fd_sc_hd__tt_025C_1v80.lib'…
Reading timing models for corner nom_ff_n40C_1v95…
Reading timing library for the 'nom_ff_n40C_1v95' corner at '/foss/pdks/sky130A/libs.ref/sky130_fd_sc_hd/lib/sky130_fd_sc_hd__ff_n40C_1v95.lib'…
Reading timing models for corner nom_ss_100C_1v60…
Reading timing library for the 'nom_ss_100C_1v60' corner at '/foss/pdks/sky130A/libs.ref/sky130_fd_sc_hd/lib/sky130_fd_sc_hd__ss_100C_1v60.lib'…
Reading OpenROAD database at '/foss/designs/ALU/runs/RUN_2025-06-09_05-56-58/34-openroad-cts/top.odb'…
Reading design constraints file at '/usr/local/lib/python3.12/dist-packages/openlane/scripts/base.sdc'…
[INFO] Using clock clk…
[INFO] Setting output delay to: 5.0
[INFO] Setting input delay to: 5.0
[INFO] Setting load to: 0.033442
[INFO] Setting clock uncertainty to: 0.25
[INFO] Setting clock transition to: 0.1499999999999999944488848768742172978818416595458984375
[INFO] Setting timing derate to: 5%
[INFO] Setting RC values…
[INFO RSZ-0098] No setup violations found
[INFO RSZ-0046] Found 2 endpoints with hold violations.
Iteration | Resized | Buffers | Cloned Gates |   WNS   |   TNS   | Endpoint
---------------------------------------------------------------------------
        0 |       0 |       0 |            0 |   0.061 |   0.000 | _27_/D
    final |       0 |       2 |            0 |   0.104 |   0.000 | _28_/D
---------------------------------------------------------------------------
[INFO RSZ-0032] Inserted 2 hold buffers.
Placement Analysis
---------------------------------
total displacement         10.3 u
average displacement        0.1 u
max displacement            4.1 u
original HPWL             378.3 u
legalized HPWL            405.4 u
delta HPWL                    7 %

[INFO DPL-0020] Mirrored 13 instances
[INFO DPL-0021] HPWL before             405.4 u
[INFO DPL-0022] HPWL after              381.0 u
[INFO DPL-0023] HPWL delta               -6.0 %
[INFO] Setting RC values…
Setting global connections for newly added cells…
[INFO] Setting global connections...
Updating metrics…
Cell type report:                       Count       Area
  Fill cell                                20      75.07
  Tap cell                                 12      15.01
  Buffer                                    7      26.28
  Clock buffer                              4      82.58
  Timing Repair Buffer                     11      72.57
  Inverter                                  4      15.01
  Sequential cell                           3      75.07
  Multi-Input combinational cell            9      53.80
  Total                                    70     415.40
Writing OpenROAD database to '/foss/designs/ALU/runs/RUN_2025-06-09_05-56-58/36-openroad-resizertimingpostcts/top.odb'…
Writing netlist to '/foss/designs/ALU/runs/RUN_2025-06-09_05-56-58/36-openroad-resizertimingpostcts/top.nl.v'…
Writing powered netlist to '/foss/designs/ALU/runs/RUN_2025-06-09_05-56-58/36-openroad-resizertimingpostcts/top.pnl.v'…
Writing layout to '/foss/designs/ALU/runs/RUN_2025-06-09_05-56-58/36-openroad-resizertimingpostcts/top.def'…
Writing timing constraints to '/foss/designs/ALU/runs/RUN_2025-06-09_05-56-58/36-openroad-resizertimingpostcts/top.sdc'…
