
===========================================================================
report_checks -path_delay min (Hold)
============================================================================
======================= nom_tt_025C_1v80 Corner ===================================

Startpoint: _14_ (rising edge-triggered flip-flop clocked by clk)
Endpoint: _14_ (rising edge-triggered flip-flop clocked by clk)
Path Group: clk
Path Type: min

Fanout         Cap        Slew       Delay        Time   Description
---------------------------------------------------------------------------------------------
                      0.150000    0.000000    0.000000   clock clk (rise edge)
                                  0.000000    0.000000   clock network delay (ideal)
                      0.150000    0.000000    0.000000 ^ _14_/CLK (sky130_fd_sc_hd__dfrtp_2)
     6    0.064715    0.313308    0.585220    0.585220 ^ _14_/Q (sky130_fd_sc_hd__dfrtp_2)
                                                         controller_inst.pstate[0] (net)
                      0.313308    0.000000    0.585220 ^ _10_/A (sky130_fd_sc_hd__inv_2)
     1    0.001949    0.046345    0.038488    0.623708 v _10_/Y (sky130_fd_sc_hd__inv_2)
                                                         controller_inst.nstate[0] (net)
                      0.046345    0.000000    0.623708 v _14_/D (sky130_fd_sc_hd__dfrtp_2)
                                              0.623708   data arrival time

                      0.150000    0.000000    0.000000   clock clk (rise edge)
                                  0.000000    0.000000   clock network delay (ideal)
                                  0.250000    0.250000   clock uncertainty
                                  0.000000    0.250000   clock reconvergence pessimism
                                              0.250000 ^ _14_/CLK (sky130_fd_sc_hd__dfrtp_2)
                                 -0.018709    0.231291   library hold time
                                              0.231291   data required time
---------------------------------------------------------------------------------------------
                                              0.231291   data required time
                                             -0.623708   data arrival time
---------------------------------------------------------------------------------------------
                                              0.392417   slack (MET)


Startpoint: _14_ (rising edge-triggered flip-flop clocked by clk)
Endpoint: _15_ (rising edge-triggered flip-flop clocked by clk)
Path Group: clk
Path Type: min

Fanout         Cap        Slew       Delay        Time   Description
---------------------------------------------------------------------------------------------
                      0.150000    0.000000    0.000000   clock clk (rise edge)
                                  0.000000    0.000000   clock network delay (ideal)
                      0.150000    0.000000    0.000000 ^ _14_/CLK (sky130_fd_sc_hd__dfrtp_2)
     6    0.064715    0.313308    0.585220    0.585220 ^ _14_/Q (sky130_fd_sc_hd__dfrtp_2)
                                                         controller_inst.pstate[0] (net)
                      0.313308    0.000000    0.585220 ^ _11_/B (sky130_fd_sc_hd__xor2_4)
     1    0.001949    0.028888    0.092307    0.677527 v _11_/X (sky130_fd_sc_hd__xor2_4)
                                                         controller_inst.nstate[1] (net)
                      0.028888    0.000000    0.677527 v _15_/D (sky130_fd_sc_hd__dfrtp_2)
                                              0.677527   data arrival time

                      0.150000    0.000000    0.000000   clock clk (rise edge)
                                  0.000000    0.000000   clock network delay (ideal)
                                  0.250000    0.250000   clock uncertainty
                                  0.000000    0.250000   clock reconvergence pessimism
                                              0.250000 ^ _15_/CLK (sky130_fd_sc_hd__dfrtp_2)
                                 -0.011611    0.238389   library hold time
                                              0.238389   data required time
---------------------------------------------------------------------------------------------
                                              0.238389   data required time
                                             -0.677527   data arrival time
---------------------------------------------------------------------------------------------
                                              0.439138   slack (MET)


Startpoint: reset (input port clocked by clk)
Endpoint: _14_ (removal check against rising-edge clock clk)
Path Group: asynchronous
Path Type: min

Fanout         Cap        Slew       Delay        Time   Description
---------------------------------------------------------------------------------------------
                      0.150000    0.000000    0.000000   clock clk (rise edge)
                                  0.000000    0.000000   clock network delay (ideal)
                                  5.000000    5.000000 v input external delay
     2    0.008552    0.021747    0.013817    5.013817 v reset (in)
                                                         reset (net)
                      0.021747    0.000000    5.013817 v _12_/A (sky130_fd_sc_hd__inv_2)
     1    0.003612    0.024097    0.033068    5.046885 ^ _12_/Y (sky130_fd_sc_hd__inv_2)
                                                         _00_ (net)
                      0.024097    0.000000    5.046885 ^ _14_/RESET_B (sky130_fd_sc_hd__dfrtp_2)
                                              5.046885   data arrival time

                      0.150000    0.000000    0.000000   clock clk (rise edge)
                                  0.000000    0.000000   clock network delay (ideal)
                                  0.250000    0.250000   clock uncertainty
                                  0.000000    0.250000   clock reconvergence pessimism
                                              0.250000 ^ _14_/CLK (sky130_fd_sc_hd__dfrtp_2)
                                  0.343445    0.593445   library removal time
                                              0.593445   data required time
---------------------------------------------------------------------------------------------
                                              0.593445   data required time
                                             -5.046885   data arrival time
---------------------------------------------------------------------------------------------
                                              4.453441   slack (MET)


Startpoint: reset (input port clocked by clk)
Endpoint: _15_ (removal check against rising-edge clock clk)
Path Group: asynchronous
Path Type: min

Fanout         Cap        Slew       Delay        Time   Description
---------------------------------------------------------------------------------------------
                      0.150000    0.000000    0.000000   clock clk (rise edge)
                                  0.000000    0.000000   clock network delay (ideal)
                                  5.000000    5.000000 v input external delay
     2    0.008552    0.021747    0.013817    5.013817 v reset (in)
                                                         reset (net)
                      0.021747    0.000000    5.013817 v _13_/A (sky130_fd_sc_hd__inv_2)
     1    0.003612    0.024097    0.033068    5.046885 ^ _13_/Y (sky130_fd_sc_hd__inv_2)
                                                         _01_ (net)
                      0.024097    0.000000    5.046885 ^ _15_/RESET_B (sky130_fd_sc_hd__dfrtp_2)
                                              5.046885   data arrival time

                      0.150000    0.000000    0.000000   clock clk (rise edge)
                                  0.000000    0.000000   clock network delay (ideal)
                                  0.250000    0.250000   clock uncertainty
                                  0.000000    0.250000   clock reconvergence pessimism
                                              0.250000 ^ _15_/CLK (sky130_fd_sc_hd__dfrtp_2)
                                  0.343445    0.593445   library removal time
                                              0.593445   data required time
---------------------------------------------------------------------------------------------
                                              0.593445   data required time
                                             -5.046885   data arrival time
---------------------------------------------------------------------------------------------
                                              4.453441   slack (MET)


Startpoint: _14_ (rising edge-triggered flip-flop clocked by clk)
Endpoint: result[6] (output port clocked by clk)
Path Group: clk
Path Type: min

Fanout         Cap        Slew       Delay        Time   Description
---------------------------------------------------------------------------------------------
                      0.150000    0.000000    0.000000   clock clk (rise edge)
                                  0.000000    0.000000   clock network delay (ideal)
                      0.150000    0.000000    0.000000 ^ _14_/CLK (sky130_fd_sc_hd__dfrtp_2)
     6    0.064715    0.313308    0.585220    0.585220 ^ _14_/Q (sky130_fd_sc_hd__dfrtp_2)
                                                         controller_inst.pstate[0] (net)
                      0.313308    0.000000    0.585220 ^ _09_/B (sky130_fd_sc_hd__xnor2_4)
     1    0.033442    0.099501    0.161297    0.746517 v _09_/Y (sky130_fd_sc_hd__xnor2_4)
                                                         result[6] (net)
                      0.099501    0.000000    0.746517 v result[6] (out)
                                              0.746517   data arrival time

                      0.150000    0.000000    0.000000   clock clk (rise edge)
                                  0.000000    0.000000   clock network delay (ideal)
                                  0.250000    0.250000   clock uncertainty
                                  0.000000    0.250000   clock reconvergence pessimism
                                 -5.000000   -4.750000   output external delay
                                             -4.750000   data required time
---------------------------------------------------------------------------------------------
                                             -4.750000   data required time
                                             -0.746517   data arrival time
---------------------------------------------------------------------------------------------
                                              5.496517   slack (MET)


Startpoint: _14_ (rising edge-triggered flip-flop clocked by clk)
Endpoint: result[4] (output port clocked by clk)
Path Group: clk
Path Type: min

Fanout         Cap        Slew       Delay        Time   Description
---------------------------------------------------------------------------------------------
                      0.150000    0.000000    0.000000   clock clk (rise edge)
                                  0.000000    0.000000   clock network delay (ideal)
                      0.150000    0.000000    0.000000 ^ _14_/CLK (sky130_fd_sc_hd__dfrtp_2)
     6    0.064715    0.313308    0.585220    0.585220 ^ _14_/Q (sky130_fd_sc_hd__dfrtp_2)
                                                         controller_inst.pstate[0] (net)
                      0.313308    0.000000    0.585220 ^ _04_/B (sky130_fd_sc_hd__xnor2_4)
     2    0.035089    0.103215    0.164503    0.749723 v _04_/Y (sky130_fd_sc_hd__xnor2_4)
                                                         result[4] (net)
                      0.103215    0.000000    0.749723 v result[4] (out)
                                              0.749723   data arrival time

                      0.150000    0.000000    0.000000   clock clk (rise edge)
                                  0.000000    0.000000   clock network delay (ideal)
                                  0.250000    0.250000   clock uncertainty
                                  0.000000    0.250000   clock reconvergence pessimism
                                 -5.000000   -4.750000   output external delay
                                             -4.750000   data required time
---------------------------------------------------------------------------------------------
                                             -4.750000   data required time
                                             -0.749723   data arrival time
---------------------------------------------------------------------------------------------
                                              5.499722   slack (MET)


Startpoint: _14_ (rising edge-triggered flip-flop clocked by clk)
Endpoint: result[2] (output port clocked by clk)
Path Group: clk
Path Type: min

Fanout         Cap        Slew       Delay        Time   Description
---------------------------------------------------------------------------------------------
                      0.150000    0.000000    0.000000   clock clk (rise edge)
                                  0.000000    0.000000   clock network delay (ideal)
                      0.150000    0.000000    0.000000 ^ _14_/CLK (sky130_fd_sc_hd__dfrtp_2)
     6    0.064715    0.313308    0.585220    0.585220 ^ _14_/Q (sky130_fd_sc_hd__dfrtp_2)
                                                         controller_inst.pstate[0] (net)
                      0.313308    0.000000    0.585220 ^ _07_/B (sky130_fd_sc_hd__nand2b_4)
     1    0.004380    0.035395    0.070347    0.655567 v _07_/Y (sky130_fd_sc_hd__nand2b_4)
                                                         _03_ (net)
                      0.035395    0.000000    0.655567 v _08_/A (sky130_fd_sc_hd__buf_6)
     1    0.033442    0.044350    0.132135    0.787702 v _08_/X (sky130_fd_sc_hd__buf_6)
                                                         result[2] (net)
                      0.044350    0.000000    0.787702 v result[2] (out)
                                              0.787702   data arrival time

                      0.150000    0.000000    0.000000   clock clk (rise edge)
                                  0.000000    0.000000   clock network delay (ideal)
                                  0.250000    0.250000   clock uncertainty
                                  0.000000    0.250000   clock reconvergence pessimism
                                 -5.000000   -4.750000   output external delay
                                             -4.750000   data required time
---------------------------------------------------------------------------------------------
                                             -4.750000   data required time
                                             -0.787702   data arrival time
---------------------------------------------------------------------------------------------
                                              5.537702   slack (MET)


Startpoint: _15_ (rising edge-triggered flip-flop clocked by clk)
Endpoint: result[5] (output port clocked by clk)
Path Group: clk
Path Type: min

Fanout         Cap        Slew       Delay        Time   Description
---------------------------------------------------------------------------------------------
                      0.150000    0.000000    0.000000   clock clk (rise edge)
                                  0.000000    0.000000   clock network delay (ideal)
                      0.150000    0.000000    0.000000 ^ _15_/CLK (sky130_fd_sc_hd__dfrtp_2)
     5    0.064834    0.313850    0.585602    0.585602 ^ _15_/Q (sky130_fd_sc_hd__dfrtp_2)
                                                         controller_inst.pstate[1] (net)
                      0.313850    0.000000    0.585602 ^ _05_/B (sky130_fd_sc_hd__nand2b_4)
     1    0.004380    0.035438    0.070349    0.655951 v _05_/Y (sky130_fd_sc_hd__nand2b_4)
                                                         _02_ (net)
                      0.035438    0.000000    0.655951 v _06_/A (sky130_fd_sc_hd__buf_6)
     2    0.035089    0.045559    0.133393    0.789344 v _06_/X (sky130_fd_sc_hd__buf_6)
                                                         result[5] (net)
                      0.045559    0.000000    0.789344 v result[5] (out)
                                              0.789344   data arrival time

                      0.150000    0.000000    0.000000   clock clk (rise edge)
                                  0.000000    0.000000   clock network delay (ideal)
                                  0.250000    0.250000   clock uncertainty
                                  0.000000    0.250000   clock reconvergence pessimism
                                 -5.000000   -4.750000   output external delay
                                             -4.750000   data required time
---------------------------------------------------------------------------------------------
                                             -4.750000   data required time
                                             -0.789344   data arrival time
---------------------------------------------------------------------------------------------
                                              5.539344   slack (MET)


Startpoint: _14_ (rising edge-triggered flip-flop clocked by clk)
Endpoint: result[0] (output port clocked by clk)
Path Group: clk
Path Type: min

Fanout         Cap        Slew       Delay        Time   Description
---------------------------------------------------------------------------------------------
                      0.150000    0.000000    0.000000   clock clk (rise edge)
                                  0.000000    0.000000   clock network delay (ideal)
                      0.150000    0.000000    0.000000 ^ _14_/CLK (sky130_fd_sc_hd__dfrtp_2)
     6    0.064715    0.313308    0.585220    0.585220 ^ _14_/Q (sky130_fd_sc_hd__dfrtp_2)
                                                         controller_inst.pstate[0] (net)
                      0.313308    0.000000    0.585220 ^ _04_/B (sky130_fd_sc_hd__xnor2_4)
     2    0.035089    0.103215    0.164503    0.749723 v _04_/Y (sky130_fd_sc_hd__xnor2_4)
                                                         result[4] (net)
                      0.103215    0.000000    0.749723 v _18_/A (sky130_fd_sc_hd__buf_2)
     1    0.033442    0.087151    0.205371    0.955094 v _18_/X (sky130_fd_sc_hd__buf_2)
                                                         result[0] (net)
                      0.087151    0.000000    0.955094 v result[0] (out)
                                              0.955094   data arrival time

                      0.150000    0.000000    0.000000   clock clk (rise edge)
                                  0.000000    0.000000   clock network delay (ideal)
                                  0.250000    0.250000   clock uncertainty
                                  0.000000    0.250000   clock reconvergence pessimism
                                 -5.000000   -4.750000   output external delay
                                             -4.750000   data required time
---------------------------------------------------------------------------------------------
                                             -4.750000   data required time
                                             -0.955094   data arrival time
---------------------------------------------------------------------------------------------
                                              5.705094   slack (MET)


Startpoint: _15_ (rising edge-triggered flip-flop clocked by clk)
Endpoint: result[1] (output port clocked by clk)
Path Group: clk
Path Type: min

Fanout         Cap        Slew       Delay        Time   Description
---------------------------------------------------------------------------------------------
                      0.150000    0.000000    0.000000   clock clk (rise edge)
                                  0.000000    0.000000   clock network delay (ideal)
                      0.150000    0.000000    0.000000 ^ _15_/CLK (sky130_fd_sc_hd__dfrtp_2)
     5    0.064834    0.313850    0.585602    0.585602 ^ _15_/Q (sky130_fd_sc_hd__dfrtp_2)
                                                         controller_inst.pstate[1] (net)
                      0.313850    0.000000    0.585602 ^ _05_/B (sky130_fd_sc_hd__nand2b_4)
     1    0.004380    0.035438    0.070349    0.655951 v _05_/Y (sky130_fd_sc_hd__nand2b_4)
                                                         _02_ (net)
                      0.035438    0.000000    0.655951 v _06_/A (sky130_fd_sc_hd__buf_6)
     2    0.035089    0.045559    0.133393    0.789344 v _06_/X (sky130_fd_sc_hd__buf_6)
                                                         result[5] (net)
                      0.045559    0.000000    0.789344 v _19_/A (sky130_fd_sc_hd__buf_2)
     1    0.033442    0.087211    0.179327    0.968671 v _19_/X (sky130_fd_sc_hd__buf_2)
                                                         result[1] (net)
                      0.087211    0.000000    0.968671 v result[1] (out)
                                              0.968671   data arrival time

                      0.150000    0.000000    0.000000   clock clk (rise edge)
                                  0.000000    0.000000   clock network delay (ideal)
                                  0.250000    0.250000   clock uncertainty
                                  0.000000    0.250000   clock reconvergence pessimism
                                 -5.000000   -4.750000   output external delay
                                             -4.750000   data required time
---------------------------------------------------------------------------------------------
                                             -4.750000   data required time
                                             -0.968671   data arrival time
---------------------------------------------------------------------------------------------
                                              5.718670   slack (MET)



