Reading timing models for corner nom_tt_025C_1v80…
Reading cell library for the 'nom_tt_025C_1v80' corner at '/foss/pdks/sky130A/libs.ref/sky130_fd_sc_hd/lib/sky130_fd_sc_hd__tt_025C_1v80.lib'…
Reading top-level netlist at '/foss/designs/ALU/runs/RUN_2025-06-08_18-02-53/06-yosys-synthesis/top.nl.v'…
Linking design 'top' from netlist…
Reading design constraints file at '/usr/local/lib/python3.12/dist-packages/openlane/scripts/base.sdc'…
[INFO] Using clock clk…
[INFO] Setting output delay to: 5.0
[INFO] Setting input delay to: 5.0
[INFO] Setting load to: 0.033442
[INFO] Setting clock uncertainty to: 0.25
[INFO] Setting clock transition to: 0.1499999999999999944488848768742172978818416595458984375
[INFO] Setting timing derate to: 5%
%OL_CREATE_REPORT min.rpt

===========================================================================
report_checks -path_delay min (Hold)
============================================================================
======================= nom_tt_025C_1v80 Corner ===================================

Startpoint: _14_ (rising edge-triggered flip-flop clocked by clk)
Endpoint: _14_ (rising edge-triggered flip-flop clocked by clk)
Path Group: clk
Path Type: min

Fanout         Cap        Slew       Delay        Time   Description
---------------------------------------------------------------------------------------------
                      0.150000    0.000000    0.000000   clock clk (rise edge)
                                  0.000000    0.000000   clock network delay (ideal)
                      0.150000    0.000000    0.000000 ^ _14_/CLK (sky130_fd_sc_hd__dfrtp_2)
     6    0.064715    0.313308    0.585220    0.585220 ^ _14_/Q (sky130_fd_sc_hd__dfrtp_2)
                                                         controller_inst.pstate[0] (net)
                      0.313308    0.000000    0.585220 ^ _10_/A (sky130_fd_sc_hd__inv_2)
     1    0.001949    0.046345    0.038488    0.623708 v _10_/Y (sky130_fd_sc_hd__inv_2)
                                                         controller_inst.nstate[0] (net)
                      0.046345    0.000000    0.623708 v _14_/D (sky130_fd_sc_hd__dfrtp_2)
                                              0.623708   data arrival time

                      0.150000    0.000000    0.000000   clock clk (rise edge)
                                  0.000000    0.000000   clock network delay (ideal)
                                  0.250000    0.250000   clock uncertainty
                                  0.000000    0.250000   clock reconvergence pessimism
                                              0.250000 ^ _14_/CLK (sky130_fd_sc_hd__dfrtp_2)
                                 -0.018709    0.231291   library hold time
                                              0.231291   data required time
---------------------------------------------------------------------------------------------
                                              0.231291   data required time
                                             -0.623708   data arrival time
---------------------------------------------------------------------------------------------
                                              0.392417   slack (MET)


Startpoint: _14_ (rising edge-triggered flip-flop clocked by clk)
Endpoint: _15_ (rising edge-triggered flip-flop clocked by clk)
Path Group: clk
Path Type: min

Fanout         Cap        Slew       Delay        Time   Description
---------------------------------------------------------------------------------------------
                      0.150000    0.000000    0.000000   clock clk (rise edge)
                                  0.000000    0.000000   clock network delay (ideal)
                      0.150000    0.000000    0.000000 ^ _14_/CLK (sky130_fd_sc_hd__dfrtp_2)
     6    0.064715    0.313308    0.585220    0.585220 ^ _14_/Q (sky130_fd_sc_hd__dfrtp_2)
                                                         controller_inst.pstate[0] (net)
                      0.313308    0.000000    0.585220 ^ _11_/B (sky130_fd_sc_hd__xor2_4)
     1    0.001949    0.028888    0.092307    0.677527 v _11_/X (sky130_fd_sc_hd__xor2_4)
                                                         controller_inst.nstate[1] (net)
                      0.028888    0.000000    0.677527 v _15_/D (sky130_fd_sc_hd__dfrtp_2)
                                              0.677527   data arrival time

                      0.150000    0.000000    0.000000   clock clk (rise edge)
                                  0.000000    0.000000   clock network delay (ideal)
                                  0.250000    0.250000   clock uncertainty
                                  0.000000    0.250000   clock reconvergence pessimism
                                              0.250000 ^ _15_/CLK (sky130_fd_sc_hd__dfrtp_2)
                                 -0.011611    0.238389   library hold time
                                              0.238389   data required time
---------------------------------------------------------------------------------------------
                                              0.238389   data required time
                                             -0.677527   data arrival time
---------------------------------------------------------------------------------------------
                                              0.439138   slack (MET)


Startpoint: reset (input port clocked by clk)
Endpoint: _14_ (removal check against rising-edge clock clk)
Path Group: asynchronous
Path Type: min

Fanout         Cap        Slew       Delay        Time   Description
---------------------------------------------------------------------------------------------
                      0.150000    0.000000    0.000000   clock clk (rise edge)
                                  0.000000    0.000000   clock network delay (ideal)
                                  5.000000    5.000000 v input external delay
     2    0.008552    0.021747    0.013817    5.013817 v reset (in)
                                                         reset (net)
                      0.021747    0.000000    5.013817 v _12_/A (sky130_fd_sc_hd__inv_2)
     1    0.003612    0.024097    0.033068    5.046885 ^ _12_/Y (sky130_fd_sc_hd__inv_2)
                                                         _00_ (net)
                      0.024097    0.000000    5.046885 ^ _14_/RESET_B (sky130_fd_sc_hd__dfrtp_2)
                                              5.046885   data arrival time

                      0.150000    0.000000    0.000000   clock clk (rise edge)
                                  0.000000    0.000000   clock network delay (ideal)
                                  0.250000    0.250000   clock uncertainty
                                  0.000000    0.250000   clock reconvergence pessimism
                                              0.250000 ^ _14_/CLK (sky130_fd_sc_hd__dfrtp_2)
                                  0.343445    0.593445   library removal time
                                              0.593445   data required time
---------------------------------------------------------------------------------------------
                                              0.593445   data required time
                                             -5.046885   data arrival time
---------------------------------------------------------------------------------------------
                                              4.453441   slack (MET)


Startpoint: reset (input port clocked by clk)
Endpoint: _15_ (removal check against rising-edge clock clk)
Path Group: asynchronous
Path Type: min

Fanout         Cap        Slew       Delay        Time   Description
---------------------------------------------------------------------------------------------
                      0.150000    0.000000    0.000000   clock clk (rise edge)
                                  0.000000    0.000000   clock network delay (ideal)
                                  5.000000    5.000000 v input external delay
     2    0.008552    0.021747    0.013817    5.013817 v reset (in)
                                                         reset (net)
                      0.021747    0.000000    5.013817 v _13_/A (sky130_fd_sc_hd__inv_2)
     1    0.003612    0.024097    0.033068    5.046885 ^ _13_/Y (sky130_fd_sc_hd__inv_2)
                                                         _01_ (net)
                      0.024097    0.000000    5.046885 ^ _15_/RESET_B (sky130_fd_sc_hd__dfrtp_2)
                                              5.046885   data arrival time

                      0.150000    0.000000    0.000000   clock clk (rise edge)
                                  0.000000    0.000000   clock network delay (ideal)
                                  0.250000    0.250000   clock uncertainty
                                  0.000000    0.250000   clock reconvergence pessimism
                                              0.250000 ^ _15_/CLK (sky130_fd_sc_hd__dfrtp_2)
                                  0.343445    0.593445   library removal time
                                              0.593445   data required time
---------------------------------------------------------------------------------------------
                                              0.593445   data required time
                                             -5.046885   data arrival time
---------------------------------------------------------------------------------------------
                                              4.453441   slack (MET)


Startpoint: _14_ (rising edge-triggered flip-flop clocked by clk)
Endpoint: result[6] (output port clocked by clk)
Path Group: clk
Path Type: min

Fanout         Cap        Slew       Delay        Time   Description
---------------------------------------------------------------------------------------------
                      0.150000    0.000000    0.000000   clock clk (rise edge)
                                  0.000000    0.000000   clock network delay (ideal)
                      0.150000    0.000000    0.000000 ^ _14_/CLK (sky130_fd_sc_hd__dfrtp_2)
     6    0.064715    0.313308    0.585220    0.585220 ^ _14_/Q (sky130_fd_sc_hd__dfrtp_2)
                                                         controller_inst.pstate[0] (net)
                      0.313308    0.000000    0.585220 ^ _09_/B (sky130_fd_sc_hd__xnor2_4)
     1    0.033442    0.099501    0.161297    0.746517 v _09_/Y (sky130_fd_sc_hd__xnor2_4)
                                                         result[6] (net)
                      0.099501    0.000000    0.746517 v result[6] (out)
                                              0.746517   data arrival time

                      0.150000    0.000000    0.000000   clock clk (rise edge)
                                  0.000000    0.000000   clock network delay (ideal)
                                  0.250000    0.250000   clock uncertainty
                                  0.000000    0.250000   clock reconvergence pessimism
                                 -5.000000   -4.750000   output external delay
                                             -4.750000   data required time
---------------------------------------------------------------------------------------------
                                             -4.750000   data required time
                                             -0.746517   data arrival time
---------------------------------------------------------------------------------------------
                                              5.496517   slack (MET)


Startpoint: _14_ (rising edge-triggered flip-flop clocked by clk)
Endpoint: result[4] (output port clocked by clk)
Path Group: clk
Path Type: min

Fanout         Cap        Slew       Delay        Time   Description
---------------------------------------------------------------------------------------------
                      0.150000    0.000000    0.000000   clock clk (rise edge)
                                  0.000000    0.000000   clock network delay (ideal)
                      0.150000    0.000000    0.000000 ^ _14_/CLK (sky130_fd_sc_hd__dfrtp_2)
     6    0.064715    0.313308    0.585220    0.585220 ^ _14_/Q (sky130_fd_sc_hd__dfrtp_2)
                                                         controller_inst.pstate[0] (net)
                      0.313308    0.000000    0.585220 ^ _04_/B (sky130_fd_sc_hd__xnor2_4)
     2    0.035089    0.103215    0.164503    0.749723 v _04_/Y (sky130_fd_sc_hd__xnor2_4)
                                                         result[4] (net)
                      0.103215    0.000000    0.749723 v result[4] (out)
                                              0.749723   data arrival time

                      0.150000    0.000000    0.000000   clock clk (rise edge)
                                  0.000000    0.000000   clock network delay (ideal)
                                  0.250000    0.250000   clock uncertainty
                                  0.000000    0.250000   clock reconvergence pessimism
                                 -5.000000   -4.750000   output external delay
                                             -4.750000   data required time
---------------------------------------------------------------------------------------------
                                             -4.750000   data required time
                                             -0.749723   data arrival time
---------------------------------------------------------------------------------------------
                                              5.499722   slack (MET)


Startpoint: _14_ (rising edge-triggered flip-flop clocked by clk)
Endpoint: result[2] (output port clocked by clk)
Path Group: clk
Path Type: min

Fanout         Cap        Slew       Delay        Time   Description
---------------------------------------------------------------------------------------------
                      0.150000    0.000000    0.000000   clock clk (rise edge)
                                  0.000000    0.000000   clock network delay (ideal)
                      0.150000    0.000000    0.000000 ^ _14_/CLK (sky130_fd_sc_hd__dfrtp_2)
     6    0.064715    0.313308    0.585220    0.585220 ^ _14_/Q (sky130_fd_sc_hd__dfrtp_2)
                                                         controller_inst.pstate[0] (net)
                      0.313308    0.000000    0.585220 ^ _07_/B (sky130_fd_sc_hd__nand2b_4)
     1    0.004380    0.035395    0.070347    0.655567 v _07_/Y (sky130_fd_sc_hd__nand2b_4)
                                                         _03_ (net)
                      0.035395    0.000000    0.655567 v _08_/A (sky130_fd_sc_hd__buf_6)
     1    0.033442    0.044350    0.132135    0.787702 v _08_/X (sky130_fd_sc_hd__buf_6)
                                                         result[2] (net)
                      0.044350    0.000000    0.787702 v result[2] (out)
                                              0.787702   data arrival time

                      0.150000    0.000000    0.000000   clock clk (rise edge)
                                  0.000000    0.000000   clock network delay (ideal)
                                  0.250000    0.250000   clock uncertainty
                                  0.000000    0.250000   clock reconvergence pessimism
                                 -5.000000   -4.750000   output external delay
                                             -4.750000   data required time
---------------------------------------------------------------------------------------------
                                             -4.750000   data required time
                                             -0.787702   data arrival time
---------------------------------------------------------------------------------------------
                                              5.537702   slack (MET)


Startpoint: _15_ (rising edge-triggered flip-flop clocked by clk)
Endpoint: result[5] (output port clocked by clk)
Path Group: clk
Path Type: min

Fanout         Cap        Slew       Delay        Time   Description
---------------------------------------------------------------------------------------------
                      0.150000    0.000000    0.000000   clock clk (rise edge)
                                  0.000000    0.000000   clock network delay (ideal)
                      0.150000    0.000000    0.000000 ^ _15_/CLK (sky130_fd_sc_hd__dfrtp_2)
     5    0.064834    0.313850    0.585602    0.585602 ^ _15_/Q (sky130_fd_sc_hd__dfrtp_2)
                                                         controller_inst.pstate[1] (net)
                      0.313850    0.000000    0.585602 ^ _05_/B (sky130_fd_sc_hd__nand2b_4)
     1    0.004380    0.035438    0.070349    0.655951 v _05_/Y (sky130_fd_sc_hd__nand2b_4)
                                                         _02_ (net)
                      0.035438    0.000000    0.655951 v _06_/A (sky130_fd_sc_hd__buf_6)
     2    0.035089    0.045559    0.133393    0.789344 v _06_/X (sky130_fd_sc_hd__buf_6)
                                                         result[5] (net)
                      0.045559    0.000000    0.789344 v result[5] (out)
                                              0.789344   data arrival time

                      0.150000    0.000000    0.000000   clock clk (rise edge)
                                  0.000000    0.000000   clock network delay (ideal)
                                  0.250000    0.250000   clock uncertainty
                                  0.000000    0.250000   clock reconvergence pessimism
                                 -5.000000   -4.750000   output external delay
                                             -4.750000   data required time
---------------------------------------------------------------------------------------------
                                             -4.750000   data required time
                                             -0.789344   data arrival time
---------------------------------------------------------------------------------------------
                                              5.539344   slack (MET)


Startpoint: _14_ (rising edge-triggered flip-flop clocked by clk)
Endpoint: result[0] (output port clocked by clk)
Path Group: clk
Path Type: min

Fanout         Cap        Slew       Delay        Time   Description
---------------------------------------------------------------------------------------------
                      0.150000    0.000000    0.000000   clock clk (rise edge)
                                  0.000000    0.000000   clock network delay (ideal)
                      0.150000    0.000000    0.000000 ^ _14_/CLK (sky130_fd_sc_hd__dfrtp_2)
     6    0.064715    0.313308    0.585220    0.585220 ^ _14_/Q (sky130_fd_sc_hd__dfrtp_2)
                                                         controller_inst.pstate[0] (net)
                      0.313308    0.000000    0.585220 ^ _04_/B (sky130_fd_sc_hd__xnor2_4)
     2    0.035089    0.103215    0.164503    0.749723 v _04_/Y (sky130_fd_sc_hd__xnor2_4)
                                                         result[4] (net)
                      0.103215    0.000000    0.749723 v _18_/A (sky130_fd_sc_hd__buf_2)
     1    0.033442    0.087151    0.205371    0.955094 v _18_/X (sky130_fd_sc_hd__buf_2)
                                                         result[0] (net)
                      0.087151    0.000000    0.955094 v result[0] (out)
                                              0.955094   data arrival time

                      0.150000    0.000000    0.000000   clock clk (rise edge)
                                  0.000000    0.000000   clock network delay (ideal)
                                  0.250000    0.250000   clock uncertainty
                                  0.000000    0.250000   clock reconvergence pessimism
                                 -5.000000   -4.750000   output external delay
                                             -4.750000   data required time
---------------------------------------------------------------------------------------------
                                             -4.750000   data required time
                                             -0.955094   data arrival time
---------------------------------------------------------------------------------------------
                                              5.705094   slack (MET)


Startpoint: _15_ (rising edge-triggered flip-flop clocked by clk)
Endpoint: result[1] (output port clocked by clk)
Path Group: clk
Path Type: min

Fanout         Cap        Slew       Delay        Time   Description
---------------------------------------------------------------------------------------------
                      0.150000    0.000000    0.000000   clock clk (rise edge)
                                  0.000000    0.000000   clock network delay (ideal)
                      0.150000    0.000000    0.000000 ^ _15_/CLK (sky130_fd_sc_hd__dfrtp_2)
     5    0.064834    0.313850    0.585602    0.585602 ^ _15_/Q (sky130_fd_sc_hd__dfrtp_2)
                                                         controller_inst.pstate[1] (net)
                      0.313850    0.000000    0.585602 ^ _05_/B (sky130_fd_sc_hd__nand2b_4)
     1    0.004380    0.035438    0.070349    0.655951 v _05_/Y (sky130_fd_sc_hd__nand2b_4)
                                                         _02_ (net)
                      0.035438    0.000000    0.655951 v _06_/A (sky130_fd_sc_hd__buf_6)
     2    0.035089    0.045559    0.133393    0.789344 v _06_/X (sky130_fd_sc_hd__buf_6)
                                                         result[5] (net)
                      0.045559    0.000000    0.789344 v _19_/A (sky130_fd_sc_hd__buf_2)
     1    0.033442    0.087211    0.179327    0.968671 v _19_/X (sky130_fd_sc_hd__buf_2)
                                                         result[1] (net)
                      0.087211    0.000000    0.968671 v result[1] (out)
                                              0.968671   data arrival time

                      0.150000    0.000000    0.000000   clock clk (rise edge)
                                  0.000000    0.000000   clock network delay (ideal)
                                  0.250000    0.250000   clock uncertainty
                                  0.000000    0.250000   clock reconvergence pessimism
                                 -5.000000   -4.750000   output external delay
                                             -4.750000   data required time
---------------------------------------------------------------------------------------------
                                             -4.750000   data required time
                                             -0.968671   data arrival time
---------------------------------------------------------------------------------------------
                                              5.718670   slack (MET)



%OL_END_REPORT
%OL_CREATE_REPORT max.rpt

===========================================================================
report_checks -path_delay max (Setup)
============================================================================
======================= nom_tt_025C_1v80 Corner ===================================

Startpoint: _15_ (rising edge-triggered flip-flop clocked by clk)
Endpoint: result[0] (output port clocked by clk)
Path Group: clk
Path Type: max

Fanout         Cap        Slew       Delay        Time   Description
---------------------------------------------------------------------------------------------
                      0.150000    0.000000    0.000000   clock clk (rise edge)
                                  0.000000    0.000000   clock network delay (ideal)
                      0.150000    0.000000    0.000000 ^ _15_/CLK (sky130_fd_sc_hd__dfrtp_2)
     5    0.059424    0.163960    0.554718    0.554718 v _15_/Q (sky130_fd_sc_hd__dfrtp_2)
                                                         controller_inst.pstate[1] (net)
                      0.163960    0.000000    0.554718 v _04_/A (sky130_fd_sc_hd__xnor2_4)
     2    0.035249    0.311130    0.338926    0.893644 ^ _04_/Y (sky130_fd_sc_hd__xnor2_4)
                                                         result[4] (net)
                      0.311130    0.000000    0.893644 ^ _18_/A (sky130_fd_sc_hd__buf_2)
     1    0.033442    0.169840    0.272156    1.165800 ^ _18_/X (sky130_fd_sc_hd__buf_2)
                                                         result[0] (net)
                      0.169840    0.000000    1.165800 ^ result[0] (out)
                                              1.165800   data arrival time

                      0.150000   25.000000   25.000000   clock clk (rise edge)
                                  0.000000   25.000000   clock network delay (ideal)
                                 -0.250000   24.750000   clock uncertainty
                                  0.000000   24.750000   clock reconvergence pessimism
                                 -5.000000   19.750000   output external delay
                                             19.750000   data required time
---------------------------------------------------------------------------------------------
                                             19.750000   data required time
                                             -1.165800   data arrival time
---------------------------------------------------------------------------------------------
                                             18.584200   slack (MET)


Startpoint: _14_ (rising edge-triggered flip-flop clocked by clk)
Endpoint: result[1] (output port clocked by clk)
Path Group: clk
Path Type: max

Fanout         Cap        Slew       Delay        Time   Description
---------------------------------------------------------------------------------------------
                      0.150000    0.000000    0.000000   clock clk (rise edge)
                                  0.000000    0.000000   clock network delay (ideal)
                      0.150000    0.000000    0.000000 ^ _14_/CLK (sky130_fd_sc_hd__dfrtp_2)
     6    0.064715    0.313308    0.585220    0.585220 ^ _14_/Q (sky130_fd_sc_hd__dfrtp_2)
                                                         controller_inst.pstate[0] (net)
                      0.313308    0.000000    0.585220 ^ _05_/A_N (sky130_fd_sc_hd__nand2b_4)
     1    0.004859    0.058995    0.192794    0.778014 ^ _05_/Y (sky130_fd_sc_hd__nand2b_4)
                                                         _02_ (net)
                      0.058995    0.000000    0.778014 ^ _06_/A (sky130_fd_sc_hd__buf_6)
     2    0.035249    0.080762    0.131773    0.909787 ^ _06_/X (sky130_fd_sc_hd__buf_6)
                                                         result[5] (net)
                      0.080762    0.000000    0.909787 ^ _19_/A (sky130_fd_sc_hd__buf_2)
     1    0.033442    0.168899    0.208988    1.118775 ^ _19_/X (sky130_fd_sc_hd__buf_2)
                                                         result[1] (net)
                      0.168899    0.000000    1.118775 ^ result[1] (out)
                                              1.118775   data arrival time

                      0.150000   25.000000   25.000000   clock clk (rise edge)
                                  0.000000   25.000000   clock network delay (ideal)
                                 -0.250000   24.750000   clock uncertainty
                                  0.000000   24.750000   clock reconvergence pessimism
                                 -5.000000   19.750000   output external delay
                                             19.750000   data required time
---------------------------------------------------------------------------------------------
                                             19.750000   data required time
                                             -1.118775   data arrival time
---------------------------------------------------------------------------------------------
                                             18.631226   slack (MET)


Startpoint: _14_ (rising edge-triggered flip-flop clocked by clk)
Endpoint: result[5] (output port clocked by clk)
Path Group: clk
Path Type: max

Fanout         Cap        Slew       Delay        Time   Description
---------------------------------------------------------------------------------------------
                      0.150000    0.000000    0.000000   clock clk (rise edge)
                                  0.000000    0.000000   clock network delay (ideal)
                      0.150000    0.000000    0.000000 ^ _14_/CLK (sky130_fd_sc_hd__dfrtp_2)
     6    0.064715    0.313308    0.585220    0.585220 ^ _14_/Q (sky130_fd_sc_hd__dfrtp_2)
                                                         controller_inst.pstate[0] (net)
                      0.313308    0.000000    0.585220 ^ _05_/A_N (sky130_fd_sc_hd__nand2b_4)
     1    0.004859    0.058995    0.192794    0.778014 ^ _05_/Y (sky130_fd_sc_hd__nand2b_4)
                                                         _02_ (net)
                      0.058995    0.000000    0.778014 ^ _06_/A (sky130_fd_sc_hd__buf_6)
     2    0.035249    0.080762    0.131773    0.909787 ^ _06_/X (sky130_fd_sc_hd__buf_6)
                                                         result[5] (net)
                      0.080762    0.000000    0.909787 ^ result[5] (out)
                                              0.909787   data arrival time

                      0.150000   25.000000   25.000000   clock clk (rise edge)
                                  0.000000   25.000000   clock network delay (ideal)
                                 -0.250000   24.750000   clock uncertainty
                                  0.000000   24.750000   clock reconvergence pessimism
                                 -5.000000   19.750000   output external delay
                                             19.750000   data required time
---------------------------------------------------------------------------------------------
                                             19.750000   data required time
                                             -0.909787   data arrival time
---------------------------------------------------------------------------------------------
                                             18.840212   slack (MET)


Startpoint: _15_ (rising edge-triggered flip-flop clocked by clk)
Endpoint: result[2] (output port clocked by clk)
Path Group: clk
Path Type: max

Fanout         Cap        Slew       Delay        Time   Description
---------------------------------------------------------------------------------------------
                      0.150000    0.000000    0.000000   clock clk (rise edge)
                                  0.000000    0.000000   clock network delay (ideal)
                      0.150000    0.000000    0.000000 ^ _15_/CLK (sky130_fd_sc_hd__dfrtp_2)
     5    0.064834    0.313850    0.585602    0.585602 ^ _15_/Q (sky130_fd_sc_hd__dfrtp_2)
                                                         controller_inst.pstate[1] (net)
                      0.313850    0.000000    0.585602 ^ _07_/A_N (sky130_fd_sc_hd__nand2b_4)
     1    0.004859    0.059437    0.192890    0.778492 ^ _07_/Y (sky130_fd_sc_hd__nand2b_4)
                                                         _03_ (net)
                      0.059437    0.000000    0.778492 ^ _08_/A (sky130_fd_sc_hd__buf_6)
     1    0.033442    0.077402    0.129442    0.907935 ^ _08_/X (sky130_fd_sc_hd__buf_6)
                                                         result[2] (net)
                      0.077402    0.000000    0.907935 ^ result[2] (out)
                                              0.907935   data arrival time

                      0.150000   25.000000   25.000000   clock clk (rise edge)
                                  0.000000   25.000000   clock network delay (ideal)
                                 -0.250000   24.750000   clock uncertainty
                                  0.000000   24.750000   clock reconvergence pessimism
                                 -5.000000   19.750000   output external delay
                                             19.750000   data required time
---------------------------------------------------------------------------------------------
                                             19.750000   data required time
                                             -0.907935   data arrival time
---------------------------------------------------------------------------------------------
                                             18.842064   slack (MET)


Startpoint: _15_ (rising edge-triggered flip-flop clocked by clk)
Endpoint: result[4] (output port clocked by clk)
Path Group: clk
Path Type: max

Fanout         Cap        Slew       Delay        Time   Description
---------------------------------------------------------------------------------------------
                      0.150000    0.000000    0.000000   clock clk (rise edge)
                                  0.000000    0.000000   clock network delay (ideal)
                      0.150000    0.000000    0.000000 ^ _15_/CLK (sky130_fd_sc_hd__dfrtp_2)
     5    0.059424    0.163960    0.554718    0.554718 v _15_/Q (sky130_fd_sc_hd__dfrtp_2)
                                                         controller_inst.pstate[1] (net)
                      0.163960    0.000000    0.554718 v _04_/A (sky130_fd_sc_hd__xnor2_4)
     2    0.035249    0.311130    0.338926    0.893644 ^ _04_/Y (sky130_fd_sc_hd__xnor2_4)
                                                         result[4] (net)
                      0.311130    0.000000    0.893644 ^ result[4] (out)
                                              0.893644   data arrival time

                      0.150000   25.000000   25.000000   clock clk (rise edge)
                                  0.000000   25.000000   clock network delay (ideal)
                                 -0.250000   24.750000   clock uncertainty
                                  0.000000   24.750000   clock reconvergence pessimism
                                 -5.000000   19.750000   output external delay
                                             19.750000   data required time
---------------------------------------------------------------------------------------------
                                             19.750000   data required time
                                             -0.893644   data arrival time
---------------------------------------------------------------------------------------------
                                             18.856356   slack (MET)


Startpoint: _15_ (rising edge-triggered flip-flop clocked by clk)
Endpoint: result[6] (output port clocked by clk)
Path Group: clk
Path Type: max

Fanout         Cap        Slew       Delay        Time   Description
---------------------------------------------------------------------------------------------
                      0.150000    0.000000    0.000000   clock clk (rise edge)
                                  0.000000    0.000000   clock network delay (ideal)
                      0.150000    0.000000    0.000000 ^ _15_/CLK (sky130_fd_sc_hd__dfrtp_2)
     5    0.059424    0.163960    0.554718    0.554718 v _15_/Q (sky130_fd_sc_hd__dfrtp_2)
                                                         controller_inst.pstate[1] (net)
                      0.163960    0.000000    0.554718 v _09_/A (sky130_fd_sc_hd__xnor2_4)
     1    0.033442    0.299235    0.330268    0.884986 ^ _09_/Y (sky130_fd_sc_hd__xnor2_4)
                                                         result[6] (net)
                      0.299235    0.000000    0.884986 ^ result[6] (out)
                                              0.884986   data arrival time

                      0.150000   25.000000   25.000000   clock clk (rise edge)
                                  0.000000   25.000000   clock network delay (ideal)
                                 -0.250000   24.750000   clock uncertainty
                                  0.000000   24.750000   clock reconvergence pessimism
                                 -5.000000   19.750000   output external delay
                                             19.750000   data required time
---------------------------------------------------------------------------------------------
                                             19.750000   data required time
                                             -0.884986   data arrival time
---------------------------------------------------------------------------------------------
                                             18.865013   slack (MET)


Startpoint: reset (input port clocked by clk)
Endpoint: _14_ (recovery check against rising-edge clock clk)
Path Group: asynchronous
Path Type: max

Fanout         Cap        Slew       Delay        Time   Description
---------------------------------------------------------------------------------------------
                      0.150000    0.000000    0.000000   clock clk (rise edge)
                                  0.000000    0.000000   clock network delay (ideal)
                                  5.000000    5.000000 v input external delay
     2    0.008552    0.021747    0.013817    5.013817 v reset (in)
                                                         reset (net)
                      0.021747    0.000000    5.013817 v _12_/A (sky130_fd_sc_hd__inv_2)
     1    0.003612    0.024097    0.033068    5.046885 ^ _12_/Y (sky130_fd_sc_hd__inv_2)
                                                         _00_ (net)
                      0.024097    0.000000    5.046885 ^ _14_/RESET_B (sky130_fd_sc_hd__dfrtp_2)
                                              5.046885   data arrival time

                      0.150000   25.000000   25.000000   clock clk (rise edge)
                                  0.000000   25.000000   clock network delay (ideal)
                                 -0.250000   24.750000   clock uncertainty
                                  0.000000   24.750000   clock reconvergence pessimism
                                             24.750000 ^ _14_/CLK (sky130_fd_sc_hd__dfrtp_2)
                                  0.257538   25.007538   library recovery time
                                             25.007538   data required time
---------------------------------------------------------------------------------------------
                                             25.007538   data required time
                                             -5.046885   data arrival time
---------------------------------------------------------------------------------------------
                                             19.960653   slack (MET)


Startpoint: reset (input port clocked by clk)
Endpoint: _15_ (recovery check against rising-edge clock clk)
Path Group: asynchronous
Path Type: max

Fanout         Cap        Slew       Delay        Time   Description
---------------------------------------------------------------------------------------------
                      0.150000    0.000000    0.000000   clock clk (rise edge)
                                  0.000000    0.000000   clock network delay (ideal)
                                  5.000000    5.000000 v input external delay
     2    0.008552    0.021747    0.013817    5.013817 v reset (in)
                                                         reset (net)
                      0.021747    0.000000    5.013817 v _13_/A (sky130_fd_sc_hd__inv_2)
     1    0.003612    0.024097    0.033068    5.046885 ^ _13_/Y (sky130_fd_sc_hd__inv_2)
                                                         _01_ (net)
                      0.024097    0.000000    5.046885 ^ _15_/RESET_B (sky130_fd_sc_hd__dfrtp_2)
                                              5.046885   data arrival time

                      0.150000   25.000000   25.000000   clock clk (rise edge)
                                  0.000000   25.000000   clock network delay (ideal)
                                 -0.250000   24.750000   clock uncertainty
                                  0.000000   24.750000   clock reconvergence pessimism
                                             24.750000 ^ _15_/CLK (sky130_fd_sc_hd__dfrtp_2)
                                  0.257538   25.007538   library recovery time
                                             25.007538   data required time
---------------------------------------------------------------------------------------------
                                             25.007538   data required time
                                             -5.046885   data arrival time
---------------------------------------------------------------------------------------------
                                             19.960653   slack (MET)


Startpoint: _15_ (rising edge-triggered flip-flop clocked by clk)
Endpoint: _15_ (rising edge-triggered flip-flop clocked by clk)
Path Group: clk
Path Type: max

Fanout         Cap        Slew       Delay        Time   Description
---------------------------------------------------------------------------------------------
                      0.150000    0.000000    0.000000   clock clk (rise edge)
                                  0.000000    0.000000   clock network delay (ideal)
                      0.150000    0.000000    0.000000 ^ _15_/CLK (sky130_fd_sc_hd__dfrtp_2)
     5    0.059424    0.163960    0.554718    0.554718 v _15_/Q (sky130_fd_sc_hd__dfrtp_2)
                                                         controller_inst.pstate[1] (net)
                      0.163960    0.000000    0.554718 v _11_/A (sky130_fd_sc_hd__xor2_4)
     1    0.001949    0.070655    0.210249    0.764967 v _11_/X (sky130_fd_sc_hd__xor2_4)
                                                         controller_inst.nstate[1] (net)
                      0.070655    0.000000    0.764967 v _15_/D (sky130_fd_sc_hd__dfrtp_2)
                                              0.764967   data arrival time

                      0.150000   25.000000   25.000000   clock clk (rise edge)
                                  0.000000   25.000000   clock network delay (ideal)
                                 -0.250000   24.750000   clock uncertainty
                                  0.000000   24.750000   clock reconvergence pessimism
                                             24.750000 ^ _15_/CLK (sky130_fd_sc_hd__dfrtp_2)
                                 -0.102395   24.647606   library setup time
                                             24.647606   data required time
---------------------------------------------------------------------------------------------
                                             24.647606   data required time
                                             -0.764967   data arrival time
---------------------------------------------------------------------------------------------
                                             23.882639   slack (MET)


Startpoint: _14_ (rising edge-triggered flip-flop clocked by clk)
Endpoint: _14_ (rising edge-triggered flip-flop clocked by clk)
Path Group: clk
Path Type: max

Fanout         Cap        Slew       Delay        Time   Description
---------------------------------------------------------------------------------------------
                      0.150000    0.000000    0.000000   clock clk (rise edge)
                                  0.000000    0.000000   clock network delay (ideal)
                      0.150000    0.000000    0.000000 ^ _14_/CLK (sky130_fd_sc_hd__dfrtp_2)
     6    0.064715    0.313308    0.585220    0.585220 ^ _14_/Q (sky130_fd_sc_hd__dfrtp_2)
                                                         controller_inst.pstate[0] (net)
                      0.313308    0.000000    0.585220 ^ _10_/A (sky130_fd_sc_hd__inv_2)
     1    0.001949    0.046345    0.038488    0.623708 v _10_/Y (sky130_fd_sc_hd__inv_2)
                                                         controller_inst.nstate[0] (net)
                      0.046345    0.000000    0.623708 v _14_/D (sky130_fd_sc_hd__dfrtp_2)
                                              0.623708   data arrival time

                      0.150000   25.000000   25.000000   clock clk (rise edge)
                                  0.000000   25.000000   clock network delay (ideal)
                                 -0.250000   24.750000   clock uncertainty
                                  0.000000   24.750000   clock reconvergence pessimism
                                             24.750000 ^ _14_/CLK (sky130_fd_sc_hd__dfrtp_2)
                                 -0.091793   24.658207   library setup time
                                             24.658207   data required time
---------------------------------------------------------------------------------------------
                                             24.658207   data required time
                                             -0.623708   data arrival time
---------------------------------------------------------------------------------------------
                                             24.034500   slack (MET)



%OL_END_REPORT
%OL_CREATE_REPORT checks.rpt

===========================================================================
report_checks -unconstrained
===========================================================================
======================= nom_tt_025C_1v80 Corner ===================================

Startpoint: reset (input port clocked by clk)
Endpoint: _14_ (recovery check against rising-edge clock clk)
Path Group: asynchronous
Path Type: max

Fanout         Cap        Slew       Delay        Time   Description
---------------------------------------------------------------------------------------------
                      0.150000    0.000000    0.000000   clock clk (rise edge)
                                  0.000000    0.000000   clock network delay (ideal)
                                  5.000000    5.000000 v input external delay
     2    0.008552    0.021747    0.013817    5.013817 v reset (in)
                                                         reset (net)
                      0.021747    0.000000    5.013817 v _12_/A (sky130_fd_sc_hd__inv_2)
     1    0.003612    0.024097    0.033068    5.046885 ^ _12_/Y (sky130_fd_sc_hd__inv_2)
                                                         _00_ (net)
                      0.024097    0.000000    5.046885 ^ _14_/RESET_B (sky130_fd_sc_hd__dfrtp_2)
                                              5.046885   data arrival time

                      0.150000   25.000000   25.000000   clock clk (rise edge)
                                  0.000000   25.000000   clock network delay (ideal)
                                 -0.250000   24.750000   clock uncertainty
                                  0.000000   24.750000   clock reconvergence pessimism
                                             24.750000 ^ _14_/CLK (sky130_fd_sc_hd__dfrtp_2)
                                  0.257538   25.007538   library recovery time
                                             25.007538   data required time
---------------------------------------------------------------------------------------------
                                             25.007538   data required time
                                             -5.046885   data arrival time
---------------------------------------------------------------------------------------------
                                             19.960653   slack (MET)


Startpoint: _15_ (rising edge-triggered flip-flop clocked by clk)
Endpoint: result[0] (output port clocked by clk)
Path Group: clk
Path Type: max

Fanout         Cap        Slew       Delay        Time   Description
---------------------------------------------------------------------------------------------
                      0.150000    0.000000    0.000000   clock clk (rise edge)
                                  0.000000    0.000000   clock network delay (ideal)
                      0.150000    0.000000    0.000000 ^ _15_/CLK (sky130_fd_sc_hd__dfrtp_2)
     5    0.059424    0.163960    0.554718    0.554718 v _15_/Q (sky130_fd_sc_hd__dfrtp_2)
                                                         controller_inst.pstate[1] (net)
                      0.163960    0.000000    0.554718 v _04_/A (sky130_fd_sc_hd__xnor2_4)
     2    0.035249    0.311130    0.338926    0.893644 ^ _04_/Y (sky130_fd_sc_hd__xnor2_4)
                                                         result[4] (net)
                      0.311130    0.000000    0.893644 ^ _18_/A (sky130_fd_sc_hd__buf_2)
     1    0.033442    0.169840    0.272156    1.165800 ^ _18_/X (sky130_fd_sc_hd__buf_2)
                                                         result[0] (net)
                      0.169840    0.000000    1.165800 ^ result[0] (out)
                                              1.165800   data arrival time

                      0.150000   25.000000   25.000000   clock clk (rise edge)
                                  0.000000   25.000000   clock network delay (ideal)
                                 -0.250000   24.750000   clock uncertainty
                                  0.000000   24.750000   clock reconvergence pessimism
                                 -5.000000   19.750000   output external delay
                                             19.750000   data required time
---------------------------------------------------------------------------------------------
                                             19.750000   data required time
                                             -1.165800   data arrival time
---------------------------------------------------------------------------------------------
                                             18.584200   slack (MET)




===========================================================================
report_checks --slack_max -0.01
============================================================================
======================= nom_tt_025C_1v80 Corner ===================================

No paths found.


===========================================================================
 report_check_types -max_slew -max_cap -max_fanout -violators
============================================================================
======================= nom_tt_025C_1v80 Corner ===================================



===========================================================================
report_parasitic_annotation -report_unannotated
============================================================================
Found 20 unannotated drivers.
 clk
 reset
 _04_/Y
 _05_/Y
 _06_/X
 _07_/Y
 _08_/X
 _09_/Y
 _10_/Y
 _11_/X
 _12_/Y
 _13_/Y
 _14_/Q
 _15_/Q
 _16_/HI
 _16_/LO
 _17_/HI
 _17_/LO
 _18_/X
 _19_/X
Found 0 partially unannotated drivers.

===========================================================================
max slew violation count 0
%OL_METRIC_I design__max_slew_violation__count__corner:nom_tt_025C_1v80 0
max fanout violation count 0
%OL_METRIC_I design__max_fanout_violation__count__corner:nom_tt_025C_1v80 0
max cap violation count 0
%OL_METRIC_I design__max_cap_violation__count__corner:nom_tt_025C_1v80 0
============================================================================

===========================================================================
check_setup -verbose -unconstrained_endpoints -multiple_clock -no_clock -no_input_delay -loops -generated_clocks
===========================================================================
Warning: There are 2 unconstrained endpoints.
  flag_gt_zero
  result[3]
%OL_END_REPORT
%OL_CREATE_REPORT power.rpt

===========================================================================
 report_power
============================================================================
======================= nom_tt_025C_1v80 Corner ===================================

Group                    Internal    Switching      Leakage        Total
                            Power        Power        Power        Power (Watts)
------------------------------------------------------------------------
Sequential           3.238873e-06 0.000000e+00 2.137370e-11 3.238895e-06  97.6%
Combinational        3.172789e-08 4.681152e-08 8.574579e-11 7.862516e-08   2.4%
Clock                0.000000e+00 0.000000e+00 0.000000e+00 0.000000e+00   0.0%
Macro                0.000000e+00 0.000000e+00 0.000000e+00 0.000000e+00   0.0%
Pad                  0.000000e+00 0.000000e+00 0.000000e+00 0.000000e+00   0.0%
------------------------------------------------------------------------
Total                3.270601e-06 4.681152e-08 1.071195e-10 3.317520e-06 100.0%
                            98.6%         1.4%         0.0%
%OL_METRIC_F power__internal__total 3.2706011552363634e-6
%OL_METRIC_F power__switching__total 4.6811521769996034e-8
%OL_METRIC_F power__leakage__total 1.0711948689179351e-10
%OL_METRIC_F power__total 3.3175197131640743e-6

%OL_END_REPORT
%OL_CREATE_REPORT skew.min.rpt

===========================================================================
Clock Skew (Hold)
============================================================================
%OL_METRIC_F clock__skew__worst_hold__corner:nom_tt_025C_1v80 -0.25
======================= nom_tt_025C_1v80 Corner ===================================

Clock clk
0.013575 source latency _14_/CLK ^
-0.013575 target latency _14_/CLK ^
-0.250000 clock uncertainty
0.000000 CRPR
--------------
-0.250000 hold skew

%OL_END_REPORT
%OL_CREATE_REPORT skew.max.rpt

===========================================================================
Clock Skew (Setup)
============================================================================
%OL_METRIC_F clock__skew__worst_setup__corner:nom_tt_025C_1v80 0.25
======================= nom_tt_025C_1v80 Corner ===================================

Clock clk
0.013575 source latency _14_/CLK ^
-0.013575 target latency _14_/CLK ^
0.250000 clock uncertainty
0.000000 CRPR
--------------
0.250000 setup skew

%OL_END_REPORT
%OL_CREATE_REPORT ws.min.rpt

===========================================================================
Worst Slack (Hold)
============================================================================
%OL_METRIC_F timing__hold__ws__corner:nom_tt_025C_1v80 0.3924170544028171
nom_tt_025C_1v80: 0.3924170544028171
%OL_END_REPORT
%OL_CREATE_REPORT ws.max.rpt

===========================================================================
Worst Slack (Setup)
============================================================================
%OL_METRIC_F timing__setup__ws__corner:nom_tt_025C_1v80 18.584199594124655
nom_tt_025C_1v80: 18.584199594124655
%OL_END_REPORT
%OL_CREATE_REPORT tns.min.rpt

===========================================================================
Total Negative Slack (Hold)
============================================================================
%OL_METRIC_F timing__hold__tns__corner:nom_tt_025C_1v80 0.0
nom_tt_025C_1v80: 0.0
%OL_END_REPORT
%OL_CREATE_REPORT tns.max.rpt

===========================================================================
Total Negative Slack (Setup)
============================================================================
%OL_METRIC_F timing__setup__tns__corner:nom_tt_025C_1v80 0.0
nom_tt_025C_1v80: 0.0
%OL_END_REPORT
%OL_CREATE_REPORT wns.min.rpt

===========================================================================
Worst Negative Slack (Hold)
============================================================================
%OL_METRIC_F timing__hold__wns__corner:nom_tt_025C_1v80 0
nom_tt_025C_1v80: 0
%OL_END_REPORT
%OL_CREATE_REPORT wns.max.rpt

===========================================================================
Worst Negative Slack (Setup)
============================================================================
%OL_METRIC_F timing__setup__wns__corner:nom_tt_025C_1v80 0.0
nom_tt_025C_1v80: 0.0
%OL_END_REPORT
%OL_CREATE_REPORT violator_list.rpt

===========================================================================
Violator List
============================================================================
%OL_METRIC_I timing__hold_vio__count__corner:nom_tt_025C_1v80 0
%OL_METRIC_F timing__hold_r2r__ws__corner:nom_tt_025C_1v80 0.392417
%OL_METRIC_I timing__hold_r2r_vio__count__corner:nom_tt_025C_1v80 0
%OL_METRIC_I timing__setup_vio__count__corner:nom_tt_025C_1v80 0
%OL_METRIC_F timing__setup_r2r__ws__corner:nom_tt_025C_1v80 23.882639
%OL_METRIC_I timing__setup_r2r_vio__count__corner:nom_tt_025C_1v80 0
%OL_END_REPORT
%OL_CREATE_REPORT unpropagated.rpt
clk
%OL_END_REPORT
%OL_CREATE_REPORT clock.rpt
Clock: clk
Sources: clk 
Generated: no
Virtual: no
Propagated: no
Period: 25.000000

===========================================================================
report_clock_properties
============================================================================
Clock                   Period          Waveform
----------------------------------------------------
clk                  25.000000    0.000000 12.500000

===========================================================================
report_clock_latency
============================================================================
Clock clk
rise -> rise
    min     max
0.000000 0.000000 source latency
0.013575         network latency _14_/CLK
        0.013575 network latency _14_/CLK
---------------
0.013575 0.013575 latency
        0.000000 skew

fall -> fall
    min     max
0.000000 0.000000 source latency
0.005487         network latency _14_/CLK
        0.005487 network latency _14_/CLK
---------------
0.005487 0.005487 latency
        0.000000 skew



===========================================================================
report_clock_min_period
============================================================================
clk period_min = 1.12 fmax = 894.97
%OL_END_REPORT
Writing SDF files for all corners…
