Clock: clk
Sources: clk 
Generated: no
Virtual: yes
Propagated: no
Period: 25.000000

===========================================================================
report_clock_properties
============================================================================
Clock                   Period          Waveform
----------------------------------------------------
clk                  25.000000    0.000000 12.500000

===========================================================================
report_clock_latency
============================================================================
Clock clk
rise -> rise
    min     max
0.000000 0.000000 source latency
0.182836         network latency _26_/CLK
        0.183674 network latency _27_/CLK
---------------
0.182836 0.183674 latency
        0.000838 skew

fall -> fall
    min     max
0.000000 0.000000 source latency
0.185027         network latency _26_/CLK
        0.185719 network latency _27_/CLK
---------------
0.185027 0.185719 latency
        0.000692 skew



===========================================================================
report_clock_min_period
============================================================================
clk period_min = 1.01 fmax = 994.38
