Clock: clk
Sources: clk 
Generated: no
Virtual: yes
Propagated: no
Period: 25.000000

===========================================================================
report_clock_properties
============================================================================
Clock                   Period          Waveform
----------------------------------------------------
clk                  25.000000    0.000000 12.500000

===========================================================================
report_clock_latency
============================================================================
Clock clk
rise -> rise
    min     max
0.000000 0.000000 source latency
0.183836         network latency _26_/CLK
        0.184803 network latency _27_/CLK
---------------
0.183836 0.184803 latency
        0.000967 skew

fall -> fall
    min     max
0.000000 0.000000 source latency
0.185771         network latency _26_/CLK
        0.186581 network latency _27_/CLK
---------------
0.185771 0.186581 latency
        0.000810 skew



===========================================================================
report_clock_min_period
============================================================================
clk period_min = 1.01 fmax = 989.89
