120. Printing statistics.

=== top ===

   Number of wires:                 34
   Number of wire bits:             44
   Number of public wires:           6
   Number of public wire bits:      16
   Number of ports:                  4
   Number of port bits:             10
   Number of memories:               0
   Number of memory bits:            0
   Number of processes:              0
   Number of cells:                 39
     $_ANDNOT_                      12
     $_AND_                          1
     $_MUX_                          1
     $_NAND_                         2
     $_NOR_                          1
     $_NOT_                          4
     $_ORNOT_                        6
     $_OR_                           9
     sky130_fd_sc_hd__dfrtp_2        3

   Area for cell type $_NOT_ is unknown!
   Area for cell type $_AND_ is unknown!
   Area for cell type $_NAND_ is unknown!
   Area for cell type $_OR_ is unknown!
   Area for cell type $_NOR_ is unknown!
   Area for cell type $_ANDNOT_ is unknown!
   Area for cell type $_ORNOT_ is unknown!
   Area for cell type $_MUX_ is unknown!

   Chip area for module '\top': 78.825600
     of which used for sequential elements: 78.825600 (100.00%)

