Clock: clk
Sources: clk 
Generated: no
Virtual: yes
Propagated: no
Period: 25.000000

===========================================================================
report_clock_properties
============================================================================
Clock                   Period          Waveform
----------------------------------------------------
clk                  25.000000    0.000000 12.500000

===========================================================================
report_clock_latency
============================================================================
Clock clk
rise -> rise
    min     max
0.000000 0.000000 source latency
0.471905         network latency _28_/CLK
        0.474473 network latency _27_/CLK
---------------
0.471905 0.474473 latency
        0.002567 skew

fall -> fall
    min     max
0.000000 0.000000 source latency
0.498531         network latency _28_/CLK
        0.500664 network latency _27_/CLK
---------------
0.498531 0.500664 latency
        0.002133 skew



===========================================================================
report_clock_min_period
============================================================================
clk period_min = 2.67 fmax = 375.01
