                                                                       Cells by Function                                                                        
┏━━━━━━━━━━━━━━━━━━━━━━━━━━━━━━━━━━━━━━━━━━━━━━━━━━━━━━━━━━━━━━━━━━━━━━━━━━━━━━━━━━━━━━━━━━━━━━━━━━━━━━━━━━━━━━━━━━━━━━━━━━━━━━━━┳━━━━━━━━━━━━━━━━━━━━━━━━━━━━━┓
┃ Cell Function                                                                                                                  ┃ Count                       ┃
┡━━━━━━━━━━━━━━━━━━━━━━━━━━━━━━━━━━━━━━━━━━━━━━━━━━━━━━━━━━━━━━━━━━━━━━━━━━━━━━━━━━━━━━━━━━━━━━━━━━━━━━━━━━━━━━━━━━━━━━━━━━━━━━━━╇━━━━━━━━━━━━━━━━━━━━━━━━━━━━━┩
│ sky130_ef_sc_hd__decap                                                                                                         │ 21                          │
│ sky130_fd_sc_hd__a211o                                                                                                         │ 3                           │
│ sky130_fd_sc_hd__a21o                                                                                                          │ 1                           │
│ sky130_fd_sc_hd__a21oi                                                                                                         │ 1                           │
│ sky130_fd_sc_hd__a2bb2o                                                                                                        │ 2                           │
│ sky130_fd_sc_hd__a311o                                                                                                         │ 1                           │
│ sky130_fd_sc_hd__a31o                                                                                                          │ 2                           │
│ sky130_fd_sc_hd__and2                                                                                                          │ 2                           │
│ sky130_fd_sc_hd__and2b                                                                                                         │ 4                           │
│ sky130_fd_sc_hd__and4b                                                                                                         │ 1                           │
│ sky130_fd_sc_hd__buf                                                                                                           │ 14                          │
│ sky130_fd_sc_hd__clkbuf                                                                                                        │ 7                           │
│ sky130_fd_sc_hd__decap                                                                                                         │ 41                          │
│ sky130_fd_sc_hd__fill                                                                                                          │ 26                          │
│ sky130_fd_sc_hd__inv                                                                                                           │ 6                           │
│ sky130_fd_sc_hd__mux2                                                                                                          │ 5                           │
│ sky130_fd_sc_hd__mux4                                                                                                          │ 1                           │
│ sky130_fd_sc_hd__nor2                                                                                                          │ 2                           │
│ sky130_fd_sc_hd__nor4                                                                                                          │ 1                           │
│ sky130_fd_sc_hd__o2111a                                                                                                        │ 1                           │
│ sky130_fd_sc_hd__o211a                                                                                                         │ 4                           │
│ sky130_fd_sc_hd__o21a                                                                                                          │ 3                           │
│ sky130_fd_sc_hd__o22a                                                                                                          │ 1                           │
│ sky130_fd_sc_hd__or3                                                                                                           │ 2                           │
│ sky130_fd_sc_hd__or3b                                                                                                          │ 2                           │
│ sky130_fd_sc_hd__or4                                                                                                           │ 1                           │
│ sky130_fd_sc_hd__tapvpwrvgnd                                                                                                   │ 12                          │
└────────────────────────────────────────────────────────────────────────────────────────────────────────────────────────────────┴─────────────────────────────┘
