[WARNING ORD-0039] .openroad ignored with -python
                                Cells by Master                                 
┏━━━━━━━━━━━━━━━━━━━━━━━━━━━━━━━━━━━━━━━━━━━━━━━━━━━━━━━━━━━━━━━━┳━━━━━━━━━━━━━┓
┃ Cell                                                           ┃ Count       ┃
┡━━━━━━━━━━━━━━━━━━━━━━━━━━━━━━━━━━━━━━━━━━━━━━━━━━━━━━━━━━━━━━━━╇━━━━━━━━━━━━━┩
│ sky130_ef_sc_hd__decap_12                                      │ 21          │
│ sky130_fd_sc_hd__a211o_1                                       │ 3           │
│ sky130_fd_sc_hd__a21o_1                                        │ 1           │
│ sky130_fd_sc_hd__a21oi_1                                       │ 1           │
│ sky130_fd_sc_hd__a2bb2o_1                                      │ 2           │
│ sky130_fd_sc_hd__a311o_1                                       │ 1           │
│ sky130_fd_sc_hd__a31o_1                                        │ 2           │
│ sky130_fd_sc_hd__and2_1                                        │ 2           │
│ sky130_fd_sc_hd__and2b_1                                       │ 4           │
│ sky130_fd_sc_hd__and4b_1                                       │ 1           │
│ sky130_fd_sc_hd__buf_1                                         │ 5           │
│ sky130_fd_sc_hd__buf_2                                         │ 9           │
│ sky130_fd_sc_hd__clkbuf_1                                      │ 2           │
│ sky130_fd_sc_hd__clkbuf_2                                      │ 5           │
│ sky130_fd_sc_hd__decap_3                                       │ 26          │
│ sky130_fd_sc_hd__decap_4                                       │ 7           │
│ sky130_fd_sc_hd__decap_6                                       │ 4           │
│ sky130_fd_sc_hd__decap_8                                       │ 4           │
│ sky130_fd_sc_hd__fill_1                                        │ 17          │
│ sky130_fd_sc_hd__fill_2                                        │ 9           │
│ sky130_fd_sc_hd__inv_2                                         │ 6           │
│ sky130_fd_sc_hd__mux2_1                                        │ 5           │
│ sky130_fd_sc_hd__mux4_1                                        │ 1           │
│ sky130_fd_sc_hd__nor2_1                                        │ 2           │
│ sky130_fd_sc_hd__nor4_1                                        │ 1           │
│ sky130_fd_sc_hd__o2111a_1                                      │ 1           │
│ sky130_fd_sc_hd__o211a_1                                       │ 4           │
│ sky130_fd_sc_hd__o21a_1                                        │ 3           │
│ sky130_fd_sc_hd__o22a_1                                        │ 1           │
│ sky130_fd_sc_hd__or3_1                                         │ 2           │
│ sky130_fd_sc_hd__or3b_1                                        │ 2           │
│ sky130_fd_sc_hd__or4_1                                         │ 1           │
│ sky130_fd_sc_hd__tapvpwrvgnd_1                                 │ 12          │
└────────────────────────────────────────────────────────────────┴─────────────┘
                               Cells by Function                                
┏━━━━━━━━━━━━━━━━━━━━━━━━━━━━━━━━━━━━━━━━━━━━━━━━━━━━━━━━━━━━━━━┳━━━━━━━━━━━━━━┓
┃ Cell Function                                                 ┃ Count        ┃
┡━━━━━━━━━━━━━━━━━━━━━━━━━━━━━━━━━━━━━━━━━━━━━━━━━━━━━━━━━━━━━━━╇━━━━━━━━━━━━━━┩
│ sky130_ef_sc_hd__decap                                        │ 21           │
│ sky130_fd_sc_hd__a211o                                        │ 3            │
│ sky130_fd_sc_hd__a21o                                         │ 1            │
│ sky130_fd_sc_hd__a21oi                                        │ 1            │
│ sky130_fd_sc_hd__a2bb2o                                       │ 2            │
│ sky130_fd_sc_hd__a311o                                        │ 1            │
│ sky130_fd_sc_hd__a31o                                         │ 2            │
│ sky130_fd_sc_hd__and2                                         │ 2            │
│ sky130_fd_sc_hd__and2b                                        │ 4            │
│ sky130_fd_sc_hd__and4b                                        │ 1            │
│ sky130_fd_sc_hd__buf                                          │ 14           │
│ sky130_fd_sc_hd__clkbuf                                       │ 7            │
│ sky130_fd_sc_hd__decap                                        │ 41           │
│ sky130_fd_sc_hd__fill                                         │ 26           │
│ sky130_fd_sc_hd__inv                                          │ 6            │
│ sky130_fd_sc_hd__mux2                                         │ 5            │
│ sky130_fd_sc_hd__mux4                                         │ 1            │
│ sky130_fd_sc_hd__nor2                                         │ 2            │
│ sky130_fd_sc_hd__nor4                                         │ 1            │
│ sky130_fd_sc_hd__o2111a                                       │ 1            │
│ sky130_fd_sc_hd__o211a                                        │ 4            │
│ sky130_fd_sc_hd__o21a                                         │ 3            │
│ sky130_fd_sc_hd__o22a                                         │ 1            │
│ sky130_fd_sc_hd__or3                                          │ 2            │
│ sky130_fd_sc_hd__or3b                                         │ 2            │
│ sky130_fd_sc_hd__or4                                          │ 1            │
│ sky130_fd_sc_hd__tapvpwrvgnd                                  │ 12           │
└───────────────────────────────────────────────────────────────┴──────────────┘
                                  Cells by SCL                                  
┏━━━━━━━━━━━━━━━━━━━━━━━━━━━━━━━━━━━━━━━━━━━━━━━━━━━━━━━┳━━━━━━━━━━━━━━━━━━━━━━┓
┃ SCL                                                   ┃ Count                ┃
┡━━━━━━━━━━━━━━━━━━━━━━━━━━━━━━━━━━━━━━━━━━━━━━━━━━━━━━━╇━━━━━━━━━━━━━━━━━━━━━━┩
│ sky130_ef_sc_hd                                       │ 21                   │
│ sky130_fd_sc_hd                                       │ 146                  │
└───────────────────────────────────────────────────────┴──────────────────────┘
                             Buffers by Cell Master                             
┏━━━━━━━━━━━━━━━━━━━━━━━━━━━━━━━━━━━━━━━━━━━━━━━━━━━━━━━━━━━━━━┳━━━━━━━━━━━━━━━┓
┃ Buffer                                                       ┃ Count         ┃
┡━━━━━━━━━━━━━━━━━━━━━━━━━━━━━━━━━━━━━━━━━━━━━━━━━━━━━━━━━━━━━━╇━━━━━━━━━━━━━━━┩
│ sky130_fd_sc_hd__buf_1                                       │ 5             │
│ sky130_fd_sc_hd__buf_2                                       │ 9             │
│ sky130_fd_sc_hd__clkbuf_1                                    │ 2             │
│ sky130_fd_sc_hd__clkbuf_2                                    │ 5             │
└──────────────────────────────────────────────────────────────┴───────────────┘
