                                                                        Cells by Master                                                                         
┏━━━━━━━━━━━━━━━━━━━━━━━━━━━━━━━━━━━━━━━━━━━━━━━━━━━━━━━━━━━━━━━━━━━━━━━━━━━━━━━━━━━━━━━━━━━━━━━━━━━━━━━━━━━━━━━━━━━━━━━━━━━━━━━━━┳━━━━━━━━━━━━━━━━━━━━━━━━━━━━┓
┃ Cell                                                                                                                            ┃ Count                      ┃
┡━━━━━━━━━━━━━━━━━━━━━━━━━━━━━━━━━━━━━━━━━━━━━━━━━━━━━━━━━━━━━━━━━━━━━━━━━━━━━━━━━━━━━━━━━━━━━━━━━━━━━━━━━━━━━━━━━━━━━━━━━━━━━━━━━╇━━━━━━━━━━━━━━━━━━━━━━━━━━━━┩
│ sky130_ef_sc_hd__decap_12                                                                                                       │ 39                         │
│ sky130_fd_sc_hd__buf_1                                                                                                          │ 1                          │
│ sky130_fd_sc_hd__buf_2                                                                                                          │ 6                          │
│ sky130_fd_sc_hd__clkbuf_1                                                                                                       │ 4                          │
│ sky130_fd_sc_hd__clkbuf_16                                                                                                      │ 3                          │
│ sky130_fd_sc_hd__conb_1                                                                                                         │ 2                          │
│ sky130_fd_sc_hd__decap_3                                                                                                        │ 23                         │
│ sky130_fd_sc_hd__decap_4                                                                                                        │ 5                          │
│ sky130_fd_sc_hd__decap_6                                                                                                        │ 3                          │
│ sky130_fd_sc_hd__decap_8                                                                                                        │ 3                          │
│ sky130_fd_sc_hd__dfrtp_2                                                                                                        │ 1                          │
│ sky130_fd_sc_hd__dfrtp_4                                                                                                        │ 1                          │
│ sky130_fd_sc_hd__dlygate4sd3_1                                                                                                  │ 2                          │
│ sky130_fd_sc_hd__fill_1                                                                                                         │ 16                         │
│ sky130_fd_sc_hd__fill_2                                                                                                         │ 4                          │
│ sky130_fd_sc_hd__inv_2                                                                                                          │ 3                          │
│ sky130_fd_sc_hd__nand2b_1                                                                                                       │ 2                          │
│ sky130_fd_sc_hd__tapvpwrvgnd_1                                                                                                  │ 12                         │
│ sky130_fd_sc_hd__xnor2_1                                                                                                        │ 2                          │
│ sky130_fd_sc_hd__xor2_1                                                                                                         │ 1                          │
└─────────────────────────────────────────────────────────────────────────────────────────────────────────────────────────────────┴────────────────────────────┘
