Clock: clk
Sources: clk 
Generated: no
Virtual: yes
Propagated: no
Period: 25.000000

===========================================================================
report_clock_properties
============================================================================
Clock                   Period          Waveform
----------------------------------------------------
clk                  25.000000    0.000000 12.500000

===========================================================================
report_clock_latency
============================================================================
Clock clk
rise -> rise
    min     max
0.000000 0.000000 source latency
0.264368         network latency _26_/CLK
        0.264740 network latency _27_/CLK
---------------
0.264368 0.264740 latency
        0.000372 skew

fall -> fall
    min     max
0.000000 0.000000 source latency
0.274007         network latency _26_/CLK
        0.274259 network latency _27_/CLK
---------------
0.274007 0.274259 latency
        0.000251 skew



===========================================================================
report_clock_min_period
============================================================================
clk period_min = 1.06 fmax = 944.80
