Reading timing models for corner nom_tt_025C_1v80…
Reading timing library for the 'nom_tt_025C_1v80' corner at '/foss/pdks/sky130A/libs.ref/sky130_fd_sc_hd/lib/sky130_fd_sc_hd__tt_025C_1v80.lib'…
Reading timing models for corner nom_ff_n40C_1v95…
Reading timing library for the 'nom_ff_n40C_1v95' corner at '/foss/pdks/sky130A/libs.ref/sky130_fd_sc_hd/lib/sky130_fd_sc_hd__ff_n40C_1v95.lib'…
Reading timing models for corner nom_ss_100C_1v60…
Reading timing library for the 'nom_ss_100C_1v60' corner at '/foss/pdks/sky130A/libs.ref/sky130_fd_sc_hd/lib/sky130_fd_sc_hd__ss_100C_1v60.lib'…
Reading OpenROAD database at '/foss/designs/ALU/runs/RUN_2025-06-08_17-25-06/27-openroad-globalplacement/ALU_7bit.odb'…
Reading design constraints file at '/usr/local/lib/python3.12/dist-packages/openlane/scripts/base.sdc'…
[WARNING STA-0366] port 'clk' not found.
[INFO] Using clock clk…
[INFO] Setting output delay to: 5.0
[INFO] Setting input delay to: 5.0
[WARNING STA-0366] port 'clk' not found.
[INFO] Setting load to: 0.033442
[INFO] Setting clock uncertainty to: 0.25
[INFO] Setting clock transition to: 0.1499999999999999944488848768742172978818416595458984375
[WARNING STA-0419] transition time can not be specified for virtual clocks.
[INFO] Setting timing derate to: 5%
[WARNING STA-0450] virtual clock clk can not be propagated.
[INFO] Setting RC values…
[INFO RSZ-0027] Inserted 11 input buffers.
[INFO RSZ-0028] Inserted 8 output buffers.
[INFO RSZ-0058] Using max wire length 6335um.
Iteration | Resized | Buffers | Nets repaired | Remaining
---------------------------------------------------------
        0 |       0 |       0 |             0 |        80
       10 |       8 |       0 |             0 |        70
       20 |      18 |       0 |             0 |        60
       30 |      28 |       0 |             0 |        50
       40 |      38 |       0 |             0 |        40
       50 |      45 |       0 |             0 |        30
       60 |      52 |       1 |             1 |        20
       70 |      56 |       2 |             2 |        10
       80 |      56 |       2 |             2 |         0
    final |      56 |       2 |             2 |         0
---------------------------------------------------------
[INFO RSZ-0035] Found 2 fanout violations.
[INFO RSZ-0038] Inserted 2 buffers in 2 nets.
[INFO RSZ-0039] Resized 56 instances.
Placement Analysis
---------------------------------
total displacement        203.1 u
average displacement        2.1 u
max displacement           10.7 u
original HPWL             862.0 u
legalized HPWL           1020.7 u
delta HPWL                   18 %

[INFO DPL-0020] Mirrored 32 instances
[INFO DPL-0021] HPWL before            1020.7 u
[INFO DPL-0022] HPWL after              966.6 u
[INFO DPL-0023] HPWL delta               -5.3 %
[INFO] Setting RC values…
Setting global connections for newly added cells…
[INFO] Setting global connections...
Updating metrics…
Cell type report:                       Count       Area
  Fill cell                                20      75.07
  Tap cell                                 12      15.01
  Timing Repair Buffer                     21      96.34
  Inverter                                  6      22.52
  Multi-Input combinational cell           40     355.34
  Total                                    99     564.29
Writing OpenROAD database to '/foss/designs/ALU/runs/RUN_2025-06-08_17-25-06/31-openroad-repairdesignpostgpl/ALU_7bit.odb'…
Writing netlist to '/foss/designs/ALU/runs/RUN_2025-06-08_17-25-06/31-openroad-repairdesignpostgpl/ALU_7bit.nl.v'…
Writing powered netlist to '/foss/designs/ALU/runs/RUN_2025-06-08_17-25-06/31-openroad-repairdesignpostgpl/ALU_7bit.pnl.v'…
Writing layout to '/foss/designs/ALU/runs/RUN_2025-06-08_17-25-06/31-openroad-repairdesignpostgpl/ALU_7bit.def'…
Writing timing constraints to '/foss/designs/ALU/runs/RUN_2025-06-08_17-25-06/31-openroad-repairdesignpostgpl/ALU_7bit.sdc'…
