Reading OpenROAD database at '/foss/designs/ALU/runs/RUN_2025-06-08_18-02-53/15-odb-setpowerconnections/top.odb'…
Reading library file at '/foss/pdks/sky130A/libs.ref/sky130_fd_sc_hd/lib/sky130_fd_sc_hd__tt_025C_1v80.lib'…
Reading design constraints file at '/usr/local/lib/python3.12/dist-packages/openlane/scripts/base.sdc'…
[INFO] Using clock clk…
[INFO] Setting output delay to: 5.0
[INFO] Setting input delay to: 5.0
[INFO] Setting load to: 0.033442
[INFO] Setting clock uncertainty to: 0.25
[INFO] Setting clock transition to: 0.1499999999999999944488848768742172978818416595458984375
[INFO] Setting timing derate to: 5%
Setting global connections for newly added cells…
[INFO] Setting global connections...
Updating metrics…
Cell type report:                       Count       Area
  Buffer                                    4      32.53
  Inverter                                  3      11.26
  Sequential cell                           2      52.55
  Multi-Input combinational cell            7     117.61
  Total                                    16     213.96
Writing OpenROAD database to '/foss/designs/ALU/runs/RUN_2025-06-08_18-02-53/17-openroad-cutrows/top.odb'…
Writing layout to '/foss/designs/ALU/runs/RUN_2025-06-08_18-02-53/17-openroad-cutrows/top.def'…
