
===========================================================================
report_checks -path_delay min (Hold)
============================================================================
======================= nom_tt_025C_1v80 Corner ===================================

Startpoint: A[2] (input port clocked by clk)
Endpoint: result[2] (output port clocked by clk)
Path Group: clk
Path Type: min

Fanout         Cap        Slew       Delay        Time   Description
---------------------------------------------------------------------------------------------
                      0.000000    0.000000    0.000000   clock clk (rise edge)
                                  0.000000    0.000000   clock network delay (ideal)
                                  5.000000    5.000000 v input external delay
     3    0.009747    0.023932    0.015761    5.015761 v A[2] (in)
                                                         A[2] (net)
                      0.023933    0.000000    5.015761 v _62_/A (sky130_fd_sc_hd__inv_2)
     1    0.002729    0.020330    0.031007    5.046768 ^ _62_/Y (sky130_fd_sc_hd__inv_2)
                                                         _22_ (net)
                      0.020330    0.000004    5.046772 ^ _67_/A1 (sky130_fd_sc_hd__a211o_2)
     2    0.043647    0.206657    0.241208    5.287980 ^ _67_/X (sky130_fd_sc_hd__a211o_2)
                                                         result[2] (net)
                      0.206657    0.000097    5.288077 ^ result[2] (out)
                                              5.288077   data arrival time

                      0.000000    0.000000    0.000000   clock clk (rise edge)
                                  0.000000    0.000000   clock network delay (ideal)
                                  0.250000    0.250000   clock uncertainty
                                  0.000000    0.250000   clock reconvergence pessimism
                                 -5.000000   -4.750000   output external delay
                                             -4.750000   data required time
---------------------------------------------------------------------------------------------
                                             -4.750000   data required time
                                             -5.288077   data arrival time
---------------------------------------------------------------------------------------------
                                             10.038077   slack (MET)


Startpoint: A[3] (input port clocked by clk)
Endpoint: result[3] (output port clocked by clk)
Path Group: clk
Path Type: min

Fanout         Cap        Slew       Delay        Time   Description
---------------------------------------------------------------------------------------------
                      0.000000    0.000000    0.000000   clock clk (rise edge)
                                  0.000000    0.000000   clock network delay (ideal)
                                  5.000000    5.000000 v input external delay
     5    0.015170    0.035604    0.024455    5.024455 v A[3] (in)
                                                         A[3] (net)
                      0.035604    0.000000    5.024455 v _69_/A1_N (sky130_fd_sc_hd__a2bb2o_4)
     2    0.036982    0.121271    0.275971    5.300426 ^ _69_/X (sky130_fd_sc_hd__a2bb2o_4)
                                                         result[3] (net)
                      0.121271    0.000126    5.300552 ^ result[3] (out)
                                              5.300552   data arrival time

                      0.000000    0.000000    0.000000   clock clk (rise edge)
                                  0.000000    0.000000   clock network delay (ideal)
                                  0.250000    0.250000   clock uncertainty
                                  0.000000    0.250000   clock reconvergence pessimism
                                 -5.000000   -4.750000   output external delay
                                             -4.750000   data required time
---------------------------------------------------------------------------------------------
                                             -4.750000   data required time
                                             -5.300552   data arrival time
---------------------------------------------------------------------------------------------
                                             10.050551   slack (MET)


Startpoint: A[4] (input port clocked by clk)
Endpoint: result[4] (output port clocked by clk)
Path Group: clk
Path Type: min

Fanout         Cap        Slew       Delay        Time   Description
---------------------------------------------------------------------------------------------
                      0.000000    0.000000    0.000000   clock clk (rise edge)
                                  0.000000    0.000000   clock network delay (ideal)
                                  5.000000    5.000000 v input external delay
     5    0.015436    0.036173    0.024900    5.024900 v A[4] (in)
                                                         A[4] (net)
                      0.036173    0.000000    5.024900 v _73_/A1_N (sky130_fd_sc_hd__a2bb2o_4)
     2    0.037029    0.121413    0.276296    5.301196 ^ _73_/X (sky130_fd_sc_hd__a2bb2o_4)
                                                         result[4] (net)
                      0.121413    0.000143    5.301339 ^ result[4] (out)
                                              5.301339   data arrival time

                      0.000000    0.000000    0.000000   clock clk (rise edge)
                                  0.000000    0.000000   clock network delay (ideal)
                                  0.250000    0.250000   clock uncertainty
                                  0.000000    0.250000   clock reconvergence pessimism
                                 -5.000000   -4.750000   output external delay
                                             -4.750000   data required time
---------------------------------------------------------------------------------------------
                                             -4.750000   data required time
                                             -5.301339   data arrival time
---------------------------------------------------------------------------------------------
                                             10.051339   slack (MET)


Startpoint: A[6] (input port clocked by clk)
Endpoint: result[6] (output port clocked by clk)
Path Group: clk
Path Type: min

Fanout         Cap        Slew       Delay        Time   Description
---------------------------------------------------------------------------------------------
                      0.000000    0.000000    0.000000   clock clk (rise edge)
                                  0.000000    0.000000   clock network delay (ideal)
                                  5.000000    5.000000 ^ input external delay
     7    0.022471    0.106657    0.073267    5.073267 ^ A[6] (in)
                                                         A[6] (net)
                      0.106657    0.000000    5.073267 ^ _78_/S (sky130_fd_sc_hd__mux2_2)
     1    0.004862    0.047130    0.168509    5.241776 ^ _78_/X (sky130_fd_sc_hd__mux2_2)
                                                         _34_ (net)
                      0.047130    0.000007    5.241783 ^ _79_/A (sky130_fd_sc_hd__inv_2)
     1    0.034418    0.077655    0.081074    5.322857 v _79_/Y (sky130_fd_sc_hd__inv_2)
                                                         result[6] (net)
                      0.077655    0.000224    5.323081 v result[6] (out)
                                              5.323081   data arrival time

                      0.000000    0.000000    0.000000   clock clk (rise edge)
                                  0.000000    0.000000   clock network delay (ideal)
                                  0.250000    0.250000   clock uncertainty
                                  0.000000    0.250000   clock reconvergence pessimism
                                 -5.000000   -4.750000   output external delay
                                             -4.750000   data required time
---------------------------------------------------------------------------------------------
                                             -4.750000   data required time
                                             -5.323081   data arrival time
---------------------------------------------------------------------------------------------
                                             10.073081   slack (MET)


Startpoint: A[6] (input port clocked by clk)
Endpoint: ZF (output port clocked by clk)
Path Group: clk
Path Type: min

Fanout         Cap        Slew       Delay        Time   Description
---------------------------------------------------------------------------------------------
                      0.000000    0.000000    0.000000   clock clk (rise edge)
                                  0.000000    0.000000   clock network delay (ideal)
                                  5.000000    5.000000 v input external delay
     7    0.020931    0.048008    0.033610    5.033610 v A[6] (in)
                                                         A[6] (net)
                      0.048008    0.000000    5.033610 v _80_/A1 (sky130_fd_sc_hd__a21oi_2)
     1    0.002786    0.069652    0.105320    5.138931 ^ _80_/Y (sky130_fd_sc_hd__a21oi_2)
                                                         _35_ (net)
                      0.069652    0.000002    5.138933 ^ _82_/C (sky130_fd_sc_hd__or4_4)
     1    0.011917    0.048748    0.135605    5.274538 ^ _82_/X (sky130_fd_sc_hd__or4_4)
                                                         _37_ (net)
                      0.048748    0.000116    5.274654 ^ _83_/D (sky130_fd_sc_hd__nor4_4)
     1    0.034196    0.048557    0.060142    5.334796 v _83_/Y (sky130_fd_sc_hd__nor4_4)
                                                         ZF (net)
                      0.048557    0.000108    5.334904 v ZF (out)
                                              5.334904   data arrival time

                      0.000000    0.000000    0.000000   clock clk (rise edge)
                                  0.000000    0.000000   clock network delay (ideal)
                                  0.250000    0.250000   clock uncertainty
                                  0.000000    0.250000   clock reconvergence pessimism
                                 -5.000000   -4.750000   output external delay
                                             -4.750000   data required time
---------------------------------------------------------------------------------------------
                                             -4.750000   data required time
                                             -5.334904   data arrival time
---------------------------------------------------------------------------------------------
                                             10.084904   slack (MET)


Startpoint: A[5] (input port clocked by clk)
Endpoint: result[5] (output port clocked by clk)
Path Group: clk
Path Type: min

Fanout         Cap        Slew       Delay        Time   Description
---------------------------------------------------------------------------------------------
                      0.000000    0.000000    0.000000   clock clk (rise edge)
                                  0.000000    0.000000   clock network delay (ideal)
                                  5.000000    5.000000 v input external delay
     7    0.022463    0.051324    0.036075    5.036075 v A[5] (in)
                                                         A[5] (net)
                      0.051325    0.000000    5.036075 v _76_/A (sky130_fd_sc_hd__nor2_2)
     1    0.002568    0.059839    0.092649    5.128724 ^ _76_/Y (sky130_fd_sc_hd__nor2_2)
                                                         _33_ (net)
                      0.059839    0.000000    5.128725 ^ _77_/B1 (sky130_fd_sc_hd__a31o_2)
     1    0.034825    0.198544    0.219025    5.347750 ^ _77_/X (sky130_fd_sc_hd__a31o_2)
                                                         result[5] (net)
                      0.198600    0.000202    5.347952 ^ result[5] (out)
                                              5.347952   data arrival time

                      0.000000    0.000000    0.000000   clock clk (rise edge)
                                  0.000000    0.000000   clock network delay (ideal)
                                  0.250000    0.250000   clock uncertainty
                                  0.000000    0.250000   clock reconvergence pessimism
                                 -5.000000   -4.750000   output external delay
                                             -4.750000   data required time
---------------------------------------------------------------------------------------------
                                             -4.750000   data required time
                                             -5.347952   data arrival time
---------------------------------------------------------------------------------------------
                                             10.097952   slack (MET)


Startpoint: A[0] (input port clocked by clk)
Endpoint: result[0] (output port clocked by clk)
Path Group: clk
Path Type: min

Fanout         Cap        Slew       Delay        Time   Description
---------------------------------------------------------------------------------------------
                      0.000000    0.000000    0.000000   clock clk (rise edge)
                                  0.000000    0.000000   clock network delay (ideal)
                                  5.000000    5.000000 ^ input external delay
     1    0.004582    0.027463    0.016477    5.016477 ^ A[0] (in)
                                                         A[0] (net)
                      0.027463    0.000000    5.016477 ^ _51_/S (sky130_fd_sc_hd__mux2_2)
     1    0.004956    0.047577    0.144733    5.161210 ^ _51_/X (sky130_fd_sc_hd__mux2_2)
                                                         _13_ (net)
                      0.047577    0.000007    5.161216 ^ _52_/B1 (sky130_fd_sc_hd__o21a_4)
     2    0.043766    0.140453    0.196368    5.357584 ^ _52_/X (sky130_fd_sc_hd__o21a_4)
                                                         result[0] (net)
                      0.140453    0.000201    5.357785 ^ result[0] (out)
                                              5.357785   data arrival time

                      0.000000    0.000000    0.000000   clock clk (rise edge)
                                  0.000000    0.000000   clock network delay (ideal)
                                  0.250000    0.250000   clock uncertainty
                                  0.000000    0.250000   clock reconvergence pessimism
                                 -5.000000   -4.750000   output external delay
                                             -4.750000   data required time
---------------------------------------------------------------------------------------------
                                             -4.750000   data required time
                                             -5.357785   data arrival time
---------------------------------------------------------------------------------------------
                                             10.107785   slack (MET)


Startpoint: A[1] (input port clocked by clk)
Endpoint: result[1] (output port clocked by clk)
Path Group: clk
Path Type: min

Fanout         Cap        Slew       Delay        Time   Description
---------------------------------------------------------------------------------------------
                      0.000000    0.000000    0.000000   clock clk (rise edge)
                                  0.000000    0.000000   clock network delay (ideal)
                                  5.000000    5.000000 ^ input external delay
     2    0.006541    0.036056    0.022806    5.022806 ^ A[1] (in)
                                                         A[1] (net)
                      0.036056    0.000000    5.022806 ^ _57_/S (sky130_fd_sc_hd__mux2_2)
     1    0.005510    0.050153    0.149808    5.172615 ^ _57_/X (sky130_fd_sc_hd__mux2_2)
                                                         _18_ (net)
                      0.050153    0.000010    5.172625 ^ _61_/B1 (sky130_fd_sc_hd__o211a_4)
     2    0.043544    0.144461    0.238666    5.411290 ^ _61_/X (sky130_fd_sc_hd__o211a_4)
                                                         result[1] (net)
                      0.144461    0.000131    5.411421 ^ result[1] (out)
                                              5.411421   data arrival time

                      0.000000    0.000000    0.000000   clock clk (rise edge)
                                  0.000000    0.000000   clock network delay (ideal)
                                  0.250000    0.250000   clock uncertainty
                                  0.000000    0.250000   clock reconvergence pessimism
                                 -5.000000   -4.750000   output external delay
                                             -4.750000   data required time
---------------------------------------------------------------------------------------------
                                             -4.750000   data required time
                                             -5.411421   data arrival time
---------------------------------------------------------------------------------------------
                                             10.161422   slack (MET)



