Reading timing models for corner nom_ss_100C_1v60…
Reading cell library for the 'nom_ss_100C_1v60' corner at '/foss/pdks/sky130A/libs.ref/sky130_fd_sc_hd/lib/sky130_fd_sc_hd__ss_100C_1v60.lib'…
Reading top-level netlist at '/foss/designs/ALU/runs/RUN_2025-06-08_17-25-06/51-openroad-fillinsertion/ALU_7bit.nl.v'…
Linking design 'ALU_7bit' from netlist…
Warning: /foss/designs/ALU/runs/RUN_2025-06-08_17-25-06/51-openroad-fillinsertion/ALU_7bit.nl.v line 278, module sky130_fd_sc_hd__tapvpwrvgnd_1 not found. Creating black box for TAP_TAPCELL_ROW_0_20.
Warning: /foss/designs/ALU/runs/RUN_2025-06-08_17-25-06/51-openroad-fillinsertion/ALU_7bit.nl.v line 332, module sky130_ef_sc_hd__decap_12 not found. Creating black box for FILLER_0_3.
Warning: /foss/designs/ALU/runs/RUN_2025-06-08_17-25-06/51-openroad-fillinsertion/ALU_7bit.nl.v line 334, module sky130_fd_sc_hd__fill_1 not found. Creating black box for FILLER_0_27.
Warning: /foss/designs/ALU/runs/RUN_2025-06-08_17-25-06/51-openroad-fillinsertion/ALU_7bit.nl.v line 344, module sky130_fd_sc_hd__fill_2 not found. Creating black box for FILLER_1_54.
Reading design constraints file at '/usr/local/lib/python3.12/dist-packages/openlane/scripts/base.sdc'…
Warning: base.sdc line 15, port 'clk' not found.
[INFO] Using clock clk…
[INFO] Setting output delay to: 5.0
[INFO] Setting input delay to: 5.0
Warning: base.sdc line 32, port 'clk' not found.
[INFO] Setting load to: 0.033442
[INFO] Setting clock uncertainty to: 0.25
[INFO] Setting clock transition to: 0.1499999999999999944488848768742172978818416595458984375
Warning: base.sdc line 69, transition time can not be specified for virtual clocks.
[INFO] Setting timing derate to: 5%
Warning: base.sdc line 79, virtual clock clk can not be propagated.
Reading top-level design parasitics for the 'nom_ss_100C_1v60' corner at '/foss/designs/ALU/runs/RUN_2025-06-08_17-25-06/53-openroad-rcx/nom/ALU_7bit.nom.spef'…
%OL_CREATE_REPORT min.rpt

===========================================================================
report_checks -path_delay min (Hold)
============================================================================
======================= nom_ss_100C_1v60 Corner ===================================

Startpoint: A[2] (input port clocked by clk)
Endpoint: result[2] (output port clocked by clk)
Path Group: clk
Path Type: min

Fanout         Cap        Slew       Delay        Time   Description
---------------------------------------------------------------------------------------------
                      0.000000    0.000000    0.000000   clock clk (rise edge)
                                  0.000000    0.000000   clock network delay (ideal)
                                  5.000000    5.000000 v input external delay
     1    0.002882    0.018771    0.009497    5.009497 v A[2] (in)
                                                         A[2] (net)
                      0.018771    0.000000    5.009497 v input3/A (sky130_fd_sc_hd__buf_1)
     3    0.011622    0.141179    0.211834    5.221331 v input3/X (sky130_fd_sc_hd__buf_1)
                                                         net3 (net)
                      0.141179    0.000347    5.221677 v _62_/A (sky130_fd_sc_hd__inv_2)
     1    0.004191    0.056650    0.101503    5.323180 ^ _62_/Y (sky130_fd_sc_hd__inv_2)
                                                         _22_ (net)
                      0.056650    0.000137    5.323317 ^ _67_/A1 (sky130_fd_sc_hd__a211o_1)
     2    0.005300    0.090596    0.243528    5.566845 ^ _67_/X (sky130_fd_sc_hd__a211o_1)
                                                         net15 (net)
                      0.090596    0.000071    5.566916 ^ output15/A (sky130_fd_sc_hd__buf_2)
     1    0.034316    0.272540    0.353297    5.920212 ^ output15/X (sky130_fd_sc_hd__buf_2)
                                                         result[2] (net)
                      0.272540    0.000691    5.920903 ^ result[2] (out)
                                              5.920903   data arrival time

                      0.000000    0.000000    0.000000   clock clk (rise edge)
                                  0.000000    0.000000   clock network delay (ideal)
                                  0.250000    0.250000   clock uncertainty
                                  0.000000    0.250000   clock reconvergence pessimism
                                 -5.000000   -4.750000   output external delay
                                             -4.750000   data required time
---------------------------------------------------------------------------------------------
                                             -4.750000   data required time
                                             -5.920903   data arrival time
---------------------------------------------------------------------------------------------
                                             10.670902   slack (MET)


Startpoint: A[2] (input port clocked by clk)
Endpoint: ZF (output port clocked by clk)
Path Group: clk
Path Type: min

Fanout         Cap        Slew       Delay        Time   Description
---------------------------------------------------------------------------------------------
                      0.000000    0.000000    0.000000   clock clk (rise edge)
                                  0.000000    0.000000   clock network delay (ideal)
                                  5.000000    5.000000 v input external delay
     1    0.002882    0.018771    0.009497    5.009497 v A[2] (in)
                                                         A[2] (net)
                      0.018771    0.000000    5.009497 v input3/A (sky130_fd_sc_hd__buf_1)
     3    0.011622    0.141179    0.211834    5.221331 v input3/X (sky130_fd_sc_hd__buf_1)
                                                         net3 (net)
                      0.141179    0.000347    5.221677 v _62_/A (sky130_fd_sc_hd__inv_2)
     1    0.004191    0.056650    0.101503    5.323180 ^ _62_/Y (sky130_fd_sc_hd__inv_2)
                                                         _22_ (net)
                      0.056650    0.000137    5.323317 ^ _67_/A1 (sky130_fd_sc_hd__a211o_1)
     2    0.005300    0.090596    0.243528    5.566845 ^ _67_/X (sky130_fd_sc_hd__a211o_1)
                                                         net15 (net)
                      0.090596    0.000123    5.566968 ^ _83_/C (sky130_fd_sc_hd__nor4_1)
     1    0.001870    0.044711    0.085080    5.652048 v _83_/Y (sky130_fd_sc_hd__nor4_1)
                                                         net12 (net)
                      0.044711    0.000052    5.652101 v output12/A (sky130_fd_sc_hd__buf_2)
     1    0.034695    0.167764    0.334242    5.986343 v output12/X (sky130_fd_sc_hd__buf_2)
                                                         ZF (net)
                      0.167766    0.000810    5.987153 v ZF (out)
                                              5.987153   data arrival time

                      0.000000    0.000000    0.000000   clock clk (rise edge)
                                  0.000000    0.000000   clock network delay (ideal)
                                  0.250000    0.250000   clock uncertainty
                                  0.000000    0.250000   clock reconvergence pessimism
                                 -5.000000   -4.750000   output external delay
                                             -4.750000   data required time
---------------------------------------------------------------------------------------------
                                             -4.750000   data required time
                                             -5.987153   data arrival time
---------------------------------------------------------------------------------------------
                                             10.737153   slack (MET)


Startpoint: A[6] (input port clocked by clk)
Endpoint: result[6] (output port clocked by clk)
Path Group: clk
Path Type: min

Fanout         Cap        Slew       Delay        Time   Description
---------------------------------------------------------------------------------------------
                      0.000000    0.000000    0.000000   clock clk (rise edge)
                                  0.000000    0.000000   clock network delay (ideal)
                                  5.000000    5.000000 ^ input external delay
     1    0.004115    0.041106    0.022727    5.022727 ^ A[6] (in)
                                                         A[6] (net)
                      0.041106    0.000000    5.022727 ^ input7/A (sky130_fd_sc_hd__clkbuf_2)
     7    0.022961    0.203135    0.275853    5.298580 ^ input7/X (sky130_fd_sc_hd__clkbuf_2)
                                                         net7 (net)
                      0.203135    0.000510    5.299089 ^ _78_/S (sky130_fd_sc_hd__mux2_1)
     1    0.005341    0.103049    0.323075    5.622164 ^ _78_/X (sky130_fd_sc_hd__mux2_1)
                                                         _34_ (net)
                      0.103049    0.000163    5.622327 ^ _79_/A (sky130_fd_sc_hd__inv_2)
     1    0.001779    0.025672    0.059476    5.681803 v _79_/Y (sky130_fd_sc_hd__inv_2)
                                                         net19 (net)
                      0.025672    0.000034    5.681837 v output19/A (sky130_fd_sc_hd__buf_2)
     1    0.034490    0.166988    0.324955    6.006792 v output19/X (sky130_fd_sc_hd__buf_2)
                                                         result[6] (net)
                      0.166989    0.000794    6.007586 v result[6] (out)
                                              6.007586   data arrival time

                      0.000000    0.000000    0.000000   clock clk (rise edge)
                                  0.000000    0.000000   clock network delay (ideal)
                                  0.250000    0.250000   clock uncertainty
                                  0.000000    0.250000   clock reconvergence pessimism
                                 -5.000000   -4.750000   output external delay
                                             -4.750000   data required time
---------------------------------------------------------------------------------------------
                                             -4.750000   data required time
                                             -6.007586   data arrival time
---------------------------------------------------------------------------------------------
                                             10.757586   slack (MET)


Startpoint: A[0] (input port clocked by clk)
Endpoint: result[0] (output port clocked by clk)
Path Group: clk
Path Type: min

Fanout         Cap        Slew       Delay        Time   Description
---------------------------------------------------------------------------------------------
                      0.000000    0.000000    0.000000   clock clk (rise edge)
                                  0.000000    0.000000   clock network delay (ideal)
                                  5.000000    5.000000 ^ input external delay
     1    0.003135    0.034472    0.017565    5.017565 ^ A[0] (in)
                                                         A[0] (net)
                      0.034472    0.000000    5.017565 ^ input1/A (sky130_fd_sc_hd__clkbuf_1)
     1    0.004685    0.105289    0.159383    5.176948 ^ input1/X (sky130_fd_sc_hd__clkbuf_1)
                                                         net1 (net)
                      0.105289    0.000153    5.177101 ^ _51_/S (sky130_fd_sc_hd__mux2_1)
     1    0.002935    0.073739    0.257950    5.435051 ^ _51_/X (sky130_fd_sc_hd__mux2_1)
                                                         _13_ (net)
                      0.073739    0.000084    5.435135 ^ _52_/B1 (sky130_fd_sc_hd__o21a_1)
     2    0.005403    0.103908    0.247969    5.683104 ^ _52_/X (sky130_fd_sc_hd__o21a_1)
                                                         net13 (net)
                      0.103908    0.000084    5.683188 ^ output13/A (sky130_fd_sc_hd__buf_2)
     1    0.034435    0.273460    0.360155    6.043343 ^ output13/X (sky130_fd_sc_hd__buf_2)
                                                         result[0] (net)
                      0.273460    0.000723    6.044065 ^ result[0] (out)
                                              6.044065   data arrival time

                      0.000000    0.000000    0.000000   clock clk (rise edge)
                                  0.000000    0.000000   clock network delay (ideal)
                                  0.250000    0.250000   clock uncertainty
                                  0.000000    0.250000   clock reconvergence pessimism
                                 -5.000000   -4.750000   output external delay
                                             -4.750000   data required time
---------------------------------------------------------------------------------------------
                                             -4.750000   data required time
                                             -6.044065   data arrival time
---------------------------------------------------------------------------------------------
                                             10.794065   slack (MET)


Startpoint: A[5] (input port clocked by clk)
Endpoint: result[5] (output port clocked by clk)
Path Group: clk
Path Type: min

Fanout         Cap        Slew       Delay        Time   Description
---------------------------------------------------------------------------------------------
                      0.000000    0.000000    0.000000   clock clk (rise edge)
                                  0.000000    0.000000   clock network delay (ideal)
                                  5.000000    5.000000 v input external delay
     1    0.004410    0.024771    0.014318    5.014318 v A[5] (in)
                                                         A[5] (net)
                      0.024780    0.000000    5.014318 v input6/A (sky130_fd_sc_hd__clkbuf_2)
     7    0.023069    0.167654    0.261545    5.275863 v input6/X (sky130_fd_sc_hd__clkbuf_2)
                                                         net6 (net)
                      0.167654    0.000379    5.276242 v _76_/A (sky130_fd_sc_hd__nor2_1)
     1    0.003509    0.148380    0.218767    5.495009 ^ _76_/Y (sky130_fd_sc_hd__nor2_1)
                                                         _33_ (net)
                      0.148380    0.000108    5.495117 ^ _77_/B1 (sky130_fd_sc_hd__a31o_1)
     1    0.003463    0.079935    0.202343    5.697460 ^ _77_/X (sky130_fd_sc_hd__a31o_1)
                                                         net18 (net)
                      0.079935    0.000116    5.697577 ^ output18/A (sky130_fd_sc_hd__buf_2)
     1    0.034021    0.270317    0.346786    6.044363 ^ output18/X (sky130_fd_sc_hd__buf_2)
                                                         result[5] (net)
                      0.270317    0.000615    6.044978 ^ result[5] (out)
                                              6.044978   data arrival time

                      0.000000    0.000000    0.000000   clock clk (rise edge)
                                  0.000000    0.000000   clock network delay (ideal)
                                  0.250000    0.250000   clock uncertainty
                                  0.000000    0.250000   clock reconvergence pessimism
                                 -5.000000   -4.750000   output external delay
                                             -4.750000   data required time
---------------------------------------------------------------------------------------------
                                             -4.750000   data required time
                                             -6.044978   data arrival time
---------------------------------------------------------------------------------------------
                                             10.794977   slack (MET)


Startpoint: A[5] (input port clocked by clk)
Endpoint: result[4] (output port clocked by clk)
Path Group: clk
Path Type: min

Fanout         Cap        Slew       Delay        Time   Description
---------------------------------------------------------------------------------------------
                      0.000000    0.000000    0.000000   clock clk (rise edge)
                                  0.000000    0.000000   clock network delay (ideal)
                                  5.000000    5.000000 ^ input external delay
     1    0.004595    0.044424    0.025279    5.025279 ^ A[5] (in)
                                                         A[5] (net)
                      0.044424    0.000000    5.025279 ^ input6/A (sky130_fd_sc_hd__clkbuf_2)
     7    0.024226    0.213356    0.284499    5.309778 ^ input6/X (sky130_fd_sc_hd__clkbuf_2)
                                                         net6 (net)
                      0.213356    0.000477    5.310255 ^ _72_/A2 (sky130_fd_sc_hd__o21a_1)
     1    0.001865    0.057288    0.244172    5.554427 ^ _72_/X (sky130_fd_sc_hd__o21a_1)
                                                         _30_ (net)
                      0.057288    0.000037    5.554464 ^ _73_/B2 (sky130_fd_sc_hd__a2bb2o_1)
     2    0.005003    0.099655    0.249515    5.803979 ^ _73_/X (sky130_fd_sc_hd__a2bb2o_1)
                                                         net17 (net)
                      0.099655    0.000083    5.804062 ^ output17/A (sky130_fd_sc_hd__buf_2)
     1    0.034239    0.271976    0.357171    6.161233 ^ output17/X (sky130_fd_sc_hd__buf_2)
                                                         result[4] (net)
                      0.271976    0.000641    6.161874 ^ result[4] (out)
                                              6.161874   data arrival time

                      0.000000    0.000000    0.000000   clock clk (rise edge)
                                  0.000000    0.000000   clock network delay (ideal)
                                  0.250000    0.250000   clock uncertainty
                                  0.000000    0.250000   clock reconvergence pessimism
                                 -5.000000   -4.750000   output external delay
                                             -4.750000   data required time
---------------------------------------------------------------------------------------------
                                             -4.750000   data required time
                                             -6.161874   data arrival time
---------------------------------------------------------------------------------------------
                                             10.911875   slack (MET)


Startpoint: A[1] (input port clocked by clk)
Endpoint: result[1] (output port clocked by clk)
Path Group: clk
Path Type: min

Fanout         Cap        Slew       Delay        Time   Description
---------------------------------------------------------------------------------------------
                      0.000000    0.000000    0.000000   clock clk (rise edge)
                                  0.000000    0.000000   clock network delay (ideal)
                                  5.000000    5.000000 ^ input external delay
     1    0.003516    0.037033    0.019577    5.019577 ^ A[1] (in)
                                                         A[1] (net)
                      0.037033    0.000000    5.019577 ^ input2/A (sky130_fd_sc_hd__clkbuf_1)
     2    0.007588    0.157441    0.198093    5.217669 ^ input2/X (sky130_fd_sc_hd__clkbuf_1)
                                                         net2 (net)
                      0.157441    0.000241    5.217910 ^ _57_/S (sky130_fd_sc_hd__mux2_1)
     1    0.003074    0.075443    0.279473    5.497384 ^ _57_/X (sky130_fd_sc_hd__mux2_1)
                                                         _18_ (net)
                      0.075443    0.000088    5.497472 ^ _61_/B1 (sky130_fd_sc_hd__o211a_1)
     2    0.005004    0.098983    0.325358    5.822830 ^ _61_/X (sky130_fd_sc_hd__o211a_1)
                                                         net14 (net)
                      0.098983    0.000096    5.822926 ^ output14/A (sky130_fd_sc_hd__buf_2)
     1    0.034387    0.273091    0.357610    6.180535 ^ output14/X (sky130_fd_sc_hd__buf_2)
                                                         result[1] (net)
                      0.273091    0.000694    6.181229 ^ result[1] (out)
                                              6.181229   data arrival time

                      0.000000    0.000000    0.000000   clock clk (rise edge)
                                  0.000000    0.000000   clock network delay (ideal)
                                  0.250000    0.250000   clock uncertainty
                                  0.000000    0.250000   clock reconvergence pessimism
                                 -5.000000   -4.750000   output external delay
                                             -4.750000   data required time
---------------------------------------------------------------------------------------------
                                             -4.750000   data required time
                                             -6.181229   data arrival time
---------------------------------------------------------------------------------------------
                                             10.931230   slack (MET)


Startpoint: A[3] (input port clocked by clk)
Endpoint: result[3] (output port clocked by clk)
Path Group: clk
Path Type: min

Fanout         Cap        Slew       Delay        Time   Description
---------------------------------------------------------------------------------------------
                      0.000000    0.000000    0.000000   clock clk (rise edge)
                                  0.000000    0.000000   clock network delay (ideal)
                                  5.000000    5.000000 v input external delay
     1    0.002567    0.017576    0.008498    5.008498 v A[3] (in)
                                                         A[3] (net)
                      0.017576    0.000000    5.008498 v input4/A (sky130_fd_sc_hd__buf_1)
     5    0.015323    0.181158    0.240643    5.249141 v input4/X (sky130_fd_sc_hd__buf_1)
                                                         net4 (net)
                      0.181158    0.000209    5.249351 v _69_/A1_N (sky130_fd_sc_hd__a2bb2o_1)
     2    0.004683    0.095389    0.573109    5.822460 ^ _69_/X (sky130_fd_sc_hd__a2bb2o_1)
                                                         net16 (net)
                      0.095389    0.000121    5.822580 ^ output16/A (sky130_fd_sc_hd__buf_2)
     1    0.035174    0.278948    0.360015    6.182595 ^ output16/X (sky130_fd_sc_hd__buf_2)
                                                         result[3] (net)
                      0.278948    0.000810    6.183405 ^ result[3] (out)
                                              6.183405   data arrival time

                      0.000000    0.000000    0.000000   clock clk (rise edge)
                                  0.000000    0.000000   clock network delay (ideal)
                                  0.250000    0.250000   clock uncertainty
                                  0.000000    0.250000   clock reconvergence pessimism
                                 -5.000000   -4.750000   output external delay
                                             -4.750000   data required time
---------------------------------------------------------------------------------------------
                                             -4.750000   data required time
                                             -6.183405   data arrival time
---------------------------------------------------------------------------------------------
                                             10.933406   slack (MET)



%OL_END_REPORT
%OL_CREATE_REPORT max.rpt

===========================================================================
report_checks -path_delay max (Setup)
============================================================================
======================= nom_ss_100C_1v60 Corner ===================================

Startpoint: B[0] (input port clocked by clk)
Endpoint: ZF (output port clocked by clk)
Path Group: clk
Path Type: max

Fanout         Cap        Slew       Delay        Time   Description
---------------------------------------------------------------------------------------------
                      0.000000    0.000000    0.000000   clock clk (rise edge)
                                  0.000000    0.000000   clock network delay (ideal)
                                  5.000000    5.000000 ^ input external delay
     1    0.003551    0.037266    0.019762    5.019763 ^ B[0] (in)
                                                         B[0] (net)
                      0.037266    0.000000    5.019763 ^ input8/A (sky130_fd_sc_hd__buf_1)
     3    0.012981    0.255114    0.268064    5.287827 ^ input8/X (sky130_fd_sc_hd__buf_1)
                                                         net8 (net)
                      0.255114    0.000207    5.288033 ^ fanout20/A (sky130_fd_sc_hd__buf_2)
    10    0.032562    0.260029    0.418216    5.706249 ^ fanout20/X (sky130_fd_sc_hd__buf_2)
                                                         net20 (net)
                      0.260035    0.001573    5.707822 ^ _68_/S0 (sky130_fd_sc_hd__mux4_1)
     1    0.002333    0.145956    1.272754    6.980577 v _68_/X (sky130_fd_sc_hd__mux4_1)
                                                         _27_ (net)
                      0.145956    0.000065    6.980641 v _69_/B2 (sky130_fd_sc_hd__a2bb2o_1)
     2    0.004415    0.116112    0.585567    7.566208 v _69_/X (sky130_fd_sc_hd__a2bb2o_1)
                                                         net16 (net)
                      0.116112    0.000095    7.566303 v _82_/A (sky130_fd_sc_hd__or4_1)
     1    0.007353    0.230656    1.307696    8.874000 v _82_/X (sky130_fd_sc_hd__or4_1)
                                                         _37_ (net)
                      0.230656    0.000303    8.874303 v _83_/D (sky130_fd_sc_hd__nor4_1)
     1    0.001998    0.335513    0.306227    9.180530 ^ _83_/Y (sky130_fd_sc_hd__nor4_1)
                                                         net12 (net)
                      0.335513    0.000056    9.180586 ^ output12/A (sky130_fd_sc_hd__buf_2)
     1    0.034695    0.276142    0.461058    9.641644 ^ output12/X (sky130_fd_sc_hd__buf_2)
                                                         ZF (net)
                      0.276142    0.000810    9.642453 ^ ZF (out)
                                              9.642453   data arrival time

                      0.000000   25.000000   25.000000   clock clk (rise edge)
                                  0.000000   25.000000   clock network delay (ideal)
                                 -0.250000   24.750000   clock uncertainty
                                  0.000000   24.750000   clock reconvergence pessimism
                                 -5.000000   19.750000   output external delay
                                             19.750000   data required time
---------------------------------------------------------------------------------------------
                                             19.750000   data required time
                                             -9.642453   data arrival time
---------------------------------------------------------------------------------------------
                                             10.107546   slack (MET)


Startpoint: B[0] (input port clocked by clk)
Endpoint: result[0] (output port clocked by clk)
Path Group: clk
Path Type: max

Fanout         Cap        Slew       Delay        Time   Description
---------------------------------------------------------------------------------------------
                      0.000000    0.000000    0.000000   clock clk (rise edge)
                                  0.000000    0.000000   clock network delay (ideal)
                                  5.000000    5.000000 ^ input external delay
     1    0.003551    0.037266    0.019762    5.019763 ^ B[0] (in)
                                                         B[0] (net)
                      0.037266    0.000000    5.019763 ^ input8/A (sky130_fd_sc_hd__buf_1)
     3    0.012981    0.255114    0.268064    5.287827 ^ input8/X (sky130_fd_sc_hd__buf_1)
                                                         net8 (net)
                      0.255114    0.000207    5.288033 ^ fanout20/A (sky130_fd_sc_hd__buf_2)
    10    0.032562    0.260029    0.418216    5.706249 ^ fanout20/X (sky130_fd_sc_hd__buf_2)
                                                         net20 (net)
                      0.260033    0.001389    5.707639 ^ _41_/S (sky130_fd_sc_hd__mux2_1)
     2    0.006113    0.142464    0.812930    6.520569 v _41_/X (sky130_fd_sc_hd__mux2_1)
                                                         _03_ (net)
                      0.142464    0.000103    6.520672 v _44_/A2 (sky130_fd_sc_hd__o211a_1)
     1    0.002654    0.069846    0.400619    6.921291 v _44_/X (sky130_fd_sc_hd__o211a_1)
                                                         _06_ (net)
                      0.069847    0.000075    6.921367 v _48_/B1 (sky130_fd_sc_hd__a211o_1)
     1    0.003351    0.090266    0.502201    7.423568 v _48_/X (sky130_fd_sc_hd__a211o_1)
                                                         _10_ (net)
                      0.090266    0.000104    7.423672 v _52_/A2 (sky130_fd_sc_hd__o21a_1)
     2    0.005121    0.085808    0.338108    7.761780 v _52_/X (sky130_fd_sc_hd__o21a_1)
                                                         net13 (net)
                      0.085808    0.000080    7.761860 v output13/A (sky130_fd_sc_hd__buf_2)
     1    0.034435    0.166554    0.352464    8.114324 v output13/X (sky130_fd_sc_hd__buf_2)
                                                         result[0] (net)
                      0.166555    0.000722    8.115046 v result[0] (out)
                                              8.115046   data arrival time

                      0.000000   25.000000   25.000000   clock clk (rise edge)
                                  0.000000   25.000000   clock network delay (ideal)
                                 -0.250000   24.750000   clock uncertainty
                                  0.000000   24.750000   clock reconvergence pessimism
                                 -5.000000   19.750000   output external delay
                                             19.750000   data required time
---------------------------------------------------------------------------------------------
                                             19.750000   data required time
                                             -8.115046   data arrival time
---------------------------------------------------------------------------------------------
                                             11.634953   slack (MET)


Startpoint: OP (input port clocked by clk)
Endpoint: result[1] (output port clocked by clk)
Path Group: clk
Path Type: max

Fanout         Cap        Slew       Delay        Time   Description
---------------------------------------------------------------------------------------------
                      0.000000    0.000000    0.000000   clock clk (rise edge)
                                  0.000000    0.000000   clock network delay (ideal)
                                  5.000000    5.000000 ^ input external delay
     1    0.003331    0.035784    0.018595    5.018596 ^ OP (in)
                                                         OP (net)
                      0.035784    0.000000    5.018596 ^ input11/A (sky130_fd_sc_hd__buf_1)
     3    0.010613    0.212116    0.236799    5.255394 ^ input11/X (sky130_fd_sc_hd__buf_1)
                                                         net11 (net)
                      0.212177    0.000226    5.255621 ^ fanout21/A (sky130_fd_sc_hd__clkbuf_2)
    10    0.031642    0.273564    0.403248    5.658869 ^ fanout21/X (sky130_fd_sc_hd__clkbuf_2)
                                                         net21 (net)
                      0.273568    0.001540    5.660409 ^ _38_/A (sky130_fd_sc_hd__inv_2)
     5    0.013794    0.094776    0.170475    5.830884 v _38_/Y (sky130_fd_sc_hd__inv_2)
                                                         _00_ (net)
                      0.094776    0.000161    5.831044 v _50_/B (sky130_fd_sc_hd__or3b_1)
     3    0.007031    0.181193    0.875007    6.706051 v _50_/X (sky130_fd_sc_hd__or3b_1)
                                                         _12_ (net)
                      0.181193    0.000210    6.706261 v _57_/A0 (sky130_fd_sc_hd__mux2_1)
     1    0.002929    0.111563    0.673280    7.379541 v _57_/X (sky130_fd_sc_hd__mux2_1)
                                                         _18_ (net)
                      0.111563    0.000084    7.379625 v _61_/B1 (sky130_fd_sc_hd__o211a_1)
     2    0.004639    0.088964    0.263879    7.643504 v _61_/X (sky130_fd_sc_hd__o211a_1)
                                                         net14 (net)
                      0.088964    0.000090    7.643593 v output14/A (sky130_fd_sc_hd__buf_2)
     1    0.034387    0.166362    0.353851    7.997445 v output14/X (sky130_fd_sc_hd__buf_2)
                                                         result[1] (net)
                      0.166362    0.000694    7.998138 v result[1] (out)
                                              7.998138   data arrival time

                      0.000000   25.000000   25.000000   clock clk (rise edge)
                                  0.000000   25.000000   clock network delay (ideal)
                                 -0.250000   24.750000   clock uncertainty
                                  0.000000   24.750000   clock reconvergence pessimism
                                 -5.000000   19.750000   output external delay
                                             19.750000   data required time
---------------------------------------------------------------------------------------------
                                             19.750000   data required time
                                             -7.998138   data arrival time
---------------------------------------------------------------------------------------------
                                             11.751862   slack (MET)


Startpoint: B[0] (input port clocked by clk)
Endpoint: result[3] (output port clocked by clk)
Path Group: clk
Path Type: max

Fanout         Cap        Slew       Delay        Time   Description
---------------------------------------------------------------------------------------------
                      0.000000    0.000000    0.000000   clock clk (rise edge)
                                  0.000000    0.000000   clock network delay (ideal)
                                  5.000000    5.000000 ^ input external delay
     1    0.003551    0.037266    0.019762    5.019763 ^ B[0] (in)
                                                         B[0] (net)
                      0.037266    0.000000    5.019763 ^ input8/A (sky130_fd_sc_hd__buf_1)
     3    0.012981    0.255114    0.268064    5.287827 ^ input8/X (sky130_fd_sc_hd__buf_1)
                                                         net8 (net)
                      0.255114    0.000207    5.288033 ^ fanout20/A (sky130_fd_sc_hd__buf_2)
    10    0.032562    0.260029    0.418216    5.706249 ^ fanout20/X (sky130_fd_sc_hd__buf_2)
                                                         net20 (net)
                      0.260035    0.001573    5.707822 ^ _68_/S0 (sky130_fd_sc_hd__mux4_1)
     1    0.002333    0.145956    1.272754    6.980577 v _68_/X (sky130_fd_sc_hd__mux4_1)
                                                         _27_ (net)
                      0.145956    0.000065    6.980641 v _69_/B2 (sky130_fd_sc_hd__a2bb2o_1)
     2    0.004415    0.116112    0.585567    7.566208 v _69_/X (sky130_fd_sc_hd__a2bb2o_1)
                                                         net16 (net)
                      0.116112    0.000114    7.566322 v output16/A (sky130_fd_sc_hd__buf_2)
     1    0.035174    0.169548    0.369378    7.935700 v output16/X (sky130_fd_sc_hd__buf_2)
                                                         result[3] (net)
                      0.169549    0.000810    7.936511 v result[3] (out)
                                              7.936511   data arrival time

                      0.000000   25.000000   25.000000   clock clk (rise edge)
                                  0.000000   25.000000   clock network delay (ideal)
                                 -0.250000   24.750000   clock uncertainty
                                  0.000000   24.750000   clock reconvergence pessimism
                                 -5.000000   19.750000   output external delay
                                             19.750000   data required time
---------------------------------------------------------------------------------------------
                                             19.750000   data required time
                                             -7.936511   data arrival time
---------------------------------------------------------------------------------------------
                                             11.813489   slack (MET)


Startpoint: OP (input port clocked by clk)
Endpoint: result[6] (output port clocked by clk)
Path Group: clk
Path Type: max

Fanout         Cap        Slew       Delay        Time   Description
---------------------------------------------------------------------------------------------
                      0.000000    0.000000    0.000000   clock clk (rise edge)
                                  0.000000    0.000000   clock network delay (ideal)
                                  5.000000    5.000000 ^ input external delay
     1    0.003331    0.035784    0.018595    5.018596 ^ OP (in)
                                                         OP (net)
                      0.035784    0.000000    5.018596 ^ input11/A (sky130_fd_sc_hd__buf_1)
     3    0.010613    0.212116    0.236799    5.255394 ^ input11/X (sky130_fd_sc_hd__buf_1)
                                                         net11 (net)
                      0.212177    0.000226    5.255621 ^ fanout21/A (sky130_fd_sc_hd__clkbuf_2)
    10    0.031642    0.273564    0.403248    5.658869 ^ fanout21/X (sky130_fd_sc_hd__clkbuf_2)
                                                         net21 (net)
                      0.273568    0.001540    5.660409 ^ _38_/A (sky130_fd_sc_hd__inv_2)
     5    0.013794    0.094776    0.170475    5.830884 v _38_/Y (sky130_fd_sc_hd__inv_2)
                                                         _00_ (net)
                      0.094776    0.000161    5.831044 v _50_/B (sky130_fd_sc_hd__or3b_1)
     3    0.007031    0.181193    0.875007    6.706051 v _50_/X (sky130_fd_sc_hd__or3b_1)
                                                         _12_ (net)
                      0.181193    0.000159    6.706210 v _78_/A1 (sky130_fd_sc_hd__mux2_1)
     1    0.005032    0.134136    0.728626    7.434836 v _78_/X (sky130_fd_sc_hd__mux2_1)
                                                         _34_ (net)
                      0.134136    0.000153    7.434989 v _79_/A (sky130_fd_sc_hd__inv_2)
     1    0.001907    0.042792    0.083232    7.518221 ^ _79_/Y (sky130_fd_sc_hd__inv_2)
                                                         net19 (net)
                      0.042792    0.000036    7.518257 ^ output19/A (sky130_fd_sc_hd__buf_2)
     1    0.034490    0.273777    0.332120    7.850378 ^ output19/X (sky130_fd_sc_hd__buf_2)
                                                         result[6] (net)
                      0.273777    0.000794    7.851171 ^ result[6] (out)
                                              7.851171   data arrival time

                      0.000000   25.000000   25.000000   clock clk (rise edge)
                                  0.000000   25.000000   clock network delay (ideal)
                                 -0.250000   24.750000   clock uncertainty
                                  0.000000   24.750000   clock reconvergence pessimism
                                 -5.000000   19.750000   output external delay
                                             19.750000   data required time
---------------------------------------------------------------------------------------------
                                             19.750000   data required time
                                             -7.851171   data arrival time
---------------------------------------------------------------------------------------------
                                             11.898829   slack (MET)


Startpoint: B[0] (input port clocked by clk)
Endpoint: result[2] (output port clocked by clk)
Path Group: clk
Path Type: max

Fanout         Cap        Slew       Delay        Time   Description
---------------------------------------------------------------------------------------------
                      0.000000    0.000000    0.000000   clock clk (rise edge)
                                  0.000000    0.000000   clock network delay (ideal)
                                  5.000000    5.000000 ^ input external delay
     1    0.003551    0.037266    0.019762    5.019763 ^ B[0] (in)
                                                         B[0] (net)
                      0.037266    0.000000    5.019763 ^ input8/A (sky130_fd_sc_hd__buf_1)
     3    0.012981    0.255114    0.268064    5.287827 ^ input8/X (sky130_fd_sc_hd__buf_1)
                                                         net8 (net)
                      0.255114    0.000207    5.288033 ^ fanout20/A (sky130_fd_sc_hd__buf_2)
    10    0.032562    0.260029    0.418216    5.706249 ^ fanout20/X (sky130_fd_sc_hd__buf_2)
                                                         net20 (net)
                      0.260029    0.000665    5.706914 ^ _40_/A_N (sky130_fd_sc_hd__and2b_1)
     3    0.009868    0.123024    0.491920    6.198834 v _40_/X (sky130_fd_sc_hd__and2b_1)
                                                         _02_ (net)
                      0.123024    0.000123    6.198957 v _63_/B1 (sky130_fd_sc_hd__a211o_1)
     1    0.002815    0.085028    0.514845    6.713802 v _63_/X (sky130_fd_sc_hd__a211o_1)
                                                         _23_ (net)
                      0.085028    0.000059    6.713861 v _64_/B1 (sky130_fd_sc_hd__o2111a_1)
     1    0.003019    0.074232    0.247229    6.961090 v _64_/X (sky130_fd_sc_hd__o2111a_1)
                                                         _24_ (net)
                      0.074232    0.000088    6.961178 v _67_/B1 (sky130_fd_sc_hd__a211o_1)
     2    0.004881    0.105713    0.524257    7.485435 v _67_/X (sky130_fd_sc_hd__a211o_1)
                                                         net15 (net)
                      0.105713    0.000065    7.485499 v output15/A (sky130_fd_sc_hd__buf_2)
     1    0.034316    0.166098    0.361701    7.847200 v output15/X (sky130_fd_sc_hd__buf_2)
                                                         result[2] (net)
                      0.166098    0.000690    7.847890 v result[2] (out)
                                              7.847890   data arrival time

                      0.000000   25.000000   25.000000   clock clk (rise edge)
                                  0.000000   25.000000   clock network delay (ideal)
                                 -0.250000   24.750000   clock uncertainty
                                  0.000000   24.750000   clock reconvergence pessimism
                                 -5.000000   19.750000   output external delay
                                             19.750000   data required time
---------------------------------------------------------------------------------------------
                                             19.750000   data required time
                                             -7.847890   data arrival time
---------------------------------------------------------------------------------------------
                                             11.902109   slack (MET)


Startpoint: B[0] (input port clocked by clk)
Endpoint: result[4] (output port clocked by clk)
Path Group: clk
Path Type: max

Fanout         Cap        Slew       Delay        Time   Description
---------------------------------------------------------------------------------------------
                      0.000000    0.000000    0.000000   clock clk (rise edge)
                                  0.000000    0.000000   clock network delay (ideal)
                                  5.000000    5.000000 ^ input external delay
     1    0.003551    0.037266    0.019762    5.019763 ^ B[0] (in)
                                                         B[0] (net)
                      0.037266    0.000000    5.019763 ^ input8/A (sky130_fd_sc_hd__buf_1)
     3    0.012981    0.255114    0.268064    5.287827 ^ input8/X (sky130_fd_sc_hd__buf_1)
                                                         net8 (net)
                      0.255114    0.000207    5.288033 ^ fanout20/A (sky130_fd_sc_hd__buf_2)
    10    0.032562    0.260029    0.418216    5.706249 ^ fanout20/X (sky130_fd_sc_hd__buf_2)
                                                         net20 (net)
                      0.260034    0.001525    5.707775 ^ _45_/A_N (sky130_fd_sc_hd__and2b_1)
     3    0.011029    0.132900    0.501284    6.209058 v _45_/X (sky130_fd_sc_hd__and2b_1)
                                                         _07_ (net)
                      0.132900    0.000165    6.209224 v _71_/A2 (sky130_fd_sc_hd__o21a_1)
     1    0.002715    0.064188    0.330707    6.539931 v _71_/X (sky130_fd_sc_hd__o21a_1)
                                                         _29_ (net)
                      0.064188    0.000085    6.540016 v _73_/B1 (sky130_fd_sc_hd__a2bb2o_1)
     2    0.004719    0.118906    0.602409    7.142426 v _73_/X (sky130_fd_sc_hd__a2bb2o_1)
                                                         net17 (net)
                      0.118906    0.000078    7.142503 v output17/A (sky130_fd_sc_hd__buf_2)
     1    0.034239    0.165797    0.367849    7.510353 v output17/X (sky130_fd_sc_hd__buf_2)
                                                         result[4] (net)
                      0.165797    0.000641    7.510994 v result[4] (out)
                                              7.510994   data arrival time

                      0.000000   25.000000   25.000000   clock clk (rise edge)
                                  0.000000   25.000000   clock network delay (ideal)
                                 -0.250000   24.750000   clock uncertainty
                                  0.000000   24.750000   clock reconvergence pessimism
                                 -5.000000   19.750000   output external delay
                                             19.750000   data required time
---------------------------------------------------------------------------------------------
                                             19.750000   data required time
                                             -7.510994   data arrival time
---------------------------------------------------------------------------------------------
                                             12.239006   slack (MET)


Startpoint: B[0] (input port clocked by clk)
Endpoint: result[5] (output port clocked by clk)
Path Group: clk
Path Type: max

Fanout         Cap        Slew       Delay        Time   Description
---------------------------------------------------------------------------------------------
                      0.000000    0.000000    0.000000   clock clk (rise edge)
                                  0.000000    0.000000   clock network delay (ideal)
                                  5.000000    5.000000 ^ input external delay
     1    0.003551    0.037266    0.019762    5.019763 ^ B[0] (in)
                                                         B[0] (net)
                      0.037266    0.000000    5.019763 ^ input8/A (sky130_fd_sc_hd__buf_1)
     3    0.012981    0.255114    0.268064    5.287827 ^ input8/X (sky130_fd_sc_hd__buf_1)
                                                         net8 (net)
                      0.255114    0.000207    5.288033 ^ fanout20/A (sky130_fd_sc_hd__buf_2)
    10    0.032562    0.260029    0.418216    5.706249 ^ fanout20/X (sky130_fd_sc_hd__buf_2)
                                                         net20 (net)
                      0.260034    0.001516    5.707765 ^ _55_/A (sky130_fd_sc_hd__inv_2)
     3    0.008882    0.074676    0.143423    5.851188 v _55_/Y (sky130_fd_sc_hd__inv_2)
                                                         _16_ (net)
                      0.074676    0.000127    5.851314 v _74_/A (sky130_fd_sc_hd__and2_1)
     2    0.005918    0.092979    0.304552    6.155866 v _74_/X (sky130_fd_sc_hd__and2_1)
                                                         _31_ (net)
                      0.092979    0.000149    6.156015 v _75_/B1 (sky130_fd_sc_hd__a21o_1)
     1    0.003170    0.062811    0.286980    6.442995 v _75_/X (sky130_fd_sc_hd__a21o_1)
                                                         _32_ (net)
                      0.062811    0.000096    6.443091 v _77_/A3 (sky130_fd_sc_hd__a31o_1)
     1    0.003335    0.070803    0.384383    6.827474 v _77_/X (sky130_fd_sc_hd__a31o_1)
                                                         net18 (net)
                      0.070803    0.000112    6.827585 v output18/A (sky130_fd_sc_hd__buf_2)
     1    0.034021    0.164916    0.344182    7.171767 v output18/X (sky130_fd_sc_hd__buf_2)
                                                         result[5] (net)
                      0.164916    0.000615    7.172382 v result[5] (out)
                                              7.172382   data arrival time

                      0.000000   25.000000   25.000000   clock clk (rise edge)
                                  0.000000   25.000000   clock network delay (ideal)
                                 -0.250000   24.750000   clock uncertainty
                                  0.000000   24.750000   clock reconvergence pessimism
                                 -5.000000   19.750000   output external delay
                                             19.750000   data required time
---------------------------------------------------------------------------------------------
                                             19.750000   data required time
                                             -7.172382   data arrival time
---------------------------------------------------------------------------------------------
                                             12.577618   slack (MET)



%OL_END_REPORT
%OL_CREATE_REPORT checks.rpt

===========================================================================
report_checks -unconstrained
===========================================================================
======================= nom_ss_100C_1v60 Corner ===================================

Startpoint: B[0] (input port clocked by clk)
Endpoint: ZF (output port clocked by clk)
Path Group: clk
Path Type: max

Fanout         Cap        Slew       Delay        Time   Description
---------------------------------------------------------------------------------------------
                      0.000000    0.000000    0.000000   clock clk (rise edge)
                                  0.000000    0.000000   clock network delay (ideal)
                                  5.000000    5.000000 ^ input external delay
     1    0.003551    0.037266    0.019762    5.019763 ^ B[0] (in)
                                                         B[0] (net)
                      0.037266    0.000000    5.019763 ^ input8/A (sky130_fd_sc_hd__buf_1)
     3    0.012981    0.255114    0.268064    5.287827 ^ input8/X (sky130_fd_sc_hd__buf_1)
                                                         net8 (net)
                      0.255114    0.000207    5.288033 ^ fanout20/A (sky130_fd_sc_hd__buf_2)
    10    0.032562    0.260029    0.418216    5.706249 ^ fanout20/X (sky130_fd_sc_hd__buf_2)
                                                         net20 (net)
                      0.260035    0.001573    5.707822 ^ _68_/S0 (sky130_fd_sc_hd__mux4_1)
     1    0.002333    0.145956    1.272754    6.980577 v _68_/X (sky130_fd_sc_hd__mux4_1)
                                                         _27_ (net)
                      0.145956    0.000065    6.980641 v _69_/B2 (sky130_fd_sc_hd__a2bb2o_1)
     2    0.004415    0.116112    0.585567    7.566208 v _69_/X (sky130_fd_sc_hd__a2bb2o_1)
                                                         net16 (net)
                      0.116112    0.000095    7.566303 v _82_/A (sky130_fd_sc_hd__or4_1)
     1    0.007353    0.230656    1.307696    8.874000 v _82_/X (sky130_fd_sc_hd__or4_1)
                                                         _37_ (net)
                      0.230656    0.000303    8.874303 v _83_/D (sky130_fd_sc_hd__nor4_1)
     1    0.001998    0.335513    0.306227    9.180530 ^ _83_/Y (sky130_fd_sc_hd__nor4_1)
                                                         net12 (net)
                      0.335513    0.000056    9.180586 ^ output12/A (sky130_fd_sc_hd__buf_2)
     1    0.034695    0.276142    0.461058    9.641644 ^ output12/X (sky130_fd_sc_hd__buf_2)
                                                         ZF (net)
                      0.276142    0.000810    9.642453 ^ ZF (out)
                                              9.642453   data arrival time

                      0.000000   25.000000   25.000000   clock clk (rise edge)
                                  0.000000   25.000000   clock network delay (ideal)
                                 -0.250000   24.750000   clock uncertainty
                                  0.000000   24.750000   clock reconvergence pessimism
                                 -5.000000   19.750000   output external delay
                                             19.750000   data required time
---------------------------------------------------------------------------------------------
                                             19.750000   data required time
                                             -9.642453   data arrival time
---------------------------------------------------------------------------------------------
                                             10.107546   slack (MET)




===========================================================================
report_checks --slack_max -0.01
============================================================================
======================= nom_ss_100C_1v60 Corner ===================================

No paths found.


===========================================================================
 report_check_types -max_slew -max_cap -max_fanout -violators
============================================================================
======================= nom_ss_100C_1v60 Corner ===================================



===========================================================================
report_parasitic_annotation -report_unannotated
============================================================================
Found 4 unannotated drivers.
 B[3]
 B[4]
 B[5]
 B[6]
Found 0 partially unannotated drivers.

===========================================================================
max slew violation count 0
%OL_METRIC_I design__max_slew_violation__count__corner:nom_ss_100C_1v60 0
max fanout violation count 0
%OL_METRIC_I design__max_fanout_violation__count__corner:nom_ss_100C_1v60 0
max cap violation count 0
%OL_METRIC_I design__max_cap_violation__count__corner:nom_ss_100C_1v60 0
============================================================================

===========================================================================
check_setup -verbose -unconstrained_endpoints -multiple_clock -no_clock -no_input_delay -loops -generated_clocks
===========================================================================
%OL_END_REPORT
%OL_CREATE_REPORT power.rpt

===========================================================================
 report_power
============================================================================
======================= nom_ss_100C_1v60 Corner ===================================

Group                    Internal    Switching      Leakage        Total
                            Power        Power        Power        Power (Watts)
------------------------------------------------------------------------
Sequential           0.000000e+00 0.000000e+00 0.000000e+00 0.000000e+00   0.0%
Combinational        3.353779e-06 4.944603e-06 3.470271e-07 8.645409e-06 100.0%
Clock                0.000000e+00 0.000000e+00 1.274835e-10 1.274835e-10   0.0%
Macro                0.000000e+00 0.000000e+00 0.000000e+00 0.000000e+00   0.0%
Pad                  0.000000e+00 0.000000e+00 0.000000e+00 0.000000e+00   0.0%
------------------------------------------------------------------------
Total                3.353779e-06 4.944603e-06 3.471546e-07 8.645537e-06 100.0%
                            38.8%        57.2%         4.0%
%OL_METRIC_F power__internal__total 3.3537794479343574e-6
%OL_METRIC_F power__switching__total 4.944602551404387e-6
%OL_METRIC_F power__leakage__total 3.471545824140776e-7
%OL_METRIC_F power__total 8.645536581752822e-6

%OL_END_REPORT
%OL_CREATE_REPORT skew.min.rpt

===========================================================================
Clock Skew (Hold)
============================================================================
%OL_METRIC_F clock__skew__worst_hold__corner:nom_ss_100C_1v60 0.0
======================= nom_ss_100C_1v60 Corner ===================================

Clock clk
No launch/capture paths found.

%OL_END_REPORT
%OL_CREATE_REPORT skew.max.rpt

===========================================================================
Clock Skew (Setup)
============================================================================
%OL_METRIC_F clock__skew__worst_setup__corner:nom_ss_100C_1v60 0.0
======================= nom_ss_100C_1v60 Corner ===================================

Clock clk
No launch/capture paths found.

%OL_END_REPORT
%OL_CREATE_REPORT ws.min.rpt

===========================================================================
Worst Slack (Hold)
============================================================================
%OL_METRIC_F timing__hold__ws__corner:nom_ss_100C_1v60 10.670902685729493
nom_ss_100C_1v60: 10.670902685729493
%OL_END_REPORT
%OL_CREATE_REPORT ws.max.rpt

===========================================================================
Worst Slack (Setup)
============================================================================
%OL_METRIC_F timing__setup__ws__corner:nom_ss_100C_1v60 10.10754619721403
nom_ss_100C_1v60: 10.10754619721403
%OL_END_REPORT
%OL_CREATE_REPORT tns.min.rpt

===========================================================================
Total Negative Slack (Hold)
============================================================================
%OL_METRIC_F timing__hold__tns__corner:nom_ss_100C_1v60 0.0
nom_ss_100C_1v60: 0.0
%OL_END_REPORT
%OL_CREATE_REPORT tns.max.rpt

===========================================================================
Total Negative Slack (Setup)
============================================================================
%OL_METRIC_F timing__setup__tns__corner:nom_ss_100C_1v60 0.0
nom_ss_100C_1v60: 0.0
%OL_END_REPORT
%OL_CREATE_REPORT wns.min.rpt

===========================================================================
Worst Negative Slack (Hold)
============================================================================
%OL_METRIC_F timing__hold__wns__corner:nom_ss_100C_1v60 0
nom_ss_100C_1v60: 0
%OL_END_REPORT
%OL_CREATE_REPORT wns.max.rpt

===========================================================================
Worst Negative Slack (Setup)
============================================================================
%OL_METRIC_F timing__setup__wns__corner:nom_ss_100C_1v60 0.0
nom_ss_100C_1v60: 0.0
%OL_END_REPORT
%OL_CREATE_REPORT violator_list.rpt

===========================================================================
Violator List
============================================================================
%OL_METRIC_I timing__hold_vio__count__corner:nom_ss_100C_1v60 0
%OL_METRIC_F timing__hold_r2r__ws__corner:nom_ss_100C_1v60 inf
%OL_METRIC_I timing__hold_r2r_vio__count__corner:nom_ss_100C_1v60 0
%OL_METRIC_I timing__setup_vio__count__corner:nom_ss_100C_1v60 0
%OL_METRIC_F timing__setup_r2r__ws__corner:nom_ss_100C_1v60 inf
%OL_METRIC_I timing__setup_r2r_vio__count__corner:nom_ss_100C_1v60 0
%OL_END_REPORT
%OL_CREATE_REPORT unpropagated.rpt
clk
%OL_END_REPORT
%OL_CREATE_REPORT clock.rpt
Clock: clk
Sources: 
Generated: no
Virtual: yes
Propagated: no
Period: 25.000000

===========================================================================
report_clock_properties
============================================================================
Clock                   Period          Waveform
----------------------------------------------------
clk                  25.000000    0.000000 12.500000

===========================================================================
report_clock_latency
============================================================================
Clock clk


===========================================================================
report_clock_min_period
============================================================================
clk period_min = 0.00 fmax = inf
%OL_END_REPORT
Writing SDF files for all corners…
Removing Clock latencies before writing libs…
Writing timing models for all corners…
Writing timing models for the nom_ss_100C_1v60 corner to /foss/designs/ALU/runs/RUN_2025-06-08_17-25-06/54-openroad-stapostpnr/nom_ss_100C_1v60/ALU_7bit__nom_ss_100C_1v60.lib…
