
===========================================================================
report_checks -unconstrained
===========================================================================
======================= nom_tt_025C_1v80 Corner ===================================

Startpoint: reset (input port clocked by clk)
Endpoint: _14_ (recovery check against rising-edge clock clk)
Path Group: asynchronous
Path Type: max

Fanout         Cap        Slew       Delay        Time   Description
---------------------------------------------------------------------------------------------
                                  0.000000    0.000000   clock clk (rise edge)
                                  0.000000    0.000000   clock network delay (propagated)
                                  5.000000    5.000000 v input external delay
     1    0.002562    0.008076    0.004032    5.004032 v reset (in)
                                                         reset (net)
                      0.008076    0.000000    5.004032 v input1/A (sky130_fd_sc_hd__buf_1)
     2    0.010296    0.066121    0.105836    5.109868 v input1/X (sky130_fd_sc_hd__buf_1)
                                                         net1 (net)
                      0.066121    0.000295    5.110163 v _12_/A (sky130_fd_sc_hd__inv_2)
     1    0.004796    0.033303    0.055508    5.165671 ^ _12_/Y (sky130_fd_sc_hd__inv_2)
                                                         _00_ (net)
                      0.033303    0.000118    5.165789 ^ _14_/RESET_B (sky130_fd_sc_hd__dfrtp_4)
                                              5.165789   data arrival time

                                 25.000000   25.000000   clock clk (rise edge)
                                  0.000000   25.000000   clock source latency
     1    0.011435    0.057824    0.038693   25.038692 ^ clk (in)
                                                         clk (net)
                      0.057825    0.000000   25.038692 ^ clkbuf_0_clk/A (sky130_fd_sc_hd__clkbuf_16)
     2    0.018369    0.040461    0.128448   25.167141 ^ clkbuf_0_clk/X (sky130_fd_sc_hd__clkbuf_16)
                                                         clknet_0_clk (net)
                      0.040462    0.000430   25.167570 ^ clkbuf_1_0__f_clk/A (sky130_fd_sc_hd__clkbuf_16)
     1    0.003057    0.026953    0.106549   25.274120 ^ clkbuf_1_0__f_clk/X (sky130_fd_sc_hd__clkbuf_16)
                                                         clknet_1_0__leaf_clk (net)
                      0.026953    0.000085   25.274204 ^ _14_/CLK (sky130_fd_sc_hd__dfrtp_4)
                                 -0.250000   25.024206   clock uncertainty
                                  0.000000   25.024206   clock reconvergence pessimism
                                  0.215385   25.239592   library recovery time
                                             25.239592   data required time
---------------------------------------------------------------------------------------------
                                             25.239592   data required time
                                             -5.165789   data arrival time
---------------------------------------------------------------------------------------------
                                             20.073803   slack (MET)


Startpoint: _14_ (rising edge-triggered flip-flop clocked by clk)
Endpoint: result[0] (output port clocked by clk)
Path Group: clk
Path Type: max

Fanout         Cap        Slew       Delay        Time   Description
---------------------------------------------------------------------------------------------
                                  0.000000    0.000000   clock clk (rise edge)
                                  0.000000    0.000000   clock source latency
     1    0.011435    0.057824    0.038692    0.038692 ^ clk (in)
                                                         clk (net)
                      0.057825    0.000000    0.038692 ^ clkbuf_0_clk/A (sky130_fd_sc_hd__clkbuf_16)
     2    0.018369    0.040461    0.128449    0.167141 ^ clkbuf_0_clk/X (sky130_fd_sc_hd__clkbuf_16)
                                                         clknet_0_clk (net)
                      0.040462    0.000430    0.167571 ^ clkbuf_1_0__f_clk/A (sky130_fd_sc_hd__clkbuf_16)
     1    0.003057    0.026953    0.106548    0.274120 ^ clkbuf_1_0__f_clk/X (sky130_fd_sc_hd__clkbuf_16)
                                                         clknet_1_0__leaf_clk (net)
                      0.026953    0.000087    0.274206 ^ _14_/CLK (sky130_fd_sc_hd__dfrtp_4)
     5    0.017217    0.077619    0.487092    0.761298 v _14_/Q (sky130_fd_sc_hd__dfrtp_4)
                                                         controller_inst.pstate[0] (net)
                      0.077619    0.000525    0.761824 v _04_/B (sky130_fd_sc_hd__xnor2_1)
     2    0.007221    0.200814    0.205993    0.967817 ^ _04_/Y (sky130_fd_sc_hd__xnor2_1)
                                                         net5 (net)
                      0.200814    0.000154    0.967970 ^ _18_/A (sky130_fd_sc_hd__clkbuf_1)
     1    0.002276    0.040371    0.108433    1.076403 ^ _18_/X (sky130_fd_sc_hd__clkbuf_1)
                                                         net2 (net)
                      0.040371    0.000047    1.076450 ^ output2/A (sky130_fd_sc_hd__buf_2)
     1    0.035016    0.173683    0.198539    1.274989 ^ output2/X (sky130_fd_sc_hd__buf_2)
                                                         result[0] (net)
                      0.173738    0.000855    1.275844 ^ result[0] (out)
                                              1.275844   data arrival time

                                 25.000000   25.000000   clock clk (rise edge)
                                  0.000000   25.000000   clock network delay (propagated)
                                 -0.250000   24.750000   clock uncertainty
                                  0.000000   24.750000   clock reconvergence pessimism
                                 -5.000000   19.750000   output external delay
                                             19.750000   data required time
---------------------------------------------------------------------------------------------
                                             19.750000   data required time
                                             -1.275844   data arrival time
---------------------------------------------------------------------------------------------
                                             18.474155   slack (MET)




===========================================================================
report_checks --slack_max -0.01
============================================================================
======================= nom_tt_025C_1v80 Corner ===================================

No paths found.


===========================================================================
 report_check_types -max_slew -max_cap -max_fanout -violators
============================================================================
======================= nom_tt_025C_1v80 Corner ===================================



===========================================================================
report_parasitic_annotation -report_unannotated
============================================================================
Found 2 unannotated drivers.
 top_8/LO
 top_9/LO
Found 0 partially unannotated drivers.

===========================================================================
max slew violation count 0
max fanout violation count 0
max cap violation count 0
============================================================================

===========================================================================
check_setup -verbose -unconstrained_endpoints -multiple_clock -no_clock -no_input_delay -loops -generated_clocks
===========================================================================
Warning: There are 2 unconstrained endpoints.
  flag_gt_zero
  result[3]
