Clock: clk
Sources: clk 
Generated: no
Virtual: yes
Propagated: no
Period: 25.000000

===========================================================================
report_clock_properties
============================================================================
Clock                   Period          Waveform
----------------------------------------------------
clk                  25.000000    0.000000 12.500000

===========================================================================
report_clock_latency
============================================================================
Clock clk
rise -> rise
    min     max
0.000000 0.000000 source latency
0.273134         network latency _15_/CLK
        0.274206 network latency _14_/CLK
---------------
0.273134 0.274206 latency
        0.001072 skew

fall -> fall
    min     max
0.000000 0.000000 source latency
0.278291         network latency _15_/CLK
        0.279265 network latency _14_/CLK
---------------
0.278291 0.279265 latency
        0.000974 skew



===========================================================================
report_clock_min_period
============================================================================
clk period_min = 1.64 fmax = 610.99
