
===========================================================================
report_checks -path_delay min (Hold)
============================================================================
======================= nom_tt_025C_1v80 Corner ===================================

Startpoint: _15_ (rising edge-triggered flip-flop clocked by clk)
Endpoint: _15_ (rising edge-triggered flip-flop clocked by clk)
Path Group: clk
Path Type: min

Fanout         Cap        Slew       Delay        Time   Description
---------------------------------------------------------------------------------------------
                                  0.000000    0.000000   clock clk (rise edge)
                                  0.000000    0.000000   clock source latency
     1    0.011435    0.057824    0.038692    0.038692 ^ clk (in)
                                                         clk (net)
                      0.057825    0.000000    0.038692 ^ clkbuf_0_clk/A (sky130_fd_sc_hd__clkbuf_16)
     2    0.018369    0.040461    0.128449    0.167141 ^ clkbuf_0_clk/X (sky130_fd_sc_hd__clkbuf_16)
                                                         clknet_0_clk (net)
                      0.040462    0.000476    0.167618 ^ clkbuf_1_1__f_clk/A (sky130_fd_sc_hd__clkbuf_16)
     1    0.002144    0.026059    0.105455    0.273073 ^ clkbuf_1_1__f_clk/X (sky130_fd_sc_hd__clkbuf_16)
                                                         clknet_1_1__leaf_clk (net)
                      0.026059    0.000061    0.273134 ^ _15_/CLK (sky130_fd_sc_hd__dfrtp_2)
     5    0.017571    0.100211    0.384792    0.657926 ^ _15_/Q (sky130_fd_sc_hd__dfrtp_2)
                                                         controller_inst.pstate[1] (net)
                      0.100211    0.000183    0.658109 ^ hold2/A (sky130_fd_sc_hd__dlygate4sd3_1)
     1    0.005007    0.072151    0.568993    1.227102 ^ hold2/X (sky130_fd_sc_hd__dlygate4sd3_1)
                                                         net11 (net)
                      0.072151    0.000148    1.227250 ^ _11_/A (sky130_fd_sc_hd__xor2_1)
     1    0.003794    0.040042    0.071372    1.298621 v _11_/X (sky130_fd_sc_hd__xor2_1)
                                                         controller_inst.nstate[1] (net)
                      0.040042    0.000115    1.298736 v _15_/D (sky130_fd_sc_hd__dfrtp_2)
                                              1.298736   data arrival time

                                  0.000000    0.000000   clock clk (rise edge)
                                  0.000000    0.000000   clock source latency
     1    0.011435    0.057824    0.038692    0.038692 ^ clk (in)
                                                         clk (net)
                      0.057825    0.000000    0.038692 ^ clkbuf_0_clk/A (sky130_fd_sc_hd__clkbuf_16)
     2    0.018369    0.040461    0.128449    0.167141 ^ clkbuf_0_clk/X (sky130_fd_sc_hd__clkbuf_16)
                                                         clknet_0_clk (net)
                      0.040462    0.000476    0.167618 ^ clkbuf_1_1__f_clk/A (sky130_fd_sc_hd__clkbuf_16)
     1    0.002144    0.026059    0.105455    0.273073 ^ clkbuf_1_1__f_clk/X (sky130_fd_sc_hd__clkbuf_16)
                                                         clknet_1_1__leaf_clk (net)
                      0.026059    0.000061    0.273134 ^ _15_/CLK (sky130_fd_sc_hd__dfrtp_2)
                                  0.250000    0.523134   clock uncertainty
                                  0.000000    0.523134   clock reconvergence pessimism
                                 -0.044415    0.478719   library hold time
                                              0.478719   data required time
---------------------------------------------------------------------------------------------
                                              0.478719   data required time
                                             -1.298736   data arrival time
---------------------------------------------------------------------------------------------
                                              0.820017   slack (MET)


Startpoint: _14_ (rising edge-triggered flip-flop clocked by clk)
Endpoint: _14_ (rising edge-triggered flip-flop clocked by clk)
Path Group: clk
Path Type: min

Fanout         Cap        Slew       Delay        Time   Description
---------------------------------------------------------------------------------------------
                                  0.000000    0.000000   clock clk (rise edge)
                                  0.000000    0.000000   clock source latency
     1    0.011435    0.057824    0.038692    0.038692 ^ clk (in)
                                                         clk (net)
                      0.057825    0.000000    0.038692 ^ clkbuf_0_clk/A (sky130_fd_sc_hd__clkbuf_16)
     2    0.018369    0.040461    0.128449    0.167141 ^ clkbuf_0_clk/X (sky130_fd_sc_hd__clkbuf_16)
                                                         clknet_0_clk (net)
                      0.040462    0.000430    0.167571 ^ clkbuf_1_0__f_clk/A (sky130_fd_sc_hd__clkbuf_16)
     1    0.003057    0.026953    0.106548    0.274120 ^ clkbuf_1_0__f_clk/X (sky130_fd_sc_hd__clkbuf_16)
                                                         clknet_1_0__leaf_clk (net)
                      0.026953    0.000087    0.274206 ^ _14_/CLK (sky130_fd_sc_hd__dfrtp_4)
     5    0.018063    0.084935    0.423381    0.697587 ^ _14_/Q (sky130_fd_sc_hd__dfrtp_4)
                                                         controller_inst.pstate[0] (net)
                      0.084935    0.000224    0.697812 ^ hold1/A (sky130_fd_sc_hd__dlygate4sd3_1)
     2    0.011779    0.132157    0.614194    1.312005 ^ hold1/X (sky130_fd_sc_hd__dlygate4sd3_1)
                                                         net10 (net)
                      0.132157    0.000255    1.312261 ^ _10_/A (sky130_fd_sc_hd__inv_2)
     1    0.002250    0.026736    0.034680    1.346941 v _10_/Y (sky130_fd_sc_hd__inv_2)
                                                         controller_inst.nstate[0] (net)
                      0.026736    0.000044    1.346985 v _14_/D (sky130_fd_sc_hd__dfrtp_4)
                                              1.346985   data arrival time

                                  0.000000    0.000000   clock clk (rise edge)
                                  0.000000    0.000000   clock source latency
     1    0.011435    0.057824    0.038692    0.038692 ^ clk (in)
                                                         clk (net)
                      0.057825    0.000000    0.038692 ^ clkbuf_0_clk/A (sky130_fd_sc_hd__clkbuf_16)
     2    0.018369    0.040461    0.128449    0.167141 ^ clkbuf_0_clk/X (sky130_fd_sc_hd__clkbuf_16)
                                                         clknet_0_clk (net)
                      0.040462    0.000430    0.167571 ^ clkbuf_1_0__f_clk/A (sky130_fd_sc_hd__clkbuf_16)
     1    0.003057    0.026953    0.106548    0.274120 ^ clkbuf_1_0__f_clk/X (sky130_fd_sc_hd__clkbuf_16)
                                                         clknet_1_0__leaf_clk (net)
                      0.026953    0.000087    0.274206 ^ _14_/CLK (sky130_fd_sc_hd__dfrtp_4)
                                  0.250000    0.524206   clock uncertainty
                                  0.000000    0.524206   clock reconvergence pessimism
                                 -0.038752    0.485454   library hold time
                                              0.485454   data required time
---------------------------------------------------------------------------------------------
                                              0.485454   data required time
                                             -1.346985   data arrival time
---------------------------------------------------------------------------------------------
                                              0.861531   slack (MET)


Startpoint: reset (input port clocked by clk)
Endpoint: _14_ (removal check against rising-edge clock clk)
Path Group: asynchronous
Path Type: min

Fanout         Cap        Slew       Delay        Time   Description
---------------------------------------------------------------------------------------------
                                  0.000000    0.000000   clock clk (rise edge)
                                  0.000000    0.000000   clock network delay (propagated)
                                  5.000000    5.000000 v input external delay
     1    0.002562    0.008076    0.004032    5.004032 v reset (in)
                                                         reset (net)
                      0.008076    0.000000    5.004032 v input1/A (sky130_fd_sc_hd__buf_1)
     2    0.010296    0.066121    0.105836    5.109868 v input1/X (sky130_fd_sc_hd__buf_1)
                                                         net1 (net)
                      0.066121    0.000295    5.110163 v _12_/A (sky130_fd_sc_hd__inv_2)
     1    0.004796    0.033303    0.055508    5.165671 ^ _12_/Y (sky130_fd_sc_hd__inv_2)
                                                         _00_ (net)
                      0.033303    0.000118    5.165789 ^ _14_/RESET_B (sky130_fd_sc_hd__dfrtp_4)
                                              5.165789   data arrival time

                                  0.000000    0.000000   clock clk (rise edge)
                                  0.000000    0.000000   clock source latency
     1    0.011435    0.057824    0.038692    0.038692 ^ clk (in)
                                                         clk (net)
                      0.057825    0.000000    0.038692 ^ clkbuf_0_clk/A (sky130_fd_sc_hd__clkbuf_16)
     2    0.018369    0.040461    0.128449    0.167141 ^ clkbuf_0_clk/X (sky130_fd_sc_hd__clkbuf_16)
                                                         clknet_0_clk (net)
                      0.040462    0.000430    0.167571 ^ clkbuf_1_0__f_clk/A (sky130_fd_sc_hd__clkbuf_16)
     1    0.003057    0.026953    0.106548    0.274120 ^ clkbuf_1_0__f_clk/X (sky130_fd_sc_hd__clkbuf_16)
                                                         clknet_1_0__leaf_clk (net)
                      0.026953    0.000087    0.274206 ^ _14_/CLK (sky130_fd_sc_hd__dfrtp_4)
                                  0.250000    0.524206   clock uncertainty
                                  0.000000    0.524206   clock reconvergence pessimism
                                  0.312150    0.836357   library removal time
                                              0.836357   data required time
---------------------------------------------------------------------------------------------
                                              0.836357   data required time
                                             -5.165789   data arrival time
---------------------------------------------------------------------------------------------
                                              4.329432   slack (MET)


Startpoint: reset (input port clocked by clk)
Endpoint: _15_ (removal check against rising-edge clock clk)
Path Group: asynchronous
Path Type: min

Fanout         Cap        Slew       Delay        Time   Description
---------------------------------------------------------------------------------------------
                                  0.000000    0.000000   clock clk (rise edge)
                                  0.000000    0.000000   clock network delay (propagated)
                                  5.000000    5.000000 v input external delay
     1    0.002562    0.008076    0.004032    5.004032 v reset (in)
                                                         reset (net)
                      0.008076    0.000000    5.004032 v input1/A (sky130_fd_sc_hd__buf_1)
     2    0.010296    0.066121    0.105836    5.109868 v input1/X (sky130_fd_sc_hd__buf_1)
                                                         net1 (net)
                      0.066121    0.000304    5.110172 v _13_/A (sky130_fd_sc_hd__inv_2)
     1    0.004351    0.031680    0.054049    5.164222 ^ _13_/Y (sky130_fd_sc_hd__inv_2)
                                                         _01_ (net)
                      0.031680    0.000098    5.164320 ^ _15_/RESET_B (sky130_fd_sc_hd__dfrtp_2)
                                              5.164320   data arrival time

                                  0.000000    0.000000   clock clk (rise edge)
                                  0.000000    0.000000   clock source latency
     1    0.011435    0.057824    0.038692    0.038692 ^ clk (in)
                                                         clk (net)
                      0.057825    0.000000    0.038692 ^ clkbuf_0_clk/A (sky130_fd_sc_hd__clkbuf_16)
     2    0.018369    0.040461    0.128449    0.167141 ^ clkbuf_0_clk/X (sky130_fd_sc_hd__clkbuf_16)
                                                         clknet_0_clk (net)
                      0.040462    0.000476    0.167618 ^ clkbuf_1_1__f_clk/A (sky130_fd_sc_hd__clkbuf_16)
     1    0.002144    0.026059    0.105455    0.273073 ^ clkbuf_1_1__f_clk/X (sky130_fd_sc_hd__clkbuf_16)
                                                         clknet_1_1__leaf_clk (net)
                      0.026059    0.000061    0.273134 ^ _15_/CLK (sky130_fd_sc_hd__dfrtp_2)
                                  0.250000    0.523134   clock uncertainty
                                  0.000000    0.523134   clock reconvergence pessimism
                                  0.311405    0.834540   library removal time
                                              0.834540   data required time
---------------------------------------------------------------------------------------------
                                              0.834540   data required time
                                             -5.164320   data arrival time
---------------------------------------------------------------------------------------------
                                              4.329780   slack (MET)


Startpoint: _15_ (rising edge-triggered flip-flop clocked by clk)
Endpoint: result[6] (output port clocked by clk)
Path Group: clk
Path Type: min

Fanout         Cap        Slew       Delay        Time   Description
---------------------------------------------------------------------------------------------
                                  0.000000    0.000000   clock clk (rise edge)
                                  0.000000    0.000000   clock source latency
     1    0.011435    0.057824    0.038692    0.038692 ^ clk (in)
                                                         clk (net)
                      0.057825    0.000000    0.038692 ^ clkbuf_0_clk/A (sky130_fd_sc_hd__clkbuf_16)
     2    0.018369    0.040461    0.128449    0.167141 ^ clkbuf_0_clk/X (sky130_fd_sc_hd__clkbuf_16)
                                                         clknet_0_clk (net)
                      0.040462    0.000476    0.167618 ^ clkbuf_1_1__f_clk/A (sky130_fd_sc_hd__clkbuf_16)
     1    0.002144    0.026059    0.105455    0.273073 ^ clkbuf_1_1__f_clk/X (sky130_fd_sc_hd__clkbuf_16)
                                                         clknet_1_1__leaf_clk (net)
                      0.026059    0.000061    0.273134 ^ _15_/CLK (sky130_fd_sc_hd__dfrtp_2)
     5    0.017571    0.100211    0.384792    0.657926 ^ _15_/Q (sky130_fd_sc_hd__dfrtp_2)
                                                         controller_inst.pstate[1] (net)
                      0.100211    0.000480    0.658406 ^ _09_/A (sky130_fd_sc_hd__xnor2_1)
     1    0.002183    0.032438    0.074491    0.732897 v _09_/Y (sky130_fd_sc_hd__xnor2_1)
                                                         net7 (net)
                      0.032438    0.000046    0.732942 v output7/A (sky130_fd_sc_hd__buf_2)
     1    0.034470    0.090047    0.175054    0.907996 v output7/X (sky130_fd_sc_hd__buf_2)
                                                         result[6] (net)
                      0.090052    0.000668    0.908665 v result[6] (out)
                                              0.908665   data arrival time

                                  0.000000    0.000000   clock clk (rise edge)
                                  0.000000    0.000000   clock network delay (propagated)
                                  0.250000    0.250000   clock uncertainty
                                  0.000000    0.250000   clock reconvergence pessimism
                                 -5.000000   -4.750000   output external delay
                                             -4.750000   data required time
---------------------------------------------------------------------------------------------
                                             -4.750000   data required time
                                             -0.908665   data arrival time
---------------------------------------------------------------------------------------------
                                              5.658665   slack (MET)


Startpoint: _15_ (rising edge-triggered flip-flop clocked by clk)
Endpoint: result[4] (output port clocked by clk)
Path Group: clk
Path Type: min

Fanout         Cap        Slew       Delay        Time   Description
---------------------------------------------------------------------------------------------
                                  0.000000    0.000000   clock clk (rise edge)
                                  0.000000    0.000000   clock source latency
     1    0.011435    0.057824    0.038692    0.038692 ^ clk (in)
                                                         clk (net)
                      0.057825    0.000000    0.038692 ^ clkbuf_0_clk/A (sky130_fd_sc_hd__clkbuf_16)
     2    0.018369    0.040461    0.128449    0.167141 ^ clkbuf_0_clk/X (sky130_fd_sc_hd__clkbuf_16)
                                                         clknet_0_clk (net)
                      0.040462    0.000476    0.167618 ^ clkbuf_1_1__f_clk/A (sky130_fd_sc_hd__clkbuf_16)
     1    0.002144    0.026059    0.105455    0.273073 ^ clkbuf_1_1__f_clk/X (sky130_fd_sc_hd__clkbuf_16)
                                                         clknet_1_1__leaf_clk (net)
                      0.026059    0.000061    0.273134 ^ _15_/CLK (sky130_fd_sc_hd__dfrtp_2)
     5    0.017571    0.100211    0.384792    0.657926 ^ _15_/Q (sky130_fd_sc_hd__dfrtp_2)
                                                         controller_inst.pstate[1] (net)
                      0.100211    0.000456    0.658382 ^ _04_/A (sky130_fd_sc_hd__xnor2_1)
     2    0.006885    0.062402    0.102711    0.761093 v _04_/Y (sky130_fd_sc_hd__xnor2_1)
                                                         net5 (net)
                      0.062402    0.000198    0.761291 v output5/A (sky130_fd_sc_hd__buf_2)
     1    0.035364    0.091933    0.189661    0.950952 v output5/X (sky130_fd_sc_hd__buf_2)
                                                         result[4] (net)
                      0.091942    0.000910    0.951863 v result[4] (out)
                                              0.951863   data arrival time

                                  0.000000    0.000000   clock clk (rise edge)
                                  0.000000    0.000000   clock network delay (propagated)
                                  0.250000    0.250000   clock uncertainty
                                  0.000000    0.250000   clock reconvergence pessimism
                                 -5.000000   -4.750000   output external delay
                                             -4.750000   data required time
---------------------------------------------------------------------------------------------
                                             -4.750000   data required time
                                             -0.951863   data arrival time
---------------------------------------------------------------------------------------------
                                              5.701863   slack (MET)


Startpoint: _15_ (rising edge-triggered flip-flop clocked by clk)
Endpoint: result[5] (output port clocked by clk)
Path Group: clk
Path Type: min

Fanout         Cap        Slew       Delay        Time   Description
---------------------------------------------------------------------------------------------
                                  0.000000    0.000000   clock clk (rise edge)
                                  0.000000    0.000000   clock source latency
     1    0.011435    0.057824    0.038692    0.038692 ^ clk (in)
                                                         clk (net)
                      0.057825    0.000000    0.038692 ^ clkbuf_0_clk/A (sky130_fd_sc_hd__clkbuf_16)
     2    0.018369    0.040461    0.128449    0.167141 ^ clkbuf_0_clk/X (sky130_fd_sc_hd__clkbuf_16)
                                                         clknet_0_clk (net)
                      0.040462    0.000476    0.167618 ^ clkbuf_1_1__f_clk/A (sky130_fd_sc_hd__clkbuf_16)
     1    0.002144    0.026059    0.105455    0.273073 ^ clkbuf_1_1__f_clk/X (sky130_fd_sc_hd__clkbuf_16)
                                                         clknet_1_1__leaf_clk (net)
                      0.026059    0.000061    0.273134 ^ _15_/CLK (sky130_fd_sc_hd__dfrtp_2)
     5    0.017571    0.100211    0.384792    0.657926 ^ _15_/Q (sky130_fd_sc_hd__dfrtp_2)
                                                         controller_inst.pstate[1] (net)
                      0.100211    0.000473    0.658399 ^ _05_/B (sky130_fd_sc_hd__nand2b_1)
     1    0.003879    0.045929    0.070163    0.728561 v _05_/Y (sky130_fd_sc_hd__nand2b_1)
                                                         _02_ (net)
                      0.045929    0.000133    0.728695 v _06_/A (sky130_fd_sc_hd__clkbuf_1)
     2    0.005674    0.041649    0.101361    0.830056 v _06_/X (sky130_fd_sc_hd__clkbuf_1)
                                                         net6 (net)
                      0.041649    0.000130    0.830186 v output6/A (sky130_fd_sc_hd__buf_2)
     1    0.034421    0.089939    0.178815    1.009001 v output6/X (sky130_fd_sc_hd__buf_2)
                                                         result[5] (net)
                      0.089946    0.000820    1.009821 v result[5] (out)
                                              1.009821   data arrival time

                                  0.000000    0.000000   clock clk (rise edge)
                                  0.000000    0.000000   clock network delay (propagated)
                                  0.250000    0.250000   clock uncertainty
                                  0.000000    0.250000   clock reconvergence pessimism
                                 -5.000000   -4.750000   output external delay
                                             -4.750000   data required time
---------------------------------------------------------------------------------------------
                                             -4.750000   data required time
                                             -1.009821   data arrival time
---------------------------------------------------------------------------------------------
                                              5.759821   slack (MET)


Startpoint: _14_ (rising edge-triggered flip-flop clocked by clk)
Endpoint: result[2] (output port clocked by clk)
Path Group: clk
Path Type: min

Fanout         Cap        Slew       Delay        Time   Description
---------------------------------------------------------------------------------------------
                                  0.000000    0.000000   clock clk (rise edge)
                                  0.000000    0.000000   clock source latency
     1    0.011435    0.057824    0.038692    0.038692 ^ clk (in)
                                                         clk (net)
                      0.057825    0.000000    0.038692 ^ clkbuf_0_clk/A (sky130_fd_sc_hd__clkbuf_16)
     2    0.018369    0.040461    0.128449    0.167141 ^ clkbuf_0_clk/X (sky130_fd_sc_hd__clkbuf_16)
                                                         clknet_0_clk (net)
                      0.040462    0.000430    0.167571 ^ clkbuf_1_0__f_clk/A (sky130_fd_sc_hd__clkbuf_16)
     1    0.003057    0.026953    0.106548    0.274120 ^ clkbuf_1_0__f_clk/X (sky130_fd_sc_hd__clkbuf_16)
                                                         clknet_1_0__leaf_clk (net)
                      0.026953    0.000087    0.274206 ^ _14_/CLK (sky130_fd_sc_hd__dfrtp_4)
     5    0.018063    0.084935    0.423381    0.697587 ^ _14_/Q (sky130_fd_sc_hd__dfrtp_4)
                                                         controller_inst.pstate[0] (net)
                      0.084935    0.000562    0.698149 ^ _07_/B (sky130_fd_sc_hd__nand2b_1)
     1    0.002170    0.033691    0.055671    0.753820 v _07_/Y (sky130_fd_sc_hd__nand2b_1)
                                                         _03_ (net)
                      0.033691    0.000042    0.753862 v _08_/A (sky130_fd_sc_hd__clkbuf_1)
     1    0.003128    0.028265    0.084141    0.838003 v _08_/X (sky130_fd_sc_hd__clkbuf_1)
                                                         net4 (net)
                      0.028265    0.000096    0.838099 v output4/A (sky130_fd_sc_hd__buf_2)
     1    0.034318    0.089740    0.172993    1.011092 v output4/X (sky130_fd_sc_hd__buf_2)
                                                         result[2] (net)
                      0.089744    0.000643    1.011734 v result[2] (out)
                                              1.011734   data arrival time

                                  0.000000    0.000000   clock clk (rise edge)
                                  0.000000    0.000000   clock network delay (propagated)
                                  0.250000    0.250000   clock uncertainty
                                  0.000000    0.250000   clock reconvergence pessimism
                                 -5.000000   -4.750000   output external delay
                                             -4.750000   data required time
---------------------------------------------------------------------------------------------
                                             -4.750000   data required time
                                             -1.011734   data arrival time
---------------------------------------------------------------------------------------------
                                              5.761734   slack (MET)


Startpoint: _15_ (rising edge-triggered flip-flop clocked by clk)
Endpoint: result[0] (output port clocked by clk)
Path Group: clk
Path Type: min

Fanout         Cap        Slew       Delay        Time   Description
---------------------------------------------------------------------------------------------
                                  0.000000    0.000000   clock clk (rise edge)
                                  0.000000    0.000000   clock source latency
     1    0.011435    0.057824    0.038692    0.038692 ^ clk (in)
                                                         clk (net)
                      0.057825    0.000000    0.038692 ^ clkbuf_0_clk/A (sky130_fd_sc_hd__clkbuf_16)
     2    0.018369    0.040461    0.128449    0.167141 ^ clkbuf_0_clk/X (sky130_fd_sc_hd__clkbuf_16)
                                                         clknet_0_clk (net)
                      0.040462    0.000476    0.167618 ^ clkbuf_1_1__f_clk/A (sky130_fd_sc_hd__clkbuf_16)
     1    0.002144    0.026059    0.105455    0.273073 ^ clkbuf_1_1__f_clk/X (sky130_fd_sc_hd__clkbuf_16)
                                                         clknet_1_1__leaf_clk (net)
                      0.026059    0.000061    0.273134 ^ _15_/CLK (sky130_fd_sc_hd__dfrtp_2)
     5    0.017571    0.100211    0.384792    0.657926 ^ _15_/Q (sky130_fd_sc_hd__dfrtp_2)
                                                         controller_inst.pstate[1] (net)
                      0.100211    0.000456    0.658382 ^ _04_/A (sky130_fd_sc_hd__xnor2_1)
     2    0.006885    0.062402    0.102711    0.761093 v _04_/Y (sky130_fd_sc_hd__xnor2_1)
                                                         net5 (net)
                      0.062402    0.000146    0.761238 v _18_/A (sky130_fd_sc_hd__clkbuf_1)
     1    0.002116    0.023156    0.091259    0.852498 v _18_/X (sky130_fd_sc_hd__clkbuf_1)
                                                         net2 (net)
                      0.023156    0.000043    0.852541 v output2/A (sky130_fd_sc_hd__buf_2)
     1    0.035016    0.091367    0.171929    1.024470 v output2/X (sky130_fd_sc_hd__buf_2)
                                                         result[0] (net)
                      0.091375    0.000855    1.025324 v result[0] (out)
                                              1.025324   data arrival time

                                  0.000000    0.000000   clock clk (rise edge)
                                  0.000000    0.000000   clock network delay (propagated)
                                  0.250000    0.250000   clock uncertainty
                                  0.000000    0.250000   clock reconvergence pessimism
                                 -5.000000   -4.750000   output external delay
                                             -4.750000   data required time
---------------------------------------------------------------------------------------------
                                             -4.750000   data required time
                                             -1.025324   data arrival time
---------------------------------------------------------------------------------------------
                                              5.775324   slack (MET)


Startpoint: _15_ (rising edge-triggered flip-flop clocked by clk)
Endpoint: result[1] (output port clocked by clk)
Path Group: clk
Path Type: min

Fanout         Cap        Slew       Delay        Time   Description
---------------------------------------------------------------------------------------------
                                  0.000000    0.000000   clock clk (rise edge)
                                  0.000000    0.000000   clock source latency
     1    0.011435    0.057824    0.038692    0.038692 ^ clk (in)
                                                         clk (net)
                      0.057825    0.000000    0.038692 ^ clkbuf_0_clk/A (sky130_fd_sc_hd__clkbuf_16)
     2    0.018369    0.040461    0.128449    0.167141 ^ clkbuf_0_clk/X (sky130_fd_sc_hd__clkbuf_16)
                                                         clknet_0_clk (net)
                      0.040462    0.000476    0.167618 ^ clkbuf_1_1__f_clk/A (sky130_fd_sc_hd__clkbuf_16)
     1    0.002144    0.026059    0.105455    0.273073 ^ clkbuf_1_1__f_clk/X (sky130_fd_sc_hd__clkbuf_16)
                                                         clknet_1_1__leaf_clk (net)
                      0.026059    0.000061    0.273134 ^ _15_/CLK (sky130_fd_sc_hd__dfrtp_2)
     5    0.017571    0.100211    0.384792    0.657926 ^ _15_/Q (sky130_fd_sc_hd__dfrtp_2)
                                                         controller_inst.pstate[1] (net)
                      0.100211    0.000473    0.658399 ^ _05_/B (sky130_fd_sc_hd__nand2b_1)
     1    0.003879    0.045929    0.070163    0.728561 v _05_/Y (sky130_fd_sc_hd__nand2b_1)
                                                         _02_ (net)
                      0.045929    0.000133    0.728695 v _06_/A (sky130_fd_sc_hd__clkbuf_1)
     2    0.005674    0.041649    0.101361    0.830056 v _06_/X (sky130_fd_sc_hd__clkbuf_1)
                                                         net6 (net)
                      0.041649    0.000137    0.830193 v _19_/A (sky130_fd_sc_hd__clkbuf_1)
     1    0.001826    0.021600    0.080514    0.910707 v _19_/X (sky130_fd_sc_hd__clkbuf_1)
                                                         net3 (net)
                      0.021600    0.000035    0.910742 v output3/A (sky130_fd_sc_hd__buf_2)
     1    0.035399    0.092189    0.171996    1.082738 v output3/X (sky130_fd_sc_hd__buf_2)
                                                         result[1] (net)
                      0.092198    0.000876    1.083614 v result[1] (out)
                                              1.083614   data arrival time

                                  0.000000    0.000000   clock clk (rise edge)
                                  0.000000    0.000000   clock network delay (propagated)
                                  0.250000    0.250000   clock uncertainty
                                  0.000000    0.250000   clock reconvergence pessimism
                                 -5.000000   -4.750000   output external delay
                                             -4.750000   data required time
---------------------------------------------------------------------------------------------
                                             -4.750000   data required time
                                             -1.083614   data arrival time
---------------------------------------------------------------------------------------------
                                              5.833614   slack (MET)



