
===========================================================================
report_checks -unconstrained
===========================================================================
======================= nom_ss_100C_1v60 Corner ===================================

Startpoint: reset (input port clocked by clk)
Endpoint: _14_ (recovery check against rising-edge clock clk)
Path Group: asynchronous
Path Type: max

Fanout         Cap        Slew       Delay        Time   Description
---------------------------------------------------------------------------------------------
                      0.150000    0.000000    0.000000   clock clk (rise edge)
                                  0.000000    0.000000   clock network delay (ideal)
                                  5.000000    5.000000 v input external delay
     2    0.008600    0.042697    0.027057    5.027057 v reset (in)
                                                         reset (net)
                      0.042697    0.000000    5.027057 v _12_/A (sky130_fd_sc_hd__inv_2)
     1    0.003263    0.037579    0.056545    5.083602 ^ _12_/Y (sky130_fd_sc_hd__inv_2)
                                                         _00_ (net)
                      0.037579    0.000000    5.083602 ^ _14_/RESET_B (sky130_fd_sc_hd__dfrtp_2)
                                              5.083602   data arrival time

                      0.150000   25.000000   25.000000   clock clk (rise edge)
                                  0.000000   25.000000   clock network delay (ideal)
                                 -0.250000   24.750000   clock uncertainty
                                  0.000000   24.750000   clock reconvergence pessimism
                                             24.750000 ^ _14_/CLK (sky130_fd_sc_hd__dfrtp_2)
                                  0.485060   25.235062   library recovery time
                                             25.235062   data required time
---------------------------------------------------------------------------------------------
                                             25.235062   data required time
                                             -5.083602   data arrival time
---------------------------------------------------------------------------------------------
                                             20.151459   slack (MET)


Startpoint: _15_ (rising edge-triggered flip-flop clocked by clk)
Endpoint: result[0] (output port clocked by clk)
Path Group: clk
Path Type: max

Fanout         Cap        Slew       Delay        Time   Description
---------------------------------------------------------------------------------------------
                      0.150000    0.000000    0.000000   clock clk (rise edge)
                                  0.000000    0.000000   clock network delay (ideal)
                      0.150000    0.000000    0.000000 ^ _15_/CLK (sky130_fd_sc_hd__dfrtp_2)
     5    0.060353    0.312738    1.099504    1.099504 v _15_/Q (sky130_fd_sc_hd__dfrtp_2)
                                                         controller_inst.pstate[1] (net)
                      0.312738    0.000000    1.099504 v _04_/A (sky130_fd_sc_hd__xnor2_4)
     2    0.035195    0.480816    0.568444    1.667948 ^ _04_/Y (sky130_fd_sc_hd__xnor2_4)
                                                         result[4] (net)
                      0.480816    0.000000    1.667948 ^ _18_/A (sky130_fd_sc_hd__buf_2)
     1    0.033442    0.271722    0.511377    2.179325 ^ _18_/X (sky130_fd_sc_hd__buf_2)
                                                         result[0] (net)
                      0.271722    0.000000    2.179325 ^ result[0] (out)
                                              2.179325   data arrival time

                      0.150000   25.000000   25.000000   clock clk (rise edge)
                                  0.000000   25.000000   clock network delay (ideal)
                                 -0.250000   24.750000   clock uncertainty
                                  0.000000   24.750000   clock reconvergence pessimism
                                 -5.000000   19.750000   output external delay
                                             19.750000   data required time
---------------------------------------------------------------------------------------------
                                             19.750000   data required time
                                             -2.179325   data arrival time
---------------------------------------------------------------------------------------------
                                             17.570675   slack (MET)




===========================================================================
report_checks --slack_max -0.01
============================================================================
======================= nom_ss_100C_1v60 Corner ===================================

No paths found.


===========================================================================
 report_check_types -max_slew -max_cap -max_fanout -violators
============================================================================
======================= nom_ss_100C_1v60 Corner ===================================



===========================================================================
report_parasitic_annotation -report_unannotated
============================================================================
Found 20 unannotated drivers.
 clk
 reset
 _04_/Y
 _05_/Y
 _06_/X
 _07_/Y
 _08_/X
 _09_/Y
 _10_/Y
 _11_/X
 _12_/Y
 _13_/Y
 _14_/Q
 _15_/Q
 _16_/HI
 _16_/LO
 _17_/HI
 _17_/LO
 _18_/X
 _19_/X
Found 0 partially unannotated drivers.

===========================================================================
max slew violation count 0
max fanout violation count 0
max cap violation count 0
============================================================================

===========================================================================
check_setup -verbose -unconstrained_endpoints -multiple_clock -no_clock -no_input_delay -loops -generated_clocks
===========================================================================
Warning: There are 2 unconstrained endpoints.
  flag_gt_zero
  result[3]
