Clock: clk
Sources: clk 
Generated: no
Virtual: no
Propagated: no
Period: 25.000000

===========================================================================
report_clock_properties
============================================================================
Clock                   Period          Waveform
----------------------------------------------------
clk                  25.000000    0.000000 12.500000

===========================================================================
report_clock_latency
============================================================================
Clock clk
rise -> rise
    min     max
0.000000 0.000000 source latency
0.019700         network latency _14_/CLK
        0.019700 network latency _14_/CLK
---------------
0.019700 0.019700 latency
        0.000000 skew

fall -> fall
    min     max
0.000000 0.000000 source latency
0.010585         network latency _14_/CLK
        0.010585 network latency _14_/CLK
---------------
0.010585 0.010585 latency
        0.000000 skew



===========================================================================
report_clock_min_period
============================================================================
clk period_min = 2.02 fmax = 494.55
