Clock: clk
Sources: clk 
Generated: no
Virtual: yes
Propagated: no
Period: 25.000000

===========================================================================
report_clock_properties
============================================================================
Clock                   Period          Waveform
----------------------------------------------------
clk                  25.000000    0.000000 12.500000

===========================================================================
report_clock_latency
============================================================================
Clock clk
rise -> rise
    min     max
0.000000 0.000000 source latency
0.185088         network latency _28_/CLK
        0.186185 network latency _27_/CLK
---------------
0.185088 0.186185 latency
        0.001097 skew

fall -> fall
    min     max
0.000000 0.000000 source latency
0.186804         network latency _28_/CLK
        0.187734 network latency _27_/CLK
---------------
0.186804 0.187734 latency
        0.000930 skew



===========================================================================
report_clock_min_period
============================================================================
clk period_min = 1.02 fmax = 984.15
