Reading timing models for corner nom_tt_025C_1v80…
Reading timing library for the 'nom_tt_025C_1v80' corner at '/foss/pdks/sky130A/libs.ref/sky130_fd_sc_hd/lib/sky130_fd_sc_hd__tt_025C_1v80.lib'…
Reading timing models for corner nom_ff_n40C_1v95…
Reading timing library for the 'nom_ff_n40C_1v95' corner at '/foss/pdks/sky130A/libs.ref/sky130_fd_sc_hd/lib/sky130_fd_sc_hd__ff_n40C_1v95.lib'…
Reading timing models for corner nom_ss_100C_1v60…
Reading timing library for the 'nom_ss_100C_1v60' corner at '/foss/pdks/sky130A/libs.ref/sky130_fd_sc_hd/lib/sky130_fd_sc_hd__ss_100C_1v60.lib'…
Reading OpenROAD database at '/foss/designs/ALU/runs/RUN_2025-06-08_18-02-53/27-openroad-globalplacement/top.odb'…
Reading design constraints file at '/usr/local/lib/python3.12/dist-packages/openlane/scripts/base.sdc'…
[INFO] Using clock clk…
[INFO] Setting output delay to: 5.0
[INFO] Setting input delay to: 5.0
[INFO] Setting load to: 0.033442
[INFO] Setting clock uncertainty to: 0.25
[INFO] Setting clock transition to: 0.1499999999999999944488848768742172978818416595458984375
[INFO] Setting timing derate to: 5%
[INFO] Setting RC values…
[INFO RSZ-0027] Inserted 1 input buffers.
[INFO RSZ-0028] Inserted 6 output buffers.
[INFO RSZ-0058] Using max wire length 6335um.
Iteration | Resized | Buffers | Nets repaired | Remaining
---------------------------------------------------------
        0 |       0 |       0 |             0 |        27
       10 |       9 |       0 |             0 |        17
       20 |      16 |       0 |             0 |         7
    final |      16 |       0 |             0 |         0
---------------------------------------------------------
[INFO RSZ-0039] Resized 16 instances.
[INFO RSZ-0042] Inserted 2 tie sky130_fd_sc_hd__conb_1 instances.
Placement Analysis
---------------------------------
total displacement         82.3 u
average displacement        1.5 u
max displacement            8.1 u
original HPWL             200.2 u
legalized HPWL            249.5 u
delta HPWL                   25 %

[INFO DPL-0020] Mirrored 9 instances
[INFO DPL-0021] HPWL before             249.5 u
[INFO DPL-0022] HPWL after              238.8 u
[INFO DPL-0023] HPWL delta               -4.3 %
[INFO] Setting RC values…
Setting global connections for newly added cells…
[INFO] Setting global connections...
Updating metrics…
Cell type report:                       Count       Area
  Fill cell                                20      75.07
  Tap cell                                 12      15.01
  Buffer                                    4      15.01
  Timing Repair Buffer                      7      33.78
  Inverter                                  3      11.26
  Sequential cell                           2      55.05
  Multi-Input combinational cell            7      46.29
  Total                                    55     251.49
Writing OpenROAD database to '/foss/designs/ALU/runs/RUN_2025-06-08_18-02-53/31-openroad-repairdesignpostgpl/top.odb'…
Writing netlist to '/foss/designs/ALU/runs/RUN_2025-06-08_18-02-53/31-openroad-repairdesignpostgpl/top.nl.v'…
Writing powered netlist to '/foss/designs/ALU/runs/RUN_2025-06-08_18-02-53/31-openroad-repairdesignpostgpl/top.pnl.v'…
Writing layout to '/foss/designs/ALU/runs/RUN_2025-06-08_18-02-53/31-openroad-repairdesignpostgpl/top.def'…
Writing timing constraints to '/foss/designs/ALU/runs/RUN_2025-06-08_18-02-53/31-openroad-repairdesignpostgpl/top.sdc'…
