Reading OpenROAD database at '/foss/designs/ALU/runs/RUN_2025-06-08_17-25-06/36-openroad-resizertimingpostcts/ALU_7bit.odb'…
Reading library file at '/foss/pdks/sky130A/libs.ref/sky130_fd_sc_hd/lib/sky130_fd_sc_hd__tt_025C_1v80.lib'…
Reading design constraints file at '/usr/local/lib/python3.12/dist-packages/openlane/scripts/base.sdc'…
[WARNING STA-0366] port 'clk' not found.
[INFO] Using clock clk…
[INFO] Setting output delay to: 5.0
[INFO] Setting input delay to: 5.0
[WARNING STA-0366] port 'clk' not found.
[INFO] Setting load to: 0.033442
[INFO] Setting clock uncertainty to: 0.25
[INFO] Setting clock transition to: 0.1499999999999999944488848768742172978818416595458984375
[WARNING STA-0419] transition time can not be specified for virtual clocks.
[INFO] Setting timing derate to: 5%
[WARNING STA-0450] virtual clock clk can not be propagated.
[WARNING STA-0450] virtual clock clk can not be propagated.
[INFO] Setting signal min routing layer to: met1 and clock min routing layer to met1. 
[INFO] Setting signal max routing layer to: met5 and clock max routing layer to met5. 
-congestion_iterations 50 -verbose
[INFO GRT-0020] Min routing layer: met1
[INFO GRT-0021] Max routing layer: met5
[INFO GRT-0022] Global adjustment: 30%
[INFO GRT-0023] Grid origin: (0, 0)
[INFO GRT-0043] No OR_DEFAULT vias defined.
[INFO GRT-0088] Layer li1     Track-Pitch = 0.4600  line-2-Via Pitch: 0.3400
[INFO GRT-0088] Layer met1    Track-Pitch = 0.3400  line-2-Via Pitch: 0.3400
[INFO GRT-0088] Layer met2    Track-Pitch = 0.4600  line-2-Via Pitch: 0.3500
[INFO GRT-0088] Layer met3    Track-Pitch = 0.6800  line-2-Via Pitch: 0.6150
[INFO GRT-0088] Layer met4    Track-Pitch = 0.9200  line-2-Via Pitch: 1.0400
[INFO GRT-0088] Layer met5    Track-Pitch = 3.4000  line-2-Via Pitch: 3.1100
[INFO GRT-0019] Found 0 clock nets.
[INFO GRT-0001] Minimum degree: 2
[INFO GRT-0002] Maximum degree: 11
[INFO GRT-0003] Macros: 0
[INFO GRT-0043] No OR_DEFAULT vias defined.
[INFO GRT-0004] Blockages: 22

[INFO GRT-0053] Routing resources analysis:
          Routing      Original      Derated      Resource
Layer     Direction    Resources     Resources    Reduction (%)
---------------------------------------------------------------
li1        Vertical            0             0          0.00%
met1       Horizontal       1015           497          51.03%
met2       Vertical          756           432          42.86%
met3       Horizontal        504           300          40.48%
met4       Vertical          315           168          46.67%
met5       Horizontal         98            42          57.14%
---------------------------------------------------------------

[INFO GRT-0197] Via related to pin nodes: 353
[INFO GRT-0198] Via related Steiner nodes: 4
[INFO GRT-0199] Via filling finished.
[INFO GRT-0111] Final number of vias: 431
[INFO GRT-0112] Final usage 3D: 1431

[INFO GRT-0096] Final congestion report:
Layer         Resource        Demand        Usage (%)    Max H / Max V / Total Overflow
---------------------------------------------------------------------------------------
li1                  0             0            0.00%             0 /  0 /  0
met1               497            82           16.50%             0 /  0 /  0
met2               432            53           12.27%             0 /  0 /  0
met3               300             3            1.00%             0 /  0 /  0
met4               168             0            0.00%             0 /  0 /  0
met5                42             0            0.00%             0 /  0 /  0
---------------------------------------------------------------------------------------
Total             1439           138            9.59%             0 /  0 /  0

[INFO GRT-0018] Total wirelength: 1842 um
[INFO GRT-0014] Routed nets: 78
%OL_CREATE_REPORT antenna.rpt
[INFO GRT-0043] No OR_DEFAULT vias defined.
[INFO ANT-0002] Found 0 net violations.
[INFO ANT-0001] Found 0 pin violations.
%OL_END_REPORT
[INFO] Setting RC values…
Setting global connections for newly added cells…
[INFO] Setting global connections...
Updating metrics…
Cell type report:                       Count       Area
  Fill cell                                20      75.07
  Tap cell                                 12      15.01
  Timing Repair Buffer                     21      96.34
  Inverter                                  6      22.52
  Multi-Input combinational cell           40     355.34
  Total                                    99     564.29
Writing OpenROAD database to '/foss/designs/ALU/runs/RUN_2025-06-08_17-25-06/38-openroad-globalrouting/ALU_7bit.odb'…
Writing layout to '/foss/designs/ALU/runs/RUN_2025-06-08_17-25-06/38-openroad-globalrouting/ALU_7bit.def'…
