
===========================================================================
report_checks -unconstrained
===========================================================================
======================= nom_ff_n40C_1v95 Corner ===================================

Startpoint: B[0] (input port clocked by clk)
Endpoint: ZF (output port clocked by clk)
Path Group: clk
Path Type: max

Fanout         Cap        Slew       Delay        Time   Description
---------------------------------------------------------------------------------------------
                      0.000000    0.000000    0.000000   clock clk (rise edge)
                                  0.000000    0.000000   clock network delay (ideal)
                                  5.000000    5.000000 ^ input external delay
     1    0.003684    0.017093    0.009567    5.009568 ^ B[0] (in)
                                                         B[0] (net)
                      0.017093    0.000000    5.009568 ^ input8/A (sky130_fd_sc_hd__buf_1)
     3    0.013306    0.120673    0.109998    5.119565 ^ input8/X (sky130_fd_sc_hd__buf_1)
                                                         net8 (net)
                      0.120673    0.000213    5.119779 ^ fanout20/A (sky130_fd_sc_hd__buf_2)
    10    0.034491    0.129006    0.159528    5.279306 ^ fanout20/X (sky130_fd_sc_hd__buf_2)
                                                         net20 (net)
                      0.129079    0.001667    5.280972 ^ _68_/S0 (sky130_fd_sc_hd__mux4_1)
     1    0.002467    0.061086    0.275572    5.556545 v _68_/X (sky130_fd_sc_hd__mux4_1)
                                                         _27_ (net)
                      0.061086    0.000069    5.556614 v _69_/B2 (sky130_fd_sc_hd__a2bb2o_1)
     2    0.004643    0.041715    0.160750    5.717364 v _69_/X (sky130_fd_sc_hd__a2bb2o_1)
                                                         net16 (net)
                      0.041715    0.000101    5.717465 v _82_/A (sky130_fd_sc_hd__or4_1)
     1    0.007320    0.072739    0.320421    6.037886 v _82_/X (sky130_fd_sc_hd__or4_1)
                                                         _37_ (net)
                      0.072739    0.000301    6.038188 v _83_/D (sky130_fd_sc_hd__nor4_1)
     1    0.002123    0.130292    0.105159    6.143347 ^ _83_/Y (sky130_fd_sc_hd__nor4_1)
                                                         net12 (net)
                      0.130292    0.000060    6.143407 ^ output12/A (sky130_fd_sc_hd__buf_2)
     1    0.034695    0.129698    0.161589    6.304996 ^ output12/X (sky130_fd_sc_hd__buf_2)
                                                         ZF (net)
                      0.129701    0.000810    6.305805 ^ ZF (out)
                                              6.305805   data arrival time

                      0.000000   25.000000   25.000000   clock clk (rise edge)
                                  0.000000   25.000000   clock network delay (ideal)
                                 -0.250000   24.750000   clock uncertainty
                                  0.000000   24.750000   clock reconvergence pessimism
                                 -5.000000   19.750000   output external delay
                                             19.750000   data required time
---------------------------------------------------------------------------------------------
                                             19.750000   data required time
                                             -6.305805   data arrival time
---------------------------------------------------------------------------------------------
                                             13.444194   slack (MET)




===========================================================================
report_checks --slack_max -0.01
============================================================================
======================= nom_ff_n40C_1v95 Corner ===================================

No paths found.


===========================================================================
 report_check_types -max_slew -max_cap -max_fanout -violators
============================================================================
======================= nom_ff_n40C_1v95 Corner ===================================



===========================================================================
report_parasitic_annotation -report_unannotated
============================================================================
Found 4 unannotated drivers.
 B[3]
 B[4]
 B[5]
 B[6]
Found 0 partially unannotated drivers.

===========================================================================
max slew violation count 0
max fanout violation count 0
max cap violation count 0
============================================================================

===========================================================================
check_setup -verbose -unconstrained_endpoints -multiple_clock -no_clock -no_input_delay -loops -generated_clocks
===========================================================================
