
===========================================================================
report_checks -unconstrained
===========================================================================
======================= nom_tt_025C_1v80 Corner ===================================

Startpoint: reset (input port clocked by clk)
Endpoint: _14_ (recovery check against rising-edge clock clk)
Path Group: asynchronous
Path Type: max

Fanout         Cap        Slew       Delay        Time   Description
---------------------------------------------------------------------------------------------
                                  0.000000    0.000000   clock clk (rise edge)
                                  0.000000    0.000000   clock network delay (propagated)
                                  5.000000    5.000000 v input external delay
     2    0.009805    0.024063    0.015863    5.015863 v reset (in)
                                                         reset (net)
                      0.024064    0.000000    5.015863 v _12_/A (sky130_fd_sc_hd__inv_2)
     1    0.003823    0.025132    0.034723    5.050587 ^ _12_/Y (sky130_fd_sc_hd__inv_2)
                                                         _00_ (net)
                      0.025132    0.000004    5.050591 ^ _14_/RESET_B (sky130_fd_sc_hd__dfrtp_2)
                                              5.050591   data arrival time

                                 25.000000   25.000000   clock clk (rise edge)
                                  0.000000   25.000000   clock source latency
     2    0.006099    0.034109    0.021386   25.021385 ^ clk (in)
                                                         clk (net)
                      0.034109    0.000000   25.021385 ^ _14_/CLK (sky130_fd_sc_hd__dfrtp_2)
                                 -0.250000   24.771385   clock uncertainty
                                  0.000000   24.771385   clock reconvergence pessimism
                                  0.221781   24.993166   library recovery time
                                             24.993166   data required time
---------------------------------------------------------------------------------------------
                                             24.993166   data required time
                                             -5.050591   data arrival time
---------------------------------------------------------------------------------------------
                                             19.942574   slack (MET)


Startpoint: _15_ (rising edge-triggered flip-flop clocked by clk)
Endpoint: result[0] (output port clocked by clk)
Path Group: clk
Path Type: max

Fanout         Cap        Slew       Delay        Time   Description
---------------------------------------------------------------------------------------------
                                  0.000000    0.000000   clock clk (rise edge)
                                  0.000000    0.000000   clock source latency
     2    0.006099    0.034109    0.021385    0.021385 ^ clk (in)
                                                         clk (net)
                      0.034109    0.000000    0.021385 ^ _15_/CLK (sky130_fd_sc_hd__dfrtp_2)
     5    0.060100    0.165234    0.514926    0.536311 v _15_/Q (sky130_fd_sc_hd__dfrtp_2)
                                                         controller_inst.pstate[1] (net)
                      0.165234    0.000057    0.536368 v _04_/A (sky130_fd_sc_hd__xnor2_4)
     2    0.036298    0.318054    0.344416    0.880783 ^ _04_/Y (sky130_fd_sc_hd__xnor2_4)
                                                         result[4] (net)
                      0.318054    0.000003    0.880786 ^ _18_/A (sky130_fd_sc_hd__buf_2)
     1    0.034373    0.171397    0.276245    1.157031 ^ _18_/X (sky130_fd_sc_hd__buf_2)
                                                         result[0] (net)
                      0.171397    0.000134    1.157165 ^ result[0] (out)
                                              1.157165   data arrival time

                                 25.000000   25.000000   clock clk (rise edge)
                                  0.000000   25.000000   clock network delay (propagated)
                                 -0.250000   24.750000   clock uncertainty
                                  0.000000   24.750000   clock reconvergence pessimism
                                 -5.000000   19.750000   output external delay
                                             19.750000   data required time
---------------------------------------------------------------------------------------------
                                             19.750000   data required time
                                             -1.157165   data arrival time
---------------------------------------------------------------------------------------------
                                             18.592834   slack (MET)




===========================================================================
report_checks --slack_max -0.01
============================================================================
======================= nom_tt_025C_1v80 Corner ===================================

No paths found.


===========================================================================
 report_check_types -max_slew -max_cap -max_fanout -violators
============================================================================
======================= nom_tt_025C_1v80 Corner ===================================



===========================================================================
report_parasitic_annotation -report_unannotated
============================================================================
Found 2 unannotated drivers.
 _16_/LO
 _17_/LO
Found 0 partially unannotated drivers.

===========================================================================
max slew violation count 0
Writing metric design__max_slew_violation__count__corner:nom_tt_025C_1v80: 0
max fanout violation count 0
Writing metric design__max_fanout_violation__count__corner:nom_tt_025C_1v80: 0
max cap violation count 0
Writing metric design__max_cap_violation__count__corner:nom_tt_025C_1v80: 0
============================================================================

===========================================================================
check_setup -verbose -unconstrained_endpoints -multiple_clock -no_clock -no_input_delay -loops -generated_clocks
===========================================================================
Warning: There are 2 unconstrained endpoints.
  flag_gt_zero
  result[3]
