Reading OpenROAD database at '/foss/designs/ALU/runs/RUN_2025-06-08_18-02-53/34-openroad-cts/top.odb'…
Reading library file at '/foss/pdks/sky130A/libs.ref/sky130_fd_sc_hd/lib/sky130_fd_sc_hd__tt_025C_1v80.lib'…
Reading design constraints file at '/usr/local/lib/python3.12/dist-packages/openlane/scripts/base.sdc'…
[INFO] Using clock clk…
[INFO] Setting output delay to: 5.0
[INFO] Setting input delay to: 5.0
[INFO] Setting load to: 0.033442
[INFO] Setting clock uncertainty to: 0.25
[INFO] Setting clock transition to: 0.1499999999999999944488848768742172978818416595458984375
[INFO] Setting timing derate to: 5%
[INFO] Setting RC values…
[WARNING GRT-0097] No global routing found for nets.
%OL_CREATE_REPORT min.rpt

===========================================================================
report_checks -path_delay min (Hold)
============================================================================
======================= nom_tt_025C_1v80 Corner ===================================

Startpoint: _14_ (rising edge-triggered flip-flop clocked by clk)
Endpoint: _14_ (rising edge-triggered flip-flop clocked by clk)
Path Group: clk
Path Type: min

Fanout         Cap        Slew       Delay        Time   Description
---------------------------------------------------------------------------------------------
                                  0.000000    0.000000   clock clk (rise edge)
                                  0.000000    0.000000   clock source latency
     1    0.010578    0.053985    0.035873    0.035873 ^ clk (in)
                                                         clk (net)
                      0.053985    0.000000    0.035873 ^ clkbuf_0_clk/A (sky130_fd_sc_hd__clkbuf_16)
     2    0.017204    0.039465    0.126063    0.161936 ^ clkbuf_0_clk/X (sky130_fd_sc_hd__clkbuf_16)
                                                         clknet_0_clk (net)
                      0.039465    0.000041    0.161977 ^ clkbuf_1_0__f_clk/A (sky130_fd_sc_hd__clkbuf_16)
     1    0.002514    0.026425    0.105541    0.267518 ^ clkbuf_1_0__f_clk/X (sky130_fd_sc_hd__clkbuf_16)
                                                         clknet_1_0__leaf_clk (net)
                      0.026425    0.000008    0.267526 ^ _14_/CLK (sky130_fd_sc_hd__dfrtp_4)
     6    0.024491    0.100214    0.437815    0.705341 ^ _14_/Q (sky130_fd_sc_hd__dfrtp_4)
                                                         controller_inst.pstate[0] (net)
                      0.100214    0.000035    0.705376 ^ _10_/A (sky130_fd_sc_hd__inv_2)
     1    0.002173    0.022683    0.031422    0.736798 v _10_/Y (sky130_fd_sc_hd__inv_2)
                                                         controller_inst.nstate[0] (net)
                      0.022683    0.000002    0.736800 v _14_/D (sky130_fd_sc_hd__dfrtp_4)
                                              0.736800   data arrival time

                                  0.000000    0.000000   clock clk (rise edge)
                                  0.000000    0.000000   clock source latency
     1    0.010578    0.053985    0.035873    0.035873 ^ clk (in)
                                                         clk (net)
                      0.053985    0.000000    0.035873 ^ clkbuf_0_clk/A (sky130_fd_sc_hd__clkbuf_16)
     2    0.017204    0.039465    0.126063    0.161936 ^ clkbuf_0_clk/X (sky130_fd_sc_hd__clkbuf_16)
                                                         clknet_0_clk (net)
                      0.039465    0.000041    0.161977 ^ clkbuf_1_0__f_clk/A (sky130_fd_sc_hd__clkbuf_16)
     1    0.002514    0.026425    0.105541    0.267518 ^ clkbuf_1_0__f_clk/X (sky130_fd_sc_hd__clkbuf_16)
                                                         clknet_1_0__leaf_clk (net)
                      0.026425    0.000008    0.267526 ^ _14_/CLK (sky130_fd_sc_hd__dfrtp_4)
                                  0.250000    0.517526   clock uncertainty
                                  0.000000    0.517526   clock reconvergence pessimism
                                 -0.037232    0.480294   library hold time
                                              0.480294   data required time
---------------------------------------------------------------------------------------------
                                              0.480294   data required time
                                             -0.736800   data arrival time
---------------------------------------------------------------------------------------------
                                              0.256506   slack (MET)


Startpoint: _15_ (rising edge-triggered flip-flop clocked by clk)
Endpoint: _15_ (rising edge-triggered flip-flop clocked by clk)
Path Group: clk
Path Type: min

Fanout         Cap        Slew       Delay        Time   Description
---------------------------------------------------------------------------------------------
                                  0.000000    0.000000   clock clk (rise edge)
                                  0.000000    0.000000   clock source latency
     1    0.010578    0.053985    0.035873    0.035873 ^ clk (in)
                                                         clk (net)
                      0.053985    0.000000    0.035873 ^ clkbuf_0_clk/A (sky130_fd_sc_hd__clkbuf_16)
     2    0.017204    0.039465    0.126063    0.161936 ^ clkbuf_0_clk/X (sky130_fd_sc_hd__clkbuf_16)
                                                         clknet_0_clk (net)
                      0.039465    0.000058    0.161994 ^ clkbuf_1_1__f_clk/A (sky130_fd_sc_hd__clkbuf_16)
     1    0.002259    0.026174    0.105235    0.267229 ^ clkbuf_1_1__f_clk/X (sky130_fd_sc_hd__clkbuf_16)
                                                         clknet_1_1__leaf_clk (net)
                      0.026174    0.000005    0.267234 ^ _15_/CLK (sky130_fd_sc_hd__dfrtp_2)
     5    0.019858    0.110046    0.392906    0.660140 ^ _15_/Q (sky130_fd_sc_hd__dfrtp_2)
                                                         controller_inst.pstate[1] (net)
                      0.110046    0.000006    0.660146 ^ _11_/A (sky130_fd_sc_hd__xor2_1)
     1    0.002804    0.036277    0.076789    0.736935 v _11_/X (sky130_fd_sc_hd__xor2_1)
                                                         controller_inst.nstate[1] (net)
                      0.036277    0.000009    0.736944 v _15_/D (sky130_fd_sc_hd__dfrtp_2)
                                              0.736944   data arrival time

                                  0.000000    0.000000   clock clk (rise edge)
                                  0.000000    0.000000   clock source latency
     1    0.010578    0.053985    0.035873    0.035873 ^ clk (in)
                                                         clk (net)
                      0.053985    0.000000    0.035873 ^ clkbuf_0_clk/A (sky130_fd_sc_hd__clkbuf_16)
     2    0.017204    0.039465    0.126063    0.161936 ^ clkbuf_0_clk/X (sky130_fd_sc_hd__clkbuf_16)
                                                         clknet_0_clk (net)
                      0.039465    0.000058    0.161994 ^ clkbuf_1_1__f_clk/A (sky130_fd_sc_hd__clkbuf_16)
     1    0.002259    0.026174    0.105235    0.267229 ^ clkbuf_1_1__f_clk/X (sky130_fd_sc_hd__clkbuf_16)
                                                         clknet_1_1__leaf_clk (net)
                      0.026174    0.000005    0.267234 ^ _15_/CLK (sky130_fd_sc_hd__dfrtp_2)
                                  0.250000    0.517234   clock uncertainty
                                  0.000000    0.517234   clock reconvergence pessimism
                                 -0.042855    0.474378   library hold time
                                              0.474378   data required time
---------------------------------------------------------------------------------------------
                                              0.474378   data required time
                                             -0.736944   data arrival time
---------------------------------------------------------------------------------------------
                                              0.262566   slack (MET)


Startpoint: reset (input port clocked by clk)
Endpoint: _15_ (removal check against rising-edge clock clk)
Path Group: asynchronous
Path Type: min

Fanout         Cap        Slew       Delay        Time   Description
---------------------------------------------------------------------------------------------
                                  0.000000    0.000000   clock clk (rise edge)
                                  0.000000    0.000000   clock network delay (propagated)
                                  5.000000    5.000000 v input external delay
     1    0.002500    0.007938    0.003905    5.003905 v reset (in)
                                                         reset (net)
                      0.007938    0.000000    5.003905 v input1/A (sky130_fd_sc_hd__buf_1)
     2    0.009444    0.061357    0.102358    5.106264 v input1/X (sky130_fd_sc_hd__buf_1)
                                                         net1 (net)
                      0.061357    0.000041    5.106305 v _13_/A (sky130_fd_sc_hd__inv_2)
     1    0.004075    0.029719    0.051242    5.157547 ^ _13_/Y (sky130_fd_sc_hd__inv_2)
                                                         _01_ (net)
                      0.029719    0.000012    5.157559 ^ _15_/RESET_B (sky130_fd_sc_hd__dfrtp_2)
                                              5.157559   data arrival time

                                  0.000000    0.000000   clock clk (rise edge)
                                  0.000000    0.000000   clock source latency
     1    0.010578    0.053985    0.035873    0.035873 ^ clk (in)
                                                         clk (net)
                      0.053985    0.000000    0.035873 ^ clkbuf_0_clk/A (sky130_fd_sc_hd__clkbuf_16)
     2    0.017204    0.039465    0.126063    0.161936 ^ clkbuf_0_clk/X (sky130_fd_sc_hd__clkbuf_16)
                                                         clknet_0_clk (net)
                      0.039465    0.000058    0.161994 ^ clkbuf_1_1__f_clk/A (sky130_fd_sc_hd__clkbuf_16)
     1    0.002259    0.026174    0.105235    0.267229 ^ clkbuf_1_1__f_clk/X (sky130_fd_sc_hd__clkbuf_16)
                                                         clknet_1_1__leaf_clk (net)
                      0.026174    0.000005    0.267234 ^ _15_/CLK (sky130_fd_sc_hd__dfrtp_2)
                                  0.250000    0.517234   clock uncertainty
                                  0.000000    0.517234   clock reconvergence pessimism
                                  0.310902    0.828136   library removal time
                                              0.828136   data required time
---------------------------------------------------------------------------------------------
                                              0.828136   data required time
                                             -5.157559   data arrival time
---------------------------------------------------------------------------------------------
                                              4.329423   slack (MET)


Startpoint: reset (input port clocked by clk)
Endpoint: _14_ (removal check against rising-edge clock clk)
Path Group: asynchronous
Path Type: min

Fanout         Cap        Slew       Delay        Time   Description
---------------------------------------------------------------------------------------------
                                  0.000000    0.000000   clock clk (rise edge)
                                  0.000000    0.000000   clock network delay (propagated)
                                  5.000000    5.000000 v input external delay
     1    0.002500    0.007938    0.003905    5.003905 v reset (in)
                                                         reset (net)
                      0.007938    0.000000    5.003905 v input1/A (sky130_fd_sc_hd__buf_1)
     2    0.009444    0.061357    0.102358    5.106264 v input1/X (sky130_fd_sc_hd__buf_1)
                                                         net1 (net)
                      0.061357    0.000039    5.106303 v _12_/A (sky130_fd_sc_hd__inv_2)
     1    0.004517    0.031246    0.052859    5.159161 ^ _12_/Y (sky130_fd_sc_hd__inv_2)
                                                         _00_ (net)
                      0.031246    0.000021    5.159183 ^ _14_/RESET_B (sky130_fd_sc_hd__dfrtp_4)
                                              5.159183   data arrival time

                                  0.000000    0.000000   clock clk (rise edge)
                                  0.000000    0.000000   clock source latency
     1    0.010578    0.053985    0.035873    0.035873 ^ clk (in)
                                                         clk (net)
                      0.053985    0.000000    0.035873 ^ clkbuf_0_clk/A (sky130_fd_sc_hd__clkbuf_16)
     2    0.017204    0.039465    0.126063    0.161936 ^ clkbuf_0_clk/X (sky130_fd_sc_hd__clkbuf_16)
                                                         clknet_0_clk (net)
                      0.039465    0.000041    0.161977 ^ clkbuf_1_0__f_clk/A (sky130_fd_sc_hd__clkbuf_16)
     1    0.002514    0.026425    0.105541    0.267518 ^ clkbuf_1_0__f_clk/X (sky130_fd_sc_hd__clkbuf_16)
                                                         clknet_1_0__leaf_clk (net)
                      0.026425    0.000008    0.267526 ^ _14_/CLK (sky130_fd_sc_hd__dfrtp_4)
                                  0.250000    0.517526   clock uncertainty
                                  0.000000    0.517526   clock reconvergence pessimism
                                  0.311439    0.828965   library removal time
                                              0.828965   data required time
---------------------------------------------------------------------------------------------
                                              0.828965   data required time
                                             -5.159183   data arrival time
---------------------------------------------------------------------------------------------
                                              4.330218   slack (MET)


Startpoint: _15_ (rising edge-triggered flip-flop clocked by clk)
Endpoint: result[6] (output port clocked by clk)
Path Group: clk
Path Type: min

Fanout         Cap        Slew       Delay        Time   Description
---------------------------------------------------------------------------------------------
                                  0.000000    0.000000   clock clk (rise edge)
                                  0.000000    0.000000   clock source latency
     1    0.010578    0.053985    0.035873    0.035873 ^ clk (in)
                                                         clk (net)
                      0.053985    0.000000    0.035873 ^ clkbuf_0_clk/A (sky130_fd_sc_hd__clkbuf_16)
     2    0.017204    0.039465    0.126063    0.161936 ^ clkbuf_0_clk/X (sky130_fd_sc_hd__clkbuf_16)
                                                         clknet_0_clk (net)
                      0.039465    0.000058    0.161994 ^ clkbuf_1_1__f_clk/A (sky130_fd_sc_hd__clkbuf_16)
     1    0.002259    0.026174    0.105235    0.267229 ^ clkbuf_1_1__f_clk/X (sky130_fd_sc_hd__clkbuf_16)
                                                         clknet_1_1__leaf_clk (net)
                      0.026174    0.000005    0.267234 ^ _15_/CLK (sky130_fd_sc_hd__dfrtp_2)
     5    0.019858    0.110046    0.392906    0.660140 ^ _15_/Q (sky130_fd_sc_hd__dfrtp_2)
                                                         controller_inst.pstate[1] (net)
                      0.110046    0.000060    0.660200 ^ _09_/A (sky130_fd_sc_hd__xnor2_1)
     1    0.001820    0.031637    0.074585    0.734785 v _09_/Y (sky130_fd_sc_hd__xnor2_1)
                                                         net7 (net)
                      0.031637    0.000001    0.734787 v output7/A (sky130_fd_sc_hd__buf_2)
     1    0.034279    0.089391    0.174787    0.909573 v output7/X (sky130_fd_sc_hd__buf_2)
                                                         result[6] (net)
                      0.089391    0.000133    0.909707 v result[6] (out)
                                              0.909707   data arrival time

                                  0.000000    0.000000   clock clk (rise edge)
                                  0.000000    0.000000   clock network delay (propagated)
                                  0.250000    0.250000   clock uncertainty
                                  0.000000    0.250000   clock reconvergence pessimism
                                 -5.000000   -4.750000   output external delay
                                             -4.750000   data required time
---------------------------------------------------------------------------------------------
                                             -4.750000   data required time
                                             -0.909707   data arrival time
---------------------------------------------------------------------------------------------
                                              5.659707   slack (MET)


Startpoint: _15_ (rising edge-triggered flip-flop clocked by clk)
Endpoint: result[4] (output port clocked by clk)
Path Group: clk
Path Type: min

Fanout         Cap        Slew       Delay        Time   Description
---------------------------------------------------------------------------------------------
                                  0.000000    0.000000   clock clk (rise edge)
                                  0.000000    0.000000   clock source latency
     1    0.010578    0.053985    0.035873    0.035873 ^ clk (in)
                                                         clk (net)
                      0.053985    0.000000    0.035873 ^ clkbuf_0_clk/A (sky130_fd_sc_hd__clkbuf_16)
     2    0.017204    0.039465    0.126063    0.161936 ^ clkbuf_0_clk/X (sky130_fd_sc_hd__clkbuf_16)
                                                         clknet_0_clk (net)
                      0.039465    0.000058    0.161994 ^ clkbuf_1_1__f_clk/A (sky130_fd_sc_hd__clkbuf_16)
     1    0.002259    0.026174    0.105235    0.267229 ^ clkbuf_1_1__f_clk/X (sky130_fd_sc_hd__clkbuf_16)
                                                         clknet_1_1__leaf_clk (net)
                      0.026174    0.000005    0.267234 ^ _15_/CLK (sky130_fd_sc_hd__dfrtp_2)
     5    0.019858    0.110046    0.392906    0.660140 ^ _15_/Q (sky130_fd_sc_hd__dfrtp_2)
                                                         controller_inst.pstate[1] (net)
                      0.110046    0.000055    0.660195 ^ _04_/A (sky130_fd_sc_hd__xnor2_1)
     2    0.004890    0.052047    0.093980    0.754174 v _04_/Y (sky130_fd_sc_hd__xnor2_1)
                                                         net5 (net)
                      0.052047    0.000014    0.754188 v output5/A (sky130_fd_sc_hd__buf_2)
     1    0.034086    0.088816    0.183242    0.937430 v output5/X (sky130_fd_sc_hd__buf_2)
                                                         result[4] (net)
                      0.088816    0.000102    0.937533 v result[4] (out)
                                              0.937533   data arrival time

                                  0.000000    0.000000   clock clk (rise edge)
                                  0.000000    0.000000   clock network delay (propagated)
                                  0.250000    0.250000   clock uncertainty
                                  0.000000    0.250000   clock reconvergence pessimism
                                 -5.000000   -4.750000   output external delay
                                             -4.750000   data required time
---------------------------------------------------------------------------------------------
                                             -4.750000   data required time
                                             -0.937533   data arrival time
---------------------------------------------------------------------------------------------
                                              5.687532   slack (MET)


Startpoint: _15_ (rising edge-triggered flip-flop clocked by clk)
Endpoint: result[5] (output port clocked by clk)
Path Group: clk
Path Type: min

Fanout         Cap        Slew       Delay        Time   Description
---------------------------------------------------------------------------------------------
                                  0.000000    0.000000   clock clk (rise edge)
                                  0.000000    0.000000   clock source latency
     1    0.010578    0.053985    0.035873    0.035873 ^ clk (in)
                                                         clk (net)
                      0.053985    0.000000    0.035873 ^ clkbuf_0_clk/A (sky130_fd_sc_hd__clkbuf_16)
     2    0.017204    0.039465    0.126063    0.161936 ^ clkbuf_0_clk/X (sky130_fd_sc_hd__clkbuf_16)
                                                         clknet_0_clk (net)
                      0.039465    0.000058    0.161994 ^ clkbuf_1_1__f_clk/A (sky130_fd_sc_hd__clkbuf_16)
     1    0.002259    0.026174    0.105235    0.267229 ^ clkbuf_1_1__f_clk/X (sky130_fd_sc_hd__clkbuf_16)
                                                         clknet_1_1__leaf_clk (net)
                      0.026174    0.000005    0.267234 ^ _15_/CLK (sky130_fd_sc_hd__dfrtp_2)
     5    0.019858    0.110046    0.392906    0.660140 ^ _15_/Q (sky130_fd_sc_hd__dfrtp_2)
                                                         controller_inst.pstate[1] (net)
                      0.110046    0.000028    0.660168 ^ _05_/B (sky130_fd_sc_hd__nand2b_1)
     1    0.003048    0.042076    0.067360    0.727527 v _05_/Y (sky130_fd_sc_hd__nand2b_1)
                                                         _02_ (net)
                      0.042076    0.000014    0.727541 v _06_/A (sky130_fd_sc_hd__clkbuf_1)
     2    0.005036    0.039306    0.096787    0.824328 v _06_/X (sky130_fd_sc_hd__clkbuf_1)
                                                         net6 (net)
                      0.039306    0.000013    0.824341 v output6/A (sky130_fd_sc_hd__buf_2)
     1    0.034296    0.089399    0.178075    1.002416 v output6/X (sky130_fd_sc_hd__buf_2)
                                                         result[5] (net)
                      0.089399    0.000191    1.002606 v result[5] (out)
                                              1.002606   data arrival time

                                  0.000000    0.000000   clock clk (rise edge)
                                  0.000000    0.000000   clock network delay (propagated)
                                  0.250000    0.250000   clock uncertainty
                                  0.000000    0.250000   clock reconvergence pessimism
                                 -5.000000   -4.750000   output external delay
                                             -4.750000   data required time
---------------------------------------------------------------------------------------------
                                             -4.750000   data required time
                                             -1.002606   data arrival time
---------------------------------------------------------------------------------------------
                                              5.752606   slack (MET)


Startpoint: _15_ (rising edge-triggered flip-flop clocked by clk)
Endpoint: result[0] (output port clocked by clk)
Path Group: clk
Path Type: min

Fanout         Cap        Slew       Delay        Time   Description
---------------------------------------------------------------------------------------------
                                  0.000000    0.000000   clock clk (rise edge)
                                  0.000000    0.000000   clock source latency
     1    0.010578    0.053985    0.035873    0.035873 ^ clk (in)
                                                         clk (net)
                      0.053985    0.000000    0.035873 ^ clkbuf_0_clk/A (sky130_fd_sc_hd__clkbuf_16)
     2    0.017204    0.039465    0.126063    0.161936 ^ clkbuf_0_clk/X (sky130_fd_sc_hd__clkbuf_16)
                                                         clknet_0_clk (net)
                      0.039465    0.000058    0.161994 ^ clkbuf_1_1__f_clk/A (sky130_fd_sc_hd__clkbuf_16)
     1    0.002259    0.026174    0.105235    0.267229 ^ clkbuf_1_1__f_clk/X (sky130_fd_sc_hd__clkbuf_16)
                                                         clknet_1_1__leaf_clk (net)
                      0.026174    0.000005    0.267234 ^ _15_/CLK (sky130_fd_sc_hd__dfrtp_2)
     5    0.019858    0.110046    0.392906    0.660140 ^ _15_/Q (sky130_fd_sc_hd__dfrtp_2)
                                                         controller_inst.pstate[1] (net)
                      0.110046    0.000055    0.660195 ^ _04_/A (sky130_fd_sc_hd__xnor2_1)
     2    0.004890    0.052047    0.093980    0.754174 v _04_/Y (sky130_fd_sc_hd__xnor2_1)
                                                         net5 (net)
                      0.052047    0.000007    0.754182 v _18_/A (sky130_fd_sc_hd__clkbuf_1)
     1    0.002338    0.024187    0.087955    0.842137 v _18_/X (sky130_fd_sc_hd__clkbuf_1)
                                                         net2 (net)
                      0.024187    0.000008    0.842145 v output2/A (sky130_fd_sc_hd__buf_2)
     1    0.034138    0.089132    0.171327    1.013471 v output2/X (sky130_fd_sc_hd__buf_2)
                                                         result[0] (net)
                      0.089132    0.000115    1.013586 v result[0] (out)
                                              1.013586   data arrival time

                                  0.000000    0.000000   clock clk (rise edge)
                                  0.000000    0.000000   clock network delay (propagated)
                                  0.250000    0.250000   clock uncertainty
                                  0.000000    0.250000   clock reconvergence pessimism
                                 -5.000000   -4.750000   output external delay
                                             -4.750000   data required time
---------------------------------------------------------------------------------------------
                                             -4.750000   data required time
                                             -1.013586   data arrival time
---------------------------------------------------------------------------------------------
                                              5.763586   slack (MET)


Startpoint: _14_ (rising edge-triggered flip-flop clocked by clk)
Endpoint: result[2] (output port clocked by clk)
Path Group: clk
Path Type: min

Fanout         Cap        Slew       Delay        Time   Description
---------------------------------------------------------------------------------------------
                                  0.000000    0.000000   clock clk (rise edge)
                                  0.000000    0.000000   clock source latency
     1    0.010578    0.053985    0.035873    0.035873 ^ clk (in)
                                                         clk (net)
                      0.053985    0.000000    0.035873 ^ clkbuf_0_clk/A (sky130_fd_sc_hd__clkbuf_16)
     2    0.017204    0.039465    0.126063    0.161936 ^ clkbuf_0_clk/X (sky130_fd_sc_hd__clkbuf_16)
                                                         clknet_0_clk (net)
                      0.039465    0.000041    0.161977 ^ clkbuf_1_0__f_clk/A (sky130_fd_sc_hd__clkbuf_16)
     1    0.002514    0.026425    0.105541    0.267518 ^ clkbuf_1_0__f_clk/X (sky130_fd_sc_hd__clkbuf_16)
                                                         clknet_1_0__leaf_clk (net)
                      0.026425    0.000008    0.267526 ^ _14_/CLK (sky130_fd_sc_hd__dfrtp_4)
     6    0.024491    0.100214    0.437815    0.705341 ^ _14_/Q (sky130_fd_sc_hd__dfrtp_4)
                                                         controller_inst.pstate[0] (net)
                      0.100214    0.000054    0.705395 ^ _07_/B (sky130_fd_sc_hd__nand2b_1)
     1    0.002151    0.036381    0.058837    0.764232 v _07_/Y (sky130_fd_sc_hd__nand2b_1)
                                                         _03_ (net)
                      0.036381    0.000001    0.764233 v _08_/A (sky130_fd_sc_hd__clkbuf_1)
     1    0.002277    0.024745    0.080684    0.844917 v _08_/X (sky130_fd_sc_hd__clkbuf_1)
                                                         net4 (net)
                      0.024745    0.000006    0.844923 v output4/A (sky130_fd_sc_hd__buf_2)
     1    0.034016    0.088854    0.171363    1.016286 v output4/X (sky130_fd_sc_hd__buf_2)
                                                         result[2] (net)
                      0.088854    0.000086    1.016373 v result[2] (out)
                                              1.016373   data arrival time

                                  0.000000    0.000000   clock clk (rise edge)
                                  0.000000    0.000000   clock network delay (propagated)
                                  0.250000    0.250000   clock uncertainty
                                  0.000000    0.250000   clock reconvergence pessimism
                                 -5.000000   -4.750000   output external delay
                                             -4.750000   data required time
---------------------------------------------------------------------------------------------
                                             -4.750000   data required time
                                             -1.016373   data arrival time
---------------------------------------------------------------------------------------------
                                              5.766373   slack (MET)


Startpoint: _15_ (rising edge-triggered flip-flop clocked by clk)
Endpoint: result[1] (output port clocked by clk)
Path Group: clk
Path Type: min

Fanout         Cap        Slew       Delay        Time   Description
---------------------------------------------------------------------------------------------
                                  0.000000    0.000000   clock clk (rise edge)
                                  0.000000    0.000000   clock source latency
     1    0.010578    0.053985    0.035873    0.035873 ^ clk (in)
                                                         clk (net)
                      0.053985    0.000000    0.035873 ^ clkbuf_0_clk/A (sky130_fd_sc_hd__clkbuf_16)
     2    0.017204    0.039465    0.126063    0.161936 ^ clkbuf_0_clk/X (sky130_fd_sc_hd__clkbuf_16)
                                                         clknet_0_clk (net)
                      0.039465    0.000058    0.161994 ^ clkbuf_1_1__f_clk/A (sky130_fd_sc_hd__clkbuf_16)
     1    0.002259    0.026174    0.105235    0.267229 ^ clkbuf_1_1__f_clk/X (sky130_fd_sc_hd__clkbuf_16)
                                                         clknet_1_1__leaf_clk (net)
                      0.026174    0.000005    0.267234 ^ _15_/CLK (sky130_fd_sc_hd__dfrtp_2)
     5    0.019858    0.110046    0.392906    0.660140 ^ _15_/Q (sky130_fd_sc_hd__dfrtp_2)
                                                         controller_inst.pstate[1] (net)
                      0.110046    0.000028    0.660168 ^ _05_/B (sky130_fd_sc_hd__nand2b_1)
     1    0.003048    0.042076    0.067360    0.727527 v _05_/Y (sky130_fd_sc_hd__nand2b_1)
                                                         _02_ (net)
                      0.042076    0.000014    0.727541 v _06_/A (sky130_fd_sc_hd__clkbuf_1)
     2    0.005036    0.039306    0.096787    0.824328 v _06_/X (sky130_fd_sc_hd__clkbuf_1)
                                                         net6 (net)
                      0.039306    0.000011    0.824339 v _19_/A (sky130_fd_sc_hd__clkbuf_1)
     1    0.001850    0.022454    0.079619    0.903959 v _19_/X (sky130_fd_sc_hd__clkbuf_1)
                                                         net3 (net)
                      0.022454    0.000001    0.903960 v output3/A (sky130_fd_sc_hd__buf_2)
     1    0.034487    0.089923    0.171185    1.075145 v output3/X (sky130_fd_sc_hd__buf_2)
                                                         result[1] (net)
                      0.089923    0.000196    1.075341 v result[1] (out)
                                              1.075341   data arrival time

                                  0.000000    0.000000   clock clk (rise edge)
                                  0.000000    0.000000   clock network delay (propagated)
                                  0.250000    0.250000   clock uncertainty
                                  0.000000    0.250000   clock reconvergence pessimism
                                 -5.000000   -4.750000   output external delay
                                             -4.750000   data required time
---------------------------------------------------------------------------------------------
                                             -4.750000   data required time
                                             -1.075341   data arrival time
---------------------------------------------------------------------------------------------
                                              5.825341   slack (MET)



%OL_END_REPORT
%OL_CREATE_REPORT max.rpt

===========================================================================
report_checks -path_delay max (Setup)
============================================================================
======================= nom_tt_025C_1v80 Corner ===================================

Startpoint: _14_ (rising edge-triggered flip-flop clocked by clk)
Endpoint: result[1] (output port clocked by clk)
Path Group: clk
Path Type: max

Fanout         Cap        Slew       Delay        Time   Description
---------------------------------------------------------------------------------------------
                                  0.000000    0.000000   clock clk (rise edge)
                                  0.000000    0.000000   clock source latency
     1    0.010578    0.053985    0.035873    0.035873 ^ clk (in)
                                                         clk (net)
                      0.053985    0.000000    0.035873 ^ clkbuf_0_clk/A (sky130_fd_sc_hd__clkbuf_16)
     2    0.017204    0.039465    0.126063    0.161936 ^ clkbuf_0_clk/X (sky130_fd_sc_hd__clkbuf_16)
                                                         clknet_0_clk (net)
                      0.039465    0.000041    0.161977 ^ clkbuf_1_0__f_clk/A (sky130_fd_sc_hd__clkbuf_16)
     1    0.002514    0.026425    0.105541    0.267518 ^ clkbuf_1_0__f_clk/X (sky130_fd_sc_hd__clkbuf_16)
                                                         clknet_1_0__leaf_clk (net)
                      0.026425    0.000008    0.267526 ^ _14_/CLK (sky130_fd_sc_hd__dfrtp_4)
     6    0.023105    0.083942    0.497239    0.764765 v _14_/Q (sky130_fd_sc_hd__dfrtp_4)
                                                         controller_inst.pstate[0] (net)
                      0.083942    0.000000    0.764766 v _05_/A_N (sky130_fd_sc_hd__nand2b_1)
     1    0.003048    0.043226    0.154627    0.919393 v _05_/Y (sky130_fd_sc_hd__nand2b_1)
                                                         _02_ (net)
                      0.043226    0.000014    0.919407 v _06_/A (sky130_fd_sc_hd__clkbuf_1)
     2    0.005036    0.039308    0.097296    1.016703 v _06_/X (sky130_fd_sc_hd__clkbuf_1)
                                                         net6 (net)
                      0.039308    0.000011    1.016714 v _19_/A (sky130_fd_sc_hd__clkbuf_1)
     1    0.001850    0.022454    0.079620    1.096334 v _19_/X (sky130_fd_sc_hd__clkbuf_1)
                                                         net3 (net)
                      0.022454    0.000001    1.096335 v output3/A (sky130_fd_sc_hd__buf_2)
     1    0.034487    0.089923    0.171185    1.267520 v output3/X (sky130_fd_sc_hd__buf_2)
                                                         result[1] (net)
                      0.089923    0.000196    1.267716 v result[1] (out)
                                              1.267716   data arrival time

                                 25.000000   25.000000   clock clk (rise edge)
                                  0.000000   25.000000   clock network delay (propagated)
                                 -0.250000   24.750000   clock uncertainty
                                  0.000000   24.750000   clock reconvergence pessimism
                                 -5.000000   19.750000   output external delay
                                             19.750000   data required time
---------------------------------------------------------------------------------------------
                                             19.750000   data required time
                                             -1.267716   data arrival time
---------------------------------------------------------------------------------------------
                                             18.482283   slack (MET)


Startpoint: _14_ (rising edge-triggered flip-flop clocked by clk)
Endpoint: result[0] (output port clocked by clk)
Path Group: clk
Path Type: max

Fanout         Cap        Slew       Delay        Time   Description
---------------------------------------------------------------------------------------------
                                  0.000000    0.000000   clock clk (rise edge)
                                  0.000000    0.000000   clock source latency
     1    0.010578    0.053985    0.035873    0.035873 ^ clk (in)
                                                         clk (net)
                      0.053985    0.000000    0.035873 ^ clkbuf_0_clk/A (sky130_fd_sc_hd__clkbuf_16)
     2    0.017204    0.039465    0.126063    0.161936 ^ clkbuf_0_clk/X (sky130_fd_sc_hd__clkbuf_16)
                                                         clknet_0_clk (net)
                      0.039465    0.000041    0.161977 ^ clkbuf_1_0__f_clk/A (sky130_fd_sc_hd__clkbuf_16)
     1    0.002514    0.026425    0.105541    0.267518 ^ clkbuf_1_0__f_clk/X (sky130_fd_sc_hd__clkbuf_16)
                                                         clknet_1_0__leaf_clk (net)
                      0.026425    0.000008    0.267526 ^ _14_/CLK (sky130_fd_sc_hd__dfrtp_4)
     6    0.023105    0.083942    0.497239    0.764765 v _14_/Q (sky130_fd_sc_hd__dfrtp_4)
                                                         controller_inst.pstate[0] (net)
                      0.083942    0.000048    0.764813 v _04_/B (sky130_fd_sc_hd__xnor2_1)
     2    0.005226    0.167601    0.178403    0.943216 ^ _04_/Y (sky130_fd_sc_hd__xnor2_1)
                                                         net5 (net)
                      0.167601    0.000008    0.943224 ^ _18_/A (sky130_fd_sc_hd__clkbuf_1)
     1    0.002498    0.043742    0.105575    1.048799 ^ _18_/X (sky130_fd_sc_hd__clkbuf_1)
                                                         net2 (net)
                      0.043742    0.000009    1.048807 ^ output2/A (sky130_fd_sc_hd__buf_2)
     1    0.034138    0.169495    0.197437    1.246244 ^ output2/X (sky130_fd_sc_hd__buf_2)
                                                         result[0] (net)
                      0.169495    0.000115    1.246359 ^ result[0] (out)
                                              1.246359   data arrival time

                                 25.000000   25.000000   clock clk (rise edge)
                                  0.000000   25.000000   clock network delay (propagated)
                                 -0.250000   24.750000   clock uncertainty
                                  0.000000   24.750000   clock reconvergence pessimism
                                 -5.000000   19.750000   output external delay
                                             19.750000   data required time
---------------------------------------------------------------------------------------------
                                             19.750000   data required time
                                             -1.246359   data arrival time
---------------------------------------------------------------------------------------------
                                             18.503641   slack (MET)


Startpoint: _14_ (rising edge-triggered flip-flop clocked by clk)
Endpoint: result[5] (output port clocked by clk)
Path Group: clk
Path Type: max

Fanout         Cap        Slew       Delay        Time   Description
---------------------------------------------------------------------------------------------
                                  0.000000    0.000000   clock clk (rise edge)
                                  0.000000    0.000000   clock source latency
     1    0.010578    0.053985    0.035873    0.035873 ^ clk (in)
                                                         clk (net)
                      0.053985    0.000000    0.035873 ^ clkbuf_0_clk/A (sky130_fd_sc_hd__clkbuf_16)
     2    0.017204    0.039465    0.126063    0.161936 ^ clkbuf_0_clk/X (sky130_fd_sc_hd__clkbuf_16)
                                                         clknet_0_clk (net)
                      0.039465    0.000041    0.161977 ^ clkbuf_1_0__f_clk/A (sky130_fd_sc_hd__clkbuf_16)
     1    0.002514    0.026425    0.105541    0.267518 ^ clkbuf_1_0__f_clk/X (sky130_fd_sc_hd__clkbuf_16)
                                                         clknet_1_0__leaf_clk (net)
                      0.026425    0.000008    0.267526 ^ _14_/CLK (sky130_fd_sc_hd__dfrtp_4)
     6    0.023105    0.083942    0.497239    0.764765 v _14_/Q (sky130_fd_sc_hd__dfrtp_4)
                                                         controller_inst.pstate[0] (net)
                      0.083942    0.000000    0.764766 v _05_/A_N (sky130_fd_sc_hd__nand2b_1)
     1    0.003048    0.043226    0.154627    0.919393 v _05_/Y (sky130_fd_sc_hd__nand2b_1)
                                                         _02_ (net)
                      0.043226    0.000014    0.919407 v _06_/A (sky130_fd_sc_hd__clkbuf_1)
     2    0.005036    0.039308    0.097296    1.016703 v _06_/X (sky130_fd_sc_hd__clkbuf_1)
                                                         net6 (net)
                      0.039308    0.000013    1.016716 v output6/A (sky130_fd_sc_hd__buf_2)
     1    0.034296    0.089399    0.178075    1.194791 v output6/X (sky130_fd_sc_hd__buf_2)
                                                         result[5] (net)
                      0.089399    0.000191    1.194981 v result[5] (out)
                                              1.194981   data arrival time

                                 25.000000   25.000000   clock clk (rise edge)
                                  0.000000   25.000000   clock network delay (propagated)
                                 -0.250000   24.750000   clock uncertainty
                                  0.000000   24.750000   clock reconvergence pessimism
                                 -5.000000   19.750000   output external delay
                                             19.750000   data required time
---------------------------------------------------------------------------------------------
                                             19.750000   data required time
                                             -1.194981   data arrival time
---------------------------------------------------------------------------------------------
                                             18.555017   slack (MET)


Startpoint: _14_ (rising edge-triggered flip-flop clocked by clk)
Endpoint: result[4] (output port clocked by clk)
Path Group: clk
Path Type: max

Fanout         Cap        Slew       Delay        Time   Description
---------------------------------------------------------------------------------------------
                                  0.000000    0.000000   clock clk (rise edge)
                                  0.000000    0.000000   clock source latency
     1    0.010578    0.053985    0.035873    0.035873 ^ clk (in)
                                                         clk (net)
                      0.053985    0.000000    0.035873 ^ clkbuf_0_clk/A (sky130_fd_sc_hd__clkbuf_16)
     2    0.017204    0.039465    0.126063    0.161936 ^ clkbuf_0_clk/X (sky130_fd_sc_hd__clkbuf_16)
                                                         clknet_0_clk (net)
                      0.039465    0.000041    0.161977 ^ clkbuf_1_0__f_clk/A (sky130_fd_sc_hd__clkbuf_16)
     1    0.002514    0.026425    0.105541    0.267518 ^ clkbuf_1_0__f_clk/X (sky130_fd_sc_hd__clkbuf_16)
                                                         clknet_1_0__leaf_clk (net)
                      0.026425    0.000008    0.267526 ^ _14_/CLK (sky130_fd_sc_hd__dfrtp_4)
     6    0.023105    0.083942    0.497239    0.764765 v _14_/Q (sky130_fd_sc_hd__dfrtp_4)
                                                         controller_inst.pstate[0] (net)
                      0.083942    0.000048    0.764813 v _04_/B (sky130_fd_sc_hd__xnor2_1)
     2    0.005226    0.167601    0.178403    0.943216 ^ _04_/Y (sky130_fd_sc_hd__xnor2_1)
                                                         net5 (net)
                      0.167601    0.000015    0.943231 ^ output5/A (sky130_fd_sc_hd__buf_2)
     1    0.034086    0.169692    0.238626    1.181856 ^ output5/X (sky130_fd_sc_hd__buf_2)
                                                         result[4] (net)
                      0.169692    0.000102    1.181959 ^ result[4] (out)
                                              1.181959   data arrival time

                                 25.000000   25.000000   clock clk (rise edge)
                                  0.000000   25.000000   clock network delay (propagated)
                                 -0.250000   24.750000   clock uncertainty
                                  0.000000   24.750000   clock reconvergence pessimism
                                 -5.000000   19.750000   output external delay
                                             19.750000   data required time
---------------------------------------------------------------------------------------------
                                             19.750000   data required time
                                             -1.181959   data arrival time
---------------------------------------------------------------------------------------------
                                             18.568041   slack (MET)


Startpoint: _14_ (rising edge-triggered flip-flop clocked by clk)
Endpoint: result[2] (output port clocked by clk)
Path Group: clk
Path Type: max

Fanout         Cap        Slew       Delay        Time   Description
---------------------------------------------------------------------------------------------
                                  0.000000    0.000000   clock clk (rise edge)
                                  0.000000    0.000000   clock source latency
     1    0.010578    0.053985    0.035873    0.035873 ^ clk (in)
                                                         clk (net)
                      0.053985    0.000000    0.035873 ^ clkbuf_0_clk/A (sky130_fd_sc_hd__clkbuf_16)
     2    0.017204    0.039465    0.126063    0.161936 ^ clkbuf_0_clk/X (sky130_fd_sc_hd__clkbuf_16)
                                                         clknet_0_clk (net)
                      0.039465    0.000041    0.161977 ^ clkbuf_1_0__f_clk/A (sky130_fd_sc_hd__clkbuf_16)
     1    0.002514    0.026425    0.105541    0.267518 ^ clkbuf_1_0__f_clk/X (sky130_fd_sc_hd__clkbuf_16)
                                                         clknet_1_0__leaf_clk (net)
                      0.026425    0.000008    0.267526 ^ _14_/CLK (sky130_fd_sc_hd__dfrtp_4)
     6    0.023105    0.083942    0.497239    0.764765 v _14_/Q (sky130_fd_sc_hd__dfrtp_4)
                                                         controller_inst.pstate[0] (net)
                      0.083942    0.000051    0.764816 v _07_/B (sky130_fd_sc_hd__nand2b_1)
     1    0.002327    0.049836    0.078399    0.843215 ^ _07_/Y (sky130_fd_sc_hd__nand2b_1)
                                                         _03_ (net)
                      0.049836    0.000001    0.843216 ^ _08_/A (sky130_fd_sc_hd__clkbuf_1)
     1    0.002437    0.041616    0.079261    0.922478 ^ _08_/X (sky130_fd_sc_hd__clkbuf_1)
                                                         net4 (net)
                      0.041616    0.000007    0.922485 ^ output4/A (sky130_fd_sc_hd__buf_2)
     1    0.034016    0.168927    0.196239    1.118723 ^ output4/X (sky130_fd_sc_hd__buf_2)
                                                         result[2] (net)
                      0.168927    0.000086    1.118810 ^ result[2] (out)
                                              1.118810   data arrival time

                                 25.000000   25.000000   clock clk (rise edge)
                                  0.000000   25.000000   clock network delay (propagated)
                                 -0.250000   24.750000   clock uncertainty
                                  0.000000   24.750000   clock reconvergence pessimism
                                 -5.000000   19.750000   output external delay
                                             19.750000   data required time
---------------------------------------------------------------------------------------------
                                             19.750000   data required time
                                             -1.118810   data arrival time
---------------------------------------------------------------------------------------------
                                             18.631189   slack (MET)


Startpoint: _14_ (rising edge-triggered flip-flop clocked by clk)
Endpoint: result[6] (output port clocked by clk)
Path Group: clk
Path Type: max

Fanout         Cap        Slew       Delay        Time   Description
---------------------------------------------------------------------------------------------
                                  0.000000    0.000000   clock clk (rise edge)
                                  0.000000    0.000000   clock source latency
     1    0.010578    0.053985    0.035873    0.035873 ^ clk (in)
                                                         clk (net)
                      0.053985    0.000000    0.035873 ^ clkbuf_0_clk/A (sky130_fd_sc_hd__clkbuf_16)
     2    0.017204    0.039465    0.126063    0.161936 ^ clkbuf_0_clk/X (sky130_fd_sc_hd__clkbuf_16)
                                                         clknet_0_clk (net)
                      0.039465    0.000041    0.161977 ^ clkbuf_1_0__f_clk/A (sky130_fd_sc_hd__clkbuf_16)
     1    0.002514    0.026425    0.105541    0.267518 ^ clkbuf_1_0__f_clk/X (sky130_fd_sc_hd__clkbuf_16)
                                                         clknet_1_0__leaf_clk (net)
                      0.026425    0.000008    0.267526 ^ _14_/CLK (sky130_fd_sc_hd__dfrtp_4)
     6    0.023105    0.083942    0.497239    0.764765 v _14_/Q (sky130_fd_sc_hd__dfrtp_4)
                                                         controller_inst.pstate[0] (net)
                      0.083942    0.000040    0.764805 v _09_/B (sky130_fd_sc_hd__xnor2_1)
     1    0.001980    0.101646    0.128523    0.893328 ^ _09_/Y (sky130_fd_sc_hd__xnor2_1)
                                                         net7 (net)
                      0.101646    0.000002    0.893329 ^ output7/A (sky130_fd_sc_hd__buf_2)
     1    0.034279    0.170421    0.219369    1.112698 ^ output7/X (sky130_fd_sc_hd__buf_2)
                                                         result[6] (net)
                      0.170421    0.000133    1.112831 ^ result[6] (out)
                                              1.112831   data arrival time

                                 25.000000   25.000000   clock clk (rise edge)
                                  0.000000   25.000000   clock network delay (propagated)
                                 -0.250000   24.750000   clock uncertainty
                                  0.000000   24.750000   clock reconvergence pessimism
                                 -5.000000   19.750000   output external delay
                                             19.750000   data required time
---------------------------------------------------------------------------------------------
                                             19.750000   data required time
                                             -1.112831   data arrival time
---------------------------------------------------------------------------------------------
                                             18.637169   slack (MET)


Startpoint: reset (input port clocked by clk)
Endpoint: _14_ (recovery check against rising-edge clock clk)
Path Group: asynchronous
Path Type: max

Fanout         Cap        Slew       Delay        Time   Description
---------------------------------------------------------------------------------------------
                                  0.000000    0.000000   clock clk (rise edge)
                                  0.000000    0.000000   clock network delay (propagated)
                                  5.000000    5.000000 v input external delay
     1    0.002500    0.007938    0.003905    5.003905 v reset (in)
                                                         reset (net)
                      0.007938    0.000000    5.003905 v input1/A (sky130_fd_sc_hd__buf_1)
     2    0.009444    0.061357    0.102358    5.106264 v input1/X (sky130_fd_sc_hd__buf_1)
                                                         net1 (net)
                      0.061357    0.000039    5.106303 v _12_/A (sky130_fd_sc_hd__inv_2)
     1    0.004517    0.031246    0.052859    5.159161 ^ _12_/Y (sky130_fd_sc_hd__inv_2)
                                                         _00_ (net)
                      0.031246    0.000021    5.159183 ^ _14_/RESET_B (sky130_fd_sc_hd__dfrtp_4)
                                              5.159183   data arrival time

                                 25.000000   25.000000   clock clk (rise edge)
                                  0.000000   25.000000   clock source latency
     1    0.010578    0.053985    0.035874   25.035873 ^ clk (in)
                                                         clk (net)
                      0.053985    0.000000   25.035873 ^ clkbuf_0_clk/A (sky130_fd_sc_hd__clkbuf_16)
     2    0.017204    0.039465    0.126063   25.161936 ^ clkbuf_0_clk/X (sky130_fd_sc_hd__clkbuf_16)
                                                         clknet_0_clk (net)
                      0.039465    0.000041   25.161976 ^ clkbuf_1_0__f_clk/A (sky130_fd_sc_hd__clkbuf_16)
     1    0.002514    0.026425    0.105540   25.267517 ^ clkbuf_1_0__f_clk/X (sky130_fd_sc_hd__clkbuf_16)
                                                         clknet_1_0__leaf_clk (net)
                      0.026425    0.000009   25.267527 ^ _14_/CLK (sky130_fd_sc_hd__dfrtp_4)
                                 -0.250000   25.017527   clock uncertainty
                                  0.000000   25.017527   clock reconvergence pessimism
                                  0.215889   25.233416   library recovery time
                                             25.233416   data required time
---------------------------------------------------------------------------------------------
                                             25.233416   data required time
                                             -5.159183   data arrival time
---------------------------------------------------------------------------------------------
                                             20.074232   slack (MET)


Startpoint: reset (input port clocked by clk)
Endpoint: _15_ (recovery check against rising-edge clock clk)
Path Group: asynchronous
Path Type: max

Fanout         Cap        Slew       Delay        Time   Description
---------------------------------------------------------------------------------------------
                                  0.000000    0.000000   clock clk (rise edge)
                                  0.000000    0.000000   clock network delay (propagated)
                                  5.000000    5.000000 v input external delay
     1    0.002500    0.007938    0.003905    5.003905 v reset (in)
                                                         reset (net)
                      0.007938    0.000000    5.003905 v input1/A (sky130_fd_sc_hd__buf_1)
     2    0.009444    0.061357    0.102358    5.106264 v input1/X (sky130_fd_sc_hd__buf_1)
                                                         net1 (net)
                      0.061357    0.000041    5.106305 v _13_/A (sky130_fd_sc_hd__inv_2)
     1    0.004075    0.029719    0.051242    5.157547 ^ _13_/Y (sky130_fd_sc_hd__inv_2)
                                                         _01_ (net)
                      0.029719    0.000012    5.157559 ^ _15_/RESET_B (sky130_fd_sc_hd__dfrtp_2)
                                              5.157559   data arrival time

                                 25.000000   25.000000   clock clk (rise edge)
                                  0.000000   25.000000   clock source latency
     1    0.010578    0.053985    0.035874   25.035873 ^ clk (in)
                                                         clk (net)
                      0.053985    0.000000   25.035873 ^ clkbuf_0_clk/A (sky130_fd_sc_hd__clkbuf_16)
     2    0.017204    0.039465    0.126063   25.161936 ^ clkbuf_0_clk/X (sky130_fd_sc_hd__clkbuf_16)
                                                         clknet_0_clk (net)
                      0.039465    0.000059   25.161995 ^ clkbuf_1_1__f_clk/A (sky130_fd_sc_hd__clkbuf_16)
     1    0.002259    0.026174    0.105235   25.267229 ^ clkbuf_1_1__f_clk/X (sky130_fd_sc_hd__clkbuf_16)
                                                         clknet_1_1__leaf_clk (net)
                      0.026174    0.000004   25.267233 ^ _15_/CLK (sky130_fd_sc_hd__dfrtp_2)
                                 -0.250000   25.017233   clock uncertainty
                                  0.000000   25.017233   clock reconvergence pessimism
                                  0.217980   25.235214   library recovery time
                                             25.235214   data required time
---------------------------------------------------------------------------------------------
                                             25.235214   data required time
                                             -5.157559   data arrival time
---------------------------------------------------------------------------------------------
                                             20.077654   slack (MET)


Startpoint: _14_ (rising edge-triggered flip-flop clocked by clk)
Endpoint: _15_ (rising edge-triggered flip-flop clocked by clk)
Path Group: clk
Path Type: max

Fanout         Cap        Slew       Delay        Time   Description
---------------------------------------------------------------------------------------------
                                  0.000000    0.000000   clock clk (rise edge)
                                  0.000000    0.000000   clock source latency
     1    0.010578    0.053985    0.035873    0.035873 ^ clk (in)
                                                         clk (net)
                      0.053985    0.000000    0.035873 ^ clkbuf_0_clk/A (sky130_fd_sc_hd__clkbuf_16)
     2    0.017204    0.039465    0.126063    0.161936 ^ clkbuf_0_clk/X (sky130_fd_sc_hd__clkbuf_16)
                                                         clknet_0_clk (net)
                      0.039465    0.000041    0.161977 ^ clkbuf_1_0__f_clk/A (sky130_fd_sc_hd__clkbuf_16)
     1    0.002514    0.026425    0.105541    0.267518 ^ clkbuf_1_0__f_clk/X (sky130_fd_sc_hd__clkbuf_16)
                                                         clknet_1_0__leaf_clk (net)
                      0.026425    0.000008    0.267526 ^ _14_/CLK (sky130_fd_sc_hd__dfrtp_4)
     6    0.023105    0.083942    0.497239    0.764765 v _14_/Q (sky130_fd_sc_hd__dfrtp_4)
                                                         controller_inst.pstate[0] (net)
                      0.083942    0.000036    0.764801 v _11_/B (sky130_fd_sc_hd__xor2_1)
     1    0.002804    0.050051    0.150633    0.915434 v _11_/X (sky130_fd_sc_hd__xor2_1)
                                                         controller_inst.nstate[1] (net)
                      0.050051    0.000009    0.915442 v _15_/D (sky130_fd_sc_hd__dfrtp_2)
                                              0.915442   data arrival time

                                 25.000000   25.000000   clock clk (rise edge)
                                  0.000000   25.000000   clock source latency
     1    0.010578    0.053985    0.035874   25.035873 ^ clk (in)
                                                         clk (net)
                      0.053985    0.000000   25.035873 ^ clkbuf_0_clk/A (sky130_fd_sc_hd__clkbuf_16)
     2    0.017204    0.039465    0.126063   25.161936 ^ clkbuf_0_clk/X (sky130_fd_sc_hd__clkbuf_16)
                                                         clknet_0_clk (net)
                      0.039465    0.000059   25.161995 ^ clkbuf_1_1__f_clk/A (sky130_fd_sc_hd__clkbuf_16)
     1    0.002259    0.026174    0.105235   25.267229 ^ clkbuf_1_1__f_clk/X (sky130_fd_sc_hd__clkbuf_16)
                                                         clknet_1_1__leaf_clk (net)
                      0.026174    0.000004   25.267233 ^ _15_/CLK (sky130_fd_sc_hd__dfrtp_2)
                                 -0.250000   25.017233   clock uncertainty
                                  0.000000   25.017233   clock reconvergence pessimism
                                 -0.122068   24.895166   library setup time
                                             24.895166   data required time
---------------------------------------------------------------------------------------------
                                             24.895166   data required time
                                             -0.915442   data arrival time
---------------------------------------------------------------------------------------------
                                             23.979723   slack (MET)


Startpoint: _14_ (rising edge-triggered flip-flop clocked by clk)
Endpoint: _14_ (rising edge-triggered flip-flop clocked by clk)
Path Group: clk
Path Type: max

Fanout         Cap        Slew       Delay        Time   Description
---------------------------------------------------------------------------------------------
                                  0.000000    0.000000   clock clk (rise edge)
                                  0.000000    0.000000   clock source latency
     1    0.010578    0.053985    0.035873    0.035873 ^ clk (in)
                                                         clk (net)
                      0.053985    0.000000    0.035873 ^ clkbuf_0_clk/A (sky130_fd_sc_hd__clkbuf_16)
     2    0.017204    0.039465    0.126063    0.161936 ^ clkbuf_0_clk/X (sky130_fd_sc_hd__clkbuf_16)
                                                         clknet_0_clk (net)
                      0.039465    0.000041    0.161977 ^ clkbuf_1_0__f_clk/A (sky130_fd_sc_hd__clkbuf_16)
     1    0.002514    0.026425    0.105541    0.267518 ^ clkbuf_1_0__f_clk/X (sky130_fd_sc_hd__clkbuf_16)
                                                         clknet_1_0__leaf_clk (net)
                      0.026425    0.000008    0.267526 ^ _14_/CLK (sky130_fd_sc_hd__dfrtp_4)
     6    0.023105    0.083942    0.497239    0.764765 v _14_/Q (sky130_fd_sc_hd__dfrtp_4)
                                                         controller_inst.pstate[0] (net)
                      0.083942    0.000032    0.764797 v _10_/A (sky130_fd_sc_hd__inv_2)
     1    0.002230    0.029161    0.050773    0.815570 ^ _10_/Y (sky130_fd_sc_hd__inv_2)
                                                         controller_inst.nstate[0] (net)
                      0.029161    0.000002    0.815573 ^ _14_/D (sky130_fd_sc_hd__dfrtp_4)
                                              0.815573   data arrival time

                                 25.000000   25.000000   clock clk (rise edge)
                                  0.000000   25.000000   clock source latency
     1    0.010578    0.053985    0.035874   25.035873 ^ clk (in)
                                                         clk (net)
                      0.053985    0.000000   25.035873 ^ clkbuf_0_clk/A (sky130_fd_sc_hd__clkbuf_16)
     2    0.017204    0.039465    0.126063   25.161936 ^ clkbuf_0_clk/X (sky130_fd_sc_hd__clkbuf_16)
                                                         clknet_0_clk (net)
                      0.039465    0.000041   25.161976 ^ clkbuf_1_0__f_clk/A (sky130_fd_sc_hd__clkbuf_16)
     1    0.002514    0.026425    0.105540   25.267517 ^ clkbuf_1_0__f_clk/X (sky130_fd_sc_hd__clkbuf_16)
                                                         clknet_1_0__leaf_clk (net)
                      0.026425    0.000009   25.267527 ^ _14_/CLK (sky130_fd_sc_hd__dfrtp_4)
                                 -0.250000   25.017527   clock uncertainty
                                  0.000000   25.017527   clock reconvergence pessimism
                                 -0.062613   24.954914   library setup time
                                             24.954914   data required time
---------------------------------------------------------------------------------------------
                                             24.954914   data required time
                                             -0.815573   data arrival time
---------------------------------------------------------------------------------------------
                                             24.139339   slack (MET)



%OL_END_REPORT
%OL_CREATE_REPORT checks.rpt

===========================================================================
report_checks -unconstrained
===========================================================================
======================= nom_tt_025C_1v80 Corner ===================================

Startpoint: reset (input port clocked by clk)
Endpoint: _14_ (recovery check against rising-edge clock clk)
Path Group: asynchronous
Path Type: max

Fanout         Cap        Slew       Delay        Time   Description
---------------------------------------------------------------------------------------------
                                  0.000000    0.000000   clock clk (rise edge)
                                  0.000000    0.000000   clock network delay (propagated)
                                  5.000000    5.000000 v input external delay
     1    0.002500    0.007938    0.003905    5.003905 v reset (in)
                                                         reset (net)
                      0.007938    0.000000    5.003905 v input1/A (sky130_fd_sc_hd__buf_1)
     2    0.009444    0.061357    0.102358    5.106264 v input1/X (sky130_fd_sc_hd__buf_1)
                                                         net1 (net)
                      0.061357    0.000039    5.106303 v _12_/A (sky130_fd_sc_hd__inv_2)
     1    0.004517    0.031246    0.052859    5.159161 ^ _12_/Y (sky130_fd_sc_hd__inv_2)
                                                         _00_ (net)
                      0.031246    0.000021    5.159183 ^ _14_/RESET_B (sky130_fd_sc_hd__dfrtp_4)
                                              5.159183   data arrival time

                                 25.000000   25.000000   clock clk (rise edge)
                                  0.000000   25.000000   clock source latency
     1    0.010578    0.053985    0.035874   25.035873 ^ clk (in)
                                                         clk (net)
                      0.053985    0.000000   25.035873 ^ clkbuf_0_clk/A (sky130_fd_sc_hd__clkbuf_16)
     2    0.017204    0.039465    0.126063   25.161936 ^ clkbuf_0_clk/X (sky130_fd_sc_hd__clkbuf_16)
                                                         clknet_0_clk (net)
                      0.039465    0.000041   25.161976 ^ clkbuf_1_0__f_clk/A (sky130_fd_sc_hd__clkbuf_16)
     1    0.002514    0.026425    0.105540   25.267517 ^ clkbuf_1_0__f_clk/X (sky130_fd_sc_hd__clkbuf_16)
                                                         clknet_1_0__leaf_clk (net)
                      0.026425    0.000009   25.267527 ^ _14_/CLK (sky130_fd_sc_hd__dfrtp_4)
                                 -0.250000   25.017527   clock uncertainty
                                  0.000000   25.017527   clock reconvergence pessimism
                                  0.215889   25.233416   library recovery time
                                             25.233416   data required time
---------------------------------------------------------------------------------------------
                                             25.233416   data required time
                                             -5.159183   data arrival time
---------------------------------------------------------------------------------------------
                                             20.074232   slack (MET)


Startpoint: _14_ (rising edge-triggered flip-flop clocked by clk)
Endpoint: result[1] (output port clocked by clk)
Path Group: clk
Path Type: max

Fanout         Cap        Slew       Delay        Time   Description
---------------------------------------------------------------------------------------------
                                  0.000000    0.000000   clock clk (rise edge)
                                  0.000000    0.000000   clock source latency
     1    0.010578    0.053985    0.035873    0.035873 ^ clk (in)
                                                         clk (net)
                      0.053985    0.000000    0.035873 ^ clkbuf_0_clk/A (sky130_fd_sc_hd__clkbuf_16)
     2    0.017204    0.039465    0.126063    0.161936 ^ clkbuf_0_clk/X (sky130_fd_sc_hd__clkbuf_16)
                                                         clknet_0_clk (net)
                      0.039465    0.000041    0.161977 ^ clkbuf_1_0__f_clk/A (sky130_fd_sc_hd__clkbuf_16)
     1    0.002514    0.026425    0.105541    0.267518 ^ clkbuf_1_0__f_clk/X (sky130_fd_sc_hd__clkbuf_16)
                                                         clknet_1_0__leaf_clk (net)
                      0.026425    0.000008    0.267526 ^ _14_/CLK (sky130_fd_sc_hd__dfrtp_4)
     6    0.023105    0.083942    0.497239    0.764765 v _14_/Q (sky130_fd_sc_hd__dfrtp_4)
                                                         controller_inst.pstate[0] (net)
                      0.083942    0.000000    0.764766 v _05_/A_N (sky130_fd_sc_hd__nand2b_1)
     1    0.003048    0.043226    0.154627    0.919393 v _05_/Y (sky130_fd_sc_hd__nand2b_1)
                                                         _02_ (net)
                      0.043226    0.000014    0.919407 v _06_/A (sky130_fd_sc_hd__clkbuf_1)
     2    0.005036    0.039308    0.097296    1.016703 v _06_/X (sky130_fd_sc_hd__clkbuf_1)
                                                         net6 (net)
                      0.039308    0.000011    1.016714 v _19_/A (sky130_fd_sc_hd__clkbuf_1)
     1    0.001850    0.022454    0.079620    1.096334 v _19_/X (sky130_fd_sc_hd__clkbuf_1)
                                                         net3 (net)
                      0.022454    0.000001    1.096335 v output3/A (sky130_fd_sc_hd__buf_2)
     1    0.034487    0.089923    0.171185    1.267520 v output3/X (sky130_fd_sc_hd__buf_2)
                                                         result[1] (net)
                      0.089923    0.000196    1.267716 v result[1] (out)
                                              1.267716   data arrival time

                                 25.000000   25.000000   clock clk (rise edge)
                                  0.000000   25.000000   clock network delay (propagated)
                                 -0.250000   24.750000   clock uncertainty
                                  0.000000   24.750000   clock reconvergence pessimism
                                 -5.000000   19.750000   output external delay
                                             19.750000   data required time
---------------------------------------------------------------------------------------------
                                             19.750000   data required time
                                             -1.267716   data arrival time
---------------------------------------------------------------------------------------------
                                             18.482283   slack (MET)




===========================================================================
report_checks --slack_max -0.01
============================================================================
======================= nom_tt_025C_1v80 Corner ===================================

No paths found.


===========================================================================
 report_check_types -max_slew -max_cap -max_fanout -violators
============================================================================
======================= nom_tt_025C_1v80 Corner ===================================



===========================================================================
report_parasitic_annotation -report_unannotated
============================================================================
Found 2 unannotated drivers.
 top_8/LO
 top_9/LO
Found 0 partially unannotated drivers.

===========================================================================
max slew violation count 0
Writing metric design__max_slew_violation__count__corner:nom_tt_025C_1v80: 0
max fanout violation count 0
Writing metric design__max_fanout_violation__count__corner:nom_tt_025C_1v80: 0
max cap violation count 0
Writing metric design__max_cap_violation__count__corner:nom_tt_025C_1v80: 0
============================================================================

===========================================================================
check_setup -verbose -unconstrained_endpoints -multiple_clock -no_clock -no_input_delay -loops -generated_clocks
===========================================================================
Warning: There are 2 unconstrained endpoints.
  flag_gt_zero
  result[3]
%OL_END_REPORT
%OL_CREATE_REPORT power.rpt

===========================================================================
 report_power
============================================================================
======================= nom_tt_025C_1v80 Corner ===================================

Group                    Internal    Switching      Leakage        Total
                            Power        Power        Power        Power (Watts)
------------------------------------------------------------------------
Sequential           3.264842e-06 0.000000e+00 2.103740e-11 3.264863e-06  12.3%
Combinational        6.401719e-08 1.216201e-07 6.501257e-11 1.857023e-07   0.7%
Clock                2.020219e-05 2.848153e-06 1.017701e-10 2.305045e-05  87.0%
Macro                0.000000e+00 0.000000e+00 0.000000e+00 0.000000e+00   0.0%
Pad                  0.000000e+00 0.000000e+00 0.000000e+00 0.000000e+00   0.0%
------------------------------------------------------------------------
Total                2.353105e-05 2.969773e-06 1.878201e-10 2.650101e-05 100.0%
                            88.8%        11.2%         0.0%
Writing metric power__internal__total: 2.3531054466729984e-5
Writing metric power__switching__total: 2.969772822325467e-6
Writing metric power__leakage__total: 1.8782006505624338e-10
Writing metric power__total: 2.650101487233769e-5

%OL_END_REPORT
%OL_CREATE_REPORT skew.min.rpt

===========================================================================
Clock Skew (Hold)
============================================================================
Writing metric clock__skew__worst_hold__corner:nom_tt_025C_1v80: -0.25
======================= nom_tt_025C_1v80 Corner ===================================

Clock clk
0.267526 source latency _14_/CLK ^
-0.267526 target latency _14_/CLK ^
-0.250000 clock uncertainty
0.000000 CRPR
--------------
-0.250000 hold skew

%OL_END_REPORT
%OL_CREATE_REPORT skew.max.rpt

===========================================================================
Clock Skew (Setup)
============================================================================
Writing metric clock__skew__worst_setup__corner:nom_tt_025C_1v80: 0.25029234948622764
======================= nom_tt_025C_1v80 Corner ===================================

Clock clk
0.267526 source latency _14_/CLK ^
-0.267234 target latency _15_/CLK ^
0.250000 clock uncertainty
0.000000 CRPR
--------------
0.250292 setup skew

%OL_END_REPORT
%OL_CREATE_REPORT ws.min.rpt

===========================================================================
Worst Slack (Hold)
============================================================================
Writing metric timing__hold__ws__corner:nom_tt_025C_1v80: 0.25650582384157383
nom_tt_025C_1v80: 0.25650582384157383
%OL_END_REPORT
%OL_CREATE_REPORT ws.max.rpt

===========================================================================
Worst Slack (Setup)
============================================================================
Writing metric timing__setup__ws__corner:nom_tt_025C_1v80: 18.482282893938503
nom_tt_025C_1v80: 18.482282893938503
%OL_END_REPORT
%OL_CREATE_REPORT tns.min.rpt

===========================================================================
Total Negative Slack (Hold)
============================================================================
Writing metric timing__hold__tns__corner:nom_tt_025C_1v80: 0.0
nom_tt_025C_1v80: 0.0
%OL_END_REPORT
%OL_CREATE_REPORT tns.max.rpt

===========================================================================
Total Negative Slack (Setup)
============================================================================
Writing metric timing__setup__tns__corner:nom_tt_025C_1v80: 0.0
nom_tt_025C_1v80: 0.0
%OL_END_REPORT
%OL_CREATE_REPORT wns.min.rpt

===========================================================================
Worst Negative Slack (Hold)
============================================================================
Writing metric timing__hold__wns__corner:nom_tt_025C_1v80: 0
nom_tt_025C_1v80: 0
%OL_END_REPORT
%OL_CREATE_REPORT wns.max.rpt

===========================================================================
Worst Negative Slack (Setup)
============================================================================
Writing metric timing__setup__wns__corner:nom_tt_025C_1v80: 0.0
nom_tt_025C_1v80: 0.0
%OL_END_REPORT
%OL_CREATE_REPORT violator_list.rpt

===========================================================================
Violator List
============================================================================
Writing metric timing__hold_vio__count__corner:nom_tt_025C_1v80: 0
Writing metric timing__hold_r2r__ws__corner:nom_tt_025C_1v80: 0.256506
Writing metric timing__hold_r2r_vio__count__corner:nom_tt_025C_1v80: 0
Writing metric timing__setup_vio__count__corner:nom_tt_025C_1v80: 0
Writing metric timing__setup_r2r__ws__corner:nom_tt_025C_1v80: 23.979723
Writing metric timing__setup_r2r_vio__count__corner:nom_tt_025C_1v80: 0
%OL_END_REPORT
%OL_CREATE_REPORT unpropagated.rpt
%OL_END_REPORT
%OL_CREATE_REPORT clock.rpt
Clock: clk
Sources: clk 
Generated: no
Virtual: yes
Propagated: no
Period: 25.000000

===========================================================================
report_clock_properties
============================================================================
Clock                   Period          Waveform
----------------------------------------------------
clk                  25.000000    0.000000 12.500000

===========================================================================
report_clock_latency
============================================================================
Clock clk
rise -> rise
    min     max
0.000000 0.000000 source latency
0.267234         network latency _15_/CLK
        0.267526 network latency _14_/CLK
---------------
0.267234 0.267526 latency
        0.000292 skew

fall -> fall
    min     max
0.000000 0.000000 source latency
0.274588         network latency _15_/CLK
        0.274851 network latency _14_/CLK
---------------
0.274588 0.274851 latency
        0.000263 skew



===========================================================================
report_clock_min_period
============================================================================
clk period_min = 1.02 fmax = 980.13
%OL_END_REPORT
