
===========================================================================
report_checks -unconstrained
===========================================================================
======================= nom_tt_025C_1v80 Corner ===================================

Startpoint: reset (input port clocked by clk)
Endpoint: _26_ (recovery check against rising-edge clock clk)
Path Group: asynchronous
Path Type: max

Fanout         Cap        Slew       Delay        Time   Description
---------------------------------------------------------------------------------------------
                      0.150000    0.000000    0.000000   clock clk (rise edge)
                                  0.000000    0.000000   clock network delay (ideal)
                                  5.000000    5.000000 v input external delay
     3    0.012828    0.031020    0.020741    5.020741 v reset (in)
                                                         reset (net)
                      0.031020    0.000000    5.020741 v _23_/A (sky130_fd_sc_hd__inv_2)
     1    0.003612    0.024986    0.037026    5.057767 ^ _23_/Y (sky130_fd_sc_hd__inv_2)
                                                         _00_ (net)
                      0.024986    0.000000    5.057767 ^ _26_/RESET_B (sky130_fd_sc_hd__dfrtp_2)
                                              5.057767   data arrival time

                      0.150000   25.000000   25.000000   clock clk (rise edge)
                                  0.000000   25.000000   clock network delay (ideal)
                                 -0.250000   24.750000   clock uncertainty
                                  0.000000   24.750000   clock reconvergence pessimism
                                             24.750000 ^ _26_/CLK (sky130_fd_sc_hd__dfrtp_2)
                                  0.257278   25.007278   library recovery time
                                             25.007278   data required time
---------------------------------------------------------------------------------------------
                                             25.007278   data required time
                                             -5.057767   data arrival time
---------------------------------------------------------------------------------------------
                                             19.949511   slack (MET)


Startpoint: _28_ (rising edge-triggered flip-flop clocked by clk)
Endpoint: result[1] (output port clocked by clk)
Path Group: clk
Path Type: max

Fanout         Cap        Slew       Delay        Time   Description
---------------------------------------------------------------------------------------------
                      0.150000    0.000000    0.000000   clock clk (rise edge)
                                  0.000000    0.000000   clock network delay (ideal)
                      0.150000    0.000000    0.000000 ^ _28_/CLK (sky130_fd_sc_hd__dfrtp_2)
     6    0.014846    0.070253    0.459658    0.459658 v _28_/Q (sky130_fd_sc_hd__dfrtp_2)
                                                         fsm.pstate[2] (net)
                      0.070253    0.000000    0.459658 v _10_/A_N (sky130_fd_sc_hd__nand2b_4)
     1    0.004380    0.035482    0.143905    0.603563 v _10_/Y (sky130_fd_sc_hd__nand2b_4)
                                                         _04_ (net)
                      0.035482    0.000000    0.603563 v _11_/A (sky130_fd_sc_hd__buf_6)
     3    0.039769    0.048995    0.136931    0.740493 v _11_/X (sky130_fd_sc_hd__buf_6)
                                                         result[0] (net)
                      0.048995    0.000000    0.740493 v _12_/B (sky130_fd_sc_hd__or2_4)
     1    0.004380    0.046672    0.223803    0.964297 v _12_/X (sky130_fd_sc_hd__or2_4)
                                                         _05_ (net)
                      0.046672    0.000000    0.964297 v _13_/A (sky130_fd_sc_hd__buf_6)
     3    0.036736    0.046739    0.139509    1.103806 v _13_/X (sky130_fd_sc_hd__buf_6)
                                                         flag_gt_zero (net)
                      0.046739    0.000000    1.103806 v _29_/A (sky130_fd_sc_hd__buf_2)
     1    0.033442    0.087203    0.179835    1.283641 v _29_/X (sky130_fd_sc_hd__buf_2)
                                                         result[1] (net)
                      0.087203    0.000000    1.283641 v result[1] (out)
                                              1.283641   data arrival time

                      0.150000   25.000000   25.000000   clock clk (rise edge)
                                  0.000000   25.000000   clock network delay (ideal)
                                 -0.250000   24.750000   clock uncertainty
                                  0.000000   24.750000   clock reconvergence pessimism
                                 -5.000000   19.750000   output external delay
                                             19.750000   data required time
---------------------------------------------------------------------------------------------
                                             19.750000   data required time
                                             -1.283641   data arrival time
---------------------------------------------------------------------------------------------
                                             18.466358   slack (MET)




===========================================================================
report_checks --slack_max -0.01
============================================================================
======================= nom_tt_025C_1v80 Corner ===================================

No paths found.


===========================================================================
 report_check_types -max_slew -max_cap -max_fanout -violators
============================================================================
======================= nom_tt_025C_1v80 Corner ===================================



===========================================================================
report_parasitic_annotation -report_unannotated
============================================================================
Found 25 unannotated drivers.
 clk
 reset
 _09_/Y
 _10_/Y
 _11_/X
 _12_/X
 _13_/X
 _14_/Y
 _15_/X
 _16_/X
 _17_/X
 _18_/X
 _19_/Y
 _20_/Y
 _21_/Y
 _22_/Y
 _23_/Y
 _24_/Y
 _25_/Y
 _26_/Q
 _27_/Q
 _28_/Q
 _29_/X
 _30_/X
 _31_/X
Found 0 partially unannotated drivers.

===========================================================================
max slew violation count 0
max fanout violation count 0
max cap violation count 0
============================================================================

===========================================================================
check_setup -verbose -unconstrained_endpoints -multiple_clock -no_clock -no_input_delay -loops -generated_clocks
===========================================================================
