
===========================================================================
report_checks -path_delay max (Setup)
============================================================================
======================= nom_tt_025C_1v80 Corner ===================================

Startpoint: _28_ (rising edge-triggered flip-flop clocked by clk)
Endpoint: result[1] (output port clocked by clk)
Path Group: clk
Path Type: max

Fanout         Cap        Slew       Delay        Time   Description
---------------------------------------------------------------------------------------------
                      0.150000    0.000000    0.000000   clock clk (rise edge)
                                  0.000000    0.000000   clock network delay (ideal)
                      0.150000    0.000000    0.000000 ^ _28_/CLK (sky130_fd_sc_hd__dfrtp_2)
     6    0.014846    0.070253    0.459658    0.459658 v _28_/Q (sky130_fd_sc_hd__dfrtp_2)
                                                         fsm.pstate[2] (net)
                      0.070253    0.000000    0.459658 v _10_/A_N (sky130_fd_sc_hd__nand2b_4)
     1    0.004380    0.035482    0.143905    0.603563 v _10_/Y (sky130_fd_sc_hd__nand2b_4)
                                                         _04_ (net)
                      0.035482    0.000000    0.603563 v _11_/A (sky130_fd_sc_hd__buf_6)
     3    0.039769    0.048995    0.136931    0.740493 v _11_/X (sky130_fd_sc_hd__buf_6)
                                                         result[0] (net)
                      0.048995    0.000000    0.740493 v _12_/B (sky130_fd_sc_hd__or2_4)
     1    0.004380    0.046672    0.223803    0.964297 v _12_/X (sky130_fd_sc_hd__or2_4)
                                                         _05_ (net)
                      0.046672    0.000000    0.964297 v _13_/A (sky130_fd_sc_hd__buf_6)
     3    0.036736    0.046739    0.139509    1.103806 v _13_/X (sky130_fd_sc_hd__buf_6)
                                                         flag_gt_zero (net)
                      0.046739    0.000000    1.103806 v _29_/A (sky130_fd_sc_hd__buf_2)
     1    0.033442    0.087203    0.179835    1.283641 v _29_/X (sky130_fd_sc_hd__buf_2)
                                                         result[1] (net)
                      0.087203    0.000000    1.283641 v result[1] (out)
                                              1.283641   data arrival time

                      0.150000   25.000000   25.000000   clock clk (rise edge)
                                  0.000000   25.000000   clock network delay (ideal)
                                 -0.250000   24.750000   clock uncertainty
                                  0.000000   24.750000   clock reconvergence pessimism
                                 -5.000000   19.750000   output external delay
                                             19.750000   data required time
---------------------------------------------------------------------------------------------
                                             19.750000   data required time
                                             -1.283641   data arrival time
---------------------------------------------------------------------------------------------
                                             18.466358   slack (MET)


Startpoint: _28_ (rising edge-triggered flip-flop clocked by clk)
Endpoint: result[5] (output port clocked by clk)
Path Group: clk
Path Type: max

Fanout         Cap        Slew       Delay        Time   Description
---------------------------------------------------------------------------------------------
                      0.150000    0.000000    0.000000   clock clk (rise edge)
                                  0.000000    0.000000   clock network delay (ideal)
                      0.150000    0.000000    0.000000 ^ _28_/CLK (sky130_fd_sc_hd__dfrtp_2)
     6    0.014846    0.070253    0.459658    0.459658 v _28_/Q (sky130_fd_sc_hd__dfrtp_2)
                                                         fsm.pstate[2] (net)
                      0.070253    0.000000    0.459658 v _10_/A_N (sky130_fd_sc_hd__nand2b_4)
     1    0.004380    0.035482    0.143905    0.603563 v _10_/Y (sky130_fd_sc_hd__nand2b_4)
                                                         _04_ (net)
                      0.035482    0.000000    0.603563 v _11_/A (sky130_fd_sc_hd__buf_6)
     3    0.039769    0.048995    0.136931    0.740493 v _11_/X (sky130_fd_sc_hd__buf_6)
                                                         result[0] (net)
                      0.048995    0.000000    0.740493 v _12_/B (sky130_fd_sc_hd__or2_4)
     1    0.004380    0.046672    0.223803    0.964297 v _12_/X (sky130_fd_sc_hd__or2_4)
                                                         _05_ (net)
                      0.046672    0.000000    0.964297 v _13_/A (sky130_fd_sc_hd__buf_6)
     3    0.036736    0.046739    0.139509    1.103806 v _13_/X (sky130_fd_sc_hd__buf_6)
                                                         flag_gt_zero (net)
                      0.046739    0.000000    1.103806 v _31_/A (sky130_fd_sc_hd__buf_2)
     1    0.033442    0.087203    0.179835    1.283641 v _31_/X (sky130_fd_sc_hd__buf_2)
                                                         result[5] (net)
                      0.087203    0.000000    1.283641 v result[5] (out)
                                              1.283641   data arrival time

                      0.150000   25.000000   25.000000   clock clk (rise edge)
                                  0.000000   25.000000   clock network delay (ideal)
                                 -0.250000   24.750000   clock uncertainty
                                  0.000000   24.750000   clock reconvergence pessimism
                                 -5.000000   19.750000   output external delay
                                             19.750000   data required time
---------------------------------------------------------------------------------------------
                                             19.750000   data required time
                                             -1.283641   data arrival time
---------------------------------------------------------------------------------------------
                                             18.466358   slack (MET)


Startpoint: _26_ (rising edge-triggered flip-flop clocked by clk)
Endpoint: result[2] (output port clocked by clk)
Path Group: clk
Path Type: max

Fanout         Cap        Slew       Delay        Time   Description
---------------------------------------------------------------------------------------------
                      0.150000    0.000000    0.000000   clock clk (rise edge)
                                  0.000000    0.000000   clock network delay (ideal)
                      0.150000    0.000000    0.000000 ^ _26_/CLK (sky130_fd_sc_hd__dfrtp_2)
     5    0.026459    0.095118    0.487920    0.487920 v _26_/Q (sky130_fd_sc_hd__dfrtp_2)
                                                         fsm.pstate[0] (net)
                      0.095118    0.000000    0.487920 v _14_/A1 (sky130_fd_sc_hd__o21bai_2)
     2    0.035249    0.417161    0.383621    0.871541 ^ _14_/Y (sky130_fd_sc_hd__o21bai_2)
                                                         result[6] (net)
                      0.417161    0.000000    0.871541 ^ _30_/A (sky130_fd_sc_hd__buf_2)
     1    0.033442    0.170583    0.288954    1.160495 ^ _30_/X (sky130_fd_sc_hd__buf_2)
                                                         result[2] (net)
                      0.170583    0.000000    1.160495 ^ result[2] (out)
                                              1.160495   data arrival time

                      0.150000   25.000000   25.000000   clock clk (rise edge)
                                  0.000000   25.000000   clock network delay (ideal)
                                 -0.250000   24.750000   clock uncertainty
                                  0.000000   24.750000   clock reconvergence pessimism
                                 -5.000000   19.750000   output external delay
                                             19.750000   data required time
---------------------------------------------------------------------------------------------
                                             19.750000   data required time
                                             -1.160495   data arrival time
---------------------------------------------------------------------------------------------
                                             18.589504   slack (MET)


Startpoint: _28_ (rising edge-triggered flip-flop clocked by clk)
Endpoint: flag_gt_zero (output port clocked by clk)
Path Group: clk
Path Type: max

Fanout         Cap        Slew       Delay        Time   Description
---------------------------------------------------------------------------------------------
                      0.150000    0.000000    0.000000   clock clk (rise edge)
                                  0.000000    0.000000   clock network delay (ideal)
                      0.150000    0.000000    0.000000 ^ _28_/CLK (sky130_fd_sc_hd__dfrtp_2)
     6    0.014846    0.070253    0.459658    0.459658 v _28_/Q (sky130_fd_sc_hd__dfrtp_2)
                                                         fsm.pstate[2] (net)
                      0.070253    0.000000    0.459658 v _10_/A_N (sky130_fd_sc_hd__nand2b_4)
     1    0.004380    0.035482    0.143905    0.603563 v _10_/Y (sky130_fd_sc_hd__nand2b_4)
                                                         _04_ (net)
                      0.035482    0.000000    0.603563 v _11_/A (sky130_fd_sc_hd__buf_6)
     3    0.039769    0.048995    0.136931    0.740493 v _11_/X (sky130_fd_sc_hd__buf_6)
                                                         result[0] (net)
                      0.048995    0.000000    0.740493 v _12_/B (sky130_fd_sc_hd__or2_4)
     1    0.004380    0.046672    0.223803    0.964297 v _12_/X (sky130_fd_sc_hd__or2_4)
                                                         _05_ (net)
                      0.046672    0.000000    0.964297 v _13_/A (sky130_fd_sc_hd__buf_6)
     3    0.036736    0.046739    0.139509    1.103806 v _13_/X (sky130_fd_sc_hd__buf_6)
                                                         flag_gt_zero (net)
                      0.046739    0.000000    1.103806 v flag_gt_zero (out)
                                              1.103806   data arrival time

                      0.150000   25.000000   25.000000   clock clk (rise edge)
                                  0.000000   25.000000   clock network delay (ideal)
                                 -0.250000   24.750000   clock uncertainty
                                  0.000000   24.750000   clock reconvergence pessimism
                                 -5.000000   19.750000   output external delay
                                             19.750000   data required time
---------------------------------------------------------------------------------------------
                                             19.750000   data required time
                                             -1.103806   data arrival time
---------------------------------------------------------------------------------------------
                                             18.646194   slack (MET)


Startpoint: _26_ (rising edge-triggered flip-flop clocked by clk)
Endpoint: result[4] (output port clocked by clk)
Path Group: clk
Path Type: max

Fanout         Cap        Slew       Delay        Time   Description
---------------------------------------------------------------------------------------------
                      0.150000    0.000000    0.000000   clock clk (rise edge)
                                  0.000000    0.000000   clock network delay (ideal)
                      0.150000    0.000000    0.000000 ^ _26_/CLK (sky130_fd_sc_hd__dfrtp_2)
     5    0.029029    0.152802    0.468851    0.468851 ^ _26_/Q (sky130_fd_sc_hd__dfrtp_2)
                                                         fsm.pstate[0] (net)
                      0.152802    0.000000    0.468851 ^ _17_/B_N (sky130_fd_sc_hd__or2b_2)
     1    0.002015    0.049087    0.300562    0.769412 v _17_/X (sky130_fd_sc_hd__or2b_2)
                                                         _07_ (net)
                      0.049087    0.000000    0.769412 v _18_/A (sky130_fd_sc_hd__buf_1)
     1    0.033442    0.194537    0.220431    0.989843 v _18_/X (sky130_fd_sc_hd__buf_1)
                                                         result[4] (net)
                      0.194537    0.000000    0.989843 v result[4] (out)
                                              0.989843   data arrival time

                      0.150000   25.000000   25.000000   clock clk (rise edge)
                                  0.000000   25.000000   clock network delay (ideal)
                                 -0.250000   24.750000   clock uncertainty
                                  0.000000   24.750000   clock reconvergence pessimism
                                 -5.000000   19.750000   output external delay
                                             19.750000   data required time
---------------------------------------------------------------------------------------------
                                             19.750000   data required time
                                             -0.989843   data arrival time
---------------------------------------------------------------------------------------------
                                             18.760157   slack (MET)


Startpoint: _27_ (rising edge-triggered flip-flop clocked by clk)
Endpoint: result[3] (output port clocked by clk)
Path Group: clk
Path Type: max

Fanout         Cap        Slew       Delay        Time   Description
---------------------------------------------------------------------------------------------
                      0.150000    0.000000    0.000000   clock clk (rise edge)
                                  0.000000    0.000000   clock network delay (ideal)
                      0.150000    0.000000    0.000000 ^ _27_/CLK (sky130_fd_sc_hd__dfrtp_2)
     3    0.017799    0.104314    0.430285    0.430285 ^ _27_/Q (sky130_fd_sc_hd__dfrtp_2)
                                                         fsm.pstate[1] (net)
                      0.104314    0.000000    0.430285 ^ _09_/A (sky130_fd_sc_hd__inv_2)
     3    0.007880    0.035781    0.050311    0.480596 v _09_/Y (sky130_fd_sc_hd__inv_2)
                                                         _03_ (net)
                      0.035781    0.000000    0.480596 v _15_/A (sky130_fd_sc_hd__or2_2)
     1    0.002015    0.051464    0.278224    0.758820 v _15_/X (sky130_fd_sc_hd__or2_2)
                                                         _06_ (net)
                      0.051464    0.000000    0.758820 v _16_/A (sky130_fd_sc_hd__buf_1)
     1    0.033442    0.194571    0.221474    0.980293 v _16_/X (sky130_fd_sc_hd__buf_1)
                                                         result[3] (net)
                      0.194571    0.000000    0.980293 v result[3] (out)
                                              0.980293   data arrival time

                      0.150000   25.000000   25.000000   clock clk (rise edge)
                                  0.000000   25.000000   clock network delay (ideal)
                                 -0.250000   24.750000   clock uncertainty
                                  0.000000   24.750000   clock reconvergence pessimism
                                 -5.000000   19.750000   output external delay
                                             19.750000   data required time
---------------------------------------------------------------------------------------------
                                             19.750000   data required time
                                             -0.980293   data arrival time
---------------------------------------------------------------------------------------------
                                             18.769707   slack (MET)


Startpoint: _26_ (rising edge-triggered flip-flop clocked by clk)
Endpoint: result[6] (output port clocked by clk)
Path Group: clk
Path Type: max

Fanout         Cap        Slew       Delay        Time   Description
---------------------------------------------------------------------------------------------
                      0.150000    0.000000    0.000000   clock clk (rise edge)
                                  0.000000    0.000000   clock network delay (ideal)
                      0.150000    0.000000    0.000000 ^ _26_/CLK (sky130_fd_sc_hd__dfrtp_2)
     5    0.026459    0.095118    0.487920    0.487920 v _26_/Q (sky130_fd_sc_hd__dfrtp_2)
                                                         fsm.pstate[0] (net)
                      0.095118    0.000000    0.487920 v _14_/A1 (sky130_fd_sc_hd__o21bai_2)
     2    0.035249    0.417161    0.383621    0.871541 ^ _14_/Y (sky130_fd_sc_hd__o21bai_2)
                                                         result[6] (net)
                      0.417161    0.000000    0.871541 ^ result[6] (out)
                                              0.871541   data arrival time

                      0.150000   25.000000   25.000000   clock clk (rise edge)
                                  0.000000   25.000000   clock network delay (ideal)
                                 -0.250000   24.750000   clock uncertainty
                                  0.000000   24.750000   clock reconvergence pessimism
                                 -5.000000   19.750000   output external delay
                                             19.750000   data required time
---------------------------------------------------------------------------------------------
                                             19.750000   data required time
                                             -0.871541   data arrival time
---------------------------------------------------------------------------------------------
                                             18.878458   slack (MET)


Startpoint: _28_ (rising edge-triggered flip-flop clocked by clk)
Endpoint: result[0] (output port clocked by clk)
Path Group: clk
Path Type: max

Fanout         Cap        Slew       Delay        Time   Description
---------------------------------------------------------------------------------------------
                      0.150000    0.000000    0.000000   clock clk (rise edge)
                                  0.000000    0.000000   clock network delay (ideal)
                      0.150000    0.000000    0.000000 ^ _28_/CLK (sky130_fd_sc_hd__dfrtp_2)
     6    0.014846    0.070253    0.459658    0.459658 v _28_/Q (sky130_fd_sc_hd__dfrtp_2)
                                                         fsm.pstate[2] (net)
                      0.070253    0.000000    0.459658 v _10_/A_N (sky130_fd_sc_hd__nand2b_4)
     1    0.004380    0.035482    0.143905    0.603563 v _10_/Y (sky130_fd_sc_hd__nand2b_4)
                                                         _04_ (net)
                      0.035482    0.000000    0.603563 v _11_/A (sky130_fd_sc_hd__buf_6)
     3    0.039769    0.048995    0.136931    0.740493 v _11_/X (sky130_fd_sc_hd__buf_6)
                                                         result[0] (net)
                      0.048995    0.000000    0.740493 v result[0] (out)
                                              0.740493   data arrival time

                      0.150000   25.000000   25.000000   clock clk (rise edge)
                                  0.000000   25.000000   clock network delay (ideal)
                                 -0.250000   24.750000   clock uncertainty
                                  0.000000   24.750000   clock reconvergence pessimism
                                 -5.000000   19.750000   output external delay
                                             19.750000   data required time
---------------------------------------------------------------------------------------------
                                             19.750000   data required time
                                             -0.740493   data arrival time
---------------------------------------------------------------------------------------------
                                             19.009506   slack (MET)


Startpoint: reset (input port clocked by clk)
Endpoint: _26_ (recovery check against rising-edge clock clk)
Path Group: asynchronous
Path Type: max

Fanout         Cap        Slew       Delay        Time   Description
---------------------------------------------------------------------------------------------
                      0.150000    0.000000    0.000000   clock clk (rise edge)
                                  0.000000    0.000000   clock network delay (ideal)
                                  5.000000    5.000000 v input external delay
     3    0.012828    0.031020    0.020741    5.020741 v reset (in)
                                                         reset (net)
                      0.031020    0.000000    5.020741 v _23_/A (sky130_fd_sc_hd__inv_2)
     1    0.003612    0.024986    0.037026    5.057767 ^ _23_/Y (sky130_fd_sc_hd__inv_2)
                                                         _00_ (net)
                      0.024986    0.000000    5.057767 ^ _26_/RESET_B (sky130_fd_sc_hd__dfrtp_2)
                                              5.057767   data arrival time

                      0.150000   25.000000   25.000000   clock clk (rise edge)
                                  0.000000   25.000000   clock network delay (ideal)
                                 -0.250000   24.750000   clock uncertainty
                                  0.000000   24.750000   clock reconvergence pessimism
                                             24.750000 ^ _26_/CLK (sky130_fd_sc_hd__dfrtp_2)
                                  0.257278   25.007278   library recovery time
                                             25.007278   data required time
---------------------------------------------------------------------------------------------
                                             25.007278   data required time
                                             -5.057767   data arrival time
---------------------------------------------------------------------------------------------
                                             19.949511   slack (MET)


Startpoint: reset (input port clocked by clk)
Endpoint: _27_ (recovery check against rising-edge clock clk)
Path Group: asynchronous
Path Type: max

Fanout         Cap        Slew       Delay        Time   Description
---------------------------------------------------------------------------------------------
                      0.150000    0.000000    0.000000   clock clk (rise edge)
                                  0.000000    0.000000   clock network delay (ideal)
                                  5.000000    5.000000 v input external delay
     3    0.012828    0.031020    0.020741    5.020741 v reset (in)
                                                         reset (net)
                      0.031020    0.000000    5.020741 v _24_/A (sky130_fd_sc_hd__inv_2)
     1    0.003612    0.024986    0.037026    5.057767 ^ _24_/Y (sky130_fd_sc_hd__inv_2)
                                                         _01_ (net)
                      0.024986    0.000000    5.057767 ^ _27_/RESET_B (sky130_fd_sc_hd__dfrtp_2)
                                              5.057767   data arrival time

                      0.150000   25.000000   25.000000   clock clk (rise edge)
                                  0.000000   25.000000   clock network delay (ideal)
                                 -0.250000   24.750000   clock uncertainty
                                  0.000000   24.750000   clock reconvergence pessimism
                                             24.750000 ^ _27_/CLK (sky130_fd_sc_hd__dfrtp_2)
                                  0.257278   25.007278   library recovery time
                                             25.007278   data required time
---------------------------------------------------------------------------------------------
                                             25.007278   data required time
                                             -5.057767   data arrival time
---------------------------------------------------------------------------------------------
                                             19.949511   slack (MET)


Startpoint: reset (input port clocked by clk)
Endpoint: _28_ (recovery check against rising-edge clock clk)
Path Group: asynchronous
Path Type: max

Fanout         Cap        Slew       Delay        Time   Description
---------------------------------------------------------------------------------------------
                      0.150000    0.000000    0.000000   clock clk (rise edge)
                                  0.000000    0.000000   clock network delay (ideal)
                                  5.000000    5.000000 v input external delay
     3    0.012828    0.031020    0.020741    5.020741 v reset (in)
                                                         reset (net)
                      0.031020    0.000000    5.020741 v _25_/A (sky130_fd_sc_hd__inv_2)
     1    0.003612    0.024986    0.037026    5.057767 ^ _25_/Y (sky130_fd_sc_hd__inv_2)
                                                         _02_ (net)
                      0.024986    0.000000    5.057767 ^ _28_/RESET_B (sky130_fd_sc_hd__dfrtp_2)
                                              5.057767   data arrival time

                      0.150000   25.000000   25.000000   clock clk (rise edge)
                                  0.000000   25.000000   clock network delay (ideal)
                                 -0.250000   24.750000   clock uncertainty
                                  0.000000   24.750000   clock reconvergence pessimism
                                             24.750000 ^ _28_/CLK (sky130_fd_sc_hd__dfrtp_2)
                                  0.257278   25.007278   library recovery time
                                             25.007278   data required time
---------------------------------------------------------------------------------------------
                                             25.007278   data required time
                                             -5.057767   data arrival time
---------------------------------------------------------------------------------------------
                                             19.949511   slack (MET)


Startpoint: _28_ (rising edge-triggered flip-flop clocked by clk)
Endpoint: _28_ (rising edge-triggered flip-flop clocked by clk)
Path Group: clk
Path Type: max

Fanout         Cap        Slew       Delay        Time   Description
---------------------------------------------------------------------------------------------
                      0.150000    0.000000    0.000000   clock clk (rise edge)
                                  0.000000    0.000000   clock network delay (ideal)
                      0.150000    0.000000    0.000000 ^ _28_/CLK (sky130_fd_sc_hd__dfrtp_2)
     6    0.014846    0.070253    0.459658    0.459658 v _28_/Q (sky130_fd_sc_hd__dfrtp_2)
                                                         fsm.pstate[2] (net)
                      0.070253    0.000000    0.459658 v _10_/A_N (sky130_fd_sc_hd__nand2b_4)
     1    0.004380    0.035482    0.143905    0.603563 v _10_/Y (sky130_fd_sc_hd__nand2b_4)
                                                         _04_ (net)
                      0.035482    0.000000    0.603563 v _11_/A (sky130_fd_sc_hd__buf_6)
     3    0.039769    0.048995    0.136931    0.740493 v _11_/X (sky130_fd_sc_hd__buf_6)
                                                         result[0] (net)
                      0.048995    0.000000    0.740493 v _22_/B (sky130_fd_sc_hd__nor2_2)
     1    0.002005    0.054130    0.064453    0.804946 ^ _22_/Y (sky130_fd_sc_hd__nor2_2)
                                                         fsm.nstate[2] (net)
                      0.054130    0.000000    0.804946 ^ _28_/D (sky130_fd_sc_hd__dfrtp_2)
                                              0.804946   data arrival time

                      0.150000   25.000000   25.000000   clock clk (rise edge)
                                  0.000000   25.000000   clock network delay (ideal)
                                 -0.250000   24.750000   clock uncertainty
                                  0.000000   24.750000   clock reconvergence pessimism
                                             24.750000 ^ _28_/CLK (sky130_fd_sc_hd__dfrtp_2)
                                 -0.049570   24.700430   library setup time
                                             24.700430   data required time
---------------------------------------------------------------------------------------------
                                             24.700430   data required time
                                             -0.804946   data arrival time
---------------------------------------------------------------------------------------------
                                             23.895485   slack (MET)


Startpoint: _26_ (rising edge-triggered flip-flop clocked by clk)
Endpoint: _27_ (rising edge-triggered flip-flop clocked by clk)
Path Group: clk
Path Type: max

Fanout         Cap        Slew       Delay        Time   Description
---------------------------------------------------------------------------------------------
                      0.150000    0.000000    0.000000   clock clk (rise edge)
                                  0.000000    0.000000   clock network delay (ideal)
                      0.150000    0.000000    0.000000 ^ _26_/CLK (sky130_fd_sc_hd__dfrtp_2)
     5    0.026459    0.095118    0.487920    0.487920 v _26_/Q (sky130_fd_sc_hd__dfrtp_2)
                                                         fsm.pstate[0] (net)
                      0.095118    0.000000    0.487920 v _20_/A (sky130_fd_sc_hd__xnor2_2)
     1    0.004740    0.122809    0.169613    0.657533 ^ _20_/Y (sky130_fd_sc_hd__xnor2_2)
                                                         _08_ (net)
                      0.122809    0.000000    0.657533 ^ _21_/B (sky130_fd_sc_hd__nor2_2)
     1    0.001949    0.027915    0.037519    0.695052 v _21_/Y (sky130_fd_sc_hd__nor2_2)
                                                         fsm.nstate[1] (net)
                      0.027915    0.000000    0.695052 v _27_/D (sky130_fd_sc_hd__dfrtp_2)
                                              0.695052   data arrival time

                      0.150000   25.000000   25.000000   clock clk (rise edge)
                                  0.000000   25.000000   clock network delay (ideal)
                                 -0.250000   24.750000   clock uncertainty
                                  0.000000   24.750000   clock reconvergence pessimism
                                             24.750000 ^ _27_/CLK (sky130_fd_sc_hd__dfrtp_2)
                                 -0.083755   24.666245   library setup time
                                             24.666245   data required time
---------------------------------------------------------------------------------------------
                                             24.666245   data required time
                                             -0.695052   data arrival time
---------------------------------------------------------------------------------------------
                                             23.971191   slack (MET)


Startpoint: _26_ (rising edge-triggered flip-flop clocked by clk)
Endpoint: _26_ (rising edge-triggered flip-flop clocked by clk)
Path Group: clk
Path Type: max

Fanout         Cap        Slew       Delay        Time   Description
---------------------------------------------------------------------------------------------
                      0.150000    0.000000    0.000000   clock clk (rise edge)
                                  0.000000    0.000000   clock network delay (ideal)
                      0.150000    0.000000    0.000000 ^ _26_/CLK (sky130_fd_sc_hd__dfrtp_2)
     5    0.026459    0.095118    0.487920    0.487920 v _26_/Q (sky130_fd_sc_hd__dfrtp_2)
                                                         fsm.pstate[0] (net)
                      0.095118    0.000000    0.487920 v _19_/A (sky130_fd_sc_hd__nor2_2)
     1    0.002005    0.055813    0.105830    0.593750 ^ _19_/Y (sky130_fd_sc_hd__nor2_2)
                                                         fsm.nstate[0] (net)
                      0.055813    0.000000    0.593750 ^ _26_/D (sky130_fd_sc_hd__dfrtp_2)
                                              0.593750   data arrival time

                      0.150000   25.000000   25.000000   clock clk (rise edge)
                                  0.000000   25.000000   clock network delay (ideal)
                                 -0.250000   24.750000   clock uncertainty
                                  0.000000   24.750000   clock reconvergence pessimism
                                             24.750000 ^ _26_/CLK (sky130_fd_sc_hd__dfrtp_2)
                                 -0.049954   24.700045   library setup time
                                             24.700045   data required time
---------------------------------------------------------------------------------------------
                                             24.700045   data required time
                                             -0.593750   data arrival time
---------------------------------------------------------------------------------------------
                                             24.106297   slack (MET)



