Clock: clk
Sources: clk 
Generated: no
Virtual: yes
Propagated: no
Period: 25.000000

===========================================================================
report_clock_properties
============================================================================
Clock                   Period          Waveform
----------------------------------------------------
clk                  25.000000    0.000000 12.500000

===========================================================================
report_clock_latency
============================================================================
Clock clk
rise -> rise
    min     max
0.000000 0.000000 source latency
0.270853         network latency _15_/CLK
        0.272249 network latency _14_/CLK
---------------
0.270853 0.272249 latency
        0.001395 skew

fall -> fall
    min     max
0.000000 0.000000 source latency
0.277383         network latency _15_/CLK
        0.278653 network latency _14_/CLK
---------------
0.277383 0.278653 latency
        0.001269 skew



===========================================================================
report_clock_min_period
============================================================================
clk period_min = 1.63 fmax = 612.38
