Reading OpenROAD database at '/foss/designs/ALU/runs/RUN_2025-06-08_18-02-53/41-openroad-repairantennas/1-diodeinsertion/top.odb'…
Reading library file at '/foss/pdks/sky130A/libs.ref/sky130_fd_sc_hd/lib/sky130_fd_sc_hd__tt_025C_1v80.lib'…
Reading design constraints file at '/usr/local/lib/python3.12/dist-packages/openlane/scripts/base.sdc'…
[INFO] Using clock clk…
[INFO] Setting output delay to: 5.0
[INFO] Setting input delay to: 5.0
[INFO] Setting load to: 0.033442
[INFO] Setting clock uncertainty to: 0.25
[INFO] Setting clock transition to: 0.1499999999999999944488848768742172978818416595458984375
[INFO] Setting timing derate to: 5%
[INFO] Setting RC values…
%OL_CREATE_REPORT min.rpt

===========================================================================
report_checks -path_delay min (Hold)
============================================================================
======================= nom_tt_025C_1v80 Corner ===================================

Startpoint: _15_ (rising edge-triggered flip-flop clocked by clk)
Endpoint: _15_ (rising edge-triggered flip-flop clocked by clk)
Path Group: clk
Path Type: min

Fanout         Cap        Slew       Delay        Time   Description
---------------------------------------------------------------------------------------------
                                  0.000000    0.000000   clock clk (rise edge)
                                  0.000000    0.000000   clock source latency
     1    0.010798    0.054980    0.036641    0.036641 ^ clk (in)
                                                         clk (net)
                      0.054981    0.000000    0.036641 ^ clkbuf_0_clk/A (sky130_fd_sc_hd__clkbuf_16)
     2    0.018371    0.040459    0.127346    0.163987 ^ clkbuf_0_clk/X (sky130_fd_sc_hd__clkbuf_16)
                                                         clknet_0_clk (net)
                      0.040462    0.000610    0.164597 ^ clkbuf_1_1__f_clk/A (sky130_fd_sc_hd__clkbuf_16)
     1    0.002757    0.026661    0.106191    0.270788 ^ clkbuf_1_1__f_clk/X (sky130_fd_sc_hd__clkbuf_16)
                                                         clknet_1_1__leaf_clk (net)
                      0.026661    0.000065    0.270853 ^ _15_/CLK (sky130_fd_sc_hd__dfrtp_2)
     5    0.018708    0.105163    0.388801    0.659654 ^ _15_/Q (sky130_fd_sc_hd__dfrtp_2)
                                                         controller_inst.pstate[1] (net)
                      0.105163    0.000277    0.659931 ^ hold2/A (sky130_fd_sc_hd__dlygate4sd3_1)
     1    0.005375    0.075316    0.573258    1.233189 ^ hold2/X (sky130_fd_sc_hd__dlygate4sd3_1)
                                                         net11 (net)
                      0.075316    0.000134    1.233323 ^ _11_/A (sky130_fd_sc_hd__xor2_1)
     1    0.003107    0.037424    0.068685    1.302007 v _11_/X (sky130_fd_sc_hd__xor2_1)
                                                         controller_inst.nstate[1] (net)
                      0.037424    0.000079    1.302086 v _15_/D (sky130_fd_sc_hd__dfrtp_2)
                                              1.302086   data arrival time

                                  0.000000    0.000000   clock clk (rise edge)
                                  0.000000    0.000000   clock source latency
     1    0.010798    0.054980    0.036641    0.036641 ^ clk (in)
                                                         clk (net)
                      0.054981    0.000000    0.036641 ^ clkbuf_0_clk/A (sky130_fd_sc_hd__clkbuf_16)
     2    0.018371    0.040459    0.127346    0.163987 ^ clkbuf_0_clk/X (sky130_fd_sc_hd__clkbuf_16)
                                                         clknet_0_clk (net)
                      0.040462    0.000610    0.164597 ^ clkbuf_1_1__f_clk/A (sky130_fd_sc_hd__clkbuf_16)
     1    0.002757    0.026661    0.106191    0.270788 ^ clkbuf_1_1__f_clk/X (sky130_fd_sc_hd__clkbuf_16)
                                                         clknet_1_1__leaf_clk (net)
                      0.026661    0.000065    0.270853 ^ _15_/CLK (sky130_fd_sc_hd__dfrtp_2)
                                  0.250000    0.520853   clock uncertainty
                                  0.000000    0.520853   clock reconvergence pessimism
                                 -0.043212    0.477641   library hold time
                                              0.477641   data required time
---------------------------------------------------------------------------------------------
                                              0.477641   data required time
                                             -1.302086   data arrival time
---------------------------------------------------------------------------------------------
                                              0.824445   slack (MET)


Startpoint: _14_ (rising edge-triggered flip-flop clocked by clk)
Endpoint: _14_ (rising edge-triggered flip-flop clocked by clk)
Path Group: clk
Path Type: min

Fanout         Cap        Slew       Delay        Time   Description
---------------------------------------------------------------------------------------------
                                  0.000000    0.000000   clock clk (rise edge)
                                  0.000000    0.000000   clock source latency
     1    0.010798    0.054980    0.036641    0.036641 ^ clk (in)
                                                         clk (net)
                      0.054981    0.000000    0.036641 ^ clkbuf_0_clk/A (sky130_fd_sc_hd__clkbuf_16)
     2    0.018371    0.040459    0.127346    0.163987 ^ clkbuf_0_clk/X (sky130_fd_sc_hd__clkbuf_16)
                                                         clknet_0_clk (net)
                      0.040462    0.000618    0.164605 ^ clkbuf_1_0__f_clk/A (sky130_fd_sc_hd__clkbuf_16)
     1    0.003859    0.027707    0.107506    0.272111 ^ clkbuf_1_0__f_clk/X (sky130_fd_sc_hd__clkbuf_16)
                                                         clknet_1_0__leaf_clk (net)
                      0.027707    0.000137    0.272249 ^ _14_/CLK (sky130_fd_sc_hd__dfrtp_4)
     5    0.018778    0.086586    0.425264    0.697513 ^ _14_/Q (sky130_fd_sc_hd__dfrtp_4)
                                                         controller_inst.pstate[0] (net)
                      0.086586    0.000265    0.697778 ^ hold1/A (sky130_fd_sc_hd__dlygate4sd3_1)
     2    0.011605    0.130555    0.613452    1.311230 ^ hold1/X (sky130_fd_sc_hd__dlygate4sd3_1)
                                                         net10 (net)
                      0.130555    0.000297    1.311527 ^ _10_/A (sky130_fd_sc_hd__inv_2)
     1    0.003257    0.029155    0.039325    1.350851 v _10_/Y (sky130_fd_sc_hd__inv_2)
                                                         controller_inst.nstate[0] (net)
                      0.029155    0.000084    1.350935 v _14_/D (sky130_fd_sc_hd__dfrtp_4)
                                              1.350935   data arrival time

                                  0.000000    0.000000   clock clk (rise edge)
                                  0.000000    0.000000   clock source latency
     1    0.010798    0.054980    0.036641    0.036641 ^ clk (in)
                                                         clk (net)
                      0.054981    0.000000    0.036641 ^ clkbuf_0_clk/A (sky130_fd_sc_hd__clkbuf_16)
     2    0.018371    0.040459    0.127346    0.163987 ^ clkbuf_0_clk/X (sky130_fd_sc_hd__clkbuf_16)
                                                         clknet_0_clk (net)
                      0.040462    0.000618    0.164605 ^ clkbuf_1_0__f_clk/A (sky130_fd_sc_hd__clkbuf_16)
     1    0.003859    0.027707    0.107506    0.272111 ^ clkbuf_1_0__f_clk/X (sky130_fd_sc_hd__clkbuf_16)
                                                         clknet_1_0__leaf_clk (net)
                      0.027707    0.000137    0.272249 ^ _14_/CLK (sky130_fd_sc_hd__dfrtp_4)
                                  0.250000    0.522249   clock uncertainty
                                  0.000000    0.522249   clock reconvergence pessimism
                                 -0.039560    0.482689   library hold time
                                              0.482689   data required time
---------------------------------------------------------------------------------------------
                                              0.482689   data required time
                                             -1.350935   data arrival time
---------------------------------------------------------------------------------------------
                                              0.868247   slack (MET)


Startpoint: reset (input port clocked by clk)
Endpoint: _14_ (removal check against rising-edge clock clk)
Path Group: asynchronous
Path Type: min

Fanout         Cap        Slew       Delay        Time   Description
---------------------------------------------------------------------------------------------
                                  0.000000    0.000000   clock clk (rise edge)
                                  0.000000    0.000000   clock network delay (propagated)
                                  5.000000    5.000000 v input external delay
     1    0.003449    0.010141    0.005543    5.005543 v reset (in)
                                                         reset (net)
                      0.010146    0.000000    5.005543 v input1/A (sky130_fd_sc_hd__buf_1)
     2    0.010352    0.066408    0.106903    5.112446 v input1/X (sky130_fd_sc_hd__buf_1)
                                                         net1 (net)
                      0.066408    0.000268    5.112713 v _12_/A (sky130_fd_sc_hd__inv_2)
     1    0.004784    0.033321    0.055573    5.168286 ^ _12_/Y (sky130_fd_sc_hd__inv_2)
                                                         _00_ (net)
                      0.033321    0.000135    5.168421 ^ _14_/RESET_B (sky130_fd_sc_hd__dfrtp_4)
                                              5.168421   data arrival time

                                  0.000000    0.000000   clock clk (rise edge)
                                  0.000000    0.000000   clock source latency
     1    0.010798    0.054980    0.036641    0.036641 ^ clk (in)
                                                         clk (net)
                      0.054981    0.000000    0.036641 ^ clkbuf_0_clk/A (sky130_fd_sc_hd__clkbuf_16)
     2    0.018371    0.040459    0.127346    0.163987 ^ clkbuf_0_clk/X (sky130_fd_sc_hd__clkbuf_16)
                                                         clknet_0_clk (net)
                      0.040462    0.000618    0.164605 ^ clkbuf_1_0__f_clk/A (sky130_fd_sc_hd__clkbuf_16)
     1    0.003859    0.027707    0.107506    0.272111 ^ clkbuf_1_0__f_clk/X (sky130_fd_sc_hd__clkbuf_16)
                                                         clknet_1_0__leaf_clk (net)
                      0.027707    0.000137    0.272249 ^ _14_/CLK (sky130_fd_sc_hd__dfrtp_4)
                                  0.250000    0.522249   clock uncertainty
                                  0.000000    0.522249   clock reconvergence pessimism
                                  0.312362    0.834611   library removal time
                                              0.834611   data required time
---------------------------------------------------------------------------------------------
                                              0.834611   data required time
                                             -5.168421   data arrival time
---------------------------------------------------------------------------------------------
                                              4.333810   slack (MET)


Startpoint: reset (input port clocked by clk)
Endpoint: _15_ (removal check against rising-edge clock clk)
Path Group: asynchronous
Path Type: min

Fanout         Cap        Slew       Delay        Time   Description
---------------------------------------------------------------------------------------------
                                  0.000000    0.000000   clock clk (rise edge)
                                  0.000000    0.000000   clock network delay (propagated)
                                  5.000000    5.000000 v input external delay
     1    0.003449    0.010141    0.005543    5.005543 v reset (in)
                                                         reset (net)
                      0.010146    0.000000    5.005543 v input1/A (sky130_fd_sc_hd__buf_1)
     2    0.010352    0.066408    0.106903    5.112446 v input1/X (sky130_fd_sc_hd__buf_1)
                                                         net1 (net)
                      0.066408    0.000274    5.112720 v _13_/A (sky130_fd_sc_hd__inv_2)
     1    0.005085    0.034438    0.056547    5.169267 ^ _13_/Y (sky130_fd_sc_hd__inv_2)
                                                         _01_ (net)
                      0.034439    0.000156    5.169423 ^ _15_/RESET_B (sky130_fd_sc_hd__dfrtp_2)
                                              5.169423   data arrival time

                                  0.000000    0.000000   clock clk (rise edge)
                                  0.000000    0.000000   clock source latency
     1    0.010798    0.054980    0.036641    0.036641 ^ clk (in)
                                                         clk (net)
                      0.054981    0.000000    0.036641 ^ clkbuf_0_clk/A (sky130_fd_sc_hd__clkbuf_16)
     2    0.018371    0.040459    0.127346    0.163987 ^ clkbuf_0_clk/X (sky130_fd_sc_hd__clkbuf_16)
                                                         clknet_0_clk (net)
                      0.040462    0.000610    0.164597 ^ clkbuf_1_1__f_clk/A (sky130_fd_sc_hd__clkbuf_16)
     1    0.002757    0.026661    0.106191    0.270788 ^ clkbuf_1_1__f_clk/X (sky130_fd_sc_hd__clkbuf_16)
                                                         clknet_1_1__leaf_clk (net)
                      0.026661    0.000065    0.270853 ^ _15_/CLK (sky130_fd_sc_hd__dfrtp_2)
                                  0.250000    0.520853   clock uncertainty
                                  0.000000    0.520853   clock reconvergence pessimism
                                  0.312324    0.833177   library removal time
                                              0.833177   data required time
---------------------------------------------------------------------------------------------
                                              0.833177   data required time
                                             -5.169423   data arrival time
---------------------------------------------------------------------------------------------
                                              4.336246   slack (MET)


Startpoint: _15_ (rising edge-triggered flip-flop clocked by clk)
Endpoint: result[6] (output port clocked by clk)
Path Group: clk
Path Type: min

Fanout         Cap        Slew       Delay        Time   Description
---------------------------------------------------------------------------------------------
                                  0.000000    0.000000   clock clk (rise edge)
                                  0.000000    0.000000   clock source latency
     1    0.010798    0.054980    0.036641    0.036641 ^ clk (in)
                                                         clk (net)
                      0.054981    0.000000    0.036641 ^ clkbuf_0_clk/A (sky130_fd_sc_hd__clkbuf_16)
     2    0.018371    0.040459    0.127346    0.163987 ^ clkbuf_0_clk/X (sky130_fd_sc_hd__clkbuf_16)
                                                         clknet_0_clk (net)
                      0.040462    0.000610    0.164597 ^ clkbuf_1_1__f_clk/A (sky130_fd_sc_hd__clkbuf_16)
     1    0.002757    0.026661    0.106191    0.270788 ^ clkbuf_1_1__f_clk/X (sky130_fd_sc_hd__clkbuf_16)
                                                         clknet_1_1__leaf_clk (net)
                      0.026661    0.000065    0.270853 ^ _15_/CLK (sky130_fd_sc_hd__dfrtp_2)
     5    0.018708    0.105163    0.388801    0.659654 ^ _15_/Q (sky130_fd_sc_hd__dfrtp_2)
                                                         controller_inst.pstate[1] (net)
                      0.105166    0.000706    0.660360 ^ _09_/A (sky130_fd_sc_hd__xnor2_1)
     1    0.002423    0.034129    0.077443    0.737803 v _09_/Y (sky130_fd_sc_hd__xnor2_1)
                                                         net7 (net)
                      0.034129    0.000055    0.737858 v output7/A (sky130_fd_sc_hd__buf_2)
     1    0.034811    0.090919    0.176141    0.913998 v output7/X (sky130_fd_sc_hd__buf_2)
                                                         result[6] (net)
                      0.090931    0.001026    0.915024 v result[6] (out)
                                              0.915024   data arrival time

                                  0.000000    0.000000   clock clk (rise edge)
                                  0.000000    0.000000   clock network delay (propagated)
                                  0.250000    0.250000   clock uncertainty
                                  0.000000    0.250000   clock reconvergence pessimism
                                 -5.000000   -4.750000   output external delay
                                             -4.750000   data required time
---------------------------------------------------------------------------------------------
                                             -4.750000   data required time
                                             -0.915024   data arrival time
---------------------------------------------------------------------------------------------
                                              5.665024   slack (MET)


Startpoint: _15_ (rising edge-triggered flip-flop clocked by clk)
Endpoint: result[4] (output port clocked by clk)
Path Group: clk
Path Type: min

Fanout         Cap        Slew       Delay        Time   Description
---------------------------------------------------------------------------------------------
                                  0.000000    0.000000   clock clk (rise edge)
                                  0.000000    0.000000   clock source latency
     1    0.010798    0.054980    0.036641    0.036641 ^ clk (in)
                                                         clk (net)
                      0.054981    0.000000    0.036641 ^ clkbuf_0_clk/A (sky130_fd_sc_hd__clkbuf_16)
     2    0.018371    0.040459    0.127346    0.163987 ^ clkbuf_0_clk/X (sky130_fd_sc_hd__clkbuf_16)
                                                         clknet_0_clk (net)
                      0.040462    0.000610    0.164597 ^ clkbuf_1_1__f_clk/A (sky130_fd_sc_hd__clkbuf_16)
     1    0.002757    0.026661    0.106191    0.270788 ^ clkbuf_1_1__f_clk/X (sky130_fd_sc_hd__clkbuf_16)
                                                         clknet_1_1__leaf_clk (net)
                      0.026661    0.000065    0.270853 ^ _15_/CLK (sky130_fd_sc_hd__dfrtp_2)
     5    0.018708    0.105163    0.388801    0.659654 ^ _15_/Q (sky130_fd_sc_hd__dfrtp_2)
                                                         controller_inst.pstate[1] (net)
                      0.105165    0.000653    0.660307 ^ _04_/A (sky130_fd_sc_hd__xnor2_1)
     2    0.005879    0.055734    0.098552    0.758859 v _04_/Y (sky130_fd_sc_hd__xnor2_1)
                                                         net5 (net)
                      0.055734    0.000169    0.759028 v output5/A (sky130_fd_sc_hd__buf_2)
     1    0.034500    0.090083    0.184993    0.944021 v output5/X (sky130_fd_sc_hd__buf_2)
                                                         result[4] (net)
                      0.090093    0.000944    0.944965 v result[4] (out)
                                              0.944965   data arrival time

                                  0.000000    0.000000   clock clk (rise edge)
                                  0.000000    0.000000   clock network delay (propagated)
                                  0.250000    0.250000   clock uncertainty
                                  0.000000    0.250000   clock reconvergence pessimism
                                 -5.000000   -4.750000   output external delay
                                             -4.750000   data required time
---------------------------------------------------------------------------------------------
                                             -4.750000   data required time
                                             -0.944965   data arrival time
---------------------------------------------------------------------------------------------
                                              5.694965   slack (MET)


Startpoint: _15_ (rising edge-triggered flip-flop clocked by clk)
Endpoint: result[5] (output port clocked by clk)
Path Group: clk
Path Type: min

Fanout         Cap        Slew       Delay        Time   Description
---------------------------------------------------------------------------------------------
                                  0.000000    0.000000   clock clk (rise edge)
                                  0.000000    0.000000   clock source latency
     1    0.010798    0.054980    0.036641    0.036641 ^ clk (in)
                                                         clk (net)
                      0.054981    0.000000    0.036641 ^ clkbuf_0_clk/A (sky130_fd_sc_hd__clkbuf_16)
     2    0.018371    0.040459    0.127346    0.163987 ^ clkbuf_0_clk/X (sky130_fd_sc_hd__clkbuf_16)
                                                         clknet_0_clk (net)
                      0.040462    0.000610    0.164597 ^ clkbuf_1_1__f_clk/A (sky130_fd_sc_hd__clkbuf_16)
     1    0.002757    0.026661    0.106191    0.270788 ^ clkbuf_1_1__f_clk/X (sky130_fd_sc_hd__clkbuf_16)
                                                         clknet_1_1__leaf_clk (net)
                      0.026661    0.000065    0.270853 ^ _15_/CLK (sky130_fd_sc_hd__dfrtp_2)
     5    0.018708    0.105163    0.388801    0.659654 ^ _15_/Q (sky130_fd_sc_hd__dfrtp_2)
                                                         controller_inst.pstate[1] (net)
                      0.105165    0.000675    0.660329 ^ _05_/B (sky130_fd_sc_hd__nand2b_1)
     1    0.004148    0.048033    0.072959    0.733288 v _05_/Y (sky130_fd_sc_hd__nand2b_1)
                                                         _02_ (net)
                      0.048033    0.000158    0.733446 v _06_/A (sky130_fd_sc_hd__clkbuf_1)
     2    0.006035    0.043599    0.103968    0.837414 v _06_/X (sky130_fd_sc_hd__clkbuf_1)
                                                         net6 (net)
                      0.043599    0.000144    0.837558 v output6/A (sky130_fd_sc_hd__buf_2)
     1    0.034517    0.090162    0.179778    1.017337 v output6/X (sky130_fd_sc_hd__buf_2)
                                                         result[5] (net)
                      0.090170    0.000886    1.018222 v result[5] (out)
                                              1.018222   data arrival time

                                  0.000000    0.000000   clock clk (rise edge)
                                  0.000000    0.000000   clock network delay (propagated)
                                  0.250000    0.250000   clock uncertainty
                                  0.000000    0.250000   clock reconvergence pessimism
                                 -5.000000   -4.750000   output external delay
                                             -4.750000   data required time
---------------------------------------------------------------------------------------------
                                             -4.750000   data required time
                                             -1.018222   data arrival time
---------------------------------------------------------------------------------------------
                                              5.768222   slack (MET)


Startpoint: _15_ (rising edge-triggered flip-flop clocked by clk)
Endpoint: result[0] (output port clocked by clk)
Path Group: clk
Path Type: min

Fanout         Cap        Slew       Delay        Time   Description
---------------------------------------------------------------------------------------------
                                  0.000000    0.000000   clock clk (rise edge)
                                  0.000000    0.000000   clock source latency
     1    0.010798    0.054980    0.036641    0.036641 ^ clk (in)
                                                         clk (net)
                      0.054981    0.000000    0.036641 ^ clkbuf_0_clk/A (sky130_fd_sc_hd__clkbuf_16)
     2    0.018371    0.040459    0.127346    0.163987 ^ clkbuf_0_clk/X (sky130_fd_sc_hd__clkbuf_16)
                                                         clknet_0_clk (net)
                      0.040462    0.000610    0.164597 ^ clkbuf_1_1__f_clk/A (sky130_fd_sc_hd__clkbuf_16)
     1    0.002757    0.026661    0.106191    0.270788 ^ clkbuf_1_1__f_clk/X (sky130_fd_sc_hd__clkbuf_16)
                                                         clknet_1_1__leaf_clk (net)
                      0.026661    0.000065    0.270853 ^ _15_/CLK (sky130_fd_sc_hd__dfrtp_2)
     5    0.018708    0.105163    0.388801    0.659654 ^ _15_/Q (sky130_fd_sc_hd__dfrtp_2)
                                                         controller_inst.pstate[1] (net)
                      0.105165    0.000653    0.660307 ^ _04_/A (sky130_fd_sc_hd__xnor2_1)
     2    0.005879    0.055734    0.098552    0.758859 v _04_/Y (sky130_fd_sc_hd__xnor2_1)
                                                         net5 (net)
                      0.055734    0.000108    0.758967 v _18_/A (sky130_fd_sc_hd__clkbuf_1)
     1    0.002008    0.022528    0.087733    0.846700 v _18_/X (sky130_fd_sc_hd__clkbuf_1)
                                                         net2 (net)
                      0.022528    0.000042    0.846742 v output2/A (sky130_fd_sc_hd__buf_2)
     1    0.034469    0.090213    0.170601    1.017343 v output2/X (sky130_fd_sc_hd__buf_2)
                                                         result[0] (net)
                      0.090222    0.000917    1.018260 v result[0] (out)
                                              1.018260   data arrival time

                                  0.000000    0.000000   clock clk (rise edge)
                                  0.000000    0.000000   clock network delay (propagated)
                                  0.250000    0.250000   clock uncertainty
                                  0.000000    0.250000   clock reconvergence pessimism
                                 -5.000000   -4.750000   output external delay
                                             -4.750000   data required time
---------------------------------------------------------------------------------------------
                                             -4.750000   data required time
                                             -1.018260   data arrival time
---------------------------------------------------------------------------------------------
                                              5.768260   slack (MET)


Startpoint: _14_ (rising edge-triggered flip-flop clocked by clk)
Endpoint: result[2] (output port clocked by clk)
Path Group: clk
Path Type: min

Fanout         Cap        Slew       Delay        Time   Description
---------------------------------------------------------------------------------------------
                                  0.000000    0.000000   clock clk (rise edge)
                                  0.000000    0.000000   clock source latency
     1    0.010798    0.054980    0.036641    0.036641 ^ clk (in)
                                                         clk (net)
                      0.054981    0.000000    0.036641 ^ clkbuf_0_clk/A (sky130_fd_sc_hd__clkbuf_16)
     2    0.018371    0.040459    0.127346    0.163987 ^ clkbuf_0_clk/X (sky130_fd_sc_hd__clkbuf_16)
                                                         clknet_0_clk (net)
                      0.040462    0.000618    0.164605 ^ clkbuf_1_0__f_clk/A (sky130_fd_sc_hd__clkbuf_16)
     1    0.003859    0.027707    0.107506    0.272111 ^ clkbuf_1_0__f_clk/X (sky130_fd_sc_hd__clkbuf_16)
                                                         clknet_1_0__leaf_clk (net)
                      0.027707    0.000137    0.272249 ^ _14_/CLK (sky130_fd_sc_hd__dfrtp_4)
     5    0.018778    0.086586    0.425264    0.697513 ^ _14_/Q (sky130_fd_sc_hd__dfrtp_4)
                                                         controller_inst.pstate[0] (net)
                      0.086586    0.000538    0.698051 ^ _07_/B (sky130_fd_sc_hd__nand2b_1)
     1    0.003165    0.040123    0.062568    0.760618 v _07_/Y (sky130_fd_sc_hd__nand2b_1)
                                                         _03_ (net)
                      0.040123    0.000079    0.760697 v _08_/A (sky130_fd_sc_hd__clkbuf_1)
     1    0.002786    0.026506    0.085106    0.845804 v _08_/X (sky130_fd_sc_hd__clkbuf_1)
                                                         net4 (net)
                      0.026506    0.000091    0.845895 v output4/A (sky130_fd_sc_hd__buf_2)
     1    0.034193    0.089631    0.171730    1.017624 v output4/X (sky130_fd_sc_hd__buf_2)
                                                         result[2] (net)
                      0.089642    0.000988    1.018612 v result[2] (out)
                                              1.018612   data arrival time

                                  0.000000    0.000000   clock clk (rise edge)
                                  0.000000    0.000000   clock network delay (propagated)
                                  0.250000    0.250000   clock uncertainty
                                  0.000000    0.250000   clock reconvergence pessimism
                                 -5.000000   -4.750000   output external delay
                                             -4.750000   data required time
---------------------------------------------------------------------------------------------
                                             -4.750000   data required time
                                             -1.018612   data arrival time
---------------------------------------------------------------------------------------------
                                              5.768612   slack (MET)


Startpoint: _15_ (rising edge-triggered flip-flop clocked by clk)
Endpoint: result[1] (output port clocked by clk)
Path Group: clk
Path Type: min

Fanout         Cap        Slew       Delay        Time   Description
---------------------------------------------------------------------------------------------
                                  0.000000    0.000000   clock clk (rise edge)
                                  0.000000    0.000000   clock source latency
     1    0.010798    0.054980    0.036641    0.036641 ^ clk (in)
                                                         clk (net)
                      0.054981    0.000000    0.036641 ^ clkbuf_0_clk/A (sky130_fd_sc_hd__clkbuf_16)
     2    0.018371    0.040459    0.127346    0.163987 ^ clkbuf_0_clk/X (sky130_fd_sc_hd__clkbuf_16)
                                                         clknet_0_clk (net)
                      0.040462    0.000610    0.164597 ^ clkbuf_1_1__f_clk/A (sky130_fd_sc_hd__clkbuf_16)
     1    0.002757    0.026661    0.106191    0.270788 ^ clkbuf_1_1__f_clk/X (sky130_fd_sc_hd__clkbuf_16)
                                                         clknet_1_1__leaf_clk (net)
                      0.026661    0.000065    0.270853 ^ _15_/CLK (sky130_fd_sc_hd__dfrtp_2)
     5    0.018708    0.105163    0.388801    0.659654 ^ _15_/Q (sky130_fd_sc_hd__dfrtp_2)
                                                         controller_inst.pstate[1] (net)
                      0.105165    0.000675    0.660329 ^ _05_/B (sky130_fd_sc_hd__nand2b_1)
     1    0.004148    0.048033    0.072959    0.733288 v _05_/Y (sky130_fd_sc_hd__nand2b_1)
                                                         _02_ (net)
                      0.048033    0.000158    0.733446 v _06_/A (sky130_fd_sc_hd__clkbuf_1)
     2    0.006035    0.043599    0.103968    0.837414 v _06_/X (sky130_fd_sc_hd__clkbuf_1)
                                                         net6 (net)
                      0.043599    0.000103    0.837517 v _19_/A (sky130_fd_sc_hd__clkbuf_1)
     1    0.002157    0.023254    0.083195    0.920712 v _19_/X (sky130_fd_sc_hd__clkbuf_1)
                                                         net3 (net)
                      0.023254    0.000046    0.920758 v output3/A (sky130_fd_sc_hd__buf_2)
     1    0.035201    0.091890    0.172080    1.092838 v output3/X (sky130_fd_sc_hd__buf_2)
                                                         result[1] (net)
                      0.091906    0.001159    1.093997 v result[1] (out)
                                              1.093997   data arrival time

                                  0.000000    0.000000   clock clk (rise edge)
                                  0.000000    0.000000   clock network delay (propagated)
                                  0.250000    0.250000   clock uncertainty
                                  0.000000    0.250000   clock reconvergence pessimism
                                 -5.000000   -4.750000   output external delay
                                             -4.750000   data required time
---------------------------------------------------------------------------------------------
                                             -4.750000   data required time
                                             -1.093997   data arrival time
---------------------------------------------------------------------------------------------
                                              5.843997   slack (MET)



%OL_END_REPORT
%OL_CREATE_REPORT max.rpt

===========================================================================
report_checks -path_delay max (Setup)
============================================================================
======================= nom_tt_025C_1v80 Corner ===================================

Startpoint: _14_ (rising edge-triggered flip-flop clocked by clk)
Endpoint: result[1] (output port clocked by clk)
Path Group: clk
Path Type: max

Fanout         Cap        Slew       Delay        Time   Description
---------------------------------------------------------------------------------------------
                                  0.000000    0.000000   clock clk (rise edge)
                                  0.000000    0.000000   clock source latency
     1    0.010798    0.054980    0.036641    0.036641 ^ clk (in)
                                                         clk (net)
                      0.054981    0.000000    0.036641 ^ clkbuf_0_clk/A (sky130_fd_sc_hd__clkbuf_16)
     2    0.018371    0.040459    0.127346    0.163987 ^ clkbuf_0_clk/X (sky130_fd_sc_hd__clkbuf_16)
                                                         clknet_0_clk (net)
                      0.040462    0.000618    0.164605 ^ clkbuf_1_0__f_clk/A (sky130_fd_sc_hd__clkbuf_16)
     1    0.003859    0.027707    0.107506    0.272111 ^ clkbuf_1_0__f_clk/X (sky130_fd_sc_hd__clkbuf_16)
                                                         clknet_1_0__leaf_clk (net)
                      0.027707    0.000137    0.272249 ^ _14_/CLK (sky130_fd_sc_hd__dfrtp_4)
     5    0.017932    0.078166    0.488597    0.760846 v _14_/Q (sky130_fd_sc_hd__dfrtp_4)
                                                         controller_inst.pstate[0] (net)
                      0.078465    0.000459    0.761304 v _05_/A_N (sky130_fd_sc_hd__nand2b_1)
     1    0.004148    0.049871    0.158972    0.920276 v _05_/Y (sky130_fd_sc_hd__nand2b_1)
                                                         _02_ (net)
                      0.049871    0.000158    0.920434 v _06_/A (sky130_fd_sc_hd__clkbuf_1)
     2    0.006035    0.043602    0.104780    1.025214 v _06_/X (sky130_fd_sc_hd__clkbuf_1)
                                                         net6 (net)
                      0.043602    0.000103    1.025317 v _19_/A (sky130_fd_sc_hd__clkbuf_1)
     1    0.002157    0.023254    0.083196    1.108513 v _19_/X (sky130_fd_sc_hd__clkbuf_1)
                                                         net3 (net)
                      0.023254    0.000046    1.108559 v output3/A (sky130_fd_sc_hd__buf_2)
     1    0.035201    0.091890    0.172080    1.280639 v output3/X (sky130_fd_sc_hd__buf_2)
                                                         result[1] (net)
                      0.091906    0.001159    1.281798 v result[1] (out)
                                              1.281798   data arrival time

                                 25.000000   25.000000   clock clk (rise edge)
                                  0.000000   25.000000   clock network delay (propagated)
                                 -0.250000   24.750000   clock uncertainty
                                  0.000000   24.750000   clock reconvergence pessimism
                                 -5.000000   19.750000   output external delay
                                             19.750000   data required time
---------------------------------------------------------------------------------------------
                                             19.750000   data required time
                                             -1.281798   data arrival time
---------------------------------------------------------------------------------------------
                                             18.468203   slack (MET)


Startpoint: _14_ (rising edge-triggered flip-flop clocked by clk)
Endpoint: result[0] (output port clocked by clk)
Path Group: clk
Path Type: max

Fanout         Cap        Slew       Delay        Time   Description
---------------------------------------------------------------------------------------------
                                  0.000000    0.000000   clock clk (rise edge)
                                  0.000000    0.000000   clock source latency
     1    0.010798    0.054980    0.036641    0.036641 ^ clk (in)
                                                         clk (net)
                      0.054981    0.000000    0.036641 ^ clkbuf_0_clk/A (sky130_fd_sc_hd__clkbuf_16)
     2    0.018371    0.040459    0.127346    0.163987 ^ clkbuf_0_clk/X (sky130_fd_sc_hd__clkbuf_16)
                                                         clknet_0_clk (net)
                      0.040462    0.000618    0.164605 ^ clkbuf_1_0__f_clk/A (sky130_fd_sc_hd__clkbuf_16)
     1    0.003859    0.027707    0.107506    0.272111 ^ clkbuf_1_0__f_clk/X (sky130_fd_sc_hd__clkbuf_16)
                                                         clknet_1_0__leaf_clk (net)
                      0.027707    0.000137    0.272249 ^ _14_/CLK (sky130_fd_sc_hd__dfrtp_4)
     5    0.017932    0.078166    0.488597    0.760846 v _14_/Q (sky130_fd_sc_hd__dfrtp_4)
                                                         controller_inst.pstate[0] (net)
                      0.078464    0.000551    0.761396 v _04_/B (sky130_fd_sc_hd__xnor2_1)
     2    0.006215    0.181095    0.191219    0.952615 ^ _04_/Y (sky130_fd_sc_hd__xnor2_1)
                                                         net5 (net)
                      0.181095    0.000115    0.952730 ^ _18_/A (sky130_fd_sc_hd__clkbuf_1)
     1    0.002168    0.039025    0.104696    1.057426 ^ _18_/X (sky130_fd_sc_hd__clkbuf_1)
                                                         net2 (net)
                      0.039025    0.000045    1.057472 ^ output2/A (sky130_fd_sc_hd__buf_2)
     1    0.034469    0.171138    0.196165    1.253636 ^ output2/X (sky130_fd_sc_hd__buf_2)
                                                         result[0] (net)
                      0.171193    0.000918    1.254554 ^ result[0] (out)
                                              1.254554   data arrival time

                                 25.000000   25.000000   clock clk (rise edge)
                                  0.000000   25.000000   clock network delay (propagated)
                                 -0.250000   24.750000   clock uncertainty
                                  0.000000   24.750000   clock reconvergence pessimism
                                 -5.000000   19.750000   output external delay
                                             19.750000   data required time
---------------------------------------------------------------------------------------------
                                             19.750000   data required time
                                             -1.254554   data arrival time
---------------------------------------------------------------------------------------------
                                             18.495445   slack (MET)


Startpoint: _14_ (rising edge-triggered flip-flop clocked by clk)
Endpoint: result[5] (output port clocked by clk)
Path Group: clk
Path Type: max

Fanout         Cap        Slew       Delay        Time   Description
---------------------------------------------------------------------------------------------
                                  0.000000    0.000000   clock clk (rise edge)
                                  0.000000    0.000000   clock source latency
     1    0.010798    0.054980    0.036641    0.036641 ^ clk (in)
                                                         clk (net)
                      0.054981    0.000000    0.036641 ^ clkbuf_0_clk/A (sky130_fd_sc_hd__clkbuf_16)
     2    0.018371    0.040459    0.127346    0.163987 ^ clkbuf_0_clk/X (sky130_fd_sc_hd__clkbuf_16)
                                                         clknet_0_clk (net)
                      0.040462    0.000618    0.164605 ^ clkbuf_1_0__f_clk/A (sky130_fd_sc_hd__clkbuf_16)
     1    0.003859    0.027707    0.107506    0.272111 ^ clkbuf_1_0__f_clk/X (sky130_fd_sc_hd__clkbuf_16)
                                                         clknet_1_0__leaf_clk (net)
                      0.027707    0.000137    0.272249 ^ _14_/CLK (sky130_fd_sc_hd__dfrtp_4)
     5    0.017932    0.078166    0.488597    0.760846 v _14_/Q (sky130_fd_sc_hd__dfrtp_4)
                                                         controller_inst.pstate[0] (net)
                      0.078465    0.000459    0.761304 v _05_/A_N (sky130_fd_sc_hd__nand2b_1)
     1    0.004148    0.049871    0.158972    0.920276 v _05_/Y (sky130_fd_sc_hd__nand2b_1)
                                                         _02_ (net)
                      0.049871    0.000158    0.920434 v _06_/A (sky130_fd_sc_hd__clkbuf_1)
     2    0.006035    0.043602    0.104780    1.025214 v _06_/X (sky130_fd_sc_hd__clkbuf_1)
                                                         net6 (net)
                      0.043602    0.000144    1.025358 v output6/A (sky130_fd_sc_hd__buf_2)
     1    0.034517    0.090162    0.179780    1.205138 v output6/X (sky130_fd_sc_hd__buf_2)
                                                         result[5] (net)
                      0.090170    0.000886    1.206023 v result[5] (out)
                                              1.206023   data arrival time

                                 25.000000   25.000000   clock clk (rise edge)
                                  0.000000   25.000000   clock network delay (propagated)
                                 -0.250000   24.750000   clock uncertainty
                                  0.000000   24.750000   clock reconvergence pessimism
                                 -5.000000   19.750000   output external delay
                                             19.750000   data required time
---------------------------------------------------------------------------------------------
                                             19.750000   data required time
                                             -1.206023   data arrival time
---------------------------------------------------------------------------------------------
                                             18.543976   slack (MET)


Startpoint: _14_ (rising edge-triggered flip-flop clocked by clk)
Endpoint: result[4] (output port clocked by clk)
Path Group: clk
Path Type: max

Fanout         Cap        Slew       Delay        Time   Description
---------------------------------------------------------------------------------------------
                                  0.000000    0.000000   clock clk (rise edge)
                                  0.000000    0.000000   clock source latency
     1    0.010798    0.054980    0.036641    0.036641 ^ clk (in)
                                                         clk (net)
                      0.054981    0.000000    0.036641 ^ clkbuf_0_clk/A (sky130_fd_sc_hd__clkbuf_16)
     2    0.018371    0.040459    0.127346    0.163987 ^ clkbuf_0_clk/X (sky130_fd_sc_hd__clkbuf_16)
                                                         clknet_0_clk (net)
                      0.040462    0.000618    0.164605 ^ clkbuf_1_0__f_clk/A (sky130_fd_sc_hd__clkbuf_16)
     1    0.003859    0.027707    0.107506    0.272111 ^ clkbuf_1_0__f_clk/X (sky130_fd_sc_hd__clkbuf_16)
                                                         clknet_1_0__leaf_clk (net)
                      0.027707    0.000137    0.272249 ^ _14_/CLK (sky130_fd_sc_hd__dfrtp_4)
     5    0.017932    0.078166    0.488597    0.760846 v _14_/Q (sky130_fd_sc_hd__dfrtp_4)
                                                         controller_inst.pstate[0] (net)
                      0.078464    0.000551    0.761396 v _04_/B (sky130_fd_sc_hd__xnor2_1)
     2    0.006215    0.181095    0.191219    0.952615 ^ _04_/Y (sky130_fd_sc_hd__xnor2_1)
                                                         net5 (net)
                      0.181095    0.000180    0.952795 ^ output5/A (sky130_fd_sc_hd__buf_2)
     1    0.034500    0.171806    0.243061    1.195855 ^ output5/X (sky130_fd_sc_hd__buf_2)
                                                         result[4] (net)
                      0.171808    0.000944    1.196800 ^ result[4] (out)
                                              1.196800   data arrival time

                                 25.000000   25.000000   clock clk (rise edge)
                                  0.000000   25.000000   clock network delay (propagated)
                                 -0.250000   24.750000   clock uncertainty
                                  0.000000   24.750000   clock reconvergence pessimism
                                 -5.000000   19.750000   output external delay
                                             19.750000   data required time
---------------------------------------------------------------------------------------------
                                             19.750000   data required time
                                             -1.196800   data arrival time
---------------------------------------------------------------------------------------------
                                             18.553200   slack (MET)


Startpoint: _14_ (rising edge-triggered flip-flop clocked by clk)
Endpoint: result[2] (output port clocked by clk)
Path Group: clk
Path Type: max

Fanout         Cap        Slew       Delay        Time   Description
---------------------------------------------------------------------------------------------
                                  0.000000    0.000000   clock clk (rise edge)
                                  0.000000    0.000000   clock source latency
     1    0.010798    0.054980    0.036641    0.036641 ^ clk (in)
                                                         clk (net)
                      0.054981    0.000000    0.036641 ^ clkbuf_0_clk/A (sky130_fd_sc_hd__clkbuf_16)
     2    0.018371    0.040459    0.127346    0.163987 ^ clkbuf_0_clk/X (sky130_fd_sc_hd__clkbuf_16)
                                                         clknet_0_clk (net)
                      0.040462    0.000618    0.164605 ^ clkbuf_1_0__f_clk/A (sky130_fd_sc_hd__clkbuf_16)
     1    0.003859    0.027707    0.107506    0.272111 ^ clkbuf_1_0__f_clk/X (sky130_fd_sc_hd__clkbuf_16)
                                                         clknet_1_0__leaf_clk (net)
                      0.027707    0.000137    0.272249 ^ _14_/CLK (sky130_fd_sc_hd__dfrtp_4)
     5    0.017932    0.078166    0.488597    0.760846 v _14_/Q (sky130_fd_sc_hd__dfrtp_4)
                                                         controller_inst.pstate[0] (net)
                      0.078465    0.000513    0.761358 v _07_/B (sky130_fd_sc_hd__nand2b_1)
     1    0.003341    0.055857    0.083316    0.844674 ^ _07_/Y (sky130_fd_sc_hd__nand2b_1)
                                                         _03_ (net)
                      0.055857    0.000084    0.844758 ^ _08_/A (sky130_fd_sc_hd__clkbuf_1)
     1    0.002946    0.045645    0.085234    0.929992 ^ _08_/X (sky130_fd_sc_hd__clkbuf_1)
                                                         net4 (net)
                      0.045645    0.000097    0.930089 ^ output4/A (sky130_fd_sc_hd__buf_2)
     1    0.034193    0.169850    0.197739    1.127828 ^ output4/X (sky130_fd_sc_hd__buf_2)
                                                         result[2] (net)
                      0.169906    0.000988    1.128816 ^ result[2] (out)
                                              1.128816   data arrival time

                                 25.000000   25.000000   clock clk (rise edge)
                                  0.000000   25.000000   clock network delay (propagated)
                                 -0.250000   24.750000   clock uncertainty
                                  0.000000   24.750000   clock reconvergence pessimism
                                 -5.000000   19.750000   output external delay
                                             19.750000   data required time
---------------------------------------------------------------------------------------------
                                             19.750000   data required time
                                             -1.128816   data arrival time
---------------------------------------------------------------------------------------------
                                             18.621183   slack (MET)


Startpoint: _14_ (rising edge-triggered flip-flop clocked by clk)
Endpoint: result[6] (output port clocked by clk)
Path Group: clk
Path Type: max

Fanout         Cap        Slew       Delay        Time   Description
---------------------------------------------------------------------------------------------
                                  0.000000    0.000000   clock clk (rise edge)
                                  0.000000    0.000000   clock source latency
     1    0.010798    0.054980    0.036641    0.036641 ^ clk (in)
                                                         clk (net)
                      0.054981    0.000000    0.036641 ^ clkbuf_0_clk/A (sky130_fd_sc_hd__clkbuf_16)
     2    0.018371    0.040459    0.127346    0.163987 ^ clkbuf_0_clk/X (sky130_fd_sc_hd__clkbuf_16)
                                                         clknet_0_clk (net)
                      0.040462    0.000618    0.164605 ^ clkbuf_1_0__f_clk/A (sky130_fd_sc_hd__clkbuf_16)
     1    0.003859    0.027707    0.107506    0.272111 ^ clkbuf_1_0__f_clk/X (sky130_fd_sc_hd__clkbuf_16)
                                                         clknet_1_0__leaf_clk (net)
                      0.027707    0.000137    0.272249 ^ _14_/CLK (sky130_fd_sc_hd__dfrtp_4)
     5    0.017932    0.078166    0.488597    0.760846 v _14_/Q (sky130_fd_sc_hd__dfrtp_4)
                                                         controller_inst.pstate[0] (net)
                      0.078465    0.000497    0.761343 v _09_/B (sky130_fd_sc_hd__xnor2_1)
     1    0.002583    0.111623    0.135753    0.897096 ^ _09_/Y (sky130_fd_sc_hd__xnor2_1)
                                                         net7 (net)
                      0.111623    0.000060    0.897155 ^ output7/A (sky130_fd_sc_hd__buf_2)
     1    0.034811    0.173140    0.224185    1.121340 ^ output7/X (sky130_fd_sc_hd__buf_2)
                                                         result[6] (net)
                      0.173144    0.001027    1.122366 ^ result[6] (out)
                                              1.122366   data arrival time

                                 25.000000   25.000000   clock clk (rise edge)
                                  0.000000   25.000000   clock network delay (propagated)
                                 -0.250000   24.750000   clock uncertainty
                                  0.000000   24.750000   clock reconvergence pessimism
                                 -5.000000   19.750000   output external delay
                                             19.750000   data required time
---------------------------------------------------------------------------------------------
                                             19.750000   data required time
                                             -1.122366   data arrival time
---------------------------------------------------------------------------------------------
                                             18.627634   slack (MET)


Startpoint: reset (input port clocked by clk)
Endpoint: _15_ (recovery check against rising-edge clock clk)
Path Group: asynchronous
Path Type: max

Fanout         Cap        Slew       Delay        Time   Description
---------------------------------------------------------------------------------------------
                                  0.000000    0.000000   clock clk (rise edge)
                                  0.000000    0.000000   clock network delay (propagated)
                                  5.000000    5.000000 v input external delay
     1    0.003449    0.010141    0.005543    5.005543 v reset (in)
                                                         reset (net)
                      0.010146    0.000000    5.005543 v input1/A (sky130_fd_sc_hd__buf_1)
     2    0.010352    0.066408    0.106903    5.112446 v input1/X (sky130_fd_sc_hd__buf_1)
                                                         net1 (net)
                      0.066408    0.000274    5.112720 v _13_/A (sky130_fd_sc_hd__inv_2)
     1    0.005085    0.034438    0.056547    5.169267 ^ _13_/Y (sky130_fd_sc_hd__inv_2)
                                                         _01_ (net)
                      0.034439    0.000156    5.169423 ^ _15_/RESET_B (sky130_fd_sc_hd__dfrtp_2)
                                              5.169423   data arrival time

                                 25.000000   25.000000   clock clk (rise edge)
                                  0.000000   25.000000   clock source latency
     1    0.010798    0.054980    0.036641   25.036640 ^ clk (in)
                                                         clk (net)
                      0.054981    0.000000   25.036640 ^ clkbuf_0_clk/A (sky130_fd_sc_hd__clkbuf_16)
     2    0.018371    0.040459    0.127347   25.163988 ^ clkbuf_0_clk/X (sky130_fd_sc_hd__clkbuf_16)
                                                         clknet_0_clk (net)
                      0.040462    0.000609   25.164597 ^ clkbuf_1_1__f_clk/A (sky130_fd_sc_hd__clkbuf_16)
     1    0.002757    0.026661    0.106191   25.270786 ^ clkbuf_1_1__f_clk/X (sky130_fd_sc_hd__clkbuf_16)
                                                         clknet_1_1__leaf_clk (net)
                      0.026661    0.000066   25.270853 ^ _15_/CLK (sky130_fd_sc_hd__dfrtp_2)
                                 -0.250000   25.020853   clock uncertainty
                                  0.000000   25.020853   clock reconvergence pessimism
                                  0.216716   25.237572   library recovery time
                                             25.237572   data required time
---------------------------------------------------------------------------------------------
                                             25.237572   data required time
                                             -5.169423   data arrival time
---------------------------------------------------------------------------------------------
                                             20.068148   slack (MET)


Startpoint: reset (input port clocked by clk)
Endpoint: _14_ (recovery check against rising-edge clock clk)
Path Group: asynchronous
Path Type: max

Fanout         Cap        Slew       Delay        Time   Description
---------------------------------------------------------------------------------------------
                                  0.000000    0.000000   clock clk (rise edge)
                                  0.000000    0.000000   clock network delay (propagated)
                                  5.000000    5.000000 v input external delay
     1    0.003449    0.010141    0.005543    5.005543 v reset (in)
                                                         reset (net)
                      0.010146    0.000000    5.005543 v input1/A (sky130_fd_sc_hd__buf_1)
     2    0.010352    0.066408    0.106903    5.112446 v input1/X (sky130_fd_sc_hd__buf_1)
                                                         net1 (net)
                      0.066408    0.000268    5.112713 v _12_/A (sky130_fd_sc_hd__inv_2)
     1    0.004784    0.033321    0.055573    5.168286 ^ _12_/Y (sky130_fd_sc_hd__inv_2)
                                                         _00_ (net)
                      0.033321    0.000135    5.168421 ^ _14_/RESET_B (sky130_fd_sc_hd__dfrtp_4)
                                              5.168421   data arrival time

                                 25.000000   25.000000   clock clk (rise edge)
                                  0.000000   25.000000   clock source latency
     1    0.010798    0.054980    0.036641   25.036640 ^ clk (in)
                                                         clk (net)
                      0.054981    0.000000   25.036640 ^ clkbuf_0_clk/A (sky130_fd_sc_hd__clkbuf_16)
     2    0.018371    0.040459    0.127347   25.163988 ^ clkbuf_0_clk/X (sky130_fd_sc_hd__clkbuf_16)
                                                         clknet_0_clk (net)
                      0.040462    0.000618   25.164606 ^ clkbuf_1_0__f_clk/A (sky130_fd_sc_hd__clkbuf_16)
     1    0.003859    0.027707    0.107505   25.272110 ^ clkbuf_1_0__f_clk/X (sky130_fd_sc_hd__clkbuf_16)
                                                         clknet_1_0__leaf_clk (net)
                      0.027707    0.000137   25.272247 ^ _14_/CLK (sky130_fd_sc_hd__dfrtp_4)
                                 -0.250000   25.022247   clock uncertainty
                                  0.000000   25.022247   clock reconvergence pessimism
                                  0.215612   25.237860   library recovery time
                                             25.237860   data required time
---------------------------------------------------------------------------------------------
                                             25.237860   data required time
                                             -5.168421   data arrival time
---------------------------------------------------------------------------------------------
                                             20.069441   slack (MET)


Startpoint: _14_ (rising edge-triggered flip-flop clocked by clk)
Endpoint: _15_ (rising edge-triggered flip-flop clocked by clk)
Path Group: clk
Path Type: max

Fanout         Cap        Slew       Delay        Time   Description
---------------------------------------------------------------------------------------------
                                  0.000000    0.000000   clock clk (rise edge)
                                  0.000000    0.000000   clock source latency
     1    0.010798    0.054980    0.036641    0.036641 ^ clk (in)
                                                         clk (net)
                      0.054981    0.000000    0.036641 ^ clkbuf_0_clk/A (sky130_fd_sc_hd__clkbuf_16)
     2    0.018371    0.040459    0.127346    0.163987 ^ clkbuf_0_clk/X (sky130_fd_sc_hd__clkbuf_16)
                                                         clknet_0_clk (net)
                      0.040462    0.000618    0.164605 ^ clkbuf_1_0__f_clk/A (sky130_fd_sc_hd__clkbuf_16)
     1    0.003859    0.027707    0.107506    0.272111 ^ clkbuf_1_0__f_clk/X (sky130_fd_sc_hd__clkbuf_16)
                                                         clknet_1_0__leaf_clk (net)
                      0.027707    0.000137    0.272249 ^ _14_/CLK (sky130_fd_sc_hd__dfrtp_4)
     5    0.017932    0.078166    0.488597    0.760846 v _14_/Q (sky130_fd_sc_hd__dfrtp_4)
                                                         controller_inst.pstate[0] (net)
                      0.078466    0.000251    0.761097 v hold1/A (sky130_fd_sc_hd__dlygate4sd3_1)
     2    0.010900    0.090680    0.613087    1.374183 v hold1/X (sky130_fd_sc_hd__dlygate4sd3_1)
                                                         net10 (net)
                      0.090680    0.000305    1.374489 v _11_/B (sky130_fd_sc_hd__xor2_1)
     1    0.003107    0.055945    0.154723    1.529212 v _11_/X (sky130_fd_sc_hd__xor2_1)
                                                         controller_inst.nstate[1] (net)
                      0.055945    0.000079    1.529290 v _15_/D (sky130_fd_sc_hd__dfrtp_2)
                                              1.529290   data arrival time

                                 25.000000   25.000000   clock clk (rise edge)
                                  0.000000   25.000000   clock source latency
     1    0.010798    0.054980    0.036641   25.036640 ^ clk (in)
                                                         clk (net)
                      0.054981    0.000000   25.036640 ^ clkbuf_0_clk/A (sky130_fd_sc_hd__clkbuf_16)
     2    0.018371    0.040459    0.127347   25.163988 ^ clkbuf_0_clk/X (sky130_fd_sc_hd__clkbuf_16)
                                                         clknet_0_clk (net)
                      0.040462    0.000609   25.164597 ^ clkbuf_1_1__f_clk/A (sky130_fd_sc_hd__clkbuf_16)
     1    0.002757    0.026661    0.106191   25.270786 ^ clkbuf_1_1__f_clk/X (sky130_fd_sc_hd__clkbuf_16)
                                                         clknet_1_1__leaf_clk (net)
                      0.026661    0.000066   25.270853 ^ _15_/CLK (sky130_fd_sc_hd__dfrtp_2)
                                 -0.250000   25.020853   clock uncertainty
                                  0.000000   25.020853   clock reconvergence pessimism
                                 -0.124544   24.896309   library setup time
                                             24.896309   data required time
---------------------------------------------------------------------------------------------
                                             24.896309   data required time
                                             -1.529290   data arrival time
---------------------------------------------------------------------------------------------
                                             23.367020   slack (MET)


Startpoint: _14_ (rising edge-triggered flip-flop clocked by clk)
Endpoint: _14_ (rising edge-triggered flip-flop clocked by clk)
Path Group: clk
Path Type: max

Fanout         Cap        Slew       Delay        Time   Description
---------------------------------------------------------------------------------------------
                                  0.000000    0.000000   clock clk (rise edge)
                                  0.000000    0.000000   clock source latency
     1    0.010798    0.054980    0.036641    0.036641 ^ clk (in)
                                                         clk (net)
                      0.054981    0.000000    0.036641 ^ clkbuf_0_clk/A (sky130_fd_sc_hd__clkbuf_16)
     2    0.018371    0.040459    0.127346    0.163987 ^ clkbuf_0_clk/X (sky130_fd_sc_hd__clkbuf_16)
                                                         clknet_0_clk (net)
                      0.040462    0.000618    0.164605 ^ clkbuf_1_0__f_clk/A (sky130_fd_sc_hd__clkbuf_16)
     1    0.003859    0.027707    0.107506    0.272111 ^ clkbuf_1_0__f_clk/X (sky130_fd_sc_hd__clkbuf_16)
                                                         clknet_1_0__leaf_clk (net)
                      0.027707    0.000137    0.272249 ^ _14_/CLK (sky130_fd_sc_hd__dfrtp_4)
     5    0.017932    0.078166    0.488597    0.760846 v _14_/Q (sky130_fd_sc_hd__dfrtp_4)
                                                         controller_inst.pstate[0] (net)
                      0.078466    0.000251    0.761097 v hold1/A (sky130_fd_sc_hd__dlygate4sd3_1)
     2    0.010900    0.090680    0.613087    1.374183 v hold1/X (sky130_fd_sc_hd__dlygate4sd3_1)
                                                         net10 (net)
                      0.090680    0.000277    1.374461 v _10_/A (sky130_fd_sc_hd__inv_2)
     1    0.003314    0.033220    0.058084    1.432545 ^ _10_/Y (sky130_fd_sc_hd__inv_2)
                                                         controller_inst.nstate[0] (net)
                      0.033220    0.000086    1.432631 ^ _14_/D (sky130_fd_sc_hd__dfrtp_4)
                                              1.432631   data arrival time

                                 25.000000   25.000000   clock clk (rise edge)
                                  0.000000   25.000000   clock source latency
     1    0.010798    0.054980    0.036641   25.036640 ^ clk (in)
                                                         clk (net)
                      0.054981    0.000000   25.036640 ^ clkbuf_0_clk/A (sky130_fd_sc_hd__clkbuf_16)
     2    0.018371    0.040459    0.127347   25.163988 ^ clkbuf_0_clk/X (sky130_fd_sc_hd__clkbuf_16)
                                                         clknet_0_clk (net)
                      0.040462    0.000618   25.164606 ^ clkbuf_1_0__f_clk/A (sky130_fd_sc_hd__clkbuf_16)
     1    0.003859    0.027707    0.107505   25.272110 ^ clkbuf_1_0__f_clk/X (sky130_fd_sc_hd__clkbuf_16)
                                                         clknet_1_0__leaf_clk (net)
                      0.027707    0.000137   25.272247 ^ _14_/CLK (sky130_fd_sc_hd__dfrtp_4)
                                 -0.250000   25.022247   clock uncertainty
                                  0.000000   25.022247   clock reconvergence pessimism
                                 -0.063370   24.958878   library setup time
                                             24.958878   data required time
---------------------------------------------------------------------------------------------
                                             24.958878   data required time
                                             -1.432631   data arrival time
---------------------------------------------------------------------------------------------
                                             23.526249   slack (MET)



%OL_END_REPORT
%OL_CREATE_REPORT checks.rpt

===========================================================================
report_checks -unconstrained
===========================================================================
======================= nom_tt_025C_1v80 Corner ===================================

Startpoint: reset (input port clocked by clk)
Endpoint: _15_ (recovery check against rising-edge clock clk)
Path Group: asynchronous
Path Type: max

Fanout         Cap        Slew       Delay        Time   Description
---------------------------------------------------------------------------------------------
                                  0.000000    0.000000   clock clk (rise edge)
                                  0.000000    0.000000   clock network delay (propagated)
                                  5.000000    5.000000 v input external delay
     1    0.003449    0.010141    0.005543    5.005543 v reset (in)
                                                         reset (net)
                      0.010146    0.000000    5.005543 v input1/A (sky130_fd_sc_hd__buf_1)
     2    0.010352    0.066408    0.106903    5.112446 v input1/X (sky130_fd_sc_hd__buf_1)
                                                         net1 (net)
                      0.066408    0.000274    5.112720 v _13_/A (sky130_fd_sc_hd__inv_2)
     1    0.005085    0.034438    0.056547    5.169267 ^ _13_/Y (sky130_fd_sc_hd__inv_2)
                                                         _01_ (net)
                      0.034439    0.000156    5.169423 ^ _15_/RESET_B (sky130_fd_sc_hd__dfrtp_2)
                                              5.169423   data arrival time

                                 25.000000   25.000000   clock clk (rise edge)
                                  0.000000   25.000000   clock source latency
     1    0.010798    0.054980    0.036641   25.036640 ^ clk (in)
                                                         clk (net)
                      0.054981    0.000000   25.036640 ^ clkbuf_0_clk/A (sky130_fd_sc_hd__clkbuf_16)
     2    0.018371    0.040459    0.127347   25.163988 ^ clkbuf_0_clk/X (sky130_fd_sc_hd__clkbuf_16)
                                                         clknet_0_clk (net)
                      0.040462    0.000609   25.164597 ^ clkbuf_1_1__f_clk/A (sky130_fd_sc_hd__clkbuf_16)
     1    0.002757    0.026661    0.106191   25.270786 ^ clkbuf_1_1__f_clk/X (sky130_fd_sc_hd__clkbuf_16)
                                                         clknet_1_1__leaf_clk (net)
                      0.026661    0.000066   25.270853 ^ _15_/CLK (sky130_fd_sc_hd__dfrtp_2)
                                 -0.250000   25.020853   clock uncertainty
                                  0.000000   25.020853   clock reconvergence pessimism
                                  0.216716   25.237572   library recovery time
                                             25.237572   data required time
---------------------------------------------------------------------------------------------
                                             25.237572   data required time
                                             -5.169423   data arrival time
---------------------------------------------------------------------------------------------
                                             20.068148   slack (MET)


Startpoint: _14_ (rising edge-triggered flip-flop clocked by clk)
Endpoint: result[1] (output port clocked by clk)
Path Group: clk
Path Type: max

Fanout         Cap        Slew       Delay        Time   Description
---------------------------------------------------------------------------------------------
                                  0.000000    0.000000   clock clk (rise edge)
                                  0.000000    0.000000   clock source latency
     1    0.010798    0.054980    0.036641    0.036641 ^ clk (in)
                                                         clk (net)
                      0.054981    0.000000    0.036641 ^ clkbuf_0_clk/A (sky130_fd_sc_hd__clkbuf_16)
     2    0.018371    0.040459    0.127346    0.163987 ^ clkbuf_0_clk/X (sky130_fd_sc_hd__clkbuf_16)
                                                         clknet_0_clk (net)
                      0.040462    0.000618    0.164605 ^ clkbuf_1_0__f_clk/A (sky130_fd_sc_hd__clkbuf_16)
     1    0.003859    0.027707    0.107506    0.272111 ^ clkbuf_1_0__f_clk/X (sky130_fd_sc_hd__clkbuf_16)
                                                         clknet_1_0__leaf_clk (net)
                      0.027707    0.000137    0.272249 ^ _14_/CLK (sky130_fd_sc_hd__dfrtp_4)
     5    0.017932    0.078166    0.488597    0.760846 v _14_/Q (sky130_fd_sc_hd__dfrtp_4)
                                                         controller_inst.pstate[0] (net)
                      0.078465    0.000459    0.761304 v _05_/A_N (sky130_fd_sc_hd__nand2b_1)
     1    0.004148    0.049871    0.158972    0.920276 v _05_/Y (sky130_fd_sc_hd__nand2b_1)
                                                         _02_ (net)
                      0.049871    0.000158    0.920434 v _06_/A (sky130_fd_sc_hd__clkbuf_1)
     2    0.006035    0.043602    0.104780    1.025214 v _06_/X (sky130_fd_sc_hd__clkbuf_1)
                                                         net6 (net)
                      0.043602    0.000103    1.025317 v _19_/A (sky130_fd_sc_hd__clkbuf_1)
     1    0.002157    0.023254    0.083196    1.108513 v _19_/X (sky130_fd_sc_hd__clkbuf_1)
                                                         net3 (net)
                      0.023254    0.000046    1.108559 v output3/A (sky130_fd_sc_hd__buf_2)
     1    0.035201    0.091890    0.172080    1.280639 v output3/X (sky130_fd_sc_hd__buf_2)
                                                         result[1] (net)
                      0.091906    0.001159    1.281798 v result[1] (out)
                                              1.281798   data arrival time

                                 25.000000   25.000000   clock clk (rise edge)
                                  0.000000   25.000000   clock network delay (propagated)
                                 -0.250000   24.750000   clock uncertainty
                                  0.000000   24.750000   clock reconvergence pessimism
                                 -5.000000   19.750000   output external delay
                                             19.750000   data required time
---------------------------------------------------------------------------------------------
                                             19.750000   data required time
                                             -1.281798   data arrival time
---------------------------------------------------------------------------------------------
                                             18.468203   slack (MET)




===========================================================================
report_checks --slack_max -0.01
============================================================================
======================= nom_tt_025C_1v80 Corner ===================================

No paths found.


===========================================================================
 report_check_types -max_slew -max_cap -max_fanout -violators
============================================================================
======================= nom_tt_025C_1v80 Corner ===================================



===========================================================================
report_parasitic_annotation -report_unannotated
============================================================================
Found 2 unannotated drivers.
 top_8/LO
 top_9/LO
Found 0 partially unannotated drivers.

===========================================================================
max slew violation count 0
Writing metric design__max_slew_violation__count__corner:nom_tt_025C_1v80: 0
max fanout violation count 0
Writing metric design__max_fanout_violation__count__corner:nom_tt_025C_1v80: 0
max cap violation count 0
Writing metric design__max_cap_violation__count__corner:nom_tt_025C_1v80: 0
============================================================================

===========================================================================
check_setup -verbose -unconstrained_endpoints -multiple_clock -no_clock -no_input_delay -loops -generated_clocks
===========================================================================
Warning: There are 2 unconstrained endpoints.
  flag_gt_zero
  result[3]
%OL_END_REPORT
%OL_CREATE_REPORT power.rpt

===========================================================================
 report_power
============================================================================
======================= nom_tt_025C_1v80 Corner ===================================

Group                    Internal    Switching      Leakage        Total
                            Power        Power        Power        Power (Watts)
------------------------------------------------------------------------
Sequential           3.263739e-06 0.000000e+00 2.103740e-11 3.263760e-06  12.1%
Combinational        6.401982e-08 1.357735e-07 7.336588e-11 1.998667e-07   0.7%
Clock                2.023918e-05 3.238345e-06 1.017701e-10 2.347762e-05  87.1%
Macro                0.000000e+00 0.000000e+00 0.000000e+00 0.000000e+00   0.0%
Pad                  0.000000e+00 0.000000e+00 0.000000e+00 0.000000e+00   0.0%
------------------------------------------------------------------------
Total                2.356694e-05 3.374118e-06 1.961734e-10 2.694125e-05 100.0%
                            87.5%        12.5%         0.0%
Writing metric power__internal__total: 2.356693585170433e-5
Writing metric power__switching__total: 3.3741184779501054e-6
Writing metric power__leakage__total: 1.9617336921573525e-10
Writing metric power__total: 2.6941250325762667e-5

%OL_END_REPORT
%OL_CREATE_REPORT skew.min.rpt

===========================================================================
Clock Skew (Hold)
============================================================================
Writing metric clock__skew__worst_hold__corner:nom_tt_025C_1v80: -0.25
======================= nom_tt_025C_1v80 Corner ===================================

Clock clk
0.272249 source latency _14_/CLK ^
-0.272249 target latency _14_/CLK ^
-0.250000 clock uncertainty
0.000000 CRPR
--------------
-0.250000 hold skew

%OL_END_REPORT
%OL_CREATE_REPORT skew.max.rpt

===========================================================================
Clock Skew (Setup)
============================================================================
Writing metric clock__skew__worst_setup__corner:nom_tt_025C_1v80: 0.25139543935911707
======================= nom_tt_025C_1v80 Corner ===================================

Clock clk
0.272249 source latency _14_/CLK ^
-0.270853 target latency _15_/CLK ^
0.250000 clock uncertainty
0.000000 CRPR
--------------
0.251395 setup skew

%OL_END_REPORT
%OL_CREATE_REPORT ws.min.rpt

===========================================================================
Worst Slack (Hold)
============================================================================
Writing metric timing__hold__ws__corner:nom_tt_025C_1v80: 0.8244447025096259
nom_tt_025C_1v80: 0.8244447025096259
%OL_END_REPORT
%OL_CREATE_REPORT ws.max.rpt

===========================================================================
Worst Slack (Setup)
============================================================================
Writing metric timing__setup__ws__corner:nom_tt_025C_1v80: 18.468201712874336
nom_tt_025C_1v80: 18.468201712874336
%OL_END_REPORT
%OL_CREATE_REPORT tns.min.rpt

===========================================================================
Total Negative Slack (Hold)
============================================================================
Writing metric timing__hold__tns__corner:nom_tt_025C_1v80: 0.0
nom_tt_025C_1v80: 0.0
%OL_END_REPORT
%OL_CREATE_REPORT tns.max.rpt

===========================================================================
Total Negative Slack (Setup)
============================================================================
Writing metric timing__setup__tns__corner:nom_tt_025C_1v80: 0.0
nom_tt_025C_1v80: 0.0
%OL_END_REPORT
%OL_CREATE_REPORT wns.min.rpt

===========================================================================
Worst Negative Slack (Hold)
============================================================================
Writing metric timing__hold__wns__corner:nom_tt_025C_1v80: 0
nom_tt_025C_1v80: 0
%OL_END_REPORT
%OL_CREATE_REPORT wns.max.rpt

===========================================================================
Worst Negative Slack (Setup)
============================================================================
Writing metric timing__setup__wns__corner:nom_tt_025C_1v80: 0.0
nom_tt_025C_1v80: 0.0
%OL_END_REPORT
%OL_CREATE_REPORT violator_list.rpt

===========================================================================
Violator List
============================================================================
Writing metric timing__hold_vio__count__corner:nom_tt_025C_1v80: 0
Writing metric timing__hold_r2r__ws__corner:nom_tt_025C_1v80: 0.824445
Writing metric timing__hold_r2r_vio__count__corner:nom_tt_025C_1v80: 0
Writing metric timing__setup_vio__count__corner:nom_tt_025C_1v80: 0
Writing metric timing__setup_r2r__ws__corner:nom_tt_025C_1v80: 23.367020
Writing metric timing__setup_r2r_vio__count__corner:nom_tt_025C_1v80: 0
%OL_END_REPORT
%OL_CREATE_REPORT unpropagated.rpt
%OL_END_REPORT
%OL_CREATE_REPORT clock.rpt
Clock: clk
Sources: clk 
Generated: no
Virtual: yes
Propagated: no
Period: 25.000000

===========================================================================
report_clock_properties
============================================================================
Clock                   Period          Waveform
----------------------------------------------------
clk                  25.000000    0.000000 12.500000

===========================================================================
report_clock_latency
============================================================================
Clock clk
rise -> rise
    min     max
0.000000 0.000000 source latency
0.270853         network latency _15_/CLK
        0.272249 network latency _14_/CLK
---------------
0.270853 0.272249 latency
        0.001395 skew

fall -> fall
    min     max
0.000000 0.000000 source latency
0.277383         network latency _15_/CLK
        0.278653 network latency _14_/CLK
---------------
0.277383 0.278653 latency
        0.001269 skew



===========================================================================
report_clock_min_period
============================================================================
clk period_min = 1.63 fmax = 612.38
%OL_END_REPORT
