
===========================================================================
report_checks -path_delay max (Setup)
============================================================================
======================= nom_ss_100C_1v60 Corner ===================================

Startpoint: _28_ (rising edge-triggered flip-flop clocked by clk)
Endpoint: result[1] (output port clocked by clk)
Path Group: clk
Path Type: max

Fanout         Cap        Slew       Delay        Time   Description
---------------------------------------------------------------------------------------------
                      0.150000    0.000000    0.000000   clock clk (rise edge)
                                  0.000000    0.000000   clock network delay (ideal)
                      0.150000    0.000000    0.000000 ^ _28_/CLK (sky130_fd_sc_hd__dfrtp_2)
     6    0.014863    0.134456    0.912110    0.912110 v _28_/Q (sky130_fd_sc_hd__dfrtp_2)
                                                         fsm.pstate[2] (net)
                      0.134456    0.000000    0.912110 v _10_/A_N (sky130_fd_sc_hd__nand2b_4)
     1    0.004443    0.063605    0.272339    1.184449 v _10_/Y (sky130_fd_sc_hd__nand2b_4)
                                                         _04_ (net)
                      0.063605    0.000000    1.184449 v _11_/A (sky130_fd_sc_hd__buf_6)
     3    0.039879    0.086045    0.250840    1.435290 v _11_/X (sky130_fd_sc_hd__buf_6)
                                                         result[0] (net)
                      0.086045    0.000000    1.435290 v _12_/B (sky130_fd_sc_hd__or2_4)
     1    0.004443    0.081787    0.437158    1.872447 v _12_/X (sky130_fd_sc_hd__or2_4)
                                                         _05_ (net)
                      0.081787    0.000000    1.872447 v _13_/A (sky130_fd_sc_hd__buf_6)
     3    0.036692    0.081913    0.255499    2.127946 v _13_/X (sky130_fd_sc_hd__buf_6)
                                                         flag_gt_zero (net)
                      0.081913    0.000000    2.127946 v _29_/A (sky130_fd_sc_hd__buf_2)
     1    0.033442    0.165280    0.347909    2.475855 v _29_/X (sky130_fd_sc_hd__buf_2)
                                                         result[1] (net)
                      0.165280    0.000000    2.475855 v result[1] (out)
                                              2.475855   data arrival time

                      0.150000   25.000000   25.000000   clock clk (rise edge)
                                  0.000000   25.000000   clock network delay (ideal)
                                 -0.250000   24.750000   clock uncertainty
                                  0.000000   24.750000   clock reconvergence pessimism
                                 -5.000000   19.750000   output external delay
                                             19.750000   data required time
---------------------------------------------------------------------------------------------
                                             19.750000   data required time
                                             -2.475855   data arrival time
---------------------------------------------------------------------------------------------
                                             17.274143   slack (MET)


Startpoint: _28_ (rising edge-triggered flip-flop clocked by clk)
Endpoint: result[5] (output port clocked by clk)
Path Group: clk
Path Type: max

Fanout         Cap        Slew       Delay        Time   Description
---------------------------------------------------------------------------------------------
                      0.150000    0.000000    0.000000   clock clk (rise edge)
                                  0.000000    0.000000   clock network delay (ideal)
                      0.150000    0.000000    0.000000 ^ _28_/CLK (sky130_fd_sc_hd__dfrtp_2)
     6    0.014863    0.134456    0.912110    0.912110 v _28_/Q (sky130_fd_sc_hd__dfrtp_2)
                                                         fsm.pstate[2] (net)
                      0.134456    0.000000    0.912110 v _10_/A_N (sky130_fd_sc_hd__nand2b_4)
     1    0.004443    0.063605    0.272339    1.184449 v _10_/Y (sky130_fd_sc_hd__nand2b_4)
                                                         _04_ (net)
                      0.063605    0.000000    1.184449 v _11_/A (sky130_fd_sc_hd__buf_6)
     3    0.039879    0.086045    0.250840    1.435290 v _11_/X (sky130_fd_sc_hd__buf_6)
                                                         result[0] (net)
                      0.086045    0.000000    1.435290 v _12_/B (sky130_fd_sc_hd__or2_4)
     1    0.004443    0.081787    0.437158    1.872447 v _12_/X (sky130_fd_sc_hd__or2_4)
                                                         _05_ (net)
                      0.081787    0.000000    1.872447 v _13_/A (sky130_fd_sc_hd__buf_6)
     3    0.036692    0.081913    0.255499    2.127946 v _13_/X (sky130_fd_sc_hd__buf_6)
                                                         flag_gt_zero (net)
                      0.081913    0.000000    2.127946 v _31_/A (sky130_fd_sc_hd__buf_2)
     1    0.033442    0.165280    0.347909    2.475855 v _31_/X (sky130_fd_sc_hd__buf_2)
                                                         result[5] (net)
                      0.165280    0.000000    2.475855 v result[5] (out)
                                              2.475855   data arrival time

                      0.150000   25.000000   25.000000   clock clk (rise edge)
                                  0.000000   25.000000   clock network delay (ideal)
                                 -0.250000   24.750000   clock uncertainty
                                  0.000000   24.750000   clock reconvergence pessimism
                                 -5.000000   19.750000   output external delay
                                             19.750000   data required time
---------------------------------------------------------------------------------------------
                                             19.750000   data required time
                                             -2.475855   data arrival time
---------------------------------------------------------------------------------------------
                                             17.274143   slack (MET)


Startpoint: _26_ (rising edge-triggered flip-flop clocked by clk)
Endpoint: result[2] (output port clocked by clk)
Path Group: clk
Path Type: max

Fanout         Cap        Slew       Delay        Time   Description
---------------------------------------------------------------------------------------------
                      0.150000    0.000000    0.000000   clock clk (rise edge)
                                  0.000000    0.000000   clock network delay (ideal)
                      0.150000    0.000000    0.000000 ^ _26_/CLK (sky130_fd_sc_hd__dfrtp_2)
     5    0.026673    0.182664    0.966643    0.966643 v _26_/Q (sky130_fd_sc_hd__dfrtp_2)
                                                         fsm.pstate[0] (net)
                      0.182664    0.000000    0.966643 v _14_/A1 (sky130_fd_sc_hd__o21bai_2)
     2    0.035195    0.673872    0.653408    1.620051 ^ _14_/Y (sky130_fd_sc_hd__o21bai_2)
                                                         result[6] (net)
                      0.673872    0.000000    1.620051 ^ _30_/A (sky130_fd_sc_hd__buf_2)
     1    0.033442    0.273157    0.580408    2.200458 ^ _30_/X (sky130_fd_sc_hd__buf_2)
                                                         result[2] (net)
                      0.273157    0.000000    2.200458 ^ result[2] (out)
                                              2.200458   data arrival time

                      0.150000   25.000000   25.000000   clock clk (rise edge)
                                  0.000000   25.000000   clock network delay (ideal)
                                 -0.250000   24.750000   clock uncertainty
                                  0.000000   24.750000   clock reconvergence pessimism
                                 -5.000000   19.750000   output external delay
                                             19.750000   data required time
---------------------------------------------------------------------------------------------
                                             19.750000   data required time
                                             -2.200458   data arrival time
---------------------------------------------------------------------------------------------
                                             17.549541   slack (MET)


Startpoint: _28_ (rising edge-triggered flip-flop clocked by clk)
Endpoint: flag_gt_zero (output port clocked by clk)
Path Group: clk
Path Type: max

Fanout         Cap        Slew       Delay        Time   Description
---------------------------------------------------------------------------------------------
                      0.150000    0.000000    0.000000   clock clk (rise edge)
                                  0.000000    0.000000   clock network delay (ideal)
                      0.150000    0.000000    0.000000 ^ _28_/CLK (sky130_fd_sc_hd__dfrtp_2)
     6    0.014863    0.134456    0.912110    0.912110 v _28_/Q (sky130_fd_sc_hd__dfrtp_2)
                                                         fsm.pstate[2] (net)
                      0.134456    0.000000    0.912110 v _10_/A_N (sky130_fd_sc_hd__nand2b_4)
     1    0.004443    0.063605    0.272339    1.184449 v _10_/Y (sky130_fd_sc_hd__nand2b_4)
                                                         _04_ (net)
                      0.063605    0.000000    1.184449 v _11_/A (sky130_fd_sc_hd__buf_6)
     3    0.039879    0.086045    0.250840    1.435290 v _11_/X (sky130_fd_sc_hd__buf_6)
                                                         result[0] (net)
                      0.086045    0.000000    1.435290 v _12_/B (sky130_fd_sc_hd__or2_4)
     1    0.004443    0.081787    0.437158    1.872447 v _12_/X (sky130_fd_sc_hd__or2_4)
                                                         _05_ (net)
                      0.081787    0.000000    1.872447 v _13_/A (sky130_fd_sc_hd__buf_6)
     3    0.036692    0.081913    0.255499    2.127946 v _13_/X (sky130_fd_sc_hd__buf_6)
                                                         flag_gt_zero (net)
                      0.081913    0.000000    2.127946 v flag_gt_zero (out)
                                              2.127946   data arrival time

                      0.150000   25.000000   25.000000   clock clk (rise edge)
                                  0.000000   25.000000   clock network delay (ideal)
                                 -0.250000   24.750000   clock uncertainty
                                  0.000000   24.750000   clock reconvergence pessimism
                                 -5.000000   19.750000   output external delay
                                             19.750000   data required time
---------------------------------------------------------------------------------------------
                                             19.750000   data required time
                                             -2.127946   data arrival time
---------------------------------------------------------------------------------------------
                                             17.622053   slack (MET)


Startpoint: _26_ (rising edge-triggered flip-flop clocked by clk)
Endpoint: result[4] (output port clocked by clk)
Path Group: clk
Path Type: max

Fanout         Cap        Slew       Delay        Time   Description
---------------------------------------------------------------------------------------------
                      0.150000    0.000000    0.000000   clock clk (rise edge)
                                  0.000000    0.000000   clock network delay (ideal)
                      0.150000    0.000000    0.000000 ^ _26_/CLK (sky130_fd_sc_hd__dfrtp_2)
     5    0.028894    0.250419    0.881922    0.881922 ^ _26_/Q (sky130_fd_sc_hd__dfrtp_2)
                                                         fsm.pstate[0] (net)
                      0.250419    0.000000    0.881922 ^ _17_/B_N (sky130_fd_sc_hd__or2b_2)
     1    0.001996    0.102088    0.703803    1.585725 v _17_/X (sky130_fd_sc_hd__or2b_2)
                                                         _07_ (net)
                      0.102088    0.000000    1.585725 v _18_/A (sky130_fd_sc_hd__buf_1)
     1    0.033442    0.378952    0.423112    2.008837 v _18_/X (sky130_fd_sc_hd__buf_1)
                                                         result[4] (net)
                      0.378952    0.000000    2.008837 v result[4] (out)
                                              2.008837   data arrival time

                      0.150000   25.000000   25.000000   clock clk (rise edge)
                                  0.000000   25.000000   clock network delay (ideal)
                                 -0.250000   24.750000   clock uncertainty
                                  0.000000   24.750000   clock reconvergence pessimism
                                 -5.000000   19.750000   output external delay
                                             19.750000   data required time
---------------------------------------------------------------------------------------------
                                             19.750000   data required time
                                             -2.008837   data arrival time
---------------------------------------------------------------------------------------------
                                             17.741161   slack (MET)


Startpoint: _27_ (rising edge-triggered flip-flop clocked by clk)
Endpoint: result[3] (output port clocked by clk)
Path Group: clk
Path Type: max

Fanout         Cap        Slew       Delay        Time   Description
---------------------------------------------------------------------------------------------
                      0.150000    0.000000    0.000000   clock clk (rise edge)
                                  0.000000    0.000000   clock network delay (ideal)
                      0.150000    0.000000    0.000000 ^ _27_/CLK (sky130_fd_sc_hd__dfrtp_2)
     3    0.017799    0.174546    0.821388    0.821388 ^ _27_/Q (sky130_fd_sc_hd__dfrtp_2)
                                                         fsm.pstate[1] (net)
                      0.174546    0.000000    0.821388 ^ _09_/A (sky130_fd_sc_hd__inv_2)
     3    0.007946    0.059776    0.111548    0.932936 v _09_/Y (sky130_fd_sc_hd__inv_2)
                                                         _03_ (net)
                      0.059776    0.000000    0.932936 v _15_/A (sky130_fd_sc_hd__or2_2)
     1    0.001996    0.106279    0.639710    1.572646 v _15_/X (sky130_fd_sc_hd__or2_2)
                                                         _06_ (net)
                      0.106279    0.000000    1.572646 v _16_/A (sky130_fd_sc_hd__buf_1)
     1    0.033442    0.378955    0.425139    1.997785 v _16_/X (sky130_fd_sc_hd__buf_1)
                                                         result[3] (net)
                      0.378955    0.000000    1.997785 v result[3] (out)
                                              1.997785   data arrival time

                      0.150000   25.000000   25.000000   clock clk (rise edge)
                                  0.000000   25.000000   clock network delay (ideal)
                                 -0.250000   24.750000   clock uncertainty
                                  0.000000   24.750000   clock reconvergence pessimism
                                 -5.000000   19.750000   output external delay
                                             19.750000   data required time
---------------------------------------------------------------------------------------------
                                             19.750000   data required time
                                             -1.997785   data arrival time
---------------------------------------------------------------------------------------------
                                             17.752214   slack (MET)


Startpoint: _26_ (rising edge-triggered flip-flop clocked by clk)
Endpoint: result[6] (output port clocked by clk)
Path Group: clk
Path Type: max

Fanout         Cap        Slew       Delay        Time   Description
---------------------------------------------------------------------------------------------
                      0.150000    0.000000    0.000000   clock clk (rise edge)
                                  0.000000    0.000000   clock network delay (ideal)
                      0.150000    0.000000    0.000000 ^ _26_/CLK (sky130_fd_sc_hd__dfrtp_2)
     5    0.026673    0.182664    0.966643    0.966643 v _26_/Q (sky130_fd_sc_hd__dfrtp_2)
                                                         fsm.pstate[0] (net)
                      0.182664    0.000000    0.966643 v _14_/A1 (sky130_fd_sc_hd__o21bai_2)
     2    0.035195    0.673872    0.653408    1.620051 ^ _14_/Y (sky130_fd_sc_hd__o21bai_2)
                                                         result[6] (net)
                      0.673872    0.000000    1.620051 ^ result[6] (out)
                                              1.620051   data arrival time

                      0.150000   25.000000   25.000000   clock clk (rise edge)
                                  0.000000   25.000000   clock network delay (ideal)
                                 -0.250000   24.750000   clock uncertainty
                                  0.000000   24.750000   clock reconvergence pessimism
                                 -5.000000   19.750000   output external delay
                                             19.750000   data required time
---------------------------------------------------------------------------------------------
                                             19.750000   data required time
                                             -1.620051   data arrival time
---------------------------------------------------------------------------------------------
                                             18.129950   slack (MET)


Startpoint: _28_ (rising edge-triggered flip-flop clocked by clk)
Endpoint: result[0] (output port clocked by clk)
Path Group: clk
Path Type: max

Fanout         Cap        Slew       Delay        Time   Description
---------------------------------------------------------------------------------------------
                      0.150000    0.000000    0.000000   clock clk (rise edge)
                                  0.000000    0.000000   clock network delay (ideal)
                      0.150000    0.000000    0.000000 ^ _28_/CLK (sky130_fd_sc_hd__dfrtp_2)
     6    0.014863    0.134456    0.912110    0.912110 v _28_/Q (sky130_fd_sc_hd__dfrtp_2)
                                                         fsm.pstate[2] (net)
                      0.134456    0.000000    0.912110 v _10_/A_N (sky130_fd_sc_hd__nand2b_4)
     1    0.004443    0.063605    0.272339    1.184449 v _10_/Y (sky130_fd_sc_hd__nand2b_4)
                                                         _04_ (net)
                      0.063605    0.000000    1.184449 v _11_/A (sky130_fd_sc_hd__buf_6)
     3    0.039879    0.086045    0.250840    1.435290 v _11_/X (sky130_fd_sc_hd__buf_6)
                                                         result[0] (net)
                      0.086045    0.000000    1.435290 v result[0] (out)
                                              1.435290   data arrival time

                      0.150000   25.000000   25.000000   clock clk (rise edge)
                                  0.000000   25.000000   clock network delay (ideal)
                                 -0.250000   24.750000   clock uncertainty
                                  0.000000   24.750000   clock reconvergence pessimism
                                 -5.000000   19.750000   output external delay
                                             19.750000   data required time
---------------------------------------------------------------------------------------------
                                             19.750000   data required time
                                             -1.435290   data arrival time
---------------------------------------------------------------------------------------------
                                             18.314711   slack (MET)


Startpoint: reset (input port clocked by clk)
Endpoint: _26_ (recovery check against rising-edge clock clk)
Path Group: asynchronous
Path Type: max

Fanout         Cap        Slew       Delay        Time   Description
---------------------------------------------------------------------------------------------
                      0.150000    0.000000    0.000000   clock clk (rise edge)
                                  0.000000    0.000000   clock network delay (ideal)
                                  5.000000    5.000000 v input external delay
     3    0.012900    0.060216    0.040039    5.040039 v reset (in)
                                                         reset (net)
                      0.060216    0.000000    5.040039 v _23_/A (sky130_fd_sc_hd__inv_2)
     1    0.003263    0.038841    0.064492    5.104532 ^ _23_/Y (sky130_fd_sc_hd__inv_2)
                                                         _00_ (net)
                      0.038841    0.000000    5.104532 ^ _26_/RESET_B (sky130_fd_sc_hd__dfrtp_2)
                                              5.104532   data arrival time

                      0.150000   25.000000   25.000000   clock clk (rise edge)
                                  0.000000   25.000000   clock network delay (ideal)
                                 -0.250000   24.750000   clock uncertainty
                                  0.000000   24.750000   clock reconvergence pessimism
                                             24.750000 ^ _26_/CLK (sky130_fd_sc_hd__dfrtp_2)
                                  0.484524   25.234524   library recovery time
                                             25.234524   data required time
---------------------------------------------------------------------------------------------
                                             25.234524   data required time
                                             -5.104532   data arrival time
---------------------------------------------------------------------------------------------
                                             20.129992   slack (MET)


Startpoint: reset (input port clocked by clk)
Endpoint: _27_ (recovery check against rising-edge clock clk)
Path Group: asynchronous
Path Type: max

Fanout         Cap        Slew       Delay        Time   Description
---------------------------------------------------------------------------------------------
                      0.150000    0.000000    0.000000   clock clk (rise edge)
                                  0.000000    0.000000   clock network delay (ideal)
                                  5.000000    5.000000 v input external delay
     3    0.012900    0.060216    0.040039    5.040039 v reset (in)
                                                         reset (net)
                      0.060216    0.000000    5.040039 v _24_/A (sky130_fd_sc_hd__inv_2)
     1    0.003263    0.038841    0.064492    5.104532 ^ _24_/Y (sky130_fd_sc_hd__inv_2)
                                                         _01_ (net)
                      0.038841    0.000000    5.104532 ^ _27_/RESET_B (sky130_fd_sc_hd__dfrtp_2)
                                              5.104532   data arrival time

                      0.150000   25.000000   25.000000   clock clk (rise edge)
                                  0.000000   25.000000   clock network delay (ideal)
                                 -0.250000   24.750000   clock uncertainty
                                  0.000000   24.750000   clock reconvergence pessimism
                                             24.750000 ^ _27_/CLK (sky130_fd_sc_hd__dfrtp_2)
                                  0.484524   25.234524   library recovery time
                                             25.234524   data required time
---------------------------------------------------------------------------------------------
                                             25.234524   data required time
                                             -5.104532   data arrival time
---------------------------------------------------------------------------------------------
                                             20.129992   slack (MET)


Startpoint: reset (input port clocked by clk)
Endpoint: _28_ (recovery check against rising-edge clock clk)
Path Group: asynchronous
Path Type: max

Fanout         Cap        Slew       Delay        Time   Description
---------------------------------------------------------------------------------------------
                      0.150000    0.000000    0.000000   clock clk (rise edge)
                                  0.000000    0.000000   clock network delay (ideal)
                                  5.000000    5.000000 v input external delay
     3    0.012900    0.060216    0.040039    5.040039 v reset (in)
                                                         reset (net)
                      0.060216    0.000000    5.040039 v _25_/A (sky130_fd_sc_hd__inv_2)
     1    0.003263    0.038841    0.064492    5.104532 ^ _25_/Y (sky130_fd_sc_hd__inv_2)
                                                         _02_ (net)
                      0.038841    0.000000    5.104532 ^ _28_/RESET_B (sky130_fd_sc_hd__dfrtp_2)
                                              5.104532   data arrival time

                      0.150000   25.000000   25.000000   clock clk (rise edge)
                                  0.000000   25.000000   clock network delay (ideal)
                                 -0.250000   24.750000   clock uncertainty
                                  0.000000   24.750000   clock reconvergence pessimism
                                             24.750000 ^ _28_/CLK (sky130_fd_sc_hd__dfrtp_2)
                                  0.484524   25.234524   library recovery time
                                             25.234524   data required time
---------------------------------------------------------------------------------------------
                                             25.234524   data required time
                                             -5.104532   data arrival time
---------------------------------------------------------------------------------------------
                                             20.129992   slack (MET)


Startpoint: _28_ (rising edge-triggered flip-flop clocked by clk)
Endpoint: _28_ (rising edge-triggered flip-flop clocked by clk)
Path Group: clk
Path Type: max

Fanout         Cap        Slew       Delay        Time   Description
---------------------------------------------------------------------------------------------
                      0.150000    0.000000    0.000000   clock clk (rise edge)
                                  0.000000    0.000000   clock network delay (ideal)
                      0.150000    0.000000    0.000000 ^ _28_/CLK (sky130_fd_sc_hd__dfrtp_2)
     6    0.014863    0.134456    0.912110    0.912110 v _28_/Q (sky130_fd_sc_hd__dfrtp_2)
                                                         fsm.pstate[2] (net)
                      0.134456    0.000000    0.912110 v _10_/A_N (sky130_fd_sc_hd__nand2b_4)
     1    0.004443    0.063605    0.272339    1.184449 v _10_/Y (sky130_fd_sc_hd__nand2b_4)
                                                         _04_ (net)
                      0.063605    0.000000    1.184449 v _11_/A (sky130_fd_sc_hd__buf_6)
     3    0.039879    0.086045    0.250840    1.435290 v _11_/X (sky130_fd_sc_hd__buf_6)
                                                         result[0] (net)
                      0.086045    0.000000    1.435290 v _22_/B (sky130_fd_sc_hd__nor2_2)
     1    0.001853    0.087192    0.112418    1.547707 ^ _22_/Y (sky130_fd_sc_hd__nor2_2)
                                                         fsm.nstate[2] (net)
                      0.087192    0.000000    1.547707 ^ _28_/D (sky130_fd_sc_hd__dfrtp_2)
                                              1.547707   data arrival time

                      0.150000   25.000000   25.000000   clock clk (rise edge)
                                  0.000000   25.000000   clock network delay (ideal)
                                 -0.250000   24.750000   clock uncertainty
                                  0.000000   24.750000   clock reconvergence pessimism
                                             24.750000 ^ _28_/CLK (sky130_fd_sc_hd__dfrtp_2)
                                 -0.128607   24.621393   library setup time
                                             24.621393   data required time
---------------------------------------------------------------------------------------------
                                             24.621393   data required time
                                             -1.547707   data arrival time
---------------------------------------------------------------------------------------------
                                             23.073687   slack (MET)


Startpoint: _26_ (rising edge-triggered flip-flop clocked by clk)
Endpoint: _27_ (rising edge-triggered flip-flop clocked by clk)
Path Group: clk
Path Type: max

Fanout         Cap        Slew       Delay        Time   Description
---------------------------------------------------------------------------------------------
                      0.150000    0.000000    0.000000   clock clk (rise edge)
                                  0.000000    0.000000   clock network delay (ideal)
                      0.150000    0.000000    0.000000 ^ _26_/CLK (sky130_fd_sc_hd__dfrtp_2)
     5    0.026673    0.182664    0.966643    0.966643 v _26_/Q (sky130_fd_sc_hd__dfrtp_2)
                                                         fsm.pstate[0] (net)
                      0.182664    0.000000    0.966643 v _20_/A (sky130_fd_sc_hd__xnor2_2)
     1    0.004682    0.189356    0.291312    1.257955 ^ _20_/Y (sky130_fd_sc_hd__xnor2_2)
                                                         _08_ (net)
                      0.189356    0.000000    1.257955 ^ _21_/B (sky130_fd_sc_hd__nor2_2)
     1    0.001838    0.044031    0.089058    1.347013 v _21_/Y (sky130_fd_sc_hd__nor2_2)
                                                         fsm.nstate[1] (net)
                      0.044031    0.000000    1.347013 v _27_/D (sky130_fd_sc_hd__dfrtp_2)
                                              1.347013   data arrival time

                      0.150000   25.000000   25.000000   clock clk (rise edge)
                                  0.000000   25.000000   clock network delay (ideal)
                                 -0.250000   24.750000   clock uncertainty
                                  0.000000   24.750000   clock reconvergence pessimism
                                             24.750000 ^ _27_/CLK (sky130_fd_sc_hd__dfrtp_2)
                                 -0.244455   24.505545   library setup time
                                             24.505545   data required time
---------------------------------------------------------------------------------------------
                                             24.505545   data required time
                                             -1.347013   data arrival time
---------------------------------------------------------------------------------------------
                                             23.158531   slack (MET)


Startpoint: _26_ (rising edge-triggered flip-flop clocked by clk)
Endpoint: _26_ (rising edge-triggered flip-flop clocked by clk)
Path Group: clk
Path Type: max

Fanout         Cap        Slew       Delay        Time   Description
---------------------------------------------------------------------------------------------
                      0.150000    0.000000    0.000000   clock clk (rise edge)
                                  0.000000    0.000000   clock network delay (ideal)
                      0.150000    0.000000    0.000000 ^ _26_/CLK (sky130_fd_sc_hd__dfrtp_2)
     5    0.026673    0.182664    0.966643    0.966643 v _26_/Q (sky130_fd_sc_hd__dfrtp_2)
                                                         fsm.pstate[0] (net)
                      0.182664    0.000000    0.966643 v _19_/A (sky130_fd_sc_hd__nor2_2)
     1    0.001853    0.093332    0.192082    1.158725 ^ _19_/Y (sky130_fd_sc_hd__nor2_2)
                                                         fsm.nstate[0] (net)
                      0.093332    0.000000    1.158725 ^ _26_/D (sky130_fd_sc_hd__dfrtp_2)
                                              1.158725   data arrival time

                      0.150000   25.000000   25.000000   clock clk (rise edge)
                                  0.000000   25.000000   clock network delay (ideal)
                                 -0.250000   24.750000   clock uncertainty
                                  0.000000   24.750000   clock reconvergence pessimism
                                             24.750000 ^ _26_/CLK (sky130_fd_sc_hd__dfrtp_2)
                                 -0.130154   24.619846   library setup time
                                             24.619846   data required time
---------------------------------------------------------------------------------------------
                                             24.619846   data required time
                                             -1.158725   data arrival time
---------------------------------------------------------------------------------------------
                                             23.461123   slack (MET)



