Clock: clk
Sources: clk 
Generated: no
Virtual: no
Propagated: no
Period: 25.000000

===========================================================================
report_clock_properties
============================================================================
Clock                   Period          Waveform
----------------------------------------------------
clk                  25.000000    0.000000 12.500000

===========================================================================
report_clock_latency
============================================================================
Clock clk
rise -> rise
    min     max
0.000000 0.000000 source latency
0.014989         network latency _26_/CLK
        0.014989 network latency _26_/CLK
---------------
0.014989 0.014989 latency
        0.000000 skew

fall -> fall
    min     max
0.000000 0.000000 source latency
0.004690         network latency _26_/CLK
        0.004690 network latency _26_/CLK
---------------
0.004690 0.004690 latency
        0.000000 skew



===========================================================================
report_clock_min_period
============================================================================
clk period_min = 0.81 fmax = 1235.06
