Clock: clk
Sources: clk 
Generated: no
Virtual: yes
Propagated: no
Period: 25.000000

===========================================================================
report_clock_properties
============================================================================
Clock                   Period          Waveform
----------------------------------------------------
clk                  25.000000    0.000000 12.500000

===========================================================================
report_clock_latency
============================================================================
Clock clk
rise -> rise
    min     max
0.000000 0.000000 source latency
0.275637         network latency _15_/CLK
        0.276817 network latency _14_/CLK
---------------
0.275637 0.276817 latency
        0.001180 skew

fall -> fall
    min     max
0.000000 0.000000 source latency
0.279980         network latency _15_/CLK
        0.281052 network latency _14_/CLK
---------------
0.279980 0.281052 latency
        0.001072 skew



===========================================================================
report_clock_min_period
============================================================================
clk period_min = 1.64 fmax = 609.79
