Reading timing models for corner nom_tt_025C_1v80…
Reading cell library for the 'nom_tt_025C_1v80' corner at '/foss/pdks/sky130A/libs.ref/sky130_fd_sc_hd/lib/sky130_fd_sc_hd__tt_025C_1v80.lib'…
Reading top-level netlist at '/foss/designs/ALU/runs/RUN_2025-06-08_17-25-06/51-openroad-fillinsertion/ALU_7bit.nl.v'…
Linking design 'ALU_7bit' from netlist…
Warning: /foss/designs/ALU/runs/RUN_2025-06-08_17-25-06/51-openroad-fillinsertion/ALU_7bit.nl.v line 278, module sky130_fd_sc_hd__tapvpwrvgnd_1 not found. Creating black box for TAP_TAPCELL_ROW_0_20.
Warning: /foss/designs/ALU/runs/RUN_2025-06-08_17-25-06/51-openroad-fillinsertion/ALU_7bit.nl.v line 332, module sky130_ef_sc_hd__decap_12 not found. Creating black box for FILLER_0_3.
Warning: /foss/designs/ALU/runs/RUN_2025-06-08_17-25-06/51-openroad-fillinsertion/ALU_7bit.nl.v line 334, module sky130_fd_sc_hd__fill_1 not found. Creating black box for FILLER_0_27.
Warning: /foss/designs/ALU/runs/RUN_2025-06-08_17-25-06/51-openroad-fillinsertion/ALU_7bit.nl.v line 344, module sky130_fd_sc_hd__fill_2 not found. Creating black box for FILLER_1_54.
Reading design constraints file at '/usr/local/lib/python3.12/dist-packages/openlane/scripts/base.sdc'…
Warning: base.sdc line 15, port 'clk' not found.
[INFO] Using clock clk…
[INFO] Setting output delay to: 5.0
[INFO] Setting input delay to: 5.0
Warning: base.sdc line 32, port 'clk' not found.
[INFO] Setting load to: 0.033442
[INFO] Setting clock uncertainty to: 0.25
[INFO] Setting clock transition to: 0.1499999999999999944488848768742172978818416595458984375
Warning: base.sdc line 69, transition time can not be specified for virtual clocks.
[INFO] Setting timing derate to: 5%
Warning: base.sdc line 79, virtual clock clk can not be propagated.
Reading top-level design parasitics for the 'nom_tt_025C_1v80' corner at '/foss/designs/ALU/runs/RUN_2025-06-08_17-25-06/53-openroad-rcx/nom/ALU_7bit.nom.spef'…
%OL_CREATE_REPORT min.rpt

===========================================================================
report_checks -path_delay min (Hold)
============================================================================
======================= nom_tt_025C_1v80 Corner ===================================

Startpoint: A[2] (input port clocked by clk)
Endpoint: result[2] (output port clocked by clk)
Path Group: clk
Path Type: min

Fanout         Cap        Slew       Delay        Time   Description
---------------------------------------------------------------------------------------------
                      0.000000    0.000000    0.000000   clock clk (rise edge)
                                  0.000000    0.000000   clock network delay (ideal)
                                  5.000000    5.000000 v input external delay
     1    0.002901    0.008857    0.004611    5.004611 v A[2] (in)
                                                         A[2] (net)
                      0.008857    0.000000    5.004611 v input3/A (sky130_fd_sc_hd__buf_1)
     3    0.011700    0.073891    0.112049    5.116660 v input3/X (sky130_fd_sc_hd__buf_1)
                                                         net3 (net)
                      0.073891    0.000348    5.117008 v _62_/A (sky130_fd_sc_hd__inv_2)
     1    0.004198    0.032849    0.056254    5.173262 ^ _62_/Y (sky130_fd_sc_hd__inv_2)
                                                         _22_ (net)
                      0.032850    0.000137    5.173399 ^ _67_/A1 (sky130_fd_sc_hd__a211o_1)
     2    0.005373    0.056451    0.119436    5.292836 ^ _67_/X (sky130_fd_sc_hd__a211o_1)
                                                         net15 (net)
                      0.056451    0.000071    5.292907 ^ output15/A (sky130_fd_sc_hd__buf_2)
     1    0.034316    0.170445    0.202440    5.495347 ^ output15/X (sky130_fd_sc_hd__buf_2)
                                                         result[2] (net)
                      0.170446    0.000691    5.496038 ^ result[2] (out)
                                              5.496038   data arrival time

                      0.000000    0.000000    0.000000   clock clk (rise edge)
                                  0.000000    0.000000   clock network delay (ideal)
                                  0.250000    0.250000   clock uncertainty
                                  0.000000    0.250000   clock reconvergence pessimism
                                 -5.000000   -4.750000   output external delay
                                             -4.750000   data required time
---------------------------------------------------------------------------------------------
                                             -4.750000   data required time
                                             -5.496038   data arrival time
---------------------------------------------------------------------------------------------
                                             10.246038   slack (MET)


Startpoint: A[2] (input port clocked by clk)
Endpoint: ZF (output port clocked by clk)
Path Group: clk
Path Type: min

Fanout         Cap        Slew       Delay        Time   Description
---------------------------------------------------------------------------------------------
                      0.000000    0.000000    0.000000   clock clk (rise edge)
                                  0.000000    0.000000   clock network delay (ideal)
                                  5.000000    5.000000 v input external delay
     1    0.002901    0.008857    0.004611    5.004611 v A[2] (in)
                                                         A[2] (net)
                      0.008857    0.000000    5.004611 v input3/A (sky130_fd_sc_hd__buf_1)
     3    0.011700    0.073891    0.112049    5.116660 v input3/X (sky130_fd_sc_hd__buf_1)
                                                         net3 (net)
                      0.073891    0.000348    5.117008 v _62_/A (sky130_fd_sc_hd__inv_2)
     1    0.004198    0.032849    0.056254    5.173262 ^ _62_/Y (sky130_fd_sc_hd__inv_2)
                                                         _22_ (net)
                      0.032850    0.000137    5.173399 ^ _67_/A1 (sky130_fd_sc_hd__a211o_1)
     2    0.005373    0.056451    0.119436    5.292836 ^ _67_/X (sky130_fd_sc_hd__a211o_1)
                                                         net15 (net)
                      0.056451    0.000124    5.292960 ^ _83_/C (sky130_fd_sc_hd__nor4_1)
     1    0.001892    0.025811    0.044400    5.337360 v _83_/Y (sky130_fd_sc_hd__nor4_1)
                                                         net12 (net)
                      0.025811    0.000053    5.337413 v output12/A (sky130_fd_sc_hd__buf_2)
     1    0.034695    0.090637    0.172508    5.509921 v output12/X (sky130_fd_sc_hd__buf_2)
                                                         ZF (net)
                      0.090644    0.000809    5.510730 v ZF (out)
                                              5.510730   data arrival time

                      0.000000    0.000000    0.000000   clock clk (rise edge)
                                  0.000000    0.000000   clock network delay (ideal)
                                  0.250000    0.250000   clock uncertainty
                                  0.000000    0.250000   clock reconvergence pessimism
                                 -5.000000   -4.750000   output external delay
                                             -4.750000   data required time
---------------------------------------------------------------------------------------------
                                             -4.750000   data required time
                                             -5.510730   data arrival time
---------------------------------------------------------------------------------------------
                                             10.260731   slack (MET)


Startpoint: A[6] (input port clocked by clk)
Endpoint: result[6] (output port clocked by clk)
Path Group: clk
Path Type: min

Fanout         Cap        Slew       Delay        Time   Description
---------------------------------------------------------------------------------------------
                      0.000000    0.000000    0.000000   clock clk (rise edge)
                                  0.000000    0.000000   clock network delay (ideal)
                                  5.000000    5.000000 ^ input external delay
     1    0.004137    0.025533    0.015000    5.015000 ^ A[6] (in)
                                                         A[6] (net)
                      0.025541    0.000000    5.015000 ^ input7/A (sky130_fd_sc_hd__clkbuf_2)
     7    0.023377    0.132082    0.160465    5.175464 ^ input7/X (sky130_fd_sc_hd__clkbuf_2)
                                                         net7 (net)
                      0.132082    0.000520    5.175985 ^ _78_/S (sky130_fd_sc_hd__mux2_1)
     1    0.005374    0.061329    0.165344    5.341329 ^ _78_/X (sky130_fd_sc_hd__mux2_1)
                                                         _34_ (net)
                      0.061329    0.000164    5.341493 ^ _79_/A (sky130_fd_sc_hd__inv_2)
     1    0.001801    0.015700    0.025860    5.367353 v _79_/Y (sky130_fd_sc_hd__inv_2)
                                                         net19 (net)
                      0.015700    0.000034    5.367387 v output19/A (sky130_fd_sc_hd__buf_2)
     1    0.034490    0.090140    0.167985    5.535372 v output19/X (sky130_fd_sc_hd__buf_2)
                                                         result[6] (net)
                      0.090146    0.000794    5.536166 v result[6] (out)
                                              5.536166   data arrival time

                      0.000000    0.000000    0.000000   clock clk (rise edge)
                                  0.000000    0.000000   clock network delay (ideal)
                                  0.250000    0.250000   clock uncertainty
                                  0.000000    0.250000   clock reconvergence pessimism
                                 -5.000000   -4.750000   output external delay
                                             -4.750000   data required time
---------------------------------------------------------------------------------------------
                                             -4.750000   data required time
                                             -5.536166   data arrival time
---------------------------------------------------------------------------------------------
                                             10.286166   slack (MET)


Startpoint: A[0] (input port clocked by clk)
Endpoint: result[0] (output port clocked by clk)
Path Group: clk
Path Type: min

Fanout         Cap        Slew       Delay        Time   Description
---------------------------------------------------------------------------------------------
                      0.000000    0.000000    0.000000   clock clk (rise edge)
                                  0.000000    0.000000   clock network delay (ideal)
                                  5.000000    5.000000 ^ input external delay
     1    0.003201    0.021465    0.011729    5.011729 ^ A[0] (in)
                                                         A[0] (net)
                      0.021465    0.000000    5.011729 ^ input1/A (sky130_fd_sc_hd__clkbuf_1)
     1    0.004849    0.066688    0.088758    5.100487 ^ input1/X (sky130_fd_sc_hd__clkbuf_1)
                                                         net1 (net)
                      0.066688    0.000159    5.100646 ^ _51_/S (sky130_fd_sc_hd__mux2_1)
     1    0.002950    0.042464    0.130522    5.231168 ^ _51_/X (sky130_fd_sc_hd__mux2_1)
                                                         _13_ (net)
                      0.042464    0.000084    5.231252 ^ _52_/B1 (sky130_fd_sc_hd__o21a_1)
     2    0.005460    0.062290    0.123819    5.355071 ^ _52_/X (sky130_fd_sc_hd__o21a_1)
                                                         net13 (net)
                      0.062290    0.000086    5.355157 ^ output13/A (sky130_fd_sc_hd__buf_2)
     1    0.034435    0.171043    0.204968    5.560124 ^ output13/X (sky130_fd_sc_hd__buf_2)
                                                         result[0] (net)
                      0.171044    0.000723    5.560847 ^ result[0] (out)
                                              5.560847   data arrival time

                      0.000000    0.000000    0.000000   clock clk (rise edge)
                                  0.000000    0.000000   clock network delay (ideal)
                                  0.250000    0.250000   clock uncertainty
                                  0.000000    0.250000   clock reconvergence pessimism
                                 -5.000000   -4.750000   output external delay
                                             -4.750000   data required time
---------------------------------------------------------------------------------------------
                                             -4.750000   data required time
                                             -5.560847   data arrival time
---------------------------------------------------------------------------------------------
                                             10.310847   slack (MET)


Startpoint: A[5] (input port clocked by clk)
Endpoint: result[5] (output port clocked by clk)
Path Group: clk
Path Type: min

Fanout         Cap        Slew       Delay        Time   Description
---------------------------------------------------------------------------------------------
                      0.000000    0.000000    0.000000   clock clk (rise edge)
                                  0.000000    0.000000   clock network delay (ideal)
                                  5.000000    5.000000 v input external delay
     1    0.004387    0.012291    0.007129    5.007130 v A[5] (in)
                                                         A[5] (net)
                      0.012293    0.000000    5.007130 v input6/A (sky130_fd_sc_hd__clkbuf_2)
     7    0.023110    0.092881    0.143761    5.150890 v input6/X (sky130_fd_sc_hd__clkbuf_2)
                                                         net6 (net)
                      0.092881    0.000379    5.151270 v _76_/A (sky130_fd_sc_hd__nor2_1)
     1    0.003534    0.088502    0.123154    5.274424 ^ _76_/Y (sky130_fd_sc_hd__nor2_1)
                                                         _33_ (net)
                      0.088502    0.000109    5.274533 ^ _77_/B1 (sky130_fd_sc_hd__a31o_1)
     1    0.003517    0.046601    0.105808    5.380341 ^ _77_/X (sky130_fd_sc_hd__a31o_1)
                                                         net18 (net)
                      0.046601    0.000118    5.380459 ^ output18/A (sky130_fd_sc_hd__buf_2)
     1    0.034021    0.168995    0.197793    5.578253 ^ output18/X (sky130_fd_sc_hd__buf_2)
                                                         result[5] (net)
                      0.168995    0.000615    5.578868 ^ result[5] (out)
                                              5.578868   data arrival time

                      0.000000    0.000000    0.000000   clock clk (rise edge)
                                  0.000000    0.000000   clock network delay (ideal)
                                  0.250000    0.250000   clock uncertainty
                                  0.000000    0.250000   clock reconvergence pessimism
                                 -5.000000   -4.750000   output external delay
                                             -4.750000   data required time
---------------------------------------------------------------------------------------------
                                             -4.750000   data required time
                                             -5.578868   data arrival time
---------------------------------------------------------------------------------------------
                                             10.328868   slack (MET)


Startpoint: A[4] (input port clocked by clk)
Endpoint: result[4] (output port clocked by clk)
Path Group: clk
Path Type: min

Fanout         Cap        Slew       Delay        Time   Description
---------------------------------------------------------------------------------------------
                      0.000000    0.000000    0.000000   clock clk (rise edge)
                                  0.000000    0.000000   clock network delay (ideal)
                                  5.000000    5.000000 v input external delay
     1    0.002765    0.008542    0.004375    5.004375 v A[4] (in)
                                                         A[4] (net)
                      0.008542    0.000000    5.004375 v input5/A (sky130_fd_sc_hd__buf_1)
     5    0.014291    0.088279    0.122838    5.127213 v input5/X (sky130_fd_sc_hd__buf_1)
                                                         net5 (net)
                      0.088279    0.000278    5.127491 v _73_/A1_N (sky130_fd_sc_hd__a2bb2o_1)
     2    0.005137    0.062691    0.280154    5.407645 ^ _73_/X (sky130_fd_sc_hd__a2bb2o_1)
                                                         net17 (net)
                      0.062691    0.000085    5.407730 ^ output17/A (sky130_fd_sc_hd__buf_2)
     1    0.034239    0.170113    0.204517    5.612247 ^ output17/X (sky130_fd_sc_hd__buf_2)
                                                         result[4] (net)
                      0.170113    0.000641    5.612888 ^ result[4] (out)
                                              5.612888   data arrival time

                      0.000000    0.000000    0.000000   clock clk (rise edge)
                                  0.000000    0.000000   clock network delay (ideal)
                                  0.250000    0.250000   clock uncertainty
                                  0.000000    0.250000   clock reconvergence pessimism
                                 -5.000000   -4.750000   output external delay
                                             -4.750000   data required time
---------------------------------------------------------------------------------------------
                                             -4.750000   data required time
                                             -5.612888   data arrival time
---------------------------------------------------------------------------------------------
                                             10.362887   slack (MET)


Startpoint: A[3] (input port clocked by clk)
Endpoint: result[3] (output port clocked by clk)
Path Group: clk
Path Type: min

Fanout         Cap        Slew       Delay        Time   Description
---------------------------------------------------------------------------------------------
                      0.000000    0.000000    0.000000   clock clk (rise edge)
                                  0.000000    0.000000   clock network delay (ideal)
                                  5.000000    5.000000 v input external delay
     1    0.002586    0.008129    0.004072    5.004072 v A[3] (in)
                                                         A[3] (net)
                      0.008130    0.000000    5.004072 v input4/A (sky130_fd_sc_hd__buf_1)
     5    0.015483    0.094921    0.127678    5.131750 v input4/X (sky130_fd_sc_hd__buf_1)
                                                         net4 (net)
                      0.094921    0.000212    5.131962 v _69_/A1_N (sky130_fd_sc_hd__a2bb2o_1)
     2    0.004820    0.059906    0.280518    5.412479 ^ _69_/X (sky130_fd_sc_hd__a2bb2o_1)
                                                         net16 (net)
                      0.059906    0.000124    5.412604 ^ output16/A (sky130_fd_sc_hd__buf_2)
     1    0.035174    0.174492    0.206481    5.619084 ^ output16/X (sky130_fd_sc_hd__buf_2)
                                                         result[3] (net)
                      0.174494    0.000810    5.619895 ^ result[3] (out)
                                              5.619895   data arrival time

                      0.000000    0.000000    0.000000   clock clk (rise edge)
                                  0.000000    0.000000   clock network delay (ideal)
                                  0.250000    0.250000   clock uncertainty
                                  0.000000    0.250000   clock reconvergence pessimism
                                 -5.000000   -4.750000   output external delay
                                             -4.750000   data required time
---------------------------------------------------------------------------------------------
                                             -4.750000   data required time
                                             -5.619895   data arrival time
---------------------------------------------------------------------------------------------
                                             10.369895   slack (MET)


Startpoint: A[1] (input port clocked by clk)
Endpoint: result[1] (output port clocked by clk)
Path Group: clk
Path Type: min

Fanout         Cap        Slew       Delay        Time   Description
---------------------------------------------------------------------------------------------
                      0.000000    0.000000    0.000000   clock clk (rise edge)
                                  0.000000    0.000000   clock network delay (ideal)
                                  5.000000    5.000000 ^ input external delay
     1    0.003582    0.023124    0.013064    5.013064 ^ A[1] (in)
                                                         A[1] (net)
                      0.023132    0.000000    5.013064 ^ input2/A (sky130_fd_sc_hd__clkbuf_1)
     2    0.007833    0.100162    0.113010    5.126075 ^ input2/X (sky130_fd_sc_hd__clkbuf_1)
                                                         net2 (net)
                      0.100163    0.000250    5.126325 ^ _57_/S (sky130_fd_sc_hd__mux2_1)
     1    0.003074    0.043378    0.141317    5.267642 ^ _57_/X (sky130_fd_sc_hd__mux2_1)
                                                         _18_ (net)
                      0.043400    0.000088    5.267730 ^ _61_/B1 (sky130_fd_sc_hd__o211a_1)
     2    0.005068    0.056979    0.150540    5.418271 ^ _61_/X (sky130_fd_sc_hd__o211a_1)
                                                         net14 (net)
                      0.056979    0.000098    5.418369 ^ output14/A (sky130_fd_sc_hd__buf_2)
     1    0.034387    0.170785    0.202871    5.621240 ^ output14/X (sky130_fd_sc_hd__buf_2)
                                                         result[1] (net)
                      0.170785    0.000694    5.621933 ^ result[1] (out)
                                              5.621933   data arrival time

                      0.000000    0.000000    0.000000   clock clk (rise edge)
                                  0.000000    0.000000   clock network delay (ideal)
                                  0.250000    0.250000   clock uncertainty
                                  0.000000    0.250000   clock reconvergence pessimism
                                 -5.000000   -4.750000   output external delay
                                             -4.750000   data required time
---------------------------------------------------------------------------------------------
                                             -4.750000   data required time
                                             -5.621933   data arrival time
---------------------------------------------------------------------------------------------
                                             10.371933   slack (MET)



%OL_END_REPORT
%OL_CREATE_REPORT max.rpt

===========================================================================
report_checks -path_delay max (Setup)
============================================================================
======================= nom_tt_025C_1v80 Corner ===================================

Startpoint: B[0] (input port clocked by clk)
Endpoint: ZF (output port clocked by clk)
Path Group: clk
Path Type: max

Fanout         Cap        Slew       Delay        Time   Description
---------------------------------------------------------------------------------------------
                      0.000000    0.000000    0.000000   clock clk (rise edge)
                                  0.000000    0.000000   clock network delay (ideal)
                                  5.000000    5.000000 ^ input external delay
     1    0.003617    0.023274    0.013189    5.013189 ^ B[0] (in)
                                                         B[0] (net)
                      0.023282    0.000000    5.013189 ^ input8/A (sky130_fd_sc_hd__buf_1)
     3    0.013123    0.160120    0.154618    5.167807 ^ input8/X (sky130_fd_sc_hd__buf_1)
                                                         net8 (net)
                      0.160120    0.000210    5.168016 ^ fanout20/A (sky130_fd_sc_hd__buf_2)
    10    0.033483    0.167102    0.233786    5.401803 ^ fanout20/X (sky130_fd_sc_hd__buf_2)
                                                         net20 (net)
                      0.167116    0.001618    5.403421 ^ _68_/S0 (sky130_fd_sc_hd__mux4_1)
     1    0.002383    0.081448    0.558258    5.961679 v _68_/X (sky130_fd_sc_hd__mux4_1)
                                                         _27_ (net)
                      0.081448    0.000067    5.961746 v _69_/B2 (sky130_fd_sc_hd__a2bb2o_1)
     2    0.004485    0.058528    0.264113    6.225859 v _69_/X (sky130_fd_sc_hd__a2bb2o_1)
                                                         net16 (net)
                      0.058528    0.000097    6.225956 v _82_/A (sky130_fd_sc_hd__or4_1)
     1    0.007318    0.112427    0.558690    6.784646 v _82_/X (sky130_fd_sc_hd__or4_1)
                                                         _37_ (net)
                      0.112427    0.000301    6.784947 v _83_/D (sky130_fd_sc_hd__nor4_1)
     1    0.002052    0.190970    0.161397    6.946344 ^ _83_/Y (sky130_fd_sc_hd__nor4_1)
                                                         net12 (net)
                      0.190970    0.000058    6.946402 ^ output12/A (sky130_fd_sc_hd__buf_2)
     1    0.034695    0.172693    0.246467    7.192869 ^ output12/X (sky130_fd_sc_hd__buf_2)
                                                         ZF (net)
                      0.172694    0.000810    7.193679 ^ ZF (out)
                                              7.193679   data arrival time

                      0.000000   25.000000   25.000000   clock clk (rise edge)
                                  0.000000   25.000000   clock network delay (ideal)
                                 -0.250000   24.750000   clock uncertainty
                                  0.000000   24.750000   clock reconvergence pessimism
                                 -5.000000   19.750000   output external delay
                                             19.750000   data required time
---------------------------------------------------------------------------------------------
                                             19.750000   data required time
                                             -7.193679   data arrival time
---------------------------------------------------------------------------------------------
                                             12.556321   slack (MET)


Startpoint: B[0] (input port clocked by clk)
Endpoint: result[0] (output port clocked by clk)
Path Group: clk
Path Type: max

Fanout         Cap        Slew       Delay        Time   Description
---------------------------------------------------------------------------------------------
                      0.000000    0.000000    0.000000   clock clk (rise edge)
                                  0.000000    0.000000   clock network delay (ideal)
                                  5.000000    5.000000 ^ input external delay
     1    0.003617    0.023274    0.013189    5.013189 ^ B[0] (in)
                                                         B[0] (net)
                      0.023282    0.000000    5.013189 ^ input8/A (sky130_fd_sc_hd__buf_1)
     3    0.013123    0.160120    0.154618    5.167807 ^ input8/X (sky130_fd_sc_hd__buf_1)
                                                         net8 (net)
                      0.160120    0.000210    5.168016 ^ fanout20/A (sky130_fd_sc_hd__buf_2)
    10    0.033483    0.167102    0.233786    5.401803 ^ fanout20/X (sky130_fd_sc_hd__buf_2)
                                                         net20 (net)
                      0.167112    0.001429    5.403231 ^ _41_/S (sky130_fd_sc_hd__mux2_1)
     2    0.006052    0.070930    0.359824    5.763055 v _41_/X (sky130_fd_sc_hd__mux2_1)
                                                         _03_ (net)
                      0.070930    0.000102    5.763158 v _44_/A2 (sky130_fd_sc_hd__o211a_1)
     1    0.002592    0.037344    0.206950    5.970108 v _44_/X (sky130_fd_sc_hd__o211a_1)
                                                         _06_ (net)
                      0.037344    0.000074    5.970182 v _48_/B1 (sky130_fd_sc_hd__a211o_1)
     1    0.003327    0.050194    0.261560    6.231741 v _48_/X (sky130_fd_sc_hd__a211o_1)
                                                         _10_ (net)
                      0.050194    0.000103    6.231845 v _52_/A2 (sky130_fd_sc_hd__o21a_1)
     2    0.005111    0.045485    0.176475    6.408320 v _52_/X (sky130_fd_sc_hd__o21a_1)
                                                         net13 (net)
                      0.045485    0.000079    6.408400 v output13/A (sky130_fd_sc_hd__buf_2)
     1    0.034435    0.089900    0.180569    6.588969 v output13/X (sky130_fd_sc_hd__buf_2)
                                                         result[0] (net)
                      0.089906    0.000722    6.589691 v result[0] (out)
                                              6.589691   data arrival time

                      0.000000   25.000000   25.000000   clock clk (rise edge)
                                  0.000000   25.000000   clock network delay (ideal)
                                 -0.250000   24.750000   clock uncertainty
                                  0.000000   24.750000   clock reconvergence pessimism
                                 -5.000000   19.750000   output external delay
                                             19.750000   data required time
---------------------------------------------------------------------------------------------
                                             19.750000   data required time
                                             -6.589691   data arrival time
---------------------------------------------------------------------------------------------
                                             13.160309   slack (MET)


Startpoint: B[0] (input port clocked by clk)
Endpoint: result[2] (output port clocked by clk)
Path Group: clk
Path Type: max

Fanout         Cap        Slew       Delay        Time   Description
---------------------------------------------------------------------------------------------
                      0.000000    0.000000    0.000000   clock clk (rise edge)
                                  0.000000    0.000000   clock network delay (ideal)
                                  5.000000    5.000000 ^ input external delay
     1    0.003617    0.023274    0.013189    5.013189 ^ B[0] (in)
                                                         B[0] (net)
                      0.023282    0.000000    5.013189 ^ input8/A (sky130_fd_sc_hd__buf_1)
     3    0.013123    0.160120    0.154618    5.167807 ^ input8/X (sky130_fd_sc_hd__buf_1)
                                                         net8 (net)
                      0.160120    0.000210    5.168016 ^ fanout20/A (sky130_fd_sc_hd__buf_2)
    10    0.033483    0.167102    0.233786    5.401803 ^ fanout20/X (sky130_fd_sc_hd__buf_2)
                                                         net20 (net)
                      0.167102    0.000684    5.402487 ^ _40_/A_N (sky130_fd_sc_hd__and2b_1)
     3    0.009718    0.062177    0.231330    5.633817 v _40_/X (sky130_fd_sc_hd__and2b_1)
                                                         _02_ (net)
                      0.062177    0.000121    5.633938 v _63_/B1 (sky130_fd_sc_hd__a211o_1)
     1    0.002860    0.047480    0.266352    5.900290 v _63_/X (sky130_fd_sc_hd__a211o_1)
                                                         _23_ (net)
                      0.047480    0.000060    5.900350 v _64_/B1 (sky130_fd_sc_hd__o2111a_1)
     1    0.002957    0.042777    0.135030    6.035380 v _64_/X (sky130_fd_sc_hd__o2111a_1)
                                                         _24_ (net)
                      0.042777    0.000086    6.035466 v _67_/B1 (sky130_fd_sc_hd__a211o_1)
     2    0.004866    0.057187    0.273203    6.308669 v _67_/X (sky130_fd_sc_hd__a211o_1)
                                                         net15 (net)
                      0.057187    0.000065    6.308734 v output15/A (sky130_fd_sc_hd__buf_2)
     1    0.034316    0.089579    0.185509    6.494244 v output15/X (sky130_fd_sc_hd__buf_2)
                                                         result[2] (net)
                      0.089584    0.000690    6.494934 v result[2] (out)
                                              6.494934   data arrival time

                      0.000000   25.000000   25.000000   clock clk (rise edge)
                                  0.000000   25.000000   clock network delay (ideal)
                                 -0.250000   24.750000   clock uncertainty
                                  0.000000   24.750000   clock reconvergence pessimism
                                 -5.000000   19.750000   output external delay
                                             19.750000   data required time
---------------------------------------------------------------------------------------------
                                             19.750000   data required time
                                             -6.494934   data arrival time
---------------------------------------------------------------------------------------------
                                             13.255066   slack (MET)


Startpoint: OP (input port clocked by clk)
Endpoint: result[1] (output port clocked by clk)
Path Group: clk
Path Type: max

Fanout         Cap        Slew       Delay        Time   Description
---------------------------------------------------------------------------------------------
                      0.000000    0.000000    0.000000   clock clk (rise edge)
                                  0.000000    0.000000   clock network delay (ideal)
                                  5.000000    5.000000 ^ input external delay
     1    0.003397    0.022318    0.012411    5.012412 ^ OP (in)
                                                         OP (net)
                      0.022318    0.000000    5.012412 ^ input11/A (sky130_fd_sc_hd__buf_1)
     3    0.010645    0.131969    0.134869    5.147281 ^ input11/X (sky130_fd_sc_hd__buf_1)
                                                         net11 (net)
                      0.131970    0.000227    5.147508 ^ fanout21/A (sky130_fd_sc_hd__clkbuf_2)
    10    0.032237    0.178658    0.229830    5.377338 ^ fanout21/X (sky130_fd_sc_hd__clkbuf_2)
                                                         net21 (net)
                      0.178735    0.001566    5.378904 ^ _38_/A (sky130_fd_sc_hd__inv_2)
     5    0.013770    0.059419    0.080350    5.459255 v _38_/Y (sky130_fd_sc_hd__inv_2)
                                                         _00_ (net)
                      0.059419    0.000161    5.459415 v _50_/B (sky130_fd_sc_hd__or3b_1)
     3    0.007163    0.090176    0.381872    5.841288 v _50_/X (sky130_fd_sc_hd__or3b_1)
                                                         _12_ (net)
                      0.090176    0.000214    5.841501 v _57_/A0 (sky130_fd_sc_hd__mux2_1)
     1    0.002908    0.055944    0.293865    6.135366 v _57_/X (sky130_fd_sc_hd__mux2_1)
                                                         _18_ (net)
                      0.055944    0.000083    6.135450 v _61_/B1 (sky130_fd_sc_hd__o211a_1)
     2    0.004628    0.046713    0.133769    6.269218 v _61_/X (sky130_fd_sc_hd__o211a_1)
                                                         net14 (net)
                      0.046713    0.000090    6.269309 v output14/A (sky130_fd_sc_hd__buf_2)
     1    0.034387    0.089778    0.181030    6.450339 v output14/X (sky130_fd_sc_hd__buf_2)
                                                         result[1] (net)
                      0.089782    0.000693    6.451032 v result[1] (out)
                                              6.451032   data arrival time

                      0.000000   25.000000   25.000000   clock clk (rise edge)
                                  0.000000   25.000000   clock network delay (ideal)
                                 -0.250000   24.750000   clock uncertainty
                                  0.000000   24.750000   clock reconvergence pessimism
                                 -5.000000   19.750000   output external delay
                                             19.750000   data required time
---------------------------------------------------------------------------------------------
                                             19.750000   data required time
                                             -6.451032   data arrival time
---------------------------------------------------------------------------------------------
                                             13.298967   slack (MET)


Startpoint: B[0] (input port clocked by clk)
Endpoint: result[3] (output port clocked by clk)
Path Group: clk
Path Type: max

Fanout         Cap        Slew       Delay        Time   Description
---------------------------------------------------------------------------------------------
                      0.000000    0.000000    0.000000   clock clk (rise edge)
                                  0.000000    0.000000   clock network delay (ideal)
                                  5.000000    5.000000 ^ input external delay
     1    0.003617    0.023274    0.013189    5.013189 ^ B[0] (in)
                                                         B[0] (net)
                      0.023282    0.000000    5.013189 ^ input8/A (sky130_fd_sc_hd__buf_1)
     3    0.013123    0.160120    0.154618    5.167807 ^ input8/X (sky130_fd_sc_hd__buf_1)
                                                         net8 (net)
                      0.160120    0.000210    5.168016 ^ fanout20/A (sky130_fd_sc_hd__buf_2)
    10    0.033483    0.167102    0.233786    5.401803 ^ fanout20/X (sky130_fd_sc_hd__buf_2)
                                                         net20 (net)
                      0.167116    0.001618    5.403421 ^ _68_/S0 (sky130_fd_sc_hd__mux4_1)
     1    0.002383    0.081448    0.558258    5.961679 v _68_/X (sky130_fd_sc_hd__mux4_1)
                                                         _27_ (net)
                      0.081448    0.000067    5.961746 v _69_/B2 (sky130_fd_sc_hd__a2bb2o_1)
     2    0.004485    0.058528    0.264113    6.225859 v _69_/X (sky130_fd_sc_hd__a2bb2o_1)
                                                         net16 (net)
                      0.058528    0.000115    6.225975 v output16/A (sky130_fd_sc_hd__buf_2)
     1    0.035174    0.091477    0.187625    6.413599 v output16/X (sky130_fd_sc_hd__buf_2)
                                                         result[3] (net)
                      0.091484    0.000810    6.414409 v result[3] (out)
                                              6.414409   data arrival time

                      0.000000   25.000000   25.000000   clock clk (rise edge)
                                  0.000000   25.000000   clock network delay (ideal)
                                 -0.250000   24.750000   clock uncertainty
                                  0.000000   24.750000   clock reconvergence pessimism
                                 -5.000000   19.750000   output external delay
                                             19.750000   data required time
---------------------------------------------------------------------------------------------
                                             19.750000   data required time
                                             -6.414409   data arrival time
---------------------------------------------------------------------------------------------
                                             13.335590   slack (MET)


Startpoint: OP (input port clocked by clk)
Endpoint: result[6] (output port clocked by clk)
Path Group: clk
Path Type: max

Fanout         Cap        Slew       Delay        Time   Description
---------------------------------------------------------------------------------------------
                      0.000000    0.000000    0.000000   clock clk (rise edge)
                                  0.000000    0.000000   clock network delay (ideal)
                                  5.000000    5.000000 ^ input external delay
     1    0.003397    0.022318    0.012411    5.012412 ^ OP (in)
                                                         OP (net)
                      0.022318    0.000000    5.012412 ^ input11/A (sky130_fd_sc_hd__buf_1)
     3    0.010645    0.131969    0.134869    5.147281 ^ input11/X (sky130_fd_sc_hd__buf_1)
                                                         net11 (net)
                      0.131970    0.000227    5.147508 ^ fanout21/A (sky130_fd_sc_hd__clkbuf_2)
    10    0.032237    0.178658    0.229830    5.377338 ^ fanout21/X (sky130_fd_sc_hd__clkbuf_2)
                                                         net21 (net)
                      0.178735    0.001566    5.378904 ^ _38_/A (sky130_fd_sc_hd__inv_2)
     5    0.013770    0.059419    0.080350    5.459255 v _38_/Y (sky130_fd_sc_hd__inv_2)
                                                         _00_ (net)
                      0.059419    0.000161    5.459415 v _50_/B (sky130_fd_sc_hd__or3b_1)
     3    0.007163    0.090176    0.381872    5.841288 v _50_/X (sky130_fd_sc_hd__or3b_1)
                                                         _12_ (net)
                      0.090176    0.000162    5.841449 v _78_/A1 (sky130_fd_sc_hd__mux2_1)
     1    0.005008    0.065914    0.319550    6.160999 v _78_/X (sky130_fd_sc_hd__mux2_1)
                                                         _34_ (net)
                      0.065914    0.000152    6.161151 v _79_/A (sky130_fd_sc_hd__inv_2)
     1    0.001961    0.024265    0.044286    6.205437 ^ _79_/Y (sky130_fd_sc_hd__inv_2)
                                                         net19 (net)
                      0.024265    0.000037    6.205474 ^ output19/A (sky130_fd_sc_hd__buf_2)
     1    0.034490    0.171250    0.190666    6.396141 ^ output19/X (sky130_fd_sc_hd__buf_2)
                                                         result[6] (net)
                      0.171303    0.000794    6.396935 ^ result[6] (out)
                                              6.396935   data arrival time

                      0.000000   25.000000   25.000000   clock clk (rise edge)
                                  0.000000   25.000000   clock network delay (ideal)
                                 -0.250000   24.750000   clock uncertainty
                                  0.000000   24.750000   clock reconvergence pessimism
                                 -5.000000   19.750000   output external delay
                                             19.750000   data required time
---------------------------------------------------------------------------------------------
                                             19.750000   data required time
                                             -6.396935   data arrival time
---------------------------------------------------------------------------------------------
                                             13.353065   slack (MET)


Startpoint: B[0] (input port clocked by clk)
Endpoint: result[4] (output port clocked by clk)
Path Group: clk
Path Type: max

Fanout         Cap        Slew       Delay        Time   Description
---------------------------------------------------------------------------------------------
                      0.000000    0.000000    0.000000   clock clk (rise edge)
                                  0.000000    0.000000   clock network delay (ideal)
                                  5.000000    5.000000 ^ input external delay
     1    0.003617    0.023274    0.013189    5.013189 ^ B[0] (in)
                                                         B[0] (net)
                      0.023282    0.000000    5.013189 ^ input8/A (sky130_fd_sc_hd__buf_1)
     3    0.013123    0.160120    0.154618    5.167807 ^ input8/X (sky130_fd_sc_hd__buf_1)
                                                         net8 (net)
                      0.160120    0.000210    5.168016 ^ fanout20/A (sky130_fd_sc_hd__buf_2)
    10    0.033483    0.167102    0.233786    5.401803 ^ fanout20/X (sky130_fd_sc_hd__buf_2)
                                                         net20 (net)
                      0.167115    0.001569    5.403372 ^ _45_/A_N (sky130_fd_sc_hd__and2b_1)
     3    0.010979    0.067414    0.235994    5.639366 v _45_/X (sky130_fd_sc_hd__and2b_1)
                                                         _07_ (net)
                      0.067414    0.000164    5.639530 v _71_/A2 (sky130_fd_sc_hd__o21a_1)
     1    0.002765    0.034702    0.170562    5.810092 v _71_/X (sky130_fd_sc_hd__o21a_1)
                                                         _29_ (net)
                      0.034702    0.000087    5.810179 v _73_/B1 (sky130_fd_sc_hd__a2bb2o_1)
     2    0.004782    0.059832    0.278119    6.088298 v _73_/X (sky130_fd_sc_hd__a2bb2o_1)
                                                         net17 (net)
                      0.059832    0.000079    6.088377 v output17/A (sky130_fd_sc_hd__buf_2)
     1    0.034239    0.089396    0.186607    6.274984 v output17/X (sky130_fd_sc_hd__buf_2)
                                                         result[4] (net)
                      0.089400    0.000640    6.275624 v result[4] (out)
                                              6.275624   data arrival time

                      0.000000   25.000000   25.000000   clock clk (rise edge)
                                  0.000000   25.000000   clock network delay (ideal)
                                 -0.250000   24.750000   clock uncertainty
                                  0.000000   24.750000   clock reconvergence pessimism
                                 -5.000000   19.750000   output external delay
                                             19.750000   data required time
---------------------------------------------------------------------------------------------
                                             19.750000   data required time
                                             -6.275624   data arrival time
---------------------------------------------------------------------------------------------
                                             13.474376   slack (MET)


Startpoint: B[0] (input port clocked by clk)
Endpoint: result[5] (output port clocked by clk)
Path Group: clk
Path Type: max

Fanout         Cap        Slew       Delay        Time   Description
---------------------------------------------------------------------------------------------
                      0.000000    0.000000    0.000000   clock clk (rise edge)
                                  0.000000    0.000000   clock network delay (ideal)
                                  5.000000    5.000000 ^ input external delay
     1    0.003617    0.023274    0.013189    5.013189 ^ B[0] (in)
                                                         B[0] (net)
                      0.023282    0.000000    5.013189 ^ input8/A (sky130_fd_sc_hd__buf_1)
     3    0.013123    0.160120    0.154618    5.167807 ^ input8/X (sky130_fd_sc_hd__buf_1)
                                                         net8 (net)
                      0.160120    0.000210    5.168016 ^ fanout20/A (sky130_fd_sc_hd__buf_2)
    10    0.033483    0.167102    0.233786    5.401803 ^ fanout20/X (sky130_fd_sc_hd__buf_2)
                                                         net20 (net)
                      0.167114    0.001557    5.403359 ^ _55_/A (sky130_fd_sc_hd__inv_2)
     3    0.008843    0.047694    0.062595    5.465954 v _55_/Y (sky130_fd_sc_hd__inv_2)
                                                         _16_ (net)
                      0.047694    0.000127    5.466082 v _74_/A (sky130_fd_sc_hd__and2_1)
     2    0.005822    0.047369    0.147207    5.613289 v _74_/X (sky130_fd_sc_hd__and2_1)
                                                         _31_ (net)
                      0.047369    0.000147    5.613436 v _75_/B1 (sky130_fd_sc_hd__a21o_1)
     1    0.003137    0.034513    0.150413    5.763849 v _75_/X (sky130_fd_sc_hd__a21o_1)
                                                         _32_ (net)
                      0.034513    0.000095    5.763944 v _77_/A3 (sky130_fd_sc_hd__a31o_1)
     1    0.003357    0.039756    0.208051    5.971995 v _77_/X (sky130_fd_sc_hd__a31o_1)
                                                         net18 (net)
                      0.039756    0.000112    5.972108 v output18/A (sky130_fd_sc_hd__buf_2)
     1    0.034021    0.089005    0.177412    6.149520 v output18/X (sky130_fd_sc_hd__buf_2)
                                                         result[5] (net)
                      0.089009    0.000615    6.150135 v result[5] (out)
                                              6.150135   data arrival time

                      0.000000   25.000000   25.000000   clock clk (rise edge)
                                  0.000000   25.000000   clock network delay (ideal)
                                 -0.250000   24.750000   clock uncertainty
                                  0.000000   24.750000   clock reconvergence pessimism
                                 -5.000000   19.750000   output external delay
                                             19.750000   data required time
---------------------------------------------------------------------------------------------
                                             19.750000   data required time
                                             -6.150135   data arrival time
---------------------------------------------------------------------------------------------
                                             13.599865   slack (MET)



%OL_END_REPORT
%OL_CREATE_REPORT checks.rpt

===========================================================================
report_checks -unconstrained
===========================================================================
======================= nom_tt_025C_1v80 Corner ===================================

Startpoint: B[0] (input port clocked by clk)
Endpoint: ZF (output port clocked by clk)
Path Group: clk
Path Type: max

Fanout         Cap        Slew       Delay        Time   Description
---------------------------------------------------------------------------------------------
                      0.000000    0.000000    0.000000   clock clk (rise edge)
                                  0.000000    0.000000   clock network delay (ideal)
                                  5.000000    5.000000 ^ input external delay
     1    0.003617    0.023274    0.013189    5.013189 ^ B[0] (in)
                                                         B[0] (net)
                      0.023282    0.000000    5.013189 ^ input8/A (sky130_fd_sc_hd__buf_1)
     3    0.013123    0.160120    0.154618    5.167807 ^ input8/X (sky130_fd_sc_hd__buf_1)
                                                         net8 (net)
                      0.160120    0.000210    5.168016 ^ fanout20/A (sky130_fd_sc_hd__buf_2)
    10    0.033483    0.167102    0.233786    5.401803 ^ fanout20/X (sky130_fd_sc_hd__buf_2)
                                                         net20 (net)
                      0.167116    0.001618    5.403421 ^ _68_/S0 (sky130_fd_sc_hd__mux4_1)
     1    0.002383    0.081448    0.558258    5.961679 v _68_/X (sky130_fd_sc_hd__mux4_1)
                                                         _27_ (net)
                      0.081448    0.000067    5.961746 v _69_/B2 (sky130_fd_sc_hd__a2bb2o_1)
     2    0.004485    0.058528    0.264113    6.225859 v _69_/X (sky130_fd_sc_hd__a2bb2o_1)
                                                         net16 (net)
                      0.058528    0.000097    6.225956 v _82_/A (sky130_fd_sc_hd__or4_1)
     1    0.007318    0.112427    0.558690    6.784646 v _82_/X (sky130_fd_sc_hd__or4_1)
                                                         _37_ (net)
                      0.112427    0.000301    6.784947 v _83_/D (sky130_fd_sc_hd__nor4_1)
     1    0.002052    0.190970    0.161397    6.946344 ^ _83_/Y (sky130_fd_sc_hd__nor4_1)
                                                         net12 (net)
                      0.190970    0.000058    6.946402 ^ output12/A (sky130_fd_sc_hd__buf_2)
     1    0.034695    0.172693    0.246467    7.192869 ^ output12/X (sky130_fd_sc_hd__buf_2)
                                                         ZF (net)
                      0.172694    0.000810    7.193679 ^ ZF (out)
                                              7.193679   data arrival time

                      0.000000   25.000000   25.000000   clock clk (rise edge)
                                  0.000000   25.000000   clock network delay (ideal)
                                 -0.250000   24.750000   clock uncertainty
                                  0.000000   24.750000   clock reconvergence pessimism
                                 -5.000000   19.750000   output external delay
                                             19.750000   data required time
---------------------------------------------------------------------------------------------
                                             19.750000   data required time
                                             -7.193679   data arrival time
---------------------------------------------------------------------------------------------
                                             12.556321   slack (MET)




===========================================================================
report_checks --slack_max -0.01
============================================================================
======================= nom_tt_025C_1v80 Corner ===================================

No paths found.


===========================================================================
 report_check_types -max_slew -max_cap -max_fanout -violators
============================================================================
======================= nom_tt_025C_1v80 Corner ===================================



===========================================================================
report_parasitic_annotation -report_unannotated
============================================================================
Found 4 unannotated drivers.
 B[3]
 B[4]
 B[5]
 B[6]
Found 0 partially unannotated drivers.

===========================================================================
max slew violation count 0
%OL_METRIC_I design__max_slew_violation__count__corner:nom_tt_025C_1v80 0
max fanout violation count 0
%OL_METRIC_I design__max_fanout_violation__count__corner:nom_tt_025C_1v80 0
max cap violation count 0
%OL_METRIC_I design__max_cap_violation__count__corner:nom_tt_025C_1v80 0
============================================================================

===========================================================================
check_setup -verbose -unconstrained_endpoints -multiple_clock -no_clock -no_input_delay -loops -generated_clocks
===========================================================================
%OL_END_REPORT
%OL_CREATE_REPORT power.rpt

===========================================================================
 report_power
============================================================================
======================= nom_tt_025C_1v80 Corner ===================================

Group                    Internal    Switching      Leakage        Total
                            Power        Power        Power        Power (Watts)
------------------------------------------------------------------------
Sequential           0.000000e+00 0.000000e+00 0.000000e+00 0.000000e+00   0.0%
Combinational        4.102680e-06 6.307530e-06 2.711749e-10 1.041048e-05 100.0%
Clock                0.000000e+00 0.000000e+00 1.328418e-10 1.328418e-10   0.0%
Macro                0.000000e+00 0.000000e+00 0.000000e+00 0.000000e+00   0.0%
Pad                  0.000000e+00 0.000000e+00 0.000000e+00 0.000000e+00   0.0%
------------------------------------------------------------------------
Total                4.102680e-06 6.307530e-06 4.040168e-10 1.041061e-05 100.0%
                            39.4%        60.6%         0.0%
%OL_METRIC_F power__internal__total 4.102680122741731e-6
%OL_METRIC_F power__switching__total 6.307530384219717e-6
%OL_METRIC_F power__leakage__total 4.04016764488091e-10
%OL_METRIC_F power__total 1.0410614777356386e-5

%OL_END_REPORT
%OL_CREATE_REPORT skew.min.rpt

===========================================================================
Clock Skew (Hold)
============================================================================
%OL_METRIC_F clock__skew__worst_hold__corner:nom_tt_025C_1v80 0.0
======================= nom_tt_025C_1v80 Corner ===================================

Clock clk
No launch/capture paths found.

%OL_END_REPORT
%OL_CREATE_REPORT skew.max.rpt

===========================================================================
Clock Skew (Setup)
============================================================================
%OL_METRIC_F clock__skew__worst_setup__corner:nom_tt_025C_1v80 0.0
======================= nom_tt_025C_1v80 Corner ===================================

Clock clk
No launch/capture paths found.

%OL_END_REPORT
%OL_CREATE_REPORT ws.min.rpt

===========================================================================
Worst Slack (Hold)
============================================================================
%OL_METRIC_F timing__hold__ws__corner:nom_tt_025C_1v80 10.246038085757847
nom_tt_025C_1v80: 10.246038085757847
%OL_END_REPORT
%OL_CREATE_REPORT ws.max.rpt

===========================================================================
Worst Slack (Setup)
============================================================================
%OL_METRIC_F timing__setup__ws__corner:nom_tt_025C_1v80 12.556320782964827
nom_tt_025C_1v80: 12.556320782964827
%OL_END_REPORT
%OL_CREATE_REPORT tns.min.rpt

===========================================================================
Total Negative Slack (Hold)
============================================================================
%OL_METRIC_F timing__hold__tns__corner:nom_tt_025C_1v80 0.0
nom_tt_025C_1v80: 0.0
%OL_END_REPORT
%OL_CREATE_REPORT tns.max.rpt

===========================================================================
Total Negative Slack (Setup)
============================================================================
%OL_METRIC_F timing__setup__tns__corner:nom_tt_025C_1v80 0.0
nom_tt_025C_1v80: 0.0
%OL_END_REPORT
%OL_CREATE_REPORT wns.min.rpt

===========================================================================
Worst Negative Slack (Hold)
============================================================================
%OL_METRIC_F timing__hold__wns__corner:nom_tt_025C_1v80 0
nom_tt_025C_1v80: 0
%OL_END_REPORT
%OL_CREATE_REPORT wns.max.rpt

===========================================================================
Worst Negative Slack (Setup)
============================================================================
%OL_METRIC_F timing__setup__wns__corner:nom_tt_025C_1v80 0.0
nom_tt_025C_1v80: 0.0
%OL_END_REPORT
%OL_CREATE_REPORT violator_list.rpt

===========================================================================
Violator List
============================================================================
%OL_METRIC_I timing__hold_vio__count__corner:nom_tt_025C_1v80 0
%OL_METRIC_F timing__hold_r2r__ws__corner:nom_tt_025C_1v80 inf
%OL_METRIC_I timing__hold_r2r_vio__count__corner:nom_tt_025C_1v80 0
%OL_METRIC_I timing__setup_vio__count__corner:nom_tt_025C_1v80 0
%OL_METRIC_F timing__setup_r2r__ws__corner:nom_tt_025C_1v80 inf
%OL_METRIC_I timing__setup_r2r_vio__count__corner:nom_tt_025C_1v80 0
%OL_END_REPORT
%OL_CREATE_REPORT unpropagated.rpt
clk
%OL_END_REPORT
%OL_CREATE_REPORT clock.rpt
Clock: clk
Sources: 
Generated: no
Virtual: yes
Propagated: no
Period: 25.000000

===========================================================================
report_clock_properties
============================================================================
Clock                   Period          Waveform
----------------------------------------------------
clk                  25.000000    0.000000 12.500000

===========================================================================
report_clock_latency
============================================================================
Clock clk


===========================================================================
report_clock_min_period
============================================================================
clk period_min = 0.00 fmax = inf
%OL_END_REPORT
Writing SDF files for all corners…
Removing Clock latencies before writing libs…
Writing timing models for all corners…
Writing timing models for the nom_tt_025C_1v80 corner to /foss/designs/ALU/runs/RUN_2025-06-08_17-25-06/54-openroad-stapostpnr/nom_tt_025C_1v80/ALU_7bit__nom_tt_025C_1v80.lib…
