
===========================================================================
report_checks -unconstrained
===========================================================================
======================= nom_tt_025C_1v80 Corner ===================================

Startpoint: reset (input port clocked by clk)
Endpoint: _27_ (recovery check against rising-edge clock clk)
Path Group: asynchronous
Path Type: max

Fanout         Cap        Slew       Delay        Time   Description
---------------------------------------------------------------------------------------------
                                  0.000000    0.000000   clock clk (rise edge)
                                  0.000000    0.000000   clock network delay (propagated)
                                  5.000000    5.000000 v input external delay
     3    0.014909    0.035043    0.024075    5.024076 v reset (in)
                                                         reset (net)
                      0.035044    0.000000    5.024076 v _24_/A (sky130_fd_sc_hd__inv_2)
     1    0.003807    0.026201    0.039441    5.063517 ^ _24_/Y (sky130_fd_sc_hd__inv_2)
                                                         _01_ (net)
                      0.026201    0.000004    5.063520 ^ _27_/RESET_B (sky130_fd_sc_hd__dfrtp_2)
                                              5.063520   data arrival time

                                 25.000000   25.000000   clock clk (rise edge)
                                  0.000000   25.000000   clock source latency
     3    0.007619    0.040824    0.026294   25.026293 ^ clk (in)
                                                         clk (net)
                      0.040824    0.000000   25.026293 ^ _27_/CLK (sky130_fd_sc_hd__dfrtp_2)
                                 -0.250000   24.776293   clock uncertainty
                                  0.000000   24.776293   clock reconvergence pessimism
                                  0.223516   24.999809   library recovery time
                                             24.999809   data required time
---------------------------------------------------------------------------------------------
                                             24.999809   data required time
                                             -5.063520   data arrival time
---------------------------------------------------------------------------------------------
                                             19.936287   slack (MET)


Startpoint: _28_ (rising edge-triggered flip-flop clocked by clk)
Endpoint: result[1] (output port clocked by clk)
Path Group: clk
Path Type: max

Fanout         Cap        Slew       Delay        Time   Description
---------------------------------------------------------------------------------------------
                                  0.000000    0.000000   clock clk (rise edge)
                                  0.000000    0.000000   clock source latency
     3    0.007619    0.040824    0.026297    0.026297 ^ clk (in)
                                                         clk (net)
                      0.040824    0.000000    0.026297 ^ _28_/CLK (sky130_fd_sc_hd__dfrtp_2)
     6    0.016753    0.071725    0.425773    0.452070 v _28_/Q (sky130_fd_sc_hd__dfrtp_2)
                                                         fsm.pstate[2] (net)
                      0.071725    0.000059    0.452129 v _10_/A_N (sky130_fd_sc_hd__nand2b_4)
     1    0.004535    0.036379    0.144933    0.597062 v _10_/Y (sky130_fd_sc_hd__nand2b_4)
                                                         _04_ (net)
                      0.036379    0.000004    0.597066 v _11_/A (sky130_fd_sc_hd__buf_6)
     3    0.041219    0.048915    0.138338    0.735404 v _11_/X (sky130_fd_sc_hd__buf_6)
                                                         result[0] (net)
                      0.048915    0.000040    0.735444 v _12_/B (sky130_fd_sc_hd__or2_4)
     1    0.004521    0.046960    0.224260    0.959703 v _12_/X (sky130_fd_sc_hd__or2_4)
                                                         _05_ (net)
                      0.046960    0.000004    0.959707 v _13_/A (sky130_fd_sc_hd__buf_6)
     3    0.037579    0.046078    0.140212    1.099918 v _13_/X (sky130_fd_sc_hd__buf_6)
                                                         flag_gt_zero (net)
                      0.046078    0.000005    1.099923 v _29_/A (sky130_fd_sc_hd__buf_2)
     1    0.034101    0.088888    0.180703    1.280627 v _29_/X (sky130_fd_sc_hd__buf_2)
                                                         result[1] (net)
                      0.088888    0.000097    1.280724 v result[1] (out)
                                              1.280724   data arrival time

                                 25.000000   25.000000   clock clk (rise edge)
                                  0.000000   25.000000   clock network delay (propagated)
                                 -0.250000   24.750000   clock uncertainty
                                  0.000000   24.750000   clock reconvergence pessimism
                                 -5.000000   19.750000   output external delay
                                             19.750000   data required time
---------------------------------------------------------------------------------------------
                                             19.750000   data required time
                                             -1.280724   data arrival time
---------------------------------------------------------------------------------------------
                                             18.469276   slack (MET)




===========================================================================
report_checks --slack_max -0.01
============================================================================
======================= nom_tt_025C_1v80 Corner ===================================

No paths found.


===========================================================================
 report_check_types -max_slew -max_cap -max_fanout -violators
============================================================================
======================= nom_tt_025C_1v80 Corner ===================================



===========================================================================
report_parasitic_annotation -report_unannotated
============================================================================
Found 0 unannotated drivers.
Found 0 partially unannotated drivers.

===========================================================================
max slew violation count 0
Writing metric design__max_slew_violation__count__corner:nom_tt_025C_1v80: 0
max fanout violation count 0
Writing metric design__max_fanout_violation__count__corner:nom_tt_025C_1v80: 0
max cap violation count 0
Writing metric design__max_cap_violation__count__corner:nom_tt_025C_1v80: 0
============================================================================

===========================================================================
check_setup -verbose -unconstrained_endpoints -multiple_clock -no_clock -no_input_delay -loops -generated_clocks
===========================================================================
