Clock: clk
Sources: clk 
Generated: no
Virtual: yes
Propagated: no
Period: 25.000000

===========================================================================
report_clock_properties
============================================================================
Clock                   Period          Waveform
----------------------------------------------------
clk                  25.000000    0.000000 12.500000

===========================================================================
report_clock_latency
============================================================================
Clock clk
rise -> rise
    min     max
0.000000 0.000000 source latency
0.026284         network latency _26_/CLK
        0.026297 network latency _28_/CLK
---------------
0.026284 0.026297 latency
        0.000014 skew

fall -> fall
    min     max
0.000000 0.000000 source latency
0.011593         network latency _26_/CLK
        0.011607 network latency _28_/CLK
---------------
0.011593 0.011607 latency
        0.000013 skew



===========================================================================
report_clock_min_period
============================================================================
clk period_min = 1.10 fmax = 906.68
