Reading OpenROAD database at '/foss/designs/ALU/runs/RUN_2025-06-09_05-56-58/27-openroad-globalplacement/top.odb'…
Reading library file at '/foss/pdks/sky130A/libs.ref/sky130_fd_sc_hd/lib/sky130_fd_sc_hd__tt_025C_1v80.lib'…
Reading design constraints file at '/usr/local/lib/python3.12/dist-packages/openlane/scripts/base.sdc'…
[INFO] Using clock clk…
[INFO] Setting output delay to: 5.0
[INFO] Setting input delay to: 5.0
[INFO] Setting load to: 0.033442
[INFO] Setting clock uncertainty to: 0.25
[INFO] Setting clock transition to: 0.1499999999999999944488848768742172978818416595458984375
[INFO] Setting timing derate to: 5%
[INFO] Setting RC values…
[WARNING GRT-0097] No global routing found for nets.
%OL_CREATE_REPORT min.rpt

===========================================================================
report_checks -path_delay min (Hold)
============================================================================
======================= nom_tt_025C_1v80 Corner ===================================

Startpoint: _28_ (rising edge-triggered flip-flop clocked by clk)
Endpoint: _26_ (rising edge-triggered flip-flop clocked by clk)
Path Group: clk
Path Type: min

Fanout         Cap        Slew       Delay        Time   Description
---------------------------------------------------------------------------------------------
                                  0.000000    0.000000   clock clk (rise edge)
                                  0.000000    0.000000   clock source latency
     3    0.007619    0.040824    0.026297    0.026297 ^ clk (in)
                                                         clk (net)
                      0.040824    0.000000    0.026297 ^ _28_/CLK (sky130_fd_sc_hd__dfrtp_2)
     6    0.018401    0.103723    0.393401    0.419698 ^ _28_/Q (sky130_fd_sc_hd__dfrtp_2)
                                                         fsm.pstate[2] (net)
                      0.103723    0.000046    0.419744 ^ _19_/B (sky130_fd_sc_hd__nor2_2)
     1    0.002930    0.026766    0.039150    0.458894 v _19_/Y (sky130_fd_sc_hd__nor2_2)
                                                         fsm.nstate[0] (net)
                      0.026766    0.000010    0.458905 v _26_/D (sky130_fd_sc_hd__dfrtp_2)
                                              0.458905   data arrival time

                                  0.000000    0.000000   clock clk (rise edge)
                                  0.000000    0.000000   clock source latency
     3    0.007619    0.040824    0.026284    0.026284 ^ clk (in)
                                                         clk (net)
                      0.040824    0.000000    0.026284 ^ _26_/CLK (sky130_fd_sc_hd__dfrtp_2)
                                  0.250000    0.276284   clock uncertainty
                                  0.000000    0.276284   clock reconvergence pessimism
                                 -0.035642    0.240642   library hold time
                                              0.240642   data required time
---------------------------------------------------------------------------------------------
                                              0.240642   data required time
                                             -0.458905   data arrival time
---------------------------------------------------------------------------------------------
                                              0.218263   slack (MET)


Startpoint: _28_ (rising edge-triggered flip-flop clocked by clk)
Endpoint: _27_ (rising edge-triggered flip-flop clocked by clk)
Path Group: clk
Path Type: min

Fanout         Cap        Slew       Delay        Time   Description
---------------------------------------------------------------------------------------------
                                  0.000000    0.000000   clock clk (rise edge)
                                  0.000000    0.000000   clock source latency
     3    0.007619    0.040824    0.026297    0.026297 ^ clk (in)
                                                         clk (net)
                      0.040824    0.000000    0.026297 ^ _28_/CLK (sky130_fd_sc_hd__dfrtp_2)
     6    0.018401    0.103723    0.393401    0.419698 ^ _28_/Q (sky130_fd_sc_hd__dfrtp_2)
                                                         fsm.pstate[2] (net)
                      0.103723    0.000053    0.419751 ^ _21_/A (sky130_fd_sc_hd__nor2_2)
     1    0.002929    0.016612    0.048384    0.468135 v _21_/Y (sky130_fd_sc_hd__nor2_2)
                                                         fsm.nstate[1] (net)
                      0.016612    0.000010    0.468145 v _27_/D (sky130_fd_sc_hd__dfrtp_2)
                                              0.468145   data arrival time

                                  0.000000    0.000000   clock clk (rise edge)
                                  0.000000    0.000000   clock source latency
     3    0.007619    0.040824    0.026293    0.026293 ^ clk (in)
                                                         clk (net)
                      0.040824    0.000000    0.026293 ^ _27_/CLK (sky130_fd_sc_hd__dfrtp_2)
                                  0.250000    0.276293   clock uncertainty
                                  0.000000    0.276293   clock reconvergence pessimism
                                 -0.031508    0.244785   library hold time
                                              0.244785   data required time
---------------------------------------------------------------------------------------------
                                              0.244785   data required time
                                             -0.468145   data arrival time
---------------------------------------------------------------------------------------------
                                              0.223360   slack (MET)


Startpoint: _27_ (rising edge-triggered flip-flop clocked by clk)
Endpoint: _28_ (rising edge-triggered flip-flop clocked by clk)
Path Group: clk
Path Type: min

Fanout         Cap        Slew       Delay        Time   Description
---------------------------------------------------------------------------------------------
                                  0.000000    0.000000   clock clk (rise edge)
                                  0.000000    0.000000   clock source latency
     3    0.007619    0.040824    0.026293    0.026293 ^ clk (in)
                                                         clk (net)
                      0.040824    0.000000    0.026293 ^ _27_/CLK (sky130_fd_sc_hd__dfrtp_2)
     3    0.017087    0.074988    0.426612    0.452905 v _27_/Q (sky130_fd_sc_hd__dfrtp_2)
                                                         fsm.pstate[1] (net)
                      0.074988    0.000019    0.452924 v _09_/A (sky130_fd_sc_hd__inv_2)
     3    0.009465    0.054395    0.074532    0.527456 ^ _09_/Y (sky130_fd_sc_hd__inv_2)
                                                         _03_ (net)
                      0.054395    0.000014    0.527470 ^ _22_/A (sky130_fd_sc_hd__nor2_2)
     1    0.003278    0.022435    0.038482    0.565953 v _22_/Y (sky130_fd_sc_hd__nor2_2)
                                                         fsm.nstate[2] (net)
                      0.022435    0.000015    0.565968 v _28_/D (sky130_fd_sc_hd__dfrtp_2)
                                              0.565968   data arrival time

                                  0.000000    0.000000   clock clk (rise edge)
                                  0.000000    0.000000   clock source latency
     3    0.007619    0.040824    0.026297    0.026297 ^ clk (in)
                                                         clk (net)
                      0.040824    0.000000    0.026297 ^ _28_/CLK (sky130_fd_sc_hd__dfrtp_2)
                                  0.250000    0.276297   clock uncertainty
                                  0.000000    0.276297   clock reconvergence pessimism
                                 -0.033879    0.242419   library hold time
                                              0.242419   data required time
---------------------------------------------------------------------------------------------
                                              0.242419   data required time
                                             -0.565968   data arrival time
---------------------------------------------------------------------------------------------
                                              0.323549   slack (MET)


Startpoint: reset (input port clocked by clk)
Endpoint: _26_ (removal check against rising-edge clock clk)
Path Group: asynchronous
Path Type: min

Fanout         Cap        Slew       Delay        Time   Description
---------------------------------------------------------------------------------------------
                                  0.000000    0.000000   clock clk (rise edge)
                                  0.000000    0.000000   clock network delay (propagated)
                                  5.000000    5.000000 v input external delay
     3    0.014909    0.035043    0.024058    5.024058 v reset (in)
                                                         reset (net)
                      0.035044    0.000000    5.024058 v _23_/A (sky130_fd_sc_hd__inv_2)
     1    0.003741    0.025942    0.039213    5.063271 ^ _23_/Y (sky130_fd_sc_hd__inv_2)
                                                         _00_ (net)
                      0.025942    0.000003    5.063274 ^ _26_/RESET_B (sky130_fd_sc_hd__dfrtp_2)
                                              5.063274   data arrival time

                                  0.000000    0.000000   clock clk (rise edge)
                                  0.000000    0.000000   clock source latency
     3    0.007619    0.040824    0.026284    0.026284 ^ clk (in)
                                                         clk (net)
                      0.040824    0.000000    0.026284 ^ _26_/CLK (sky130_fd_sc_hd__dfrtp_2)
                                  0.250000    0.276284   clock uncertainty
                                  0.000000    0.276284   clock reconvergence pessimism
                                  0.313904    0.590187   library removal time
                                              0.590187   data required time
---------------------------------------------------------------------------------------------
                                              0.590187   data required time
                                             -5.063274   data arrival time
---------------------------------------------------------------------------------------------
                                              4.473086   slack (MET)


Startpoint: reset (input port clocked by clk)
Endpoint: _28_ (removal check against rising-edge clock clk)
Path Group: asynchronous
Path Type: min

Fanout         Cap        Slew       Delay        Time   Description
---------------------------------------------------------------------------------------------
                                  0.000000    0.000000   clock clk (rise edge)
                                  0.000000    0.000000   clock network delay (propagated)
                                  5.000000    5.000000 v input external delay
     3    0.014909    0.035043    0.024082    5.024082 v reset (in)
                                                         reset (net)
                      0.035044    0.000000    5.024082 v _25_/A (sky130_fd_sc_hd__inv_2)
     1    0.003763    0.026026    0.039287    5.063369 ^ _25_/Y (sky130_fd_sc_hd__inv_2)
                                                         _02_ (net)
                      0.026026    0.000003    5.063372 ^ _28_/RESET_B (sky130_fd_sc_hd__dfrtp_2)
                                              5.063372   data arrival time

                                  0.000000    0.000000   clock clk (rise edge)
                                  0.000000    0.000000   clock source latency
     3    0.007619    0.040824    0.026297    0.026297 ^ clk (in)
                                                         clk (net)
                      0.040824    0.000000    0.026297 ^ _28_/CLK (sky130_fd_sc_hd__dfrtp_2)
                                  0.250000    0.276297   clock uncertainty
                                  0.000000    0.276297   clock reconvergence pessimism
                                  0.313927    0.590224   library removal time
                                              0.590224   data required time
---------------------------------------------------------------------------------------------
                                              0.590224   data required time
                                             -5.063372   data arrival time
---------------------------------------------------------------------------------------------
                                              4.473148   slack (MET)


Startpoint: reset (input port clocked by clk)
Endpoint: _27_ (removal check against rising-edge clock clk)
Path Group: asynchronous
Path Type: min

Fanout         Cap        Slew       Delay        Time   Description
---------------------------------------------------------------------------------------------
                                  0.000000    0.000000   clock clk (rise edge)
                                  0.000000    0.000000   clock network delay (propagated)
                                  5.000000    5.000000 v input external delay
     3    0.014909    0.035043    0.024075    5.024076 v reset (in)
                                                         reset (net)
                      0.035044    0.000000    5.024076 v _24_/A (sky130_fd_sc_hd__inv_2)
     1    0.003807    0.026201    0.039441    5.063517 ^ _24_/Y (sky130_fd_sc_hd__inv_2)
                                                         _01_ (net)
                      0.026201    0.000004    5.063520 ^ _27_/RESET_B (sky130_fd_sc_hd__dfrtp_2)
                                              5.063520   data arrival time

                                  0.000000    0.000000   clock clk (rise edge)
                                  0.000000    0.000000   clock source latency
     3    0.007619    0.040824    0.026293    0.026293 ^ clk (in)
                                                         clk (net)
                      0.040824    0.000000    0.026293 ^ _27_/CLK (sky130_fd_sc_hd__dfrtp_2)
                                  0.250000    0.276293   clock uncertainty
                                  0.000000    0.276293   clock reconvergence pessimism
                                  0.313974    0.590268   library removal time
                                              0.590268   data required time
---------------------------------------------------------------------------------------------
                                              0.590268   data required time
                                             -5.063520   data arrival time
---------------------------------------------------------------------------------------------
                                              4.473253   slack (MET)


Startpoint: _27_ (rising edge-triggered flip-flop clocked by clk)
Endpoint: result[6] (output port clocked by clk)
Path Group: clk
Path Type: min

Fanout         Cap        Slew       Delay        Time   Description
---------------------------------------------------------------------------------------------
                                  0.000000    0.000000   clock clk (rise edge)
                                  0.000000    0.000000   clock source latency
     3    0.007619    0.040824    0.026293    0.026293 ^ clk (in)
                                                         clk (net)
                      0.040824    0.000000    0.026293 ^ _27_/CLK (sky130_fd_sc_hd__dfrtp_2)
     3    0.018426    0.106869    0.393520    0.419813 ^ _27_/Q (sky130_fd_sc_hd__dfrtp_2)
                                                         fsm.pstate[1] (net)
                      0.106869    0.000019    0.419832 ^ _14_/A2 (sky130_fd_sc_hd__o21bai_2)
     2    0.036648    0.152664    0.164967    0.584798 v _14_/Y (sky130_fd_sc_hd__o21bai_2)
                                                         result[6] (net)
                      0.152706    0.000362    0.585160 v result[6] (out)
                                              0.585160   data arrival time

                                  0.000000    0.000000   clock clk (rise edge)
                                  0.000000    0.000000   clock network delay (propagated)
                                  0.250000    0.250000   clock uncertainty
                                  0.000000    0.250000   clock reconvergence pessimism
                                 -5.000000   -4.750000   output external delay
                                             -4.750000   data required time
---------------------------------------------------------------------------------------------
                                             -4.750000   data required time
                                             -0.585160   data arrival time
---------------------------------------------------------------------------------------------
                                              5.335160   slack (MET)


Startpoint: _26_ (rising edge-triggered flip-flop clocked by clk)
Endpoint: result[0] (output port clocked by clk)
Path Group: clk
Path Type: min

Fanout         Cap        Slew       Delay        Time   Description
---------------------------------------------------------------------------------------------
                                  0.000000    0.000000   clock clk (rise edge)
                                  0.000000    0.000000   clock source latency
     3    0.007619    0.040824    0.026284    0.026284 ^ clk (in)
                                                         clk (net)
                      0.040824    0.000000    0.026284 ^ _26_/CLK (sky130_fd_sc_hd__dfrtp_2)
     5    0.030762    0.157768    0.435792    0.462076 ^ _26_/Q (sky130_fd_sc_hd__dfrtp_2)
                                                         fsm.pstate[0] (net)
                      0.157768    0.000140    0.462216 ^ _10_/B (sky130_fd_sc_hd__nand2b_4)
     1    0.004535    0.035014    0.060794    0.523010 v _10_/Y (sky130_fd_sc_hd__nand2b_4)
                                                         _04_ (net)
                      0.035014    0.000004    0.523014 v _11_/A (sky130_fd_sc_hd__buf_6)
     3    0.041219    0.048918    0.137745    0.660759 v _11_/X (sky130_fd_sc_hd__buf_6)
                                                         result[0] (net)
                      0.048918    0.000127    0.660886 v result[0] (out)
                                              0.660886   data arrival time

                                  0.000000    0.000000   clock clk (rise edge)
                                  0.000000    0.000000   clock network delay (propagated)
                                  0.250000    0.250000   clock uncertainty
                                  0.000000    0.250000   clock reconvergence pessimism
                                 -5.000000   -4.750000   output external delay
                                             -4.750000   data required time
---------------------------------------------------------------------------------------------
                                             -4.750000   data required time
                                             -0.660886   data arrival time
---------------------------------------------------------------------------------------------
                                              5.410886   slack (MET)


Startpoint: _27_ (rising edge-triggered flip-flop clocked by clk)
Endpoint: flag_gt_zero (output port clocked by clk)
Path Group: clk
Path Type: min

Fanout         Cap        Slew       Delay        Time   Description
---------------------------------------------------------------------------------------------
                                  0.000000    0.000000   clock clk (rise edge)
                                  0.000000    0.000000   clock source latency
     3    0.007619    0.040824    0.026293    0.026293 ^ clk (in)
                                                         clk (net)
                      0.040824    0.000000    0.026293 ^ _27_/CLK (sky130_fd_sc_hd__dfrtp_2)
     3    0.017087    0.074988    0.426612    0.452905 v _27_/Q (sky130_fd_sc_hd__dfrtp_2)
                                                         fsm.pstate[1] (net)
                      0.074988    0.000019    0.452924 v _09_/A (sky130_fd_sc_hd__inv_2)
     3    0.009465    0.054395    0.074532    0.527456 ^ _09_/Y (sky130_fd_sc_hd__inv_2)
                                                         _03_ (net)
                      0.054395    0.000021    0.527476 ^ _12_/A (sky130_fd_sc_hd__or2_4)
     1    0.005000    0.032968    0.109725    0.637202 ^ _12_/X (sky130_fd_sc_hd__or2_4)
                                                         _05_ (net)
                      0.032968    0.000004    0.637206 ^ _13_/A (sky130_fd_sc_hd__buf_6)
     3    0.037899    0.083495    0.125970    0.763176 ^ _13_/X (sky130_fd_sc_hd__buf_6)
                                                         flag_gt_zero (net)
                      0.083495    0.000103    0.763279 ^ flag_gt_zero (out)
                                              0.763279   data arrival time

                                  0.000000    0.000000   clock clk (rise edge)
                                  0.000000    0.000000   clock network delay (propagated)
                                  0.250000    0.250000   clock uncertainty
                                  0.000000    0.250000   clock reconvergence pessimism
                                 -5.000000   -4.750000   output external delay
                                             -4.750000   data required time
---------------------------------------------------------------------------------------------
                                             -4.750000   data required time
                                             -0.763279   data arrival time
---------------------------------------------------------------------------------------------
                                              5.513279   slack (MET)


Startpoint: _27_ (rising edge-triggered flip-flop clocked by clk)
Endpoint: result[2] (output port clocked by clk)
Path Group: clk
Path Type: min

Fanout         Cap        Slew       Delay        Time   Description
---------------------------------------------------------------------------------------------
                                  0.000000    0.000000   clock clk (rise edge)
                                  0.000000    0.000000   clock source latency
     3    0.007619    0.040824    0.026293    0.026293 ^ clk (in)
                                                         clk (net)
                      0.040824    0.000000    0.026293 ^ _27_/CLK (sky130_fd_sc_hd__dfrtp_2)
     3    0.018426    0.106869    0.393520    0.419813 ^ _27_/Q (sky130_fd_sc_hd__dfrtp_2)
                                                         fsm.pstate[1] (net)
                      0.106869    0.000019    0.419832 ^ _14_/A2 (sky130_fd_sc_hd__o21bai_2)
     2    0.036648    0.152664    0.164967    0.584798 v _14_/Y (sky130_fd_sc_hd__o21bai_2)
                                                         result[6] (net)
                      0.152705    0.000158    0.584956 v _30_/A (sky130_fd_sc_hd__buf_2)
     1    0.034309    0.089660    0.228981    0.813937 v _30_/X (sky130_fd_sc_hd__buf_2)
                                                         result[2] (net)
                      0.089660    0.000200    0.814137 v result[2] (out)
                                              0.814137   data arrival time

                                  0.000000    0.000000   clock clk (rise edge)
                                  0.000000    0.000000   clock network delay (propagated)
                                  0.250000    0.250000   clock uncertainty
                                  0.000000    0.250000   clock reconvergence pessimism
                                 -5.000000   -4.750000   output external delay
                                             -4.750000   data required time
---------------------------------------------------------------------------------------------
                                             -4.750000   data required time
                                             -0.814137   data arrival time
---------------------------------------------------------------------------------------------
                                              5.564137   slack (MET)


Startpoint: _28_ (rising edge-triggered flip-flop clocked by clk)
Endpoint: result[4] (output port clocked by clk)
Path Group: clk
Path Type: min

Fanout         Cap        Slew       Delay        Time   Description
---------------------------------------------------------------------------------------------
                                  0.000000    0.000000   clock clk (rise edge)
                                  0.000000    0.000000   clock source latency
     3    0.007619    0.040824    0.026297    0.026297 ^ clk (in)
                                                         clk (net)
                      0.040824    0.000000    0.026297 ^ _28_/CLK (sky130_fd_sc_hd__dfrtp_2)
     6    0.018401    0.103723    0.393401    0.419698 ^ _28_/Q (sky130_fd_sc_hd__dfrtp_2)
                                                         fsm.pstate[2] (net)
                      0.103723    0.000069    0.419767 ^ _17_/A (sky130_fd_sc_hd__or2b_2)
     1    0.002325    0.025754    0.112625    0.532391 ^ _17_/X (sky130_fd_sc_hd__or2b_2)
                                                         _07_ (net)
                      0.025754    0.000001    0.532393 ^ _18_/A (sky130_fd_sc_hd__buf_1)
     1    0.034027    0.402333    0.320217    0.852609 ^ _18_/X (sky130_fd_sc_hd__buf_1)
                                                         result[4] (net)
                      0.402333    0.000082    0.852691 ^ result[4] (out)
                                              0.852691   data arrival time

                                  0.000000    0.000000   clock clk (rise edge)
                                  0.000000    0.000000   clock network delay (propagated)
                                  0.250000    0.250000   clock uncertainty
                                  0.000000    0.250000   clock reconvergence pessimism
                                 -5.000000   -4.750000   output external delay
                                             -4.750000   data required time
---------------------------------------------------------------------------------------------
                                             -4.750000   data required time
                                             -0.852691   data arrival time
---------------------------------------------------------------------------------------------
                                              5.602691   slack (MET)


Startpoint: _28_ (rising edge-triggered flip-flop clocked by clk)
Endpoint: result[3] (output port clocked by clk)
Path Group: clk
Path Type: min

Fanout         Cap        Slew       Delay        Time   Description
---------------------------------------------------------------------------------------------
                                  0.000000    0.000000   clock clk (rise edge)
                                  0.000000    0.000000   clock source latency
     3    0.007619    0.040824    0.026297    0.026297 ^ clk (in)
                                                         clk (net)
                      0.040824    0.000000    0.026297 ^ _28_/CLK (sky130_fd_sc_hd__dfrtp_2)
     6    0.018401    0.103723    0.393401    0.419698 ^ _28_/Q (sky130_fd_sc_hd__dfrtp_2)
                                                         fsm.pstate[2] (net)
                      0.103723    0.000070    0.419768 ^ _15_/B (sky130_fd_sc_hd__or2_2)
     1    0.002434    0.028033    0.113680    0.533449 ^ _15_/X (sky130_fd_sc_hd__or2_2)
                                                         _06_ (net)
                      0.028033    0.000002    0.533451 ^ _16_/A (sky130_fd_sc_hd__buf_1)
     1    0.034037    0.402592    0.321233    0.854684 ^ _16_/X (sky130_fd_sc_hd__buf_1)
                                                         result[3] (net)
                      0.402592    0.000084    0.854768 ^ result[3] (out)
                                              0.854768   data arrival time

                                  0.000000    0.000000   clock clk (rise edge)
                                  0.000000    0.000000   clock network delay (propagated)
                                  0.250000    0.250000   clock uncertainty
                                  0.000000    0.250000   clock reconvergence pessimism
                                 -5.000000   -4.750000   output external delay
                                             -4.750000   data required time
---------------------------------------------------------------------------------------------
                                             -4.750000   data required time
                                             -0.854768   data arrival time
---------------------------------------------------------------------------------------------
                                              5.604768   slack (MET)


Startpoint: _27_ (rising edge-triggered flip-flop clocked by clk)
Endpoint: result[5] (output port clocked by clk)
Path Group: clk
Path Type: min

Fanout         Cap        Slew       Delay        Time   Description
---------------------------------------------------------------------------------------------
                                  0.000000    0.000000   clock clk (rise edge)
                                  0.000000    0.000000   clock source latency
     3    0.007619    0.040824    0.026293    0.026293 ^ clk (in)
                                                         clk (net)
                      0.040824    0.000000    0.026293 ^ _27_/CLK (sky130_fd_sc_hd__dfrtp_2)
     3    0.017087    0.074988    0.426612    0.452905 v _27_/Q (sky130_fd_sc_hd__dfrtp_2)
                                                         fsm.pstate[1] (net)
                      0.074988    0.000019    0.452924 v _09_/A (sky130_fd_sc_hd__inv_2)
     3    0.009465    0.054395    0.074532    0.527456 ^ _09_/Y (sky130_fd_sc_hd__inv_2)
                                                         _03_ (net)
                      0.054395    0.000021    0.527476 ^ _12_/A (sky130_fd_sc_hd__or2_4)
     1    0.005000    0.032968    0.109725    0.637202 ^ _12_/X (sky130_fd_sc_hd__or2_4)
                                                         _05_ (net)
                      0.032968    0.000004    0.637206 ^ _13_/A (sky130_fd_sc_hd__buf_6)
     3    0.037899    0.083495    0.125970    0.763176 ^ _13_/X (sky130_fd_sc_hd__buf_6)
                                                         flag_gt_zero (net)
                      0.083495    0.000005    0.763180 ^ _31_/A (sky130_fd_sc_hd__buf_2)
     1    0.034047    0.169221    0.211943    0.975123 ^ _31_/X (sky130_fd_sc_hd__buf_2)
                                                         result[5] (net)
                      0.169221    0.000085    0.975208 ^ result[5] (out)
                                              0.975208   data arrival time

                                  0.000000    0.000000   clock clk (rise edge)
                                  0.000000    0.000000   clock network delay (propagated)
                                  0.250000    0.250000   clock uncertainty
                                  0.000000    0.250000   clock reconvergence pessimism
                                 -5.000000   -4.750000   output external delay
                                             -4.750000   data required time
---------------------------------------------------------------------------------------------
                                             -4.750000   data required time
                                             -0.975208   data arrival time
---------------------------------------------------------------------------------------------
                                              5.725208   slack (MET)


Startpoint: _27_ (rising edge-triggered flip-flop clocked by clk)
Endpoint: result[1] (output port clocked by clk)
Path Group: clk
Path Type: min

Fanout         Cap        Slew       Delay        Time   Description
---------------------------------------------------------------------------------------------
                                  0.000000    0.000000   clock clk (rise edge)
                                  0.000000    0.000000   clock source latency
     3    0.007619    0.040824    0.026293    0.026293 ^ clk (in)
                                                         clk (net)
                      0.040824    0.000000    0.026293 ^ _27_/CLK (sky130_fd_sc_hd__dfrtp_2)
     3    0.017087    0.074988    0.426612    0.452905 v _27_/Q (sky130_fd_sc_hd__dfrtp_2)
                                                         fsm.pstate[1] (net)
                      0.074988    0.000019    0.452924 v _09_/A (sky130_fd_sc_hd__inv_2)
     3    0.009465    0.054395    0.074532    0.527456 ^ _09_/Y (sky130_fd_sc_hd__inv_2)
                                                         _03_ (net)
                      0.054395    0.000021    0.527476 ^ _12_/A (sky130_fd_sc_hd__or2_4)
     1    0.005000    0.032968    0.109725    0.637202 ^ _12_/X (sky130_fd_sc_hd__or2_4)
                                                         _05_ (net)
                      0.032968    0.000004    0.637206 ^ _13_/A (sky130_fd_sc_hd__buf_6)
     3    0.037899    0.083495    0.125970    0.763176 ^ _13_/X (sky130_fd_sc_hd__buf_6)
                                                         flag_gt_zero (net)
                      0.083495    0.000005    0.763181 ^ _29_/A (sky130_fd_sc_hd__buf_2)
     1    0.034101    0.169474    0.212113    0.975294 ^ _29_/X (sky130_fd_sc_hd__buf_2)
                                                         result[1] (net)
                      0.169474    0.000097    0.975391 ^ result[1] (out)
                                              0.975391   data arrival time

                                  0.000000    0.000000   clock clk (rise edge)
                                  0.000000    0.000000   clock network delay (propagated)
                                  0.250000    0.250000   clock uncertainty
                                  0.000000    0.250000   clock reconvergence pessimism
                                 -5.000000   -4.750000   output external delay
                                             -4.750000   data required time
---------------------------------------------------------------------------------------------
                                             -4.750000   data required time
                                             -0.975391   data arrival time
---------------------------------------------------------------------------------------------
                                              5.725391   slack (MET)



%OL_END_REPORT
%OL_CREATE_REPORT max.rpt

===========================================================================
report_checks -path_delay max (Setup)
============================================================================
======================= nom_tt_025C_1v80 Corner ===================================

Startpoint: _28_ (rising edge-triggered flip-flop clocked by clk)
Endpoint: result[1] (output port clocked by clk)
Path Group: clk
Path Type: max

Fanout         Cap        Slew       Delay        Time   Description
---------------------------------------------------------------------------------------------
                                  0.000000    0.000000   clock clk (rise edge)
                                  0.000000    0.000000   clock source latency
     3    0.007619    0.040824    0.026297    0.026297 ^ clk (in)
                                                         clk (net)
                      0.040824    0.000000    0.026297 ^ _28_/CLK (sky130_fd_sc_hd__dfrtp_2)
     6    0.016753    0.071725    0.425773    0.452070 v _28_/Q (sky130_fd_sc_hd__dfrtp_2)
                                                         fsm.pstate[2] (net)
                      0.071725    0.000059    0.452129 v _10_/A_N (sky130_fd_sc_hd__nand2b_4)
     1    0.004535    0.036379    0.144933    0.597062 v _10_/Y (sky130_fd_sc_hd__nand2b_4)
                                                         _04_ (net)
                      0.036379    0.000004    0.597066 v _11_/A (sky130_fd_sc_hd__buf_6)
     3    0.041219    0.048915    0.138338    0.735404 v _11_/X (sky130_fd_sc_hd__buf_6)
                                                         result[0] (net)
                      0.048915    0.000040    0.735444 v _12_/B (sky130_fd_sc_hd__or2_4)
     1    0.004521    0.046960    0.224260    0.959703 v _12_/X (sky130_fd_sc_hd__or2_4)
                                                         _05_ (net)
                      0.046960    0.000004    0.959707 v _13_/A (sky130_fd_sc_hd__buf_6)
     3    0.037579    0.046078    0.140212    1.099918 v _13_/X (sky130_fd_sc_hd__buf_6)
                                                         flag_gt_zero (net)
                      0.046078    0.000005    1.099923 v _29_/A (sky130_fd_sc_hd__buf_2)
     1    0.034101    0.088888    0.180703    1.280627 v _29_/X (sky130_fd_sc_hd__buf_2)
                                                         result[1] (net)
                      0.088888    0.000097    1.280724 v result[1] (out)
                                              1.280724   data arrival time

                                 25.000000   25.000000   clock clk (rise edge)
                                  0.000000   25.000000   clock network delay (propagated)
                                 -0.250000   24.750000   clock uncertainty
                                  0.000000   24.750000   clock reconvergence pessimism
                                 -5.000000   19.750000   output external delay
                                             19.750000   data required time
---------------------------------------------------------------------------------------------
                                             19.750000   data required time
                                             -1.280724   data arrival time
---------------------------------------------------------------------------------------------
                                             18.469276   slack (MET)


Startpoint: _28_ (rising edge-triggered flip-flop clocked by clk)
Endpoint: result[5] (output port clocked by clk)
Path Group: clk
Path Type: max

Fanout         Cap        Slew       Delay        Time   Description
---------------------------------------------------------------------------------------------
                                  0.000000    0.000000   clock clk (rise edge)
                                  0.000000    0.000000   clock source latency
     3    0.007619    0.040824    0.026297    0.026297 ^ clk (in)
                                                         clk (net)
                      0.040824    0.000000    0.026297 ^ _28_/CLK (sky130_fd_sc_hd__dfrtp_2)
     6    0.016753    0.071725    0.425773    0.452070 v _28_/Q (sky130_fd_sc_hd__dfrtp_2)
                                                         fsm.pstate[2] (net)
                      0.071725    0.000059    0.452129 v _10_/A_N (sky130_fd_sc_hd__nand2b_4)
     1    0.004535    0.036379    0.144933    0.597062 v _10_/Y (sky130_fd_sc_hd__nand2b_4)
                                                         _04_ (net)
                      0.036379    0.000004    0.597066 v _11_/A (sky130_fd_sc_hd__buf_6)
     3    0.041219    0.048915    0.138338    0.735404 v _11_/X (sky130_fd_sc_hd__buf_6)
                                                         result[0] (net)
                      0.048915    0.000040    0.735444 v _12_/B (sky130_fd_sc_hd__or2_4)
     1    0.004521    0.046960    0.224260    0.959703 v _12_/X (sky130_fd_sc_hd__or2_4)
                                                         _05_ (net)
                      0.046960    0.000004    0.959707 v _13_/A (sky130_fd_sc_hd__buf_6)
     3    0.037579    0.046078    0.140212    1.099918 v _13_/X (sky130_fd_sc_hd__buf_6)
                                                         flag_gt_zero (net)
                      0.046078    0.000004    1.099923 v _31_/A (sky130_fd_sc_hd__buf_2)
     1    0.034047    0.088767    0.180613    1.280536 v _31_/X (sky130_fd_sc_hd__buf_2)
                                                         result[5] (net)
                      0.088767    0.000085    1.280620 v result[5] (out)
                                              1.280620   data arrival time

                                 25.000000   25.000000   clock clk (rise edge)
                                  0.000000   25.000000   clock network delay (propagated)
                                 -0.250000   24.750000   clock uncertainty
                                  0.000000   24.750000   clock reconvergence pessimism
                                 -5.000000   19.750000   output external delay
                                             19.750000   data required time
---------------------------------------------------------------------------------------------
                                             19.750000   data required time
                                             -1.280620   data arrival time
---------------------------------------------------------------------------------------------
                                             18.469379   slack (MET)


Startpoint: _26_ (rising edge-triggered flip-flop clocked by clk)
Endpoint: result[2] (output port clocked by clk)
Path Group: clk
Path Type: max

Fanout         Cap        Slew       Delay        Time   Description
---------------------------------------------------------------------------------------------
                                  0.000000    0.000000   clock clk (rise edge)
                                  0.000000    0.000000   clock source latency
     3    0.007619    0.040824    0.026284    0.026284 ^ clk (in)
                                                         clk (net)
                      0.040824    0.000000    0.026284 ^ _26_/CLK (sky130_fd_sc_hd__dfrtp_2)
     5    0.028192    0.098208    0.453538    0.479821 v _26_/Q (sky130_fd_sc_hd__dfrtp_2)
                                                         fsm.pstate[0] (net)
                      0.098208    0.000091    0.479913 v _14_/A1 (sky130_fd_sc_hd__o21bai_2)
     2    0.036808    0.423819    0.396160    0.876073 ^ _14_/Y (sky130_fd_sc_hd__o21bai_2)
                                                         result[6] (net)
                      0.423819    0.000159    0.876231 ^ _30_/A (sky130_fd_sc_hd__buf_2)
     1    0.034309    0.171780    0.292752    1.168983 ^ _30_/X (sky130_fd_sc_hd__buf_2)
                                                         result[2] (net)
                      0.171780    0.000200    1.169183 ^ result[2] (out)
                                              1.169183   data arrival time

                                 25.000000   25.000000   clock clk (rise edge)
                                  0.000000   25.000000   clock network delay (propagated)
                                 -0.250000   24.750000   clock uncertainty
                                  0.000000   24.750000   clock reconvergence pessimism
                                 -5.000000   19.750000   output external delay
                                             19.750000   data required time
---------------------------------------------------------------------------------------------
                                             19.750000   data required time
                                             -1.169183   data arrival time
---------------------------------------------------------------------------------------------
                                             18.580818   slack (MET)


Startpoint: _28_ (rising edge-triggered flip-flop clocked by clk)
Endpoint: flag_gt_zero (output port clocked by clk)
Path Group: clk
Path Type: max

Fanout         Cap        Slew       Delay        Time   Description
---------------------------------------------------------------------------------------------
                                  0.000000    0.000000   clock clk (rise edge)
                                  0.000000    0.000000   clock source latency
     3    0.007619    0.040824    0.026297    0.026297 ^ clk (in)
                                                         clk (net)
                      0.040824    0.000000    0.026297 ^ _28_/CLK (sky130_fd_sc_hd__dfrtp_2)
     6    0.016753    0.071725    0.425773    0.452070 v _28_/Q (sky130_fd_sc_hd__dfrtp_2)
                                                         fsm.pstate[2] (net)
                      0.071725    0.000059    0.452129 v _10_/A_N (sky130_fd_sc_hd__nand2b_4)
     1    0.004535    0.036379    0.144933    0.597062 v _10_/Y (sky130_fd_sc_hd__nand2b_4)
                                                         _04_ (net)
                      0.036379    0.000004    0.597066 v _11_/A (sky130_fd_sc_hd__buf_6)
     3    0.041219    0.048915    0.138338    0.735404 v _11_/X (sky130_fd_sc_hd__buf_6)
                                                         result[0] (net)
                      0.048915    0.000040    0.735444 v _12_/B (sky130_fd_sc_hd__or2_4)
     1    0.004521    0.046960    0.224260    0.959703 v _12_/X (sky130_fd_sc_hd__or2_4)
                                                         _05_ (net)
                      0.046960    0.000004    0.959707 v _13_/A (sky130_fd_sc_hd__buf_6)
     3    0.037579    0.046078    0.140212    1.099918 v _13_/X (sky130_fd_sc_hd__buf_6)
                                                         flag_gt_zero (net)
                      0.046078    0.000103    1.100021 v flag_gt_zero (out)
                                              1.100021   data arrival time

                                 25.000000   25.000000   clock clk (rise edge)
                                  0.000000   25.000000   clock network delay (propagated)
                                 -0.250000   24.750000   clock uncertainty
                                  0.000000   24.750000   clock reconvergence pessimism
                                 -5.000000   19.750000   output external delay
                                             19.750000   data required time
---------------------------------------------------------------------------------------------
                                             19.750000   data required time
                                             -1.100021   data arrival time
---------------------------------------------------------------------------------------------
                                             18.649979   slack (MET)


Startpoint: _26_ (rising edge-triggered flip-flop clocked by clk)
Endpoint: result[4] (output port clocked by clk)
Path Group: clk
Path Type: max

Fanout         Cap        Slew       Delay        Time   Description
---------------------------------------------------------------------------------------------
                                  0.000000    0.000000   clock clk (rise edge)
                                  0.000000    0.000000   clock source latency
     3    0.007619    0.040824    0.026284    0.026284 ^ clk (in)
                                                         clk (net)
                      0.040824    0.000000    0.026284 ^ _26_/CLK (sky130_fd_sc_hd__dfrtp_2)
     5    0.030762    0.157768    0.435792    0.462076 ^ _26_/Q (sky130_fd_sc_hd__dfrtp_2)
                                                         fsm.pstate[0] (net)
                      0.157768    0.000128    0.462204 ^ _17_/B_N (sky130_fd_sc_hd__or2b_2)
     1    0.002149    0.049613    0.302077    0.764281 v _17_/X (sky130_fd_sc_hd__or2b_2)
                                                         _07_ (net)
                      0.049613    0.000001    0.764282 v _18_/A (sky130_fd_sc_hd__buf_1)
     1    0.034027    0.197814    0.223103    0.987385 v _18_/X (sky130_fd_sc_hd__buf_1)
                                                         result[4] (net)
                      0.197814    0.000082    0.987467 v result[4] (out)
                                              0.987467   data arrival time

                                 25.000000   25.000000   clock clk (rise edge)
                                  0.000000   25.000000   clock network delay (propagated)
                                 -0.250000   24.750000   clock uncertainty
                                  0.000000   24.750000   clock reconvergence pessimism
                                 -5.000000   19.750000   output external delay
                                             19.750000   data required time
---------------------------------------------------------------------------------------------
                                             19.750000   data required time
                                             -0.987467   data arrival time
---------------------------------------------------------------------------------------------
                                             18.762531   slack (MET)


Startpoint: _27_ (rising edge-triggered flip-flop clocked by clk)
Endpoint: result[3] (output port clocked by clk)
Path Group: clk
Path Type: max

Fanout         Cap        Slew       Delay        Time   Description
---------------------------------------------------------------------------------------------
                                  0.000000    0.000000   clock clk (rise edge)
                                  0.000000    0.000000   clock source latency
     3    0.007619    0.040824    0.026293    0.026293 ^ clk (in)
                                                         clk (net)
                      0.040824    0.000000    0.026293 ^ _27_/CLK (sky130_fd_sc_hd__dfrtp_2)
     3    0.018426    0.106869    0.393520    0.419813 ^ _27_/Q (sky130_fd_sc_hd__dfrtp_2)
                                                         fsm.pstate[1] (net)
                      0.106869    0.000020    0.419833 ^ _09_/A (sky130_fd_sc_hd__inv_2)
     3    0.008619    0.036830    0.052856    0.472689 v _09_/Y (sky130_fd_sc_hd__inv_2)
                                                         _03_ (net)
                      0.036830    0.000019    0.472708 v _15_/A (sky130_fd_sc_hd__or2_2)
     1    0.002258    0.052481    0.280142    0.752850 v _15_/X (sky130_fd_sc_hd__or2_2)
                                                         _06_ (net)
                      0.052481    0.000002    0.752853 v _16_/A (sky130_fd_sc_hd__buf_1)
     1    0.034037    0.197913    0.224403    0.977255 v _16_/X (sky130_fd_sc_hd__buf_1)
                                                         result[3] (net)
                      0.197913    0.000084    0.977339 v result[3] (out)
                                              0.977339   data arrival time

                                 25.000000   25.000000   clock clk (rise edge)
                                  0.000000   25.000000   clock network delay (propagated)
                                 -0.250000   24.750000   clock uncertainty
                                  0.000000   24.750000   clock reconvergence pessimism
                                 -5.000000   19.750000   output external delay
                                             19.750000   data required time
---------------------------------------------------------------------------------------------
                                             19.750000   data required time
                                             -0.977339   data arrival time
---------------------------------------------------------------------------------------------
                                             18.772661   slack (MET)


Startpoint: _26_ (rising edge-triggered flip-flop clocked by clk)
Endpoint: result[6] (output port clocked by clk)
Path Group: clk
Path Type: max

Fanout         Cap        Slew       Delay        Time   Description
---------------------------------------------------------------------------------------------
                                  0.000000    0.000000   clock clk (rise edge)
                                  0.000000    0.000000   clock source latency
     3    0.007619    0.040824    0.026284    0.026284 ^ clk (in)
                                                         clk (net)
                      0.040824    0.000000    0.026284 ^ _26_/CLK (sky130_fd_sc_hd__dfrtp_2)
     5    0.028192    0.098208    0.453538    0.479821 v _26_/Q (sky130_fd_sc_hd__dfrtp_2)
                                                         fsm.pstate[0] (net)
                      0.098208    0.000091    0.479913 v _14_/A1 (sky130_fd_sc_hd__o21bai_2)
     2    0.036808    0.423819    0.396160    0.876073 ^ _14_/Y (sky130_fd_sc_hd__o21bai_2)
                                                         result[6] (net)
                      0.423819    0.000362    0.876435 ^ result[6] (out)
                                              0.876435   data arrival time

                                 25.000000   25.000000   clock clk (rise edge)
                                  0.000000   25.000000   clock network delay (propagated)
                                 -0.250000   24.750000   clock uncertainty
                                  0.000000   24.750000   clock reconvergence pessimism
                                 -5.000000   19.750000   output external delay
                                             19.750000   data required time
---------------------------------------------------------------------------------------------
                                             19.750000   data required time
                                             -0.876435   data arrival time
---------------------------------------------------------------------------------------------
                                             18.873564   slack (MET)


Startpoint: _28_ (rising edge-triggered flip-flop clocked by clk)
Endpoint: result[0] (output port clocked by clk)
Path Group: clk
Path Type: max

Fanout         Cap        Slew       Delay        Time   Description
---------------------------------------------------------------------------------------------
                                  0.000000    0.000000   clock clk (rise edge)
                                  0.000000    0.000000   clock source latency
     3    0.007619    0.040824    0.026297    0.026297 ^ clk (in)
                                                         clk (net)
                      0.040824    0.000000    0.026297 ^ _28_/CLK (sky130_fd_sc_hd__dfrtp_2)
     6    0.016753    0.071725    0.425773    0.452070 v _28_/Q (sky130_fd_sc_hd__dfrtp_2)
                                                         fsm.pstate[2] (net)
                      0.071725    0.000059    0.452129 v _10_/A_N (sky130_fd_sc_hd__nand2b_4)
     1    0.004535    0.036379    0.144933    0.597062 v _10_/Y (sky130_fd_sc_hd__nand2b_4)
                                                         _04_ (net)
                      0.036379    0.000004    0.597066 v _11_/A (sky130_fd_sc_hd__buf_6)
     3    0.041219    0.048915    0.138338    0.735404 v _11_/X (sky130_fd_sc_hd__buf_6)
                                                         result[0] (net)
                      0.048915    0.000127    0.735531 v result[0] (out)
                                              0.735531   data arrival time

                                 25.000000   25.000000   clock clk (rise edge)
                                  0.000000   25.000000   clock network delay (propagated)
                                 -0.250000   24.750000   clock uncertainty
                                  0.000000   24.750000   clock reconvergence pessimism
                                 -5.000000   19.750000   output external delay
                                             19.750000   data required time
---------------------------------------------------------------------------------------------
                                             19.750000   data required time
                                             -0.735531   data arrival time
---------------------------------------------------------------------------------------------
                                             19.014469   slack (MET)


Startpoint: reset (input port clocked by clk)
Endpoint: _27_ (recovery check against rising-edge clock clk)
Path Group: asynchronous
Path Type: max

Fanout         Cap        Slew       Delay        Time   Description
---------------------------------------------------------------------------------------------
                                  0.000000    0.000000   clock clk (rise edge)
                                  0.000000    0.000000   clock network delay (propagated)
                                  5.000000    5.000000 v input external delay
     3    0.014909    0.035043    0.024075    5.024076 v reset (in)
                                                         reset (net)
                      0.035044    0.000000    5.024076 v _24_/A (sky130_fd_sc_hd__inv_2)
     1    0.003807    0.026201    0.039441    5.063517 ^ _24_/Y (sky130_fd_sc_hd__inv_2)
                                                         _01_ (net)
                      0.026201    0.000004    5.063520 ^ _27_/RESET_B (sky130_fd_sc_hd__dfrtp_2)
                                              5.063520   data arrival time

                                 25.000000   25.000000   clock clk (rise edge)
                                  0.000000   25.000000   clock source latency
     3    0.007619    0.040824    0.026294   25.026293 ^ clk (in)
                                                         clk (net)
                      0.040824    0.000000   25.026293 ^ _27_/CLK (sky130_fd_sc_hd__dfrtp_2)
                                 -0.250000   24.776293   clock uncertainty
                                  0.000000   24.776293   clock reconvergence pessimism
                                  0.223516   24.999809   library recovery time
                                             24.999809   data required time
---------------------------------------------------------------------------------------------
                                             24.999809   data required time
                                             -5.063520   data arrival time
---------------------------------------------------------------------------------------------
                                             19.936287   slack (MET)


Startpoint: reset (input port clocked by clk)
Endpoint: _28_ (recovery check against rising-edge clock clk)
Path Group: asynchronous
Path Type: max

Fanout         Cap        Slew       Delay        Time   Description
---------------------------------------------------------------------------------------------
                                  0.000000    0.000000   clock clk (rise edge)
                                  0.000000    0.000000   clock network delay (propagated)
                                  5.000000    5.000000 v input external delay
     3    0.014909    0.035043    0.024082    5.024082 v reset (in)
                                                         reset (net)
                      0.035044    0.000000    5.024082 v _25_/A (sky130_fd_sc_hd__inv_2)
     1    0.003763    0.026026    0.039287    5.063369 ^ _25_/Y (sky130_fd_sc_hd__inv_2)
                                                         _02_ (net)
                      0.026026    0.000003    5.063372 ^ _28_/RESET_B (sky130_fd_sc_hd__dfrtp_2)
                                              5.063372   data arrival time

                                 25.000000   25.000000   clock clk (rise edge)
                                  0.000000   25.000000   clock source latency
     3    0.007619    0.040824    0.026297   25.026297 ^ clk (in)
                                                         clk (net)
                      0.040824    0.000000   25.026297 ^ _28_/CLK (sky130_fd_sc_hd__dfrtp_2)
                                 -0.250000   24.776297   clock uncertainty
                                  0.000000   24.776297   clock reconvergence pessimism
                                  0.223568   24.999866   library recovery time
                                             24.999866   data required time
---------------------------------------------------------------------------------------------
                                             24.999866   data required time
                                             -5.063372   data arrival time
---------------------------------------------------------------------------------------------
                                             19.936495   slack (MET)


Startpoint: reset (input port clocked by clk)
Endpoint: _26_ (recovery check against rising-edge clock clk)
Path Group: asynchronous
Path Type: max

Fanout         Cap        Slew       Delay        Time   Description
---------------------------------------------------------------------------------------------
                                  0.000000    0.000000   clock clk (rise edge)
                                  0.000000    0.000000   clock network delay (propagated)
                                  5.000000    5.000000 v input external delay
     3    0.014909    0.035043    0.024058    5.024058 v reset (in)
                                                         reset (net)
                      0.035044    0.000000    5.024058 v _23_/A (sky130_fd_sc_hd__inv_2)
     1    0.003741    0.025942    0.039213    5.063271 ^ _23_/Y (sky130_fd_sc_hd__inv_2)
                                                         _00_ (net)
                      0.025942    0.000003    5.063274 ^ _26_/RESET_B (sky130_fd_sc_hd__dfrtp_2)
                                              5.063274   data arrival time

                                 25.000000   25.000000   clock clk (rise edge)
                                  0.000000   25.000000   clock source latency
     3    0.007619    0.040824    0.026283   25.026281 ^ clk (in)
                                                         clk (net)
                      0.040824    0.000000   25.026281 ^ _26_/CLK (sky130_fd_sc_hd__dfrtp_2)
                                 -0.250000   24.776283   clock uncertainty
                                  0.000000   24.776283   clock reconvergence pessimism
                                  0.223593   24.999876   library recovery time
                                             24.999876   data required time
---------------------------------------------------------------------------------------------
                                             24.999876   data required time
                                             -5.063274   data arrival time
---------------------------------------------------------------------------------------------
                                             19.936602   slack (MET)


Startpoint: _28_ (rising edge-triggered flip-flop clocked by clk)
Endpoint: _28_ (rising edge-triggered flip-flop clocked by clk)
Path Group: clk
Path Type: max

Fanout         Cap        Slew       Delay        Time   Description
---------------------------------------------------------------------------------------------
                                  0.000000    0.000000   clock clk (rise edge)
                                  0.000000    0.000000   clock source latency
     3    0.007619    0.040824    0.026297    0.026297 ^ clk (in)
                                                         clk (net)
                      0.040824    0.000000    0.026297 ^ _28_/CLK (sky130_fd_sc_hd__dfrtp_2)
     6    0.016753    0.071725    0.425773    0.452070 v _28_/Q (sky130_fd_sc_hd__dfrtp_2)
                                                         fsm.pstate[2] (net)
                      0.071725    0.000059    0.452129 v _10_/A_N (sky130_fd_sc_hd__nand2b_4)
     1    0.004535    0.036379    0.144933    0.597062 v _10_/Y (sky130_fd_sc_hd__nand2b_4)
                                                         _04_ (net)
                      0.036379    0.000004    0.597066 v _11_/A (sky130_fd_sc_hd__buf_6)
     3    0.041219    0.048915    0.138338    0.735404 v _11_/X (sky130_fd_sc_hd__buf_6)
                                                         result[0] (net)
                      0.048915    0.000042    0.735446 v _22_/B (sky130_fd_sc_hd__nor2_2)
     1    0.003334    0.066031    0.074714    0.810160 ^ _22_/Y (sky130_fd_sc_hd__nor2_2)
                                                         fsm.nstate[2] (net)
                      0.066031    0.000015    0.810175 ^ _28_/D (sky130_fd_sc_hd__dfrtp_2)
                                              0.810175   data arrival time

                                 25.000000   25.000000   clock clk (rise edge)
                                  0.000000   25.000000   clock source latency
     3    0.007619    0.040824    0.026297   25.026297 ^ clk (in)
                                                         clk (net)
                      0.040824    0.000000   25.026297 ^ _28_/CLK (sky130_fd_sc_hd__dfrtp_2)
                                 -0.250000   24.776297   clock uncertainty
                                  0.000000   24.776297   clock reconvergence pessimism
                                 -0.069051   24.707247   library setup time
                                             24.707247   data required time
---------------------------------------------------------------------------------------------
                                             24.707247   data required time
                                             -0.810175   data arrival time
---------------------------------------------------------------------------------------------
                                             23.897072   slack (MET)


Startpoint: _26_ (rising edge-triggered flip-flop clocked by clk)
Endpoint: _27_ (rising edge-triggered flip-flop clocked by clk)
Path Group: clk
Path Type: max

Fanout         Cap        Slew       Delay        Time   Description
---------------------------------------------------------------------------------------------
                                  0.000000    0.000000   clock clk (rise edge)
                                  0.000000    0.000000   clock source latency
     3    0.007619    0.040824    0.026284    0.026284 ^ clk (in)
                                                         clk (net)
                      0.040824    0.000000    0.026284 ^ _26_/CLK (sky130_fd_sc_hd__dfrtp_2)
     5    0.028192    0.098208    0.453538    0.479821 v _26_/Q (sky130_fd_sc_hd__dfrtp_2)
                                                         fsm.pstate[0] (net)
                      0.098208    0.000081    0.479902 v _20_/A (sky130_fd_sc_hd__xnor2_2)
     1    0.004891    0.124553    0.172102    0.652004 ^ _20_/Y (sky130_fd_sc_hd__xnor2_2)
                                                         _08_ (net)
                      0.124553    0.000003    0.652007 ^ _21_/B (sky130_fd_sc_hd__nor2_2)
     1    0.002929    0.030563    0.041974    0.693982 v _21_/Y (sky130_fd_sc_hd__nor2_2)
                                                         fsm.nstate[1] (net)
                      0.030563    0.000010    0.693992 v _27_/D (sky130_fd_sc_hd__dfrtp_2)
                                              0.693992   data arrival time

                                 25.000000   25.000000   clock clk (rise edge)
                                  0.000000   25.000000   clock source latency
     3    0.007619    0.040824    0.026294   25.026293 ^ clk (in)
                                                         clk (net)
                      0.040824    0.000000   25.026293 ^ _27_/CLK (sky130_fd_sc_hd__dfrtp_2)
                                 -0.250000   24.776293   clock uncertainty
                                  0.000000   24.776293   clock reconvergence pessimism
                                 -0.110124   24.666170   library setup time
                                             24.666170   data required time
---------------------------------------------------------------------------------------------
                                             24.666170   data required time
                                             -0.693992   data arrival time
---------------------------------------------------------------------------------------------
                                             23.972178   slack (MET)


Startpoint: _26_ (rising edge-triggered flip-flop clocked by clk)
Endpoint: _26_ (rising edge-triggered flip-flop clocked by clk)
Path Group: clk
Path Type: max

Fanout         Cap        Slew       Delay        Time   Description
---------------------------------------------------------------------------------------------
                                  0.000000    0.000000   clock clk (rise edge)
                                  0.000000    0.000000   clock source latency
     3    0.007619    0.040824    0.026284    0.026284 ^ clk (in)
                                                         clk (net)
                      0.040824    0.000000    0.026284 ^ _26_/CLK (sky130_fd_sc_hd__dfrtp_2)
     5    0.028192    0.098208    0.453538    0.479821 v _26_/Q (sky130_fd_sc_hd__dfrtp_2)
                                                         fsm.pstate[0] (net)
                      0.098208    0.000026    0.479848 v _19_/A (sky130_fd_sc_hd__nor2_2)
     1    0.002986    0.065446    0.114643    0.594491 ^ _19_/Y (sky130_fd_sc_hd__nor2_2)
                                                         fsm.nstate[0] (net)
                      0.065446    0.000011    0.594501 ^ _26_/D (sky130_fd_sc_hd__dfrtp_2)
                                              0.594501   data arrival time

                                 25.000000   25.000000   clock clk (rise edge)
                                  0.000000   25.000000   clock source latency
     3    0.007619    0.040824    0.026283   25.026281 ^ clk (in)
                                                         clk (net)
                      0.040824    0.000000   25.026281 ^ _26_/CLK (sky130_fd_sc_hd__dfrtp_2)
                                 -0.250000   24.776283   clock uncertainty
                                  0.000000   24.776283   clock reconvergence pessimism
                                 -0.068914   24.707369   library setup time
                                             24.707369   data required time
---------------------------------------------------------------------------------------------
                                             24.707369   data required time
                                             -0.594501   data arrival time
---------------------------------------------------------------------------------------------
                                             24.112869   slack (MET)



%OL_END_REPORT
%OL_CREATE_REPORT checks.rpt

===========================================================================
report_checks -unconstrained
===========================================================================
======================= nom_tt_025C_1v80 Corner ===================================

Startpoint: reset (input port clocked by clk)
Endpoint: _27_ (recovery check against rising-edge clock clk)
Path Group: asynchronous
Path Type: max

Fanout         Cap        Slew       Delay        Time   Description
---------------------------------------------------------------------------------------------
                                  0.000000    0.000000   clock clk (rise edge)
                                  0.000000    0.000000   clock network delay (propagated)
                                  5.000000    5.000000 v input external delay
     3    0.014909    0.035043    0.024075    5.024076 v reset (in)
                                                         reset (net)
                      0.035044    0.000000    5.024076 v _24_/A (sky130_fd_sc_hd__inv_2)
     1    0.003807    0.026201    0.039441    5.063517 ^ _24_/Y (sky130_fd_sc_hd__inv_2)
                                                         _01_ (net)
                      0.026201    0.000004    5.063520 ^ _27_/RESET_B (sky130_fd_sc_hd__dfrtp_2)
                                              5.063520   data arrival time

                                 25.000000   25.000000   clock clk (rise edge)
                                  0.000000   25.000000   clock source latency
     3    0.007619    0.040824    0.026294   25.026293 ^ clk (in)
                                                         clk (net)
                      0.040824    0.000000   25.026293 ^ _27_/CLK (sky130_fd_sc_hd__dfrtp_2)
                                 -0.250000   24.776293   clock uncertainty
                                  0.000000   24.776293   clock reconvergence pessimism
                                  0.223516   24.999809   library recovery time
                                             24.999809   data required time
---------------------------------------------------------------------------------------------
                                             24.999809   data required time
                                             -5.063520   data arrival time
---------------------------------------------------------------------------------------------
                                             19.936287   slack (MET)


Startpoint: _28_ (rising edge-triggered flip-flop clocked by clk)
Endpoint: result[1] (output port clocked by clk)
Path Group: clk
Path Type: max

Fanout         Cap        Slew       Delay        Time   Description
---------------------------------------------------------------------------------------------
                                  0.000000    0.000000   clock clk (rise edge)
                                  0.000000    0.000000   clock source latency
     3    0.007619    0.040824    0.026297    0.026297 ^ clk (in)
                                                         clk (net)
                      0.040824    0.000000    0.026297 ^ _28_/CLK (sky130_fd_sc_hd__dfrtp_2)
     6    0.016753    0.071725    0.425773    0.452070 v _28_/Q (sky130_fd_sc_hd__dfrtp_2)
                                                         fsm.pstate[2] (net)
                      0.071725    0.000059    0.452129 v _10_/A_N (sky130_fd_sc_hd__nand2b_4)
     1    0.004535    0.036379    0.144933    0.597062 v _10_/Y (sky130_fd_sc_hd__nand2b_4)
                                                         _04_ (net)
                      0.036379    0.000004    0.597066 v _11_/A (sky130_fd_sc_hd__buf_6)
     3    0.041219    0.048915    0.138338    0.735404 v _11_/X (sky130_fd_sc_hd__buf_6)
                                                         result[0] (net)
                      0.048915    0.000040    0.735444 v _12_/B (sky130_fd_sc_hd__or2_4)
     1    0.004521    0.046960    0.224260    0.959703 v _12_/X (sky130_fd_sc_hd__or2_4)
                                                         _05_ (net)
                      0.046960    0.000004    0.959707 v _13_/A (sky130_fd_sc_hd__buf_6)
     3    0.037579    0.046078    0.140212    1.099918 v _13_/X (sky130_fd_sc_hd__buf_6)
                                                         flag_gt_zero (net)
                      0.046078    0.000005    1.099923 v _29_/A (sky130_fd_sc_hd__buf_2)
     1    0.034101    0.088888    0.180703    1.280627 v _29_/X (sky130_fd_sc_hd__buf_2)
                                                         result[1] (net)
                      0.088888    0.000097    1.280724 v result[1] (out)
                                              1.280724   data arrival time

                                 25.000000   25.000000   clock clk (rise edge)
                                  0.000000   25.000000   clock network delay (propagated)
                                 -0.250000   24.750000   clock uncertainty
                                  0.000000   24.750000   clock reconvergence pessimism
                                 -5.000000   19.750000   output external delay
                                             19.750000   data required time
---------------------------------------------------------------------------------------------
                                             19.750000   data required time
                                             -1.280724   data arrival time
---------------------------------------------------------------------------------------------
                                             18.469276   slack (MET)




===========================================================================
report_checks --slack_max -0.01
============================================================================
======================= nom_tt_025C_1v80 Corner ===================================

No paths found.


===========================================================================
 report_check_types -max_slew -max_cap -max_fanout -violators
============================================================================
======================= nom_tt_025C_1v80 Corner ===================================



===========================================================================
report_parasitic_annotation -report_unannotated
============================================================================
Found 0 unannotated drivers.
Found 0 partially unannotated drivers.

===========================================================================
max slew violation count 0
Writing metric design__max_slew_violation__count__corner:nom_tt_025C_1v80: 0
max fanout violation count 0
Writing metric design__max_fanout_violation__count__corner:nom_tt_025C_1v80: 0
max cap violation count 0
Writing metric design__max_cap_violation__count__corner:nom_tt_025C_1v80: 0
============================================================================

===========================================================================
check_setup -verbose -unconstrained_endpoints -multiple_clock -no_clock -no_input_delay -loops -generated_clocks
===========================================================================
%OL_END_REPORT
%OL_CREATE_REPORT power.rpt

===========================================================================
 report_power
============================================================================
======================= nom_tt_025C_1v80 Corner ===================================

Group                    Internal    Switching      Leakage        Total
                            Power        Power        Power        Power (Watts)
------------------------------------------------------------------------
Sequential           4.891430e-06 0.000000e+00 3.085342e-11 4.891461e-06  97.6%
Combinational        4.634076e-08 7.329902e-08 1.007407e-10 1.197405e-07   2.4%
Clock                0.000000e+00 0.000000e+00 6.480075e-11 6.480075e-11   0.0%
Macro                0.000000e+00 0.000000e+00 0.000000e+00 0.000000e+00   0.0%
Pad                  0.000000e+00 0.000000e+00 0.000000e+00 0.000000e+00   0.0%
------------------------------------------------------------------------
Total                4.937770e-06 7.329902e-08 1.963948e-10 5.011266e-06 100.0%
                            98.5%         1.5%         0.0%
Writing metric power__internal__total: 4.9377704272046685e-6
Writing metric power__switching__total: 7.329902018682333e-8
Writing metric power__leakage__total: 1.9639478932020893e-10
Writing metric power__total: 5.011265784560237e-6

%OL_END_REPORT
%OL_CREATE_REPORT skew.min.rpt

===========================================================================
Clock Skew (Hold)
============================================================================
Writing metric clock__skew__worst_hold__corner:nom_tt_025C_1v80: -0.2500136002324363
======================= nom_tt_025C_1v80 Corner ===================================

Clock clk
0.026284 source latency _26_/CLK ^
-0.026297 target latency _28_/CLK ^
-0.250000 clock uncertainty
0.000000 CRPR
--------------
-0.250014 hold skew

%OL_END_REPORT
%OL_CREATE_REPORT skew.max.rpt

===========================================================================
Clock Skew (Setup)
============================================================================
Writing metric clock__skew__worst_setup__corner:nom_tt_025C_1v80: 0.2500136002324363
======================= nom_tt_025C_1v80 Corner ===================================

Clock clk
0.026297 source latency _28_/CLK ^
-0.026284 target latency _26_/CLK ^
0.250000 clock uncertainty
0.000000 CRPR
--------------
0.250014 setup skew

%OL_END_REPORT
%OL_CREATE_REPORT ws.min.rpt

===========================================================================
Worst Slack (Hold)
============================================================================
Writing metric timing__hold__ws__corner:nom_tt_025C_1v80: 0.21826305269818064
nom_tt_025C_1v80: 0.21826305269818064
%OL_END_REPORT
%OL_CREATE_REPORT ws.max.rpt

===========================================================================
Worst Slack (Setup)
============================================================================
Writing metric timing__setup__ws__corner:nom_tt_025C_1v80: 18.469276408792567
nom_tt_025C_1v80: 18.469276408792567
%OL_END_REPORT
%OL_CREATE_REPORT tns.min.rpt

===========================================================================
Total Negative Slack (Hold)
============================================================================
Writing metric timing__hold__tns__corner:nom_tt_025C_1v80: 0.0
nom_tt_025C_1v80: 0.0
%OL_END_REPORT
%OL_CREATE_REPORT tns.max.rpt

===========================================================================
Total Negative Slack (Setup)
============================================================================
Writing metric timing__setup__tns__corner:nom_tt_025C_1v80: 0.0
nom_tt_025C_1v80: 0.0
%OL_END_REPORT
%OL_CREATE_REPORT wns.min.rpt

===========================================================================
Worst Negative Slack (Hold)
============================================================================
Writing metric timing__hold__wns__corner:nom_tt_025C_1v80: 0
nom_tt_025C_1v80: 0
%OL_END_REPORT
%OL_CREATE_REPORT wns.max.rpt

===========================================================================
Worst Negative Slack (Setup)
============================================================================
Writing metric timing__setup__wns__corner:nom_tt_025C_1v80: 0.0
nom_tt_025C_1v80: 0.0
%OL_END_REPORT
%OL_CREATE_REPORT violator_list.rpt

===========================================================================
Violator List
============================================================================
Writing metric timing__hold_vio__count__corner:nom_tt_025C_1v80: 0
Writing metric timing__hold_r2r__ws__corner:nom_tt_025C_1v80: 0.218263
Writing metric timing__hold_r2r_vio__count__corner:nom_tt_025C_1v80: 0
Writing metric timing__setup_vio__count__corner:nom_tt_025C_1v80: 0
Writing metric timing__setup_r2r__ws__corner:nom_tt_025C_1v80: 23.897072
Writing metric timing__setup_r2r_vio__count__corner:nom_tt_025C_1v80: 0
%OL_END_REPORT
%OL_CREATE_REPORT unpropagated.rpt
%OL_END_REPORT
%OL_CREATE_REPORT clock.rpt
Clock: clk
Sources: clk 
Generated: no
Virtual: yes
Propagated: no
Period: 25.000000

===========================================================================
report_clock_properties
============================================================================
Clock                   Period          Waveform
----------------------------------------------------
clk                  25.000000    0.000000 12.500000

===========================================================================
report_clock_latency
============================================================================
Clock clk
rise -> rise
    min     max
0.000000 0.000000 source latency
0.026284         network latency _26_/CLK
        0.026297 network latency _28_/CLK
---------------
0.026284 0.026297 latency
        0.000014 skew

fall -> fall
    min     max
0.000000 0.000000 source latency
0.011593         network latency _26_/CLK
        0.011607 network latency _28_/CLK
---------------
0.011593 0.011607 latency
        0.000013 skew



===========================================================================
report_clock_min_period
============================================================================
clk period_min = 1.10 fmax = 906.68
%OL_END_REPORT
