Reading timing models for corner nom_tt_025C_1v80…
Reading timing library for the 'nom_tt_025C_1v80' corner at '/foss/pdks/sky130A/libs.ref/sky130_fd_sc_hd/lib/sky130_fd_sc_hd__tt_025C_1v80.lib'…
Reading timing models for corner nom_ff_n40C_1v95…
Reading timing library for the 'nom_ff_n40C_1v95' corner at '/foss/pdks/sky130A/libs.ref/sky130_fd_sc_hd/lib/sky130_fd_sc_hd__ff_n40C_1v95.lib'…
Reading timing models for corner nom_ss_100C_1v60…
Reading timing library for the 'nom_ss_100C_1v60' corner at '/foss/pdks/sky130A/libs.ref/sky130_fd_sc_hd/lib/sky130_fd_sc_hd__ss_100C_1v60.lib'…
Reading OpenROAD database at '/foss/designs/ALU/runs/RUN_2025-06-09_05-56-58/27-openroad-globalplacement/top.odb'…
Reading design constraints file at '/usr/local/lib/python3.12/dist-packages/openlane/scripts/base.sdc'…
[INFO] Using clock clk…
[INFO] Setting output delay to: 5.0
[INFO] Setting input delay to: 5.0
[INFO] Setting load to: 0.033442
[INFO] Setting clock uncertainty to: 0.25
[INFO] Setting clock transition to: 0.1499999999999999944488848768742172978818416595458984375
[INFO] Setting timing derate to: 5%
[INFO] Setting RC values…
[INFO RSZ-0027] Inserted 1 input buffers.
[INFO RSZ-0028] Inserted 8 output buffers.
[INFO RSZ-0058] Using max wire length 6335um.
Iteration | Resized | Buffers | Nets repaired | Remaining
---------------------------------------------------------
        0 |       0 |       0 |             0 |        34
       10 |       9 |       0 |             0 |        24
       20 |      19 |       0 |             0 |        14
       30 |      27 |       0 |             0 |         4
    final |      28 |       0 |             0 |         0
---------------------------------------------------------
[INFO RSZ-0039] Resized 28 instances.
Placement Analysis
---------------------------------
total displacement         65.3 u
average displacement        1.0 u
max displacement            5.0 u
original HPWL             253.4 u
legalized HPWL            303.4 u
delta HPWL                   20 %

[INFO DPL-0020] Mirrored 9 instances
[INFO DPL-0021] HPWL before             303.4 u
[INFO DPL-0022] HPWL after              297.0 u
[INFO DPL-0023] HPWL delta               -2.1 %
[INFO] Setting RC values…
Setting global connections for newly added cells…
[INFO] Setting global connections...
Updating metrics…
Cell type report:                       Count       Area
  Fill cell                                20      75.07
  Tap cell                                 12      15.01
  Buffer                                    7      26.28
  Timing Repair Buffer                      9      52.55
  Inverter                                  4      15.01
  Sequential cell                           3      75.07
  Multi-Input combinational cell            9      53.80
  Total                                    64     312.80
Writing OpenROAD database to '/foss/designs/ALU/runs/RUN_2025-06-09_05-56-58/31-openroad-repairdesignpostgpl/top.odb'…
Writing netlist to '/foss/designs/ALU/runs/RUN_2025-06-09_05-56-58/31-openroad-repairdesignpostgpl/top.nl.v'…
Writing powered netlist to '/foss/designs/ALU/runs/RUN_2025-06-09_05-56-58/31-openroad-repairdesignpostgpl/top.pnl.v'…
Writing layout to '/foss/designs/ALU/runs/RUN_2025-06-09_05-56-58/31-openroad-repairdesignpostgpl/top.def'…
Writing timing constraints to '/foss/designs/ALU/runs/RUN_2025-06-09_05-56-58/31-openroad-repairdesignpostgpl/top.sdc'…
