Clock: clk
Sources: clk 
Generated: no
Virtual: yes
Propagated: no
Period: 25.000000

===========================================================================
report_clock_properties
============================================================================
Clock                   Period          Waveform
----------------------------------------------------
clk                  25.000000    0.000000 12.500000

===========================================================================
report_clock_latency
============================================================================
Clock clk
rise -> rise
    min     max
0.000000 0.000000 source latency
0.187475         network latency _15_/CLK
        0.188235 network latency _14_/CLK
---------------
0.187475 0.188235 latency
        0.000760 skew

fall -> fall
    min     max
0.000000 0.000000 source latency
0.186874         network latency _15_/CLK
        0.187571 network latency _14_/CLK
---------------
0.186874 0.187571 latency
        0.000697 skew



===========================================================================
report_clock_min_period
============================================================================
clk period_min = 1.14 fmax = 876.45
