
===========================================================================
report_checks -path_delay min (Hold)
============================================================================
======================= nom_ff_n40C_1v95 Corner ===================================

Startpoint: _15_ (rising edge-triggered flip-flop clocked by clk)
Endpoint: _15_ (rising edge-triggered flip-flop clocked by clk)
Path Group: clk
Path Type: min

Fanout         Cap        Slew       Delay        Time   Description
---------------------------------------------------------------------------------------------
                                  0.000000    0.000000   clock clk (rise edge)
                                  0.000000    0.000000   clock source latency
     1    0.011504    0.043609    0.028767    0.028767 ^ clk (in)
                                                         clk (net)
                      0.043611    0.000000    0.028767 ^ clkbuf_0_clk/A (sky130_fd_sc_hd__clkbuf_16)
     2    0.018507    0.030204    0.087034    0.115801 ^ clkbuf_0_clk/X (sky130_fd_sc_hd__clkbuf_16)
                                                         clknet_0_clk (net)
                      0.030206    0.000480    0.116281 ^ clkbuf_1_1__f_clk/A (sky130_fd_sc_hd__clkbuf_16)
     1    0.002225    0.018984    0.071131    0.187412 ^ clkbuf_1_1__f_clk/X (sky130_fd_sc_hd__clkbuf_16)
                                                         clknet_1_1__leaf_clk (net)
                      0.018984    0.000064    0.187475 ^ _15_/CLK (sky130_fd_sc_hd__dfrtp_2)
     5    0.017706    0.072949    0.245849    0.433324 ^ _15_/Q (sky130_fd_sc_hd__dfrtp_2)
                                                         controller_inst.pstate[1] (net)
                      0.072949    0.000185    0.433509 ^ hold2/A (sky130_fd_sc_hd__dlygate4sd3_1)
     1    0.004983    0.052021    0.391373    0.824881 ^ hold2/X (sky130_fd_sc_hd__dlygate4sd3_1)
                                                         net11 (net)
                      0.052021    0.000147    0.825028 ^ _11_/A (sky130_fd_sc_hd__xor2_1)
     1    0.003904    0.028069    0.043678    0.868706 v _11_/X (sky130_fd_sc_hd__xor2_1)
                                                         controller_inst.nstate[1] (net)
                      0.028078    0.000119    0.868825 v _15_/D (sky130_fd_sc_hd__dfrtp_2)
                                              0.868825   data arrival time

                                  0.000000    0.000000   clock clk (rise edge)
                                  0.000000    0.000000   clock source latency
     1    0.011504    0.043609    0.028767    0.028767 ^ clk (in)
                                                         clk (net)
                      0.043611    0.000000    0.028767 ^ clkbuf_0_clk/A (sky130_fd_sc_hd__clkbuf_16)
     2    0.018507    0.030204    0.087034    0.115801 ^ clkbuf_0_clk/X (sky130_fd_sc_hd__clkbuf_16)
                                                         clknet_0_clk (net)
                      0.030206    0.000480    0.116281 ^ clkbuf_1_1__f_clk/A (sky130_fd_sc_hd__clkbuf_16)
     1    0.002225    0.018984    0.071131    0.187412 ^ clkbuf_1_1__f_clk/X (sky130_fd_sc_hd__clkbuf_16)
                                                         clknet_1_1__leaf_clk (net)
                      0.018984    0.000064    0.187475 ^ _15_/CLK (sky130_fd_sc_hd__dfrtp_2)
                                  0.250000    0.437475   clock uncertainty
                                  0.000000    0.437475   clock reconvergence pessimism
                                 -0.029737    0.407738   library hold time
                                              0.407738   data required time
---------------------------------------------------------------------------------------------
                                              0.407738   data required time
                                             -0.868825   data arrival time
---------------------------------------------------------------------------------------------
                                              0.461087   slack (MET)


Startpoint: _14_ (rising edge-triggered flip-flop clocked by clk)
Endpoint: _14_ (rising edge-triggered flip-flop clocked by clk)
Path Group: clk
Path Type: min

Fanout         Cap        Slew       Delay        Time   Description
---------------------------------------------------------------------------------------------
                                  0.000000    0.000000   clock clk (rise edge)
                                  0.000000    0.000000   clock source latency
     1    0.011504    0.043609    0.028767    0.028767 ^ clk (in)
                                                         clk (net)
                      0.043611    0.000000    0.028767 ^ clkbuf_0_clk/A (sky130_fd_sc_hd__clkbuf_16)
     2    0.018507    0.030204    0.087034    0.115801 ^ clkbuf_0_clk/X (sky130_fd_sc_hd__clkbuf_16)
                                                         clknet_0_clk (net)
                      0.030206    0.000433    0.116235 ^ clkbuf_1_0__f_clk/A (sky130_fd_sc_hd__clkbuf_16)
     1    0.003138    0.019664    0.071911    0.188146 ^ clkbuf_1_0__f_clk/X (sky130_fd_sc_hd__clkbuf_16)
                                                         clknet_1_0__leaf_clk (net)
                      0.019664    0.000090    0.188235 ^ _14_/CLK (sky130_fd_sc_hd__dfrtp_4)
     5    0.018244    0.059385    0.266846    0.455081 ^ _14_/Q (sky130_fd_sc_hd__dfrtp_4)
                                                         controller_inst.pstate[0] (net)
                      0.059385    0.000227    0.455309 ^ hold1/A (sky130_fd_sc_hd__dlygate4sd3_1)
     2    0.011760    0.098557    0.425515    0.880824 ^ hold1/X (sky130_fd_sc_hd__dlygate4sd3_1)
                                                         net10 (net)
                      0.098557    0.000255    0.881079 ^ _10_/A (sky130_fd_sc_hd__inv_2)
     1    0.002360    0.020107    0.012422    0.893501 v _10_/Y (sky130_fd_sc_hd__inv_2)
                                                         controller_inst.nstate[0] (net)
                      0.020107    0.000047    0.893547 v _14_/D (sky130_fd_sc_hd__dfrtp_4)
                                              0.893547   data arrival time

                                  0.000000    0.000000   clock clk (rise edge)
                                  0.000000    0.000000   clock source latency
     1    0.011504    0.043609    0.028767    0.028767 ^ clk (in)
                                                         clk (net)
                      0.043611    0.000000    0.028767 ^ clkbuf_0_clk/A (sky130_fd_sc_hd__clkbuf_16)
     2    0.018507    0.030204    0.087034    0.115801 ^ clkbuf_0_clk/X (sky130_fd_sc_hd__clkbuf_16)
                                                         clknet_0_clk (net)
                      0.030206    0.000433    0.116235 ^ clkbuf_1_0__f_clk/A (sky130_fd_sc_hd__clkbuf_16)
     1    0.003138    0.019664    0.071911    0.188146 ^ clkbuf_1_0__f_clk/X (sky130_fd_sc_hd__clkbuf_16)
                                                         clknet_1_0__leaf_clk (net)
                      0.019664    0.000090    0.188235 ^ _14_/CLK (sky130_fd_sc_hd__dfrtp_4)
                                  0.250000    0.438235   clock uncertainty
                                  0.000000    0.438235   clock reconvergence pessimism
                                 -0.025944    0.412291   library hold time
                                              0.412291   data required time
---------------------------------------------------------------------------------------------
                                              0.412291   data required time
                                             -0.893547   data arrival time
---------------------------------------------------------------------------------------------
                                              0.481256   slack (MET)


Startpoint: reset (input port clocked by clk)
Endpoint: _14_ (removal check against rising-edge clock clk)
Path Group: asynchronous
Path Type: min

Fanout         Cap        Slew       Delay        Time   Description
---------------------------------------------------------------------------------------------
                                  0.000000    0.000000   clock clk (rise edge)
                                  0.000000    0.000000   clock network delay (propagated)
                                  5.000000    5.000000 v input external delay
     1    0.002617    0.004454    0.002114    5.002114 v reset (in)
                                                         reset (net)
                      0.004454    0.000000    5.002114 v input1/A (sky130_fd_sc_hd__buf_1)
     2    0.010314    0.044944    0.069951    5.072065 v input1/X (sky130_fd_sc_hd__buf_1)
                                                         net1 (net)
                      0.044945    0.000296    5.072361 v _12_/A (sky130_fd_sc_hd__inv_2)
     1    0.004776    0.024630    0.038174    5.110535 ^ _12_/Y (sky130_fd_sc_hd__inv_2)
                                                         _00_ (net)
                      0.024630    0.000118    5.110652 ^ _14_/RESET_B (sky130_fd_sc_hd__dfrtp_4)
                                              5.110652   data arrival time

                                  0.000000    0.000000   clock clk (rise edge)
                                  0.000000    0.000000   clock source latency
     1    0.011504    0.043609    0.028767    0.028767 ^ clk (in)
                                                         clk (net)
                      0.043611    0.000000    0.028767 ^ clkbuf_0_clk/A (sky130_fd_sc_hd__clkbuf_16)
     2    0.018507    0.030204    0.087034    0.115801 ^ clkbuf_0_clk/X (sky130_fd_sc_hd__clkbuf_16)
                                                         clknet_0_clk (net)
                      0.030206    0.000433    0.116235 ^ clkbuf_1_0__f_clk/A (sky130_fd_sc_hd__clkbuf_16)
     1    0.003138    0.019664    0.071911    0.188146 ^ clkbuf_1_0__f_clk/X (sky130_fd_sc_hd__clkbuf_16)
                                                         clknet_1_0__leaf_clk (net)
                      0.019664    0.000090    0.188235 ^ _14_/CLK (sky130_fd_sc_hd__dfrtp_4)
                                  0.250000    0.438235   clock uncertainty
                                  0.000000    0.438235   clock reconvergence pessimism
                                  0.195071    0.633307   library removal time
                                              0.633307   data required time
---------------------------------------------------------------------------------------------
                                              0.633307   data required time
                                             -5.110652   data arrival time
---------------------------------------------------------------------------------------------
                                              4.477346   slack (MET)


Startpoint: reset (input port clocked by clk)
Endpoint: _15_ (removal check against rising-edge clock clk)
Path Group: asynchronous
Path Type: min

Fanout         Cap        Slew       Delay        Time   Description
---------------------------------------------------------------------------------------------
                                  0.000000    0.000000   clock clk (rise edge)
                                  0.000000    0.000000   clock network delay (propagated)
                                  5.000000    5.000000 v input external delay
     1    0.002617    0.004454    0.002114    5.002114 v reset (in)
                                                         reset (net)
                      0.004454    0.000000    5.002114 v input1/A (sky130_fd_sc_hd__buf_1)
     2    0.010314    0.044944    0.069951    5.072065 v input1/X (sky130_fd_sc_hd__buf_1)
                                                         net1 (net)
                      0.044945    0.000305    5.072370 v _13_/A (sky130_fd_sc_hd__inv_2)
     1    0.004356    0.023528    0.036908    5.109278 ^ _13_/Y (sky130_fd_sc_hd__inv_2)
                                                         _01_ (net)
                      0.023528    0.000098    5.109376 ^ _15_/RESET_B (sky130_fd_sc_hd__dfrtp_2)
                                              5.109376   data arrival time

                                  0.000000    0.000000   clock clk (rise edge)
                                  0.000000    0.000000   clock source latency
     1    0.011504    0.043609    0.028767    0.028767 ^ clk (in)
                                                         clk (net)
                      0.043611    0.000000    0.028767 ^ clkbuf_0_clk/A (sky130_fd_sc_hd__clkbuf_16)
     2    0.018507    0.030204    0.087034    0.115801 ^ clkbuf_0_clk/X (sky130_fd_sc_hd__clkbuf_16)
                                                         clknet_0_clk (net)
                      0.030206    0.000480    0.116281 ^ clkbuf_1_1__f_clk/A (sky130_fd_sc_hd__clkbuf_16)
     1    0.002225    0.018984    0.071131    0.187412 ^ clkbuf_1_1__f_clk/X (sky130_fd_sc_hd__clkbuf_16)
                                                         clknet_1_1__leaf_clk (net)
                      0.018984    0.000064    0.187475 ^ _15_/CLK (sky130_fd_sc_hd__dfrtp_2)
                                  0.250000    0.437475   clock uncertainty
                                  0.000000    0.437475   clock reconvergence pessimism
                                  0.193530    0.631005   library removal time
                                              0.631005   data required time
---------------------------------------------------------------------------------------------
                                              0.631005   data required time
                                             -5.109376   data arrival time
---------------------------------------------------------------------------------------------
                                              4.478371   slack (MET)


Startpoint: _15_ (rising edge-triggered flip-flop clocked by clk)
Endpoint: result[6] (output port clocked by clk)
Path Group: clk
Path Type: min

Fanout         Cap        Slew       Delay        Time   Description
---------------------------------------------------------------------------------------------
                                  0.000000    0.000000   clock clk (rise edge)
                                  0.000000    0.000000   clock source latency
     1    0.011504    0.043609    0.028767    0.028767 ^ clk (in)
                                                         clk (net)
                      0.043611    0.000000    0.028767 ^ clkbuf_0_clk/A (sky130_fd_sc_hd__clkbuf_16)
     2    0.018507    0.030204    0.087034    0.115801 ^ clkbuf_0_clk/X (sky130_fd_sc_hd__clkbuf_16)
                                                         clknet_0_clk (net)
                      0.030206    0.000480    0.116281 ^ clkbuf_1_1__f_clk/A (sky130_fd_sc_hd__clkbuf_16)
     1    0.002225    0.018984    0.071131    0.187412 ^ clkbuf_1_1__f_clk/X (sky130_fd_sc_hd__clkbuf_16)
                                                         clknet_1_1__leaf_clk (net)
                      0.018984    0.000064    0.187475 ^ _15_/CLK (sky130_fd_sc_hd__dfrtp_2)
     5    0.017706    0.072949    0.245849    0.433324 ^ _15_/Q (sky130_fd_sc_hd__dfrtp_2)
                                                         controller_inst.pstate[1] (net)
                      0.072951    0.000481    0.433805 ^ _09_/A (sky130_fd_sc_hd__xnor2_1)
     1    0.002255    0.021604    0.041823    0.475627 v _09_/Y (sky130_fd_sc_hd__xnor2_1)
                                                         net7 (net)
                      0.021604    0.000047    0.475675 v output7/A (sky130_fd_sc_hd__buf_2)
     1    0.034470    0.063073    0.114164    0.589838 v output7/X (sky130_fd_sc_hd__buf_2)
                                                         result[6] (net)
                      0.063080    0.000668    0.590506 v result[6] (out)
                                              0.590506   data arrival time

                                  0.000000    0.000000   clock clk (rise edge)
                                  0.000000    0.000000   clock network delay (propagated)
                                  0.250000    0.250000   clock uncertainty
                                  0.000000    0.250000   clock reconvergence pessimism
                                 -5.000000   -4.750000   output external delay
                                             -4.750000   data required time
---------------------------------------------------------------------------------------------
                                             -4.750000   data required time
                                             -0.590506   data arrival time
---------------------------------------------------------------------------------------------
                                              5.340507   slack (MET)


Startpoint: _15_ (rising edge-triggered flip-flop clocked by clk)
Endpoint: result[4] (output port clocked by clk)
Path Group: clk
Path Type: min

Fanout         Cap        Slew       Delay        Time   Description
---------------------------------------------------------------------------------------------
                                  0.000000    0.000000   clock clk (rise edge)
                                  0.000000    0.000000   clock source latency
     1    0.011504    0.043609    0.028767    0.028767 ^ clk (in)
                                                         clk (net)
                      0.043611    0.000000    0.028767 ^ clkbuf_0_clk/A (sky130_fd_sc_hd__clkbuf_16)
     2    0.018507    0.030204    0.087034    0.115801 ^ clkbuf_0_clk/X (sky130_fd_sc_hd__clkbuf_16)
                                                         clknet_0_clk (net)
                      0.030206    0.000480    0.116281 ^ clkbuf_1_1__f_clk/A (sky130_fd_sc_hd__clkbuf_16)
     1    0.002225    0.018984    0.071131    0.187412 ^ clkbuf_1_1__f_clk/X (sky130_fd_sc_hd__clkbuf_16)
                                                         clknet_1_1__leaf_clk (net)
                      0.018984    0.000064    0.187475 ^ _15_/CLK (sky130_fd_sc_hd__dfrtp_2)
     5    0.017706    0.072949    0.245849    0.433324 ^ _15_/Q (sky130_fd_sc_hd__dfrtp_2)
                                                         controller_inst.pstate[1] (net)
                      0.072951    0.000457    0.433781 ^ _04_/A (sky130_fd_sc_hd__xnor2_1)
     2    0.007012    0.039678    0.061040    0.494820 v _04_/Y (sky130_fd_sc_hd__xnor2_1)
                                                         net5 (net)
                      0.039678    0.000202    0.495023 v output5/A (sky130_fd_sc_hd__buf_2)
     1    0.035364    0.064502    0.122296    0.617318 v output5/X (sky130_fd_sc_hd__buf_2)
                                                         result[4] (net)
                      0.064516    0.000910    0.618228 v result[4] (out)
                                              0.618228   data arrival time

                                  0.000000    0.000000   clock clk (rise edge)
                                  0.000000    0.000000   clock network delay (propagated)
                                  0.250000    0.250000   clock uncertainty
                                  0.000000    0.250000   clock reconvergence pessimism
                                 -5.000000   -4.750000   output external delay
                                             -4.750000   data required time
---------------------------------------------------------------------------------------------
                                             -4.750000   data required time
                                             -0.618228   data arrival time
---------------------------------------------------------------------------------------------
                                              5.368228   slack (MET)


Startpoint: _14_ (rising edge-triggered flip-flop clocked by clk)
Endpoint: result[2] (output port clocked by clk)
Path Group: clk
Path Type: min

Fanout         Cap        Slew       Delay        Time   Description
---------------------------------------------------------------------------------------------
                                  0.000000    0.000000   clock clk (rise edge)
                                  0.000000    0.000000   clock source latency
     1    0.011504    0.043609    0.028767    0.028767 ^ clk (in)
                                                         clk (net)
                      0.043611    0.000000    0.028767 ^ clkbuf_0_clk/A (sky130_fd_sc_hd__clkbuf_16)
     2    0.018507    0.030204    0.087034    0.115801 ^ clkbuf_0_clk/X (sky130_fd_sc_hd__clkbuf_16)
                                                         clknet_0_clk (net)
                      0.030206    0.000433    0.116235 ^ clkbuf_1_0__f_clk/A (sky130_fd_sc_hd__clkbuf_16)
     1    0.003138    0.019664    0.071911    0.188146 ^ clkbuf_1_0__f_clk/X (sky130_fd_sc_hd__clkbuf_16)
                                                         clknet_1_0__leaf_clk (net)
                      0.019664    0.000090    0.188235 ^ _14_/CLK (sky130_fd_sc_hd__dfrtp_4)
     5    0.018244    0.059385    0.266846    0.455081 ^ _14_/Q (sky130_fd_sc_hd__dfrtp_4)
                                                         controller_inst.pstate[0] (net)
                      0.059390    0.000564    0.455645 ^ _07_/B (sky130_fd_sc_hd__nand2b_1)
     1    0.002225    0.022767    0.031003    0.486648 v _07_/Y (sky130_fd_sc_hd__nand2b_1)
                                                         _03_ (net)
                      0.022767    0.000043    0.486691 v _08_/A (sky130_fd_sc_hd__clkbuf_1)
     1    0.003200    0.019839    0.054593    0.541284 v _08_/X (sky130_fd_sc_hd__clkbuf_1)
                                                         net4 (net)
                      0.019839    0.000099    0.541383 v output4/A (sky130_fd_sc_hd__buf_2)
     1    0.034318    0.062827    0.113364    0.654747 v output4/X (sky130_fd_sc_hd__buf_2)
                                                         result[2] (net)
                      0.062833    0.000642    0.655389 v result[2] (out)
                                              0.655389   data arrival time

                                  0.000000    0.000000   clock clk (rise edge)
                                  0.000000    0.000000   clock network delay (propagated)
                                  0.250000    0.250000   clock uncertainty
                                  0.000000    0.250000   clock reconvergence pessimism
                                 -5.000000   -4.750000   output external delay
                                             -4.750000   data required time
---------------------------------------------------------------------------------------------
                                             -4.750000   data required time
                                             -0.655389   data arrival time
---------------------------------------------------------------------------------------------
                                              5.405390   slack (MET)


Startpoint: _15_ (rising edge-triggered flip-flop clocked by clk)
Endpoint: result[5] (output port clocked by clk)
Path Group: clk
Path Type: min

Fanout         Cap        Slew       Delay        Time   Description
---------------------------------------------------------------------------------------------
                                  0.000000    0.000000   clock clk (rise edge)
                                  0.000000    0.000000   clock source latency
     1    0.011504    0.043609    0.028767    0.028767 ^ clk (in)
                                                         clk (net)
                      0.043611    0.000000    0.028767 ^ clkbuf_0_clk/A (sky130_fd_sc_hd__clkbuf_16)
     2    0.018507    0.030204    0.087034    0.115801 ^ clkbuf_0_clk/X (sky130_fd_sc_hd__clkbuf_16)
                                                         clknet_0_clk (net)
                      0.030206    0.000480    0.116281 ^ clkbuf_1_1__f_clk/A (sky130_fd_sc_hd__clkbuf_16)
     1    0.002225    0.018984    0.071131    0.187412 ^ clkbuf_1_1__f_clk/X (sky130_fd_sc_hd__clkbuf_16)
                                                         clknet_1_1__leaf_clk (net)
                      0.018984    0.000064    0.187475 ^ _15_/CLK (sky130_fd_sc_hd__dfrtp_2)
     5    0.017706    0.072949    0.245849    0.433324 ^ _15_/Q (sky130_fd_sc_hd__dfrtp_2)
                                                         controller_inst.pstate[1] (net)
                      0.072951    0.000474    0.433798 ^ _05_/B (sky130_fd_sc_hd__nand2b_1)
     1    0.003934    0.031168    0.039813    0.473611 v _05_/Y (sky130_fd_sc_hd__nand2b_1)
                                                         _02_ (net)
                      0.031168    0.000136    0.473747 v _06_/A (sky130_fd_sc_hd__clkbuf_1)
     2    0.005801    0.029088    0.066340    0.540087 v _06_/X (sky130_fd_sc_hd__clkbuf_1)
                                                         net6 (net)
                      0.029088    0.000134    0.540221 v output6/A (sky130_fd_sc_hd__buf_2)
     1    0.034421    0.063065    0.116923    0.657144 v output6/X (sky130_fd_sc_hd__buf_2)
                                                         result[5] (net)
                      0.063077    0.000819    0.657963 v result[5] (out)
                                              0.657963   data arrival time

                                  0.000000    0.000000   clock clk (rise edge)
                                  0.000000    0.000000   clock network delay (propagated)
                                  0.250000    0.250000   clock uncertainty
                                  0.000000    0.250000   clock reconvergence pessimism
                                 -5.000000   -4.750000   output external delay
                                             -4.750000   data required time
---------------------------------------------------------------------------------------------
                                             -4.750000   data required time
                                             -0.657963   data arrival time
---------------------------------------------------------------------------------------------
                                              5.407963   slack (MET)


Startpoint: _15_ (rising edge-triggered flip-flop clocked by clk)
Endpoint: result[0] (output port clocked by clk)
Path Group: clk
Path Type: min

Fanout         Cap        Slew       Delay        Time   Description
---------------------------------------------------------------------------------------------
                                  0.000000    0.000000   clock clk (rise edge)
                                  0.000000    0.000000   clock source latency
     1    0.011504    0.043609    0.028767    0.028767 ^ clk (in)
                                                         clk (net)
                      0.043611    0.000000    0.028767 ^ clkbuf_0_clk/A (sky130_fd_sc_hd__clkbuf_16)
     2    0.018507    0.030204    0.087034    0.115801 ^ clkbuf_0_clk/X (sky130_fd_sc_hd__clkbuf_16)
                                                         clknet_0_clk (net)
                      0.030206    0.000480    0.116281 ^ clkbuf_1_1__f_clk/A (sky130_fd_sc_hd__clkbuf_16)
     1    0.002225    0.018984    0.071131    0.187412 ^ clkbuf_1_1__f_clk/X (sky130_fd_sc_hd__clkbuf_16)
                                                         clknet_1_1__leaf_clk (net)
                      0.018984    0.000064    0.187475 ^ _15_/CLK (sky130_fd_sc_hd__dfrtp_2)
     5    0.017706    0.072949    0.245849    0.433324 ^ _15_/Q (sky130_fd_sc_hd__dfrtp_2)
                                                         controller_inst.pstate[1] (net)
                      0.072951    0.000457    0.433781 ^ _04_/A (sky130_fd_sc_hd__xnor2_1)
     2    0.007012    0.039678    0.061040    0.494820 v _04_/Y (sky130_fd_sc_hd__xnor2_1)
                                                         net5 (net)
                      0.039678    0.000148    0.494969 v _18_/A (sky130_fd_sc_hd__clkbuf_1)
     1    0.002188    0.016382    0.057728    0.552697 v _18_/X (sky130_fd_sc_hd__clkbuf_1)
                                                         net2 (net)
                      0.016382    0.000045    0.552742 v output2/A (sky130_fd_sc_hd__buf_2)
     1    0.035016    0.063916    0.112870    0.665612 v output2/X (sky130_fd_sc_hd__buf_2)
                                                         result[0] (net)
                      0.063928    0.000854    0.666466 v result[0] (out)
                                              0.666466   data arrival time

                                  0.000000    0.000000   clock clk (rise edge)
                                  0.000000    0.000000   clock network delay (propagated)
                                  0.250000    0.250000   clock uncertainty
                                  0.000000    0.250000   clock reconvergence pessimism
                                 -5.000000   -4.750000   output external delay
                                             -4.750000   data required time
---------------------------------------------------------------------------------------------
                                             -4.750000   data required time
                                             -0.666466   data arrival time
---------------------------------------------------------------------------------------------
                                              5.416466   slack (MET)


Startpoint: _15_ (rising edge-triggered flip-flop clocked by clk)
Endpoint: result[1] (output port clocked by clk)
Path Group: clk
Path Type: min

Fanout         Cap        Slew       Delay        Time   Description
---------------------------------------------------------------------------------------------
                                  0.000000    0.000000   clock clk (rise edge)
                                  0.000000    0.000000   clock source latency
     1    0.011504    0.043609    0.028767    0.028767 ^ clk (in)
                                                         clk (net)
                      0.043611    0.000000    0.028767 ^ clkbuf_0_clk/A (sky130_fd_sc_hd__clkbuf_16)
     2    0.018507    0.030204    0.087034    0.115801 ^ clkbuf_0_clk/X (sky130_fd_sc_hd__clkbuf_16)
                                                         clknet_0_clk (net)
                      0.030206    0.000480    0.116281 ^ clkbuf_1_1__f_clk/A (sky130_fd_sc_hd__clkbuf_16)
     1    0.002225    0.018984    0.071131    0.187412 ^ clkbuf_1_1__f_clk/X (sky130_fd_sc_hd__clkbuf_16)
                                                         clknet_1_1__leaf_clk (net)
                      0.018984    0.000064    0.187475 ^ _15_/CLK (sky130_fd_sc_hd__dfrtp_2)
     5    0.017706    0.072949    0.245849    0.433324 ^ _15_/Q (sky130_fd_sc_hd__dfrtp_2)
                                                         controller_inst.pstate[1] (net)
                      0.072951    0.000474    0.433798 ^ _05_/B (sky130_fd_sc_hd__nand2b_1)
     1    0.003934    0.031168    0.039813    0.473611 v _05_/Y (sky130_fd_sc_hd__nand2b_1)
                                                         _02_ (net)
                      0.031168    0.000136    0.473747 v _06_/A (sky130_fd_sc_hd__clkbuf_1)
     2    0.005801    0.029088    0.066340    0.540087 v _06_/X (sky130_fd_sc_hd__clkbuf_1)
                                                         net6 (net)
                      0.029088    0.000140    0.540227 v _19_/A (sky130_fd_sc_hd__clkbuf_1)
     1    0.001898    0.015332    0.052311    0.592538 v _19_/X (sky130_fd_sc_hd__clkbuf_1)
                                                         net3 (net)
                      0.015332    0.000037    0.592575 v output3/A (sky130_fd_sc_hd__buf_2)
     1    0.035399    0.064485    0.112968    0.705543 v output3/X (sky130_fd_sc_hd__buf_2)
                                                         result[1] (net)
                      0.064498    0.000876    0.706419 v result[1] (out)
                                              0.706419   data arrival time

                                  0.000000    0.000000   clock clk (rise edge)
                                  0.000000    0.000000   clock network delay (propagated)
                                  0.250000    0.250000   clock uncertainty
                                  0.000000    0.250000   clock reconvergence pessimism
                                 -5.000000   -4.750000   output external delay
                                             -4.750000   data required time
---------------------------------------------------------------------------------------------
                                             -4.750000   data required time
                                             -0.706419   data arrival time
---------------------------------------------------------------------------------------------
                                              5.456419   slack (MET)



