Reading OpenROAD database at '/foss/designs/ALU/runs/RUN_2025-06-09_05-56-58/47-odb-reportdisconnectedpins/top.odb'…
Reading library file at '/foss/pdks/sky130A/libs.ref/sky130_fd_sc_hd/lib/sky130_fd_sc_hd__tt_025C_1v80.lib'…
Reading design constraints file at '/usr/local/lib/python3.12/dist-packages/openlane/scripts/base.sdc'…
[INFO] Using clock clk…
[INFO] Setting output delay to: 5.0
[INFO] Setting input delay to: 5.0
[INFO] Setting load to: 0.033442
[INFO] Setting clock uncertainty to: 0.25
[INFO] Setting clock transition to: 0.1499999999999999944488848768742172978818416595458984375
[INFO] Setting timing derate to: 5%
sky130_ef_sc_hd__decap_12 sky130_fd_sc_hd__decap_8 sky130_fd_sc_hd__decap_6 sky130_fd_sc_hd__decap_4 sky130_fd_sc_hd__decap_3 sky130_fd_sc_hd__fill*
[INFO DPL-0001] Placed 72 filler instances.
Setting global connections for newly added cells…
[INFO] Setting global connections...
Updating metrics…
Cell type report:                       Count       Area
  Fill cell                                92     710.68
  Tap cell                                 12      15.01
  Buffer                                    7      26.28
  Clock buffer                              4      82.58
  Timing Repair Buffer                     11      72.57
  Inverter                                  4      15.01
  Sequential cell                           3      75.07
  Multi-Input combinational cell            9      53.80
  Total                                   142    1051.01
Writing OpenROAD database to '/foss/designs/ALU/runs/RUN_2025-06-09_05-56-58/51-openroad-fillinsertion/top.odb'…
Writing netlist to '/foss/designs/ALU/runs/RUN_2025-06-09_05-56-58/51-openroad-fillinsertion/top.nl.v'…
Writing powered netlist to '/foss/designs/ALU/runs/RUN_2025-06-09_05-56-58/51-openroad-fillinsertion/top.pnl.v'…
Writing layout to '/foss/designs/ALU/runs/RUN_2025-06-09_05-56-58/51-openroad-fillinsertion/top.def'…
Writing timing constraints to '/foss/designs/ALU/runs/RUN_2025-06-09_05-56-58/51-openroad-fillinsertion/top.sdc'…
