Clock: clk
Sources: clk 
Generated: no
Virtual: yes
Propagated: no
Period: 25.000000

===========================================================================
report_clock_properties
============================================================================
Clock                   Period          Waveform
----------------------------------------------------
clk                  25.000000    0.000000 12.500000

===========================================================================
report_clock_latency
============================================================================
Clock clk
rise -> rise
    min     max
0.000000 0.000000 source latency
0.269236         network latency _28_/CLK
        0.270781 network latency _27_/CLK
---------------
0.269236 0.270781 latency
        0.001544 skew

fall -> fall
    min     max
0.000000 0.000000 source latency
0.277581         network latency _28_/CLK
        0.278901 network latency _27_/CLK
---------------
0.277581 0.278901 latency
        0.001321 skew



===========================================================================
report_clock_min_period
============================================================================
clk period_min = 1.44 fmax = 695.53
