
===========================================================================
report_checks -path_delay min (Hold)
============================================================================
======================= max_tt_025C_1v80 Corner ===================================

Startpoint: _27_ (rising edge-triggered flip-flop clocked by clk)
Endpoint: _28_ (rising edge-triggered flip-flop clocked by clk)
Path Group: clk
Path Type: min

Fanout         Cap        Slew       Delay        Time   Description
---------------------------------------------------------------------------------------------
                                  0.000000    0.000000   clock clk (rise edge)
                                  0.000000    0.000000   clock source latency
     1    0.009802    0.050572    0.033524    0.033524 ^ clk (in)
                                                         clk (net)
                      0.050578    0.000000    0.033524 ^ clkbuf_0_clk/A (sky130_fd_sc_hd__clkbuf_16)
     2    0.018311    0.040399    0.125473    0.158997 ^ clkbuf_0_clk/X (sky130_fd_sc_hd__clkbuf_16)
                                                         clknet_0_clk (net)
                      0.040417    0.001178    0.160176 ^ clkbuf_1_1__f_clk/A (sky130_fd_sc_hd__clkbuf_16)
     2    0.006252    0.029906    0.110331    0.270507 ^ clkbuf_1_1__f_clk/X (sky130_fd_sc_hd__clkbuf_16)
                                                         clknet_1_1__leaf_clk (net)
                      0.029906    0.000274    0.270781 ^ _27_/CLK (sky130_fd_sc_hd__dfrtp_1)
     3    0.013569    0.086368    0.400350    0.671130 v _27_/Q (sky130_fd_sc_hd__dfrtp_1)
                                                         fsm.pstate[1] (net)
                      0.086370    0.000556    0.671686 v _09_/A (sky130_fd_sc_hd__inv_2)
     3    0.007251    0.046231    0.071448    0.743134 ^ _09_/Y (sky130_fd_sc_hd__inv_2)
                                                         _03_ (net)
                      0.046235    0.000455    0.743589 ^ _22_/A (sky130_fd_sc_hd__nor2_1)
     1    0.003777    0.028169    0.043999    0.787588 v _22_/Y (sky130_fd_sc_hd__nor2_1)
                                                         fsm.nstate[2] (net)
                      0.028169    0.000156    0.787744 v _28_/D (sky130_fd_sc_hd__dfrtp_1)
                                              0.787744   data arrival time

                                  0.000000    0.000000   clock clk (rise edge)
                                  0.000000    0.000000   clock source latency
     1    0.009802    0.050572    0.033524    0.033524 ^ clk (in)
                                                         clk (net)
                      0.050578    0.000000    0.033524 ^ clkbuf_0_clk/A (sky130_fd_sc_hd__clkbuf_16)
     2    0.018311    0.040399    0.125473    0.158997 ^ clkbuf_0_clk/X (sky130_fd_sc_hd__clkbuf_16)
                                                         clknet_0_clk (net)
                      0.040416    0.001129    0.160127 ^ clkbuf_1_0__f_clk/A (sky130_fd_sc_hd__clkbuf_16)
     2    0.005061    0.028825    0.108914    0.269041 ^ clkbuf_1_0__f_clk/X (sky130_fd_sc_hd__clkbuf_16)
                                                         clknet_1_0__leaf_clk (net)
                      0.028825    0.000195    0.269236 ^ _28_/CLK (sky130_fd_sc_hd__dfrtp_1)
                                  0.250000    0.519236   clock uncertainty
                                  0.000000    0.519236   clock reconvergence pessimism
                                 -0.042612    0.476624   library hold time
                                              0.476624   data required time
---------------------------------------------------------------------------------------------
                                              0.476624   data required time
                                             -0.787744   data arrival time
---------------------------------------------------------------------------------------------
                                              0.311119   slack (MET)


Startpoint: _27_ (rising edge-triggered flip-flop clocked by clk)
Endpoint: _27_ (rising edge-triggered flip-flop clocked by clk)
Path Group: clk
Path Type: min

Fanout         Cap        Slew       Delay        Time   Description
---------------------------------------------------------------------------------------------
                                  0.000000    0.000000   clock clk (rise edge)
                                  0.000000    0.000000   clock source latency
     1    0.009802    0.050572    0.033524    0.033524 ^ clk (in)
                                                         clk (net)
                      0.050578    0.000000    0.033524 ^ clkbuf_0_clk/A (sky130_fd_sc_hd__clkbuf_16)
     2    0.018311    0.040399    0.125473    0.158997 ^ clkbuf_0_clk/X (sky130_fd_sc_hd__clkbuf_16)
                                                         clknet_0_clk (net)
                      0.040417    0.001178    0.160176 ^ clkbuf_1_1__f_clk/A (sky130_fd_sc_hd__clkbuf_16)
     2    0.006252    0.029906    0.110331    0.270507 ^ clkbuf_1_1__f_clk/X (sky130_fd_sc_hd__clkbuf_16)
                                                         clknet_1_1__leaf_clk (net)
                      0.029906    0.000274    0.270781 ^ _27_/CLK (sky130_fd_sc_hd__dfrtp_1)
     3    0.014431    0.136621    0.384099    0.654879 ^ _27_/Q (sky130_fd_sc_hd__dfrtp_1)
                                                         fsm.pstate[1] (net)
                      0.136621    0.000574    0.655453 ^ _20_/B (sky130_fd_sc_hd__xnor2_1)
     1    0.003251    0.039790    0.081107    0.736560 v _20_/Y (sky130_fd_sc_hd__xnor2_1)
                                                         _08_ (net)
                      0.039791    0.000213    0.736773 v _21_/B (sky130_fd_sc_hd__nor2_1)
     1    0.003559    0.087712    0.088929    0.825702 ^ _21_/Y (sky130_fd_sc_hd__nor2_1)
                                                         fsm.nstate[1] (net)
                      0.087712    0.000235    0.825938 ^ _27_/D (sky130_fd_sc_hd__dfrtp_1)
                                              0.825938   data arrival time

                                  0.000000    0.000000   clock clk (rise edge)
                                  0.000000    0.000000   clock source latency
     1    0.009802    0.050572    0.033524    0.033524 ^ clk (in)
                                                         clk (net)
                      0.050578    0.000000    0.033524 ^ clkbuf_0_clk/A (sky130_fd_sc_hd__clkbuf_16)
     2    0.018311    0.040399    0.125473    0.158997 ^ clkbuf_0_clk/X (sky130_fd_sc_hd__clkbuf_16)
                                                         clknet_0_clk (net)
                      0.040417    0.001178    0.160176 ^ clkbuf_1_1__f_clk/A (sky130_fd_sc_hd__clkbuf_16)
     2    0.006252    0.029906    0.110331    0.270507 ^ clkbuf_1_1__f_clk/X (sky130_fd_sc_hd__clkbuf_16)
                                                         clknet_1_1__leaf_clk (net)
                      0.029906    0.000274    0.270781 ^ _27_/CLK (sky130_fd_sc_hd__dfrtp_1)
                                  0.250000    0.520781   clock uncertainty
                                  0.000000    0.520781   clock reconvergence pessimism
                                 -0.045796    0.474985   library hold time
                                              0.474985   data required time
---------------------------------------------------------------------------------------------
                                              0.474985   data required time
                                             -0.825938   data arrival time
---------------------------------------------------------------------------------------------
                                              0.350953   slack (MET)


Startpoint: _26_ (rising edge-triggered flip-flop clocked by clk)
Endpoint: _26_ (rising edge-triggered flip-flop clocked by clk)
Path Group: clk
Path Type: min

Fanout         Cap        Slew       Delay        Time   Description
---------------------------------------------------------------------------------------------
                                  0.000000    0.000000   clock clk (rise edge)
                                  0.000000    0.000000   clock source latency
     1    0.009802    0.050572    0.033524    0.033524 ^ clk (in)
                                                         clk (net)
                      0.050578    0.000000    0.033524 ^ clkbuf_0_clk/A (sky130_fd_sc_hd__clkbuf_16)
     2    0.018311    0.040399    0.125473    0.158997 ^ clkbuf_0_clk/X (sky130_fd_sc_hd__clkbuf_16)
                                                         clknet_0_clk (net)
                      0.040416    0.001129    0.160127 ^ clkbuf_1_0__f_clk/A (sky130_fd_sc_hd__clkbuf_16)
     2    0.005061    0.028825    0.108914    0.269041 ^ clkbuf_1_0__f_clk/X (sky130_fd_sc_hd__clkbuf_16)
                                                         clknet_1_0__leaf_clk (net)
                      0.028825    0.000224    0.269265 ^ _26_/CLK (sky130_fd_sc_hd__dfrtp_1)
     5    0.017668    0.163370    0.402984    0.672249 ^ _26_/Q (sky130_fd_sc_hd__dfrtp_1)
                                                         fsm.pstate[0] (net)
                      0.163372    0.000861    0.673110 ^ hold2/A (sky130_fd_sc_hd__dlygate4sd3_1)
     1    0.002883    0.053569    0.566838    1.239948 ^ hold2/X (sky130_fd_sc_hd__dlygate4sd3_1)
                                                         net11 (net)
                      0.053569    0.000204    1.240152 ^ _19_/A (sky130_fd_sc_hd__nor2_1)
     1    0.004866    0.032595    0.050369    1.290521 v _19_/Y (sky130_fd_sc_hd__nor2_1)
                                                         fsm.nstate[0] (net)
                      0.032599    0.000337    1.290858 v _26_/D (sky130_fd_sc_hd__dfrtp_1)
                                              1.290858   data arrival time

                                  0.000000    0.000000   clock clk (rise edge)
                                  0.000000    0.000000   clock source latency
     1    0.009802    0.050572    0.033524    0.033524 ^ clk (in)
                                                         clk (net)
                      0.050578    0.000000    0.033524 ^ clkbuf_0_clk/A (sky130_fd_sc_hd__clkbuf_16)
     2    0.018311    0.040399    0.125473    0.158997 ^ clkbuf_0_clk/X (sky130_fd_sc_hd__clkbuf_16)
                                                         clknet_0_clk (net)
                      0.040416    0.001129    0.160127 ^ clkbuf_1_0__f_clk/A (sky130_fd_sc_hd__clkbuf_16)
     2    0.005061    0.028825    0.108914    0.269041 ^ clkbuf_1_0__f_clk/X (sky130_fd_sc_hd__clkbuf_16)
                                                         clknet_1_0__leaf_clk (net)
                      0.028825    0.000224    0.269265 ^ _26_/CLK (sky130_fd_sc_hd__dfrtp_1)
                                  0.250000    0.519265   clock uncertainty
                                  0.000000    0.519265   clock reconvergence pessimism
                                 -0.044415    0.474850   library hold time
                                              0.474850   data required time
---------------------------------------------------------------------------------------------
                                              0.474850   data required time
                                             -1.290858   data arrival time
---------------------------------------------------------------------------------------------
                                              0.816008   slack (MET)


Startpoint: reset (input port clocked by clk)
Endpoint: _28_ (removal check against rising-edge clock clk)
Path Group: asynchronous
Path Type: min

Fanout         Cap        Slew       Delay        Time   Description
---------------------------------------------------------------------------------------------
                                  0.000000    0.000000   clock clk (rise edge)
                                  0.000000    0.000000   clock network delay (propagated)
                                  5.000000    5.000000 v input external delay
     1    0.002539    0.008017    0.004030    5.004030 v reset (in)
                                                         reset (net)
                      0.008018    0.000000    5.004030 v input1/A (sky130_fd_sc_hd__dlymetal6s2s_1)
     3    0.015998    0.092357    0.170739    5.174769 v input1/X (sky130_fd_sc_hd__dlymetal6s2s_1)
                                                         net1 (net)
                      0.092359    0.000625    5.175394 v _25_/A (sky130_fd_sc_hd__inv_2)
     1    0.003828    0.035440    0.061142    5.236536 ^ _25_/Y (sky130_fd_sc_hd__inv_2)
                                                         _02_ (net)
                      0.035440    0.000202    5.236738 ^ _28_/RESET_B (sky130_fd_sc_hd__dfrtp_1)
                                              5.236738   data arrival time

                                  0.000000    0.000000   clock clk (rise edge)
                                  0.000000    0.000000   clock source latency
     1    0.009802    0.050572    0.033524    0.033524 ^ clk (in)
                                                         clk (net)
                      0.050578    0.000000    0.033524 ^ clkbuf_0_clk/A (sky130_fd_sc_hd__clkbuf_16)
     2    0.018311    0.040399    0.125473    0.158997 ^ clkbuf_0_clk/X (sky130_fd_sc_hd__clkbuf_16)
                                                         clknet_0_clk (net)
                      0.040416    0.001129    0.160127 ^ clkbuf_1_0__f_clk/A (sky130_fd_sc_hd__clkbuf_16)
     2    0.005061    0.028825    0.108914    0.269041 ^ clkbuf_1_0__f_clk/X (sky130_fd_sc_hd__clkbuf_16)
                                                         clknet_1_0__leaf_clk (net)
                      0.028825    0.000195    0.269236 ^ _28_/CLK (sky130_fd_sc_hd__dfrtp_1)
                                  0.250000    0.519236   clock uncertainty
                                  0.000000    0.519236   clock reconvergence pessimism
                                  0.313209    0.832445   library removal time
                                              0.832445   data required time
---------------------------------------------------------------------------------------------
                                              0.832445   data required time
                                             -5.236738   data arrival time
---------------------------------------------------------------------------------------------
                                              4.404294   slack (MET)


Startpoint: reset (input port clocked by clk)
Endpoint: _26_ (removal check against rising-edge clock clk)
Path Group: asynchronous
Path Type: min

Fanout         Cap        Slew       Delay        Time   Description
---------------------------------------------------------------------------------------------
                                  0.000000    0.000000   clock clk (rise edge)
                                  0.000000    0.000000   clock network delay (propagated)
                                  5.000000    5.000000 v input external delay
     1    0.002539    0.008017    0.004030    5.004030 v reset (in)
                                                         reset (net)
                      0.008018    0.000000    5.004030 v input1/A (sky130_fd_sc_hd__dlymetal6s2s_1)
     3    0.015998    0.092357    0.170739    5.174769 v input1/X (sky130_fd_sc_hd__dlymetal6s2s_1)
                                                         net1 (net)
                      0.092364    0.000886    5.175654 v _23_/A (sky130_fd_sc_hd__inv_2)
     1    0.004022    0.036186    0.062099    5.237753 ^ _23_/Y (sky130_fd_sc_hd__inv_2)
                                                         _00_ (net)
                      0.036186    0.000214    5.237967 ^ _26_/RESET_B (sky130_fd_sc_hd__dfrtp_1)
                                              5.237967   data arrival time

                                  0.000000    0.000000   clock clk (rise edge)
                                  0.000000    0.000000   clock source latency
     1    0.009802    0.050572    0.033524    0.033524 ^ clk (in)
                                                         clk (net)
                      0.050578    0.000000    0.033524 ^ clkbuf_0_clk/A (sky130_fd_sc_hd__clkbuf_16)
     2    0.018311    0.040399    0.125473    0.158997 ^ clkbuf_0_clk/X (sky130_fd_sc_hd__clkbuf_16)
                                                         clknet_0_clk (net)
                      0.040416    0.001129    0.160127 ^ clkbuf_1_0__f_clk/A (sky130_fd_sc_hd__clkbuf_16)
     2    0.005061    0.028825    0.108914    0.269041 ^ clkbuf_1_0__f_clk/X (sky130_fd_sc_hd__clkbuf_16)
                                                         clknet_1_0__leaf_clk (net)
                      0.028825    0.000224    0.269265 ^ _26_/CLK (sky130_fd_sc_hd__dfrtp_1)
                                  0.250000    0.519265   clock uncertainty
                                  0.000000    0.519265   clock reconvergence pessimism
                                  0.313414    0.832679   library removal time
                                              0.832679   data required time
---------------------------------------------------------------------------------------------
                                              0.832679   data required time
                                             -5.237967   data arrival time
---------------------------------------------------------------------------------------------
                                              4.405289   slack (MET)


Startpoint: reset (input port clocked by clk)
Endpoint: _27_ (removal check against rising-edge clock clk)
Path Group: asynchronous
Path Type: min

Fanout         Cap        Slew       Delay        Time   Description
---------------------------------------------------------------------------------------------
                                  0.000000    0.000000   clock clk (rise edge)
                                  0.000000    0.000000   clock network delay (propagated)
                                  5.000000    5.000000 v input external delay
     1    0.002539    0.008017    0.004030    5.004030 v reset (in)
                                                         reset (net)
                      0.008018    0.000000    5.004030 v input1/A (sky130_fd_sc_hd__dlymetal6s2s_1)
     3    0.015998    0.092357    0.170739    5.174769 v input1/X (sky130_fd_sc_hd__dlymetal6s2s_1)
                                                         net1 (net)
                      0.092365    0.000925    5.175694 v _24_/A (sky130_fd_sc_hd__inv_2)
     1    0.004666    0.038520    0.064876    5.240569 ^ _24_/Y (sky130_fd_sc_hd__inv_2)
                                                         _01_ (net)
                      0.038520    0.000244    5.240813 ^ _27_/RESET_B (sky130_fd_sc_hd__dfrtp_1)
                                              5.240813   data arrival time

                                  0.000000    0.000000   clock clk (rise edge)
                                  0.000000    0.000000   clock source latency
     1    0.009802    0.050572    0.033524    0.033524 ^ clk (in)
                                                         clk (net)
                      0.050578    0.000000    0.033524 ^ clkbuf_0_clk/A (sky130_fd_sc_hd__clkbuf_16)
     2    0.018311    0.040399    0.125473    0.158997 ^ clkbuf_0_clk/X (sky130_fd_sc_hd__clkbuf_16)
                                                         clknet_0_clk (net)
                      0.040417    0.001178    0.160176 ^ clkbuf_1_1__f_clk/A (sky130_fd_sc_hd__clkbuf_16)
     2    0.006252    0.029906    0.110331    0.270507 ^ clkbuf_1_1__f_clk/X (sky130_fd_sc_hd__clkbuf_16)
                                                         clknet_1_1__leaf_clk (net)
                      0.029906    0.000274    0.270781 ^ _27_/CLK (sky130_fd_sc_hd__dfrtp_1)
                                  0.250000    0.520781   clock uncertainty
                                  0.000000    0.520781   clock reconvergence pessimism
                                  0.314351    0.835131   library removal time
                                              0.835131   data required time
---------------------------------------------------------------------------------------------
                                              0.835131   data required time
                                             -5.240813   data arrival time
---------------------------------------------------------------------------------------------
                                              4.405682   slack (MET)


Startpoint: _27_ (rising edge-triggered flip-flop clocked by clk)
Endpoint: result[6] (output port clocked by clk)
Path Group: clk
Path Type: min

Fanout         Cap        Slew       Delay        Time   Description
---------------------------------------------------------------------------------------------
                                  0.000000    0.000000   clock clk (rise edge)
                                  0.000000    0.000000   clock source latency
     1    0.009802    0.050572    0.033524    0.033524 ^ clk (in)
                                                         clk (net)
                      0.050578    0.000000    0.033524 ^ clkbuf_0_clk/A (sky130_fd_sc_hd__clkbuf_16)
     2    0.018311    0.040399    0.125473    0.158997 ^ clkbuf_0_clk/X (sky130_fd_sc_hd__clkbuf_16)
                                                         clknet_0_clk (net)
                      0.040417    0.001178    0.160176 ^ clkbuf_1_1__f_clk/A (sky130_fd_sc_hd__clkbuf_16)
     2    0.006252    0.029906    0.110331    0.270507 ^ clkbuf_1_1__f_clk/X (sky130_fd_sc_hd__clkbuf_16)
                                                         clknet_1_1__leaf_clk (net)
                      0.029906    0.000274    0.270781 ^ _27_/CLK (sky130_fd_sc_hd__dfrtp_1)
     3    0.014431    0.136621    0.384099    0.654879 ^ _27_/Q (sky130_fd_sc_hd__dfrtp_1)
                                                         fsm.pstate[1] (net)
                      0.136621    0.000556    0.655435 ^ _14_/A2 (sky130_fd_sc_hd__o21bai_1)
     2    0.005138    0.055948    0.091184    0.746620 v _14_/Y (sky130_fd_sc_hd__o21bai_1)
                                                         net9 (net)
                      0.055948    0.000313    0.746933 v output9/A (sky130_fd_sc_hd__buf_2)
     1    0.034338    0.089991    0.184283    0.931216 v output9/X (sky130_fd_sc_hd__buf_2)
                                                         result[6] (net)
                      0.090023    0.001582    0.932797 v result[6] (out)
                                              0.932797   data arrival time

                                  0.000000    0.000000   clock clk (rise edge)
                                  0.000000    0.000000   clock network delay (propagated)
                                  0.250000    0.250000   clock uncertainty
                                  0.000000    0.250000   clock reconvergence pessimism
                                 -5.000000   -4.750000   output external delay
                                             -4.750000   data required time
---------------------------------------------------------------------------------------------
                                             -4.750000   data required time
                                             -0.932797   data arrival time
---------------------------------------------------------------------------------------------
                                              5.682797   slack (MET)


Startpoint: _27_ (rising edge-triggered flip-flop clocked by clk)
Endpoint: result[2] (output port clocked by clk)
Path Group: clk
Path Type: min

Fanout         Cap        Slew       Delay        Time   Description
---------------------------------------------------------------------------------------------
                                  0.000000    0.000000   clock clk (rise edge)
                                  0.000000    0.000000   clock source latency
     1    0.009802    0.050572    0.033524    0.033524 ^ clk (in)
                                                         clk (net)
                      0.050578    0.000000    0.033524 ^ clkbuf_0_clk/A (sky130_fd_sc_hd__clkbuf_16)
     2    0.018311    0.040399    0.125473    0.158997 ^ clkbuf_0_clk/X (sky130_fd_sc_hd__clkbuf_16)
                                                         clknet_0_clk (net)
                      0.040417    0.001178    0.160176 ^ clkbuf_1_1__f_clk/A (sky130_fd_sc_hd__clkbuf_16)
     2    0.006252    0.029906    0.110331    0.270507 ^ clkbuf_1_1__f_clk/X (sky130_fd_sc_hd__clkbuf_16)
                                                         clknet_1_1__leaf_clk (net)
                      0.029906    0.000274    0.270781 ^ _27_/CLK (sky130_fd_sc_hd__dfrtp_1)
     3    0.014431    0.136621    0.384099    0.654879 ^ _27_/Q (sky130_fd_sc_hd__dfrtp_1)
                                                         fsm.pstate[1] (net)
                      0.136621    0.000556    0.655435 ^ _14_/A2 (sky130_fd_sc_hd__o21bai_1)
     2    0.005138    0.055948    0.091184    0.746620 v _14_/Y (sky130_fd_sc_hd__o21bai_1)
                                                         net9 (net)
                      0.055949    0.000341    0.746960 v _30_/A (sky130_fd_sc_hd__clkbuf_1)
     1    0.001824    0.021621    0.086796    0.833756 v _30_/X (sky130_fd_sc_hd__clkbuf_1)
                                                         net5 (net)
                      0.021629    0.000084    0.833840 v output5/A (sky130_fd_sc_hd__buf_2)
     1    0.034465    0.090473    0.169688    1.003528 v output5/X (sky130_fd_sc_hd__buf_2)
                                                         result[2] (net)
                      0.090506    0.001603    1.005131 v result[2] (out)
                                              1.005131   data arrival time

                                  0.000000    0.000000   clock clk (rise edge)
                                  0.000000    0.000000   clock network delay (propagated)
                                  0.250000    0.250000   clock uncertainty
                                  0.000000    0.250000   clock reconvergence pessimism
                                 -5.000000   -4.750000   output external delay
                                             -4.750000   data required time
---------------------------------------------------------------------------------------------
                                             -4.750000   data required time
                                             -1.005131   data arrival time
---------------------------------------------------------------------------------------------
                                              5.755131   slack (MET)


Startpoint: _28_ (rising edge-triggered flip-flop clocked by clk)
Endpoint: result[4] (output port clocked by clk)
Path Group: clk
Path Type: min

Fanout         Cap        Slew       Delay        Time   Description
---------------------------------------------------------------------------------------------
                                  0.000000    0.000000   clock clk (rise edge)
                                  0.000000    0.000000   clock source latency
     1    0.009802    0.050572    0.033524    0.033524 ^ clk (in)
                                                         clk (net)
                      0.050578    0.000000    0.033524 ^ clkbuf_0_clk/A (sky130_fd_sc_hd__clkbuf_16)
     2    0.018311    0.040399    0.125473    0.158997 ^ clkbuf_0_clk/X (sky130_fd_sc_hd__clkbuf_16)
                                                         clknet_0_clk (net)
                      0.040416    0.001129    0.160127 ^ clkbuf_1_0__f_clk/A (sky130_fd_sc_hd__clkbuf_16)
     2    0.005061    0.028825    0.108914    0.269041 ^ clkbuf_1_0__f_clk/X (sky130_fd_sc_hd__clkbuf_16)
                                                         clknet_1_0__leaf_clk (net)
                      0.028825    0.000195    0.269236 ^ _28_/CLK (sky130_fd_sc_hd__dfrtp_1)
     5    0.012831    0.123492    0.373896    0.643132 ^ _28_/Q (sky130_fd_sc_hd__dfrtp_1)
                                                         fsm.pstate[2] (net)
                      0.123496    0.000849    0.643981 ^ _17_/A (sky130_fd_sc_hd__or2b_1)
     1    0.002402    0.033594    0.109900    0.753881 ^ _17_/X (sky130_fd_sc_hd__or2b_1)
                                                         _07_ (net)
                      0.033594    0.000110    0.753991 ^ _18_/A (sky130_fd_sc_hd__clkbuf_1)
     1    0.002055    0.036064    0.070438    0.824429 ^ _18_/X (sky130_fd_sc_hd__clkbuf_1)
                                                         net7 (net)
                      0.036064    0.000147    0.824576 ^ output7/A (sky130_fd_sc_hd__buf_2)
     1    0.034124    0.169686    0.193378    1.017954 ^ output7/X (sky130_fd_sc_hd__buf_2)
                                                         result[4] (net)
                      0.169709    0.001640    1.019595 ^ result[4] (out)
                                              1.019595   data arrival time

                                  0.000000    0.000000   clock clk (rise edge)
                                  0.000000    0.000000   clock network delay (propagated)
                                  0.250000    0.250000   clock uncertainty
                                  0.000000    0.250000   clock reconvergence pessimism
                                 -5.000000   -4.750000   output external delay
                                             -4.750000   data required time
---------------------------------------------------------------------------------------------
                                             -4.750000   data required time
                                             -1.019595   data arrival time
---------------------------------------------------------------------------------------------
                                              5.769595   slack (MET)


Startpoint: _26_ (rising edge-triggered flip-flop clocked by clk)
Endpoint: result[0] (output port clocked by clk)
Path Group: clk
Path Type: min

Fanout         Cap        Slew       Delay        Time   Description
---------------------------------------------------------------------------------------------
                                  0.000000    0.000000   clock clk (rise edge)
                                  0.000000    0.000000   clock source latency
     1    0.009802    0.050572    0.033524    0.033524 ^ clk (in)
                                                         clk (net)
                      0.050578    0.000000    0.033524 ^ clkbuf_0_clk/A (sky130_fd_sc_hd__clkbuf_16)
     2    0.018311    0.040399    0.125473    0.158997 ^ clkbuf_0_clk/X (sky130_fd_sc_hd__clkbuf_16)
                                                         clknet_0_clk (net)
                      0.040416    0.001129    0.160127 ^ clkbuf_1_0__f_clk/A (sky130_fd_sc_hd__clkbuf_16)
     2    0.005061    0.028825    0.108914    0.269041 ^ clkbuf_1_0__f_clk/X (sky130_fd_sc_hd__clkbuf_16)
                                                         clknet_1_0__leaf_clk (net)
                      0.028825    0.000224    0.269265 ^ _26_/CLK (sky130_fd_sc_hd__dfrtp_1)
     5    0.017668    0.163370    0.402984    0.672249 ^ _26_/Q (sky130_fd_sc_hd__dfrtp_1)
                                                         fsm.pstate[0] (net)
                      0.163376    0.001194    0.673443 ^ _10_/B (sky130_fd_sc_hd__nand2b_1)
     1    0.002187    0.037918    0.068881    0.742324 v _10_/Y (sky130_fd_sc_hd__nand2b_1)
                                                         _04_ (net)
                      0.037918    0.000100    0.742424 v _11_/A (sky130_fd_sc_hd__buf_1)
     3    0.006735    0.047462    0.102607    0.845031 v _11_/X (sky130_fd_sc_hd__buf_1)
                                                         net3 (net)
                      0.047465    0.000414    0.845446 v output3/A (sky130_fd_sc_hd__buf_2)
     1    0.034058    0.089434    0.180026    1.025472 v output3/X (sky130_fd_sc_hd__buf_2)
                                                         result[0] (net)
                      0.089467    0.001594    1.027066 v result[0] (out)
                                              1.027066   data arrival time

                                  0.000000    0.000000   clock clk (rise edge)
                                  0.000000    0.000000   clock network delay (propagated)
                                  0.250000    0.250000   clock uncertainty
                                  0.000000    0.250000   clock reconvergence pessimism
                                 -5.000000   -4.750000   output external delay
                                             -4.750000   data required time
---------------------------------------------------------------------------------------------
                                             -4.750000   data required time
                                             -1.027066   data arrival time
---------------------------------------------------------------------------------------------
                                              5.777066   slack (MET)


Startpoint: _28_ (rising edge-triggered flip-flop clocked by clk)
Endpoint: result[3] (output port clocked by clk)
Path Group: clk
Path Type: min

Fanout         Cap        Slew       Delay        Time   Description
---------------------------------------------------------------------------------------------
                                  0.000000    0.000000   clock clk (rise edge)
                                  0.000000    0.000000   clock source latency
     1    0.009802    0.050572    0.033524    0.033524 ^ clk (in)
                                                         clk (net)
                      0.050578    0.000000    0.033524 ^ clkbuf_0_clk/A (sky130_fd_sc_hd__clkbuf_16)
     2    0.018311    0.040399    0.125473    0.158997 ^ clkbuf_0_clk/X (sky130_fd_sc_hd__clkbuf_16)
                                                         clknet_0_clk (net)
                      0.040416    0.001129    0.160127 ^ clkbuf_1_0__f_clk/A (sky130_fd_sc_hd__clkbuf_16)
     2    0.005061    0.028825    0.108914    0.269041 ^ clkbuf_1_0__f_clk/X (sky130_fd_sc_hd__clkbuf_16)
                                                         clknet_1_0__leaf_clk (net)
                      0.028825    0.000195    0.269236 ^ _28_/CLK (sky130_fd_sc_hd__dfrtp_1)
     5    0.012831    0.123492    0.373896    0.643132 ^ _28_/Q (sky130_fd_sc_hd__dfrtp_1)
                                                         fsm.pstate[2] (net)
                      0.123496    0.000848    0.643980 ^ _15_/B (sky130_fd_sc_hd__or2_1)
     1    0.002669    0.038598    0.112640    0.756620 ^ _15_/X (sky130_fd_sc_hd__or2_1)
                                                         _06_ (net)
                      0.038598    0.000194    0.756813 ^ _16_/A (sky130_fd_sc_hd__clkbuf_1)
     1    0.002666    0.042580    0.077180    0.833993 ^ _16_/X (sky130_fd_sc_hd__clkbuf_1)
                                                         net6 (net)
                      0.042580    0.000178    0.834172 ^ output6/A (sky130_fd_sc_hd__buf_2)
     1    0.034740    0.172561    0.197845    1.032016 ^ output6/X (sky130_fd_sc_hd__buf_2)
                                                         result[3] (net)
                      0.172586    0.001733    1.033749 ^ result[3] (out)
                                              1.033749   data arrival time

                                  0.000000    0.000000   clock clk (rise edge)
                                  0.000000    0.000000   clock network delay (propagated)
                                  0.250000    0.250000   clock uncertainty
                                  0.000000    0.250000   clock reconvergence pessimism
                                 -5.000000   -4.750000   output external delay
                                             -4.750000   data required time
---------------------------------------------------------------------------------------------
                                             -4.750000   data required time
                                             -1.033749   data arrival time
---------------------------------------------------------------------------------------------
                                              5.783750   slack (MET)


Startpoint: _27_ (rising edge-triggered flip-flop clocked by clk)
Endpoint: flag_gt_zero (output port clocked by clk)
Path Group: clk
Path Type: min

Fanout         Cap        Slew       Delay        Time   Description
---------------------------------------------------------------------------------------------
                                  0.000000    0.000000   clock clk (rise edge)
                                  0.000000    0.000000   clock source latency
     1    0.009802    0.050572    0.033524    0.033524 ^ clk (in)
                                                         clk (net)
                      0.050578    0.000000    0.033524 ^ clkbuf_0_clk/A (sky130_fd_sc_hd__clkbuf_16)
     2    0.018311    0.040399    0.125473    0.158997 ^ clkbuf_0_clk/X (sky130_fd_sc_hd__clkbuf_16)
                                                         clknet_0_clk (net)
                      0.040417    0.001178    0.160176 ^ clkbuf_1_1__f_clk/A (sky130_fd_sc_hd__clkbuf_16)
     2    0.006252    0.029906    0.110331    0.270507 ^ clkbuf_1_1__f_clk/X (sky130_fd_sc_hd__clkbuf_16)
                                                         clknet_1_1__leaf_clk (net)
                      0.029906    0.000274    0.270781 ^ _27_/CLK (sky130_fd_sc_hd__dfrtp_1)
     3    0.013569    0.086368    0.400350    0.671130 v _27_/Q (sky130_fd_sc_hd__dfrtp_1)
                                                         fsm.pstate[1] (net)
                      0.086370    0.000556    0.671686 v _09_/A (sky130_fd_sc_hd__inv_2)
     3    0.007251    0.046231    0.071448    0.743134 ^ _09_/Y (sky130_fd_sc_hd__inv_2)
                                                         _03_ (net)
                      0.046235    0.000452    0.743585 ^ _12_/A (sky130_fd_sc_hd__or2_1)
     1    0.002566    0.037769    0.088611    0.832197 ^ _12_/X (sky130_fd_sc_hd__or2_1)
                                                         _05_ (net)
                      0.037769    0.000180    0.832377 ^ _13_/A (sky130_fd_sc_hd__clkbuf_1)
     3    0.007548    0.096950    0.115834    0.948211 ^ _13_/X (sky130_fd_sc_hd__clkbuf_1)
                                                         net2 (net)
                      0.096950    0.000234    0.948445 ^ output2/A (sky130_fd_sc_hd__buf_2)
     1    0.034167    0.170143    0.216222    1.164667 ^ output2/X (sky130_fd_sc_hd__buf_2)
                                                         flag_gt_zero (net)
                      0.170215    0.001605    1.166272 ^ flag_gt_zero (out)
                                              1.166272   data arrival time

                                  0.000000    0.000000   clock clk (rise edge)
                                  0.000000    0.000000   clock network delay (propagated)
                                  0.250000    0.250000   clock uncertainty
                                  0.000000    0.250000   clock reconvergence pessimism
                                 -5.000000   -4.750000   output external delay
                                             -4.750000   data required time
---------------------------------------------------------------------------------------------
                                             -4.750000   data required time
                                             -1.166272   data arrival time
---------------------------------------------------------------------------------------------
                                              5.916272   slack (MET)


Startpoint: _27_ (rising edge-triggered flip-flop clocked by clk)
Endpoint: result[5] (output port clocked by clk)
Path Group: clk
Path Type: min

Fanout         Cap        Slew       Delay        Time   Description
---------------------------------------------------------------------------------------------
                                  0.000000    0.000000   clock clk (rise edge)
                                  0.000000    0.000000   clock source latency
     1    0.009802    0.050572    0.033524    0.033524 ^ clk (in)
                                                         clk (net)
                      0.050578    0.000000    0.033524 ^ clkbuf_0_clk/A (sky130_fd_sc_hd__clkbuf_16)
     2    0.018311    0.040399    0.125473    0.158997 ^ clkbuf_0_clk/X (sky130_fd_sc_hd__clkbuf_16)
                                                         clknet_0_clk (net)
                      0.040417    0.001178    0.160176 ^ clkbuf_1_1__f_clk/A (sky130_fd_sc_hd__clkbuf_16)
     2    0.006252    0.029906    0.110331    0.270507 ^ clkbuf_1_1__f_clk/X (sky130_fd_sc_hd__clkbuf_16)
                                                         clknet_1_1__leaf_clk (net)
                      0.029906    0.000274    0.270781 ^ _27_/CLK (sky130_fd_sc_hd__dfrtp_1)
     3    0.013569    0.086368    0.400350    0.671130 v _27_/Q (sky130_fd_sc_hd__dfrtp_1)
                                                         fsm.pstate[1] (net)
                      0.086370    0.000556    0.671686 v _09_/A (sky130_fd_sc_hd__inv_2)
     3    0.007251    0.046231    0.071448    0.743134 ^ _09_/Y (sky130_fd_sc_hd__inv_2)
                                                         _03_ (net)
                      0.046235    0.000452    0.743585 ^ _12_/A (sky130_fd_sc_hd__or2_1)
     1    0.002566    0.037769    0.088611    0.832197 ^ _12_/X (sky130_fd_sc_hd__or2_1)
                                                         _05_ (net)
                      0.037769    0.000180    0.832377 ^ _13_/A (sky130_fd_sc_hd__clkbuf_1)
     3    0.007548    0.096950    0.115834    0.948211 ^ _13_/X (sky130_fd_sc_hd__clkbuf_1)
                                                         net2 (net)
                      0.096983    0.000316    0.948527 ^ _31_/A (sky130_fd_sc_hd__clkbuf_1)
     1    0.002617    0.042595    0.093340    1.041867 ^ _31_/X (sky130_fd_sc_hd__clkbuf_1)
                                                         net8 (net)
                      0.042595    0.000170    1.042037 ^ output8/A (sky130_fd_sc_hd__buf_2)
     1    0.034608    0.171934    0.197453    1.239490 ^ output8/X (sky130_fd_sc_hd__buf_2)
                                                         result[5] (net)
                      0.171957    0.001678    1.241167 ^ result[5] (out)
                                              1.241167   data arrival time

                                  0.000000    0.000000   clock clk (rise edge)
                                  0.000000    0.000000   clock network delay (propagated)
                                  0.250000    0.250000   clock uncertainty
                                  0.000000    0.250000   clock reconvergence pessimism
                                 -5.000000   -4.750000   output external delay
                                             -4.750000   data required time
---------------------------------------------------------------------------------------------
                                             -4.750000   data required time
                                             -1.241167   data arrival time
---------------------------------------------------------------------------------------------
                                              5.991167   slack (MET)


Startpoint: _27_ (rising edge-triggered flip-flop clocked by clk)
Endpoint: result[1] (output port clocked by clk)
Path Group: clk
Path Type: min

Fanout         Cap        Slew       Delay        Time   Description
---------------------------------------------------------------------------------------------
                                  0.000000    0.000000   clock clk (rise edge)
                                  0.000000    0.000000   clock source latency
     1    0.009802    0.050572    0.033524    0.033524 ^ clk (in)
                                                         clk (net)
                      0.050578    0.000000    0.033524 ^ clkbuf_0_clk/A (sky130_fd_sc_hd__clkbuf_16)
     2    0.018311    0.040399    0.125473    0.158997 ^ clkbuf_0_clk/X (sky130_fd_sc_hd__clkbuf_16)
                                                         clknet_0_clk (net)
                      0.040417    0.001178    0.160176 ^ clkbuf_1_1__f_clk/A (sky130_fd_sc_hd__clkbuf_16)
     2    0.006252    0.029906    0.110331    0.270507 ^ clkbuf_1_1__f_clk/X (sky130_fd_sc_hd__clkbuf_16)
                                                         clknet_1_1__leaf_clk (net)
                      0.029906    0.000274    0.270781 ^ _27_/CLK (sky130_fd_sc_hd__dfrtp_1)
     3    0.013569    0.086368    0.400350    0.671130 v _27_/Q (sky130_fd_sc_hd__dfrtp_1)
                                                         fsm.pstate[1] (net)
                      0.086370    0.000556    0.671686 v _09_/A (sky130_fd_sc_hd__inv_2)
     3    0.007251    0.046231    0.071448    0.743134 ^ _09_/Y (sky130_fd_sc_hd__inv_2)
                                                         _03_ (net)
                      0.046235    0.000452    0.743585 ^ _12_/A (sky130_fd_sc_hd__or2_1)
     1    0.002566    0.037769    0.088611    0.832197 ^ _12_/X (sky130_fd_sc_hd__or2_1)
                                                         _05_ (net)
                      0.037769    0.000180    0.832377 ^ _13_/A (sky130_fd_sc_hd__clkbuf_1)
     3    0.007548    0.096950    0.115834    0.948211 ^ _13_/X (sky130_fd_sc_hd__clkbuf_1)
                                                         net2 (net)
                      0.096950    0.000238    0.948448 ^ _29_/A (sky130_fd_sc_hd__clkbuf_1)
     1    0.002848    0.045032    0.095246    1.043695 ^ _29_/X (sky130_fd_sc_hd__clkbuf_1)
                                                         net4 (net)
                      0.045032    0.000176    1.043871 ^ output4/A (sky130_fd_sc_hd__buf_2)
     1    0.034063    0.169326    0.196634    1.240504 ^ output4/X (sky130_fd_sc_hd__buf_2)
                                                         result[1] (net)
                      0.169398    0.001597    1.242101 ^ result[1] (out)
                                              1.242101   data arrival time

                                  0.000000    0.000000   clock clk (rise edge)
                                  0.000000    0.000000   clock network delay (propagated)
                                  0.250000    0.250000   clock uncertainty
                                  0.000000    0.250000   clock reconvergence pessimism
                                 -5.000000   -4.750000   output external delay
                                             -4.750000   data required time
---------------------------------------------------------------------------------------------
                                             -4.750000   data required time
                                             -1.242101   data arrival time
---------------------------------------------------------------------------------------------
                                              5.992101   slack (MET)



