
===========================================================================
report_checks -unconstrained
===========================================================================
======================= nom_tt_025C_1v80 Corner ===================================

Startpoint: B[0] (input port clocked by clk)
Endpoint: ZF (output port clocked by clk)
Path Group: clk
Path Type: max

Fanout         Cap        Slew       Delay        Time   Description
---------------------------------------------------------------------------------------------
                      0.000000    0.000000    0.000000   clock clk (rise edge)
                                  0.000000    0.000000   clock network delay (ideal)
                                  5.000000    5.000000 ^ input external delay
     1    0.003255    0.021700    0.011889    5.011889 ^ B[0] (in)
                                                         B[0] (net)
                      0.021700    0.000000    5.011889 ^ input8/A (sky130_fd_sc_hd__buf_1)
     3    0.009336    0.117103    0.124503    5.136392 ^ input8/X (sky130_fd_sc_hd__buf_1)
                                                         net8 (net)
                      0.117103    0.000012    5.136404 ^ fanout20/A (sky130_fd_sc_hd__buf_2)
    10    0.028909    0.145453    0.207220    5.343624 ^ fanout20/X (sky130_fd_sc_hd__buf_2)
                                                         net20 (net)
                      0.145453    0.000185    5.343809 ^ _68_/S0 (sky130_fd_sc_hd__mux4_1)
     1    0.002047    0.081053    0.549663    5.893472 v _68_/X (sky130_fd_sc_hd__mux4_1)
                                                         _27_ (net)
                      0.081053    0.000005    5.893476 v _69_/B2 (sky130_fd_sc_hd__a2bb2o_1)
     2    0.003729    0.057117    0.259368    6.152844 v _69_/X (sky130_fd_sc_hd__a2bb2o_1)
                                                         net16 (net)
                      0.057117    0.000011    6.152855 v _82_/A (sky130_fd_sc_hd__or4_1)
     1    0.004741    0.095195    0.534695    6.687551 v _82_/X (sky130_fd_sc_hd__or4_1)
                                                         _37_ (net)
                      0.095195    0.000037    6.687588 v _83_/D (sky130_fd_sc_hd__nor4_1)
     1    0.002105    0.195784    0.157217    6.844805 ^ _83_/Y (sky130_fd_sc_hd__nor4_1)
                                                         net12 (net)
                      0.195784    0.000004    6.844809 ^ output12/A (sky130_fd_sc_hd__buf_2)
     1    0.034317    0.170811    0.246989    7.091797 ^ output12/X (sky130_fd_sc_hd__buf_2)
                                                         ZF (net)
                      0.170811    0.000140    7.091937 ^ ZF (out)
                                              7.091937   data arrival time

                      0.000000   25.000000   25.000000   clock clk (rise edge)
                                  0.000000   25.000000   clock network delay (ideal)
                                 -0.250000   24.750000   clock uncertainty
                                  0.000000   24.750000   clock reconvergence pessimism
                                 -5.000000   19.750000   output external delay
                                             19.750000   data required time
---------------------------------------------------------------------------------------------
                                             19.750000   data required time
                                             -7.091937   data arrival time
---------------------------------------------------------------------------------------------
                                             12.658063   slack (MET)




===========================================================================
report_checks --slack_max -0.01
============================================================================
======================= nom_tt_025C_1v80 Corner ===================================

No paths found.


===========================================================================
 report_check_types -max_slew -max_cap -max_fanout -violators
============================================================================
======================= nom_tt_025C_1v80 Corner ===================================



===========================================================================
report_parasitic_annotation -report_unannotated
============================================================================
Found 4 unannotated drivers.
 B[3]
 B[4]
 B[5]
 B[6]
Found 0 partially unannotated drivers.

===========================================================================
max slew violation count 0
Writing metric design__max_slew_violation__count__corner:nom_tt_025C_1v80: 0
max fanout violation count 0
Writing metric design__max_fanout_violation__count__corner:nom_tt_025C_1v80: 0
max cap violation count 0
Writing metric design__max_cap_violation__count__corner:nom_tt_025C_1v80: 0
============================================================================

===========================================================================
check_setup -verbose -unconstrained_endpoints -multiple_clock -no_clock -no_input_delay -loops -generated_clocks
===========================================================================
