
===========================================================================
report_checks -path_delay min (Hold)
============================================================================
======================= nom_tt_025C_1v80 Corner ===================================

Startpoint: _15_ (rising edge-triggered flip-flop clocked by clk)
Endpoint: _15_ (rising edge-triggered flip-flop clocked by clk)
Path Group: clk
Path Type: min

Fanout         Cap        Slew       Delay        Time   Description
---------------------------------------------------------------------------------------------
                                  0.000000    0.000000   clock clk (rise edge)
                                  0.000000    0.000000   clock source latency
     1    0.010578    0.053985    0.035873    0.035873 ^ clk (in)
                                                         clk (net)
                      0.053985    0.000000    0.035873 ^ clkbuf_0_clk/A (sky130_fd_sc_hd__clkbuf_16)
     2    0.017204    0.039465    0.126063    0.161936 ^ clkbuf_0_clk/X (sky130_fd_sc_hd__clkbuf_16)
                                                         clknet_0_clk (net)
                      0.039465    0.000058    0.161994 ^ clkbuf_1_1__f_clk/A (sky130_fd_sc_hd__clkbuf_16)
     1    0.002259    0.026174    0.105235    0.267229 ^ clkbuf_1_1__f_clk/X (sky130_fd_sc_hd__clkbuf_16)
                                                         clknet_1_1__leaf_clk (net)
                      0.026174    0.000005    0.267234 ^ _15_/CLK (sky130_fd_sc_hd__dfrtp_2)
     5    0.016634    0.096108    0.381837    0.649070 ^ _15_/Q (sky130_fd_sc_hd__dfrtp_2)
                                                         controller_inst.pstate[1] (net)
                      0.096108    0.000001    0.649071 ^ hold2/A (sky130_fd_sc_hd__dlygate4sd3_1)
     1    0.004851    0.073455    0.566683    1.215755 ^ hold2/X (sky130_fd_sc_hd__dlygate4sd3_1)
                                                         net11 (net)
                      0.073455    0.000009    1.215764 ^ _11_/A (sky130_fd_sc_hd__xor2_1)
     1    0.002977    0.036925    0.067498    1.283261 v _11_/X (sky130_fd_sc_hd__xor2_1)
                                                         controller_inst.nstate[1] (net)
                      0.036925    0.000012    1.283273 v _15_/D (sky130_fd_sc_hd__dfrtp_2)
                                              1.283273   data arrival time

                                  0.000000    0.000000   clock clk (rise edge)
                                  0.000000    0.000000   clock source latency
     1    0.010578    0.053985    0.035873    0.035873 ^ clk (in)
                                                         clk (net)
                      0.053985    0.000000    0.035873 ^ clkbuf_0_clk/A (sky130_fd_sc_hd__clkbuf_16)
     2    0.017204    0.039465    0.126063    0.161936 ^ clkbuf_0_clk/X (sky130_fd_sc_hd__clkbuf_16)
                                                         clknet_0_clk (net)
                      0.039465    0.000058    0.161994 ^ clkbuf_1_1__f_clk/A (sky130_fd_sc_hd__clkbuf_16)
     1    0.002259    0.026174    0.105235    0.267229 ^ clkbuf_1_1__f_clk/X (sky130_fd_sc_hd__clkbuf_16)
                                                         clknet_1_1__leaf_clk (net)
                      0.026174    0.000005    0.267234 ^ _15_/CLK (sky130_fd_sc_hd__dfrtp_2)
                                  0.250000    0.517234   clock uncertainty
                                  0.000000    0.517234   clock reconvergence pessimism
                                 -0.043119    0.474114   library hold time
                                              0.474114   data required time
---------------------------------------------------------------------------------------------
                                              0.474114   data required time
                                             -1.283273   data arrival time
---------------------------------------------------------------------------------------------
                                              0.809159   slack (MET)


Startpoint: _14_ (rising edge-triggered flip-flop clocked by clk)
Endpoint: _14_ (rising edge-triggered flip-flop clocked by clk)
Path Group: clk
Path Type: min

Fanout         Cap        Slew       Delay        Time   Description
---------------------------------------------------------------------------------------------
                                  0.000000    0.000000   clock clk (rise edge)
                                  0.000000    0.000000   clock source latency
     1    0.010578    0.053985    0.035873    0.035873 ^ clk (in)
                                                         clk (net)
                      0.053985    0.000000    0.035873 ^ clkbuf_0_clk/A (sky130_fd_sc_hd__clkbuf_16)
     2    0.017204    0.039465    0.126063    0.161936 ^ clkbuf_0_clk/X (sky130_fd_sc_hd__clkbuf_16)
                                                         clknet_0_clk (net)
                      0.039465    0.000041    0.161977 ^ clkbuf_1_0__f_clk/A (sky130_fd_sc_hd__clkbuf_16)
     1    0.002514    0.026425    0.105541    0.267518 ^ clkbuf_1_0__f_clk/X (sky130_fd_sc_hd__clkbuf_16)
                                                         clknet_1_0__leaf_clk (net)
                      0.026425    0.000008    0.267526 ^ _14_/CLK (sky130_fd_sc_hd__dfrtp_4)
     5    0.016611    0.081686    0.420104    0.687630 ^ _14_/Q (sky130_fd_sc_hd__dfrtp_4)
                                                         controller_inst.pstate[0] (net)
                      0.081686    0.000004    0.687634 ^ hold1/A (sky130_fd_sc_hd__dlygate4sd3_1)
     2    0.010519    0.124281    0.604762    1.292396 ^ hold1/X (sky130_fd_sc_hd__dlygate4sd3_1)
                                                         net10 (net)
                      0.124281    0.000037    1.292433 ^ _10_/A (sky130_fd_sc_hd__inv_2)
     1    0.002173    0.026274    0.034013    1.326446 v _10_/Y (sky130_fd_sc_hd__inv_2)
                                                         controller_inst.nstate[0] (net)
                      0.026274    0.000002    1.326448 v _14_/D (sky130_fd_sc_hd__dfrtp_4)
                                              1.326448   data arrival time

                                  0.000000    0.000000   clock clk (rise edge)
                                  0.000000    0.000000   clock source latency
     1    0.010578    0.053985    0.035873    0.035873 ^ clk (in)
                                                         clk (net)
                      0.053985    0.000000    0.035873 ^ clkbuf_0_clk/A (sky130_fd_sc_hd__clkbuf_16)
     2    0.017204    0.039465    0.126063    0.161936 ^ clkbuf_0_clk/X (sky130_fd_sc_hd__clkbuf_16)
                                                         clknet_0_clk (net)
                      0.039465    0.000041    0.161977 ^ clkbuf_1_0__f_clk/A (sky130_fd_sc_hd__clkbuf_16)
     1    0.002514    0.026425    0.105541    0.267518 ^ clkbuf_1_0__f_clk/X (sky130_fd_sc_hd__clkbuf_16)
                                                         clknet_1_0__leaf_clk (net)
                      0.026425    0.000008    0.267526 ^ _14_/CLK (sky130_fd_sc_hd__dfrtp_4)
                                  0.250000    0.517526   clock uncertainty
                                  0.000000    0.517526   clock reconvergence pessimism
                                 -0.038686    0.478840   library hold time
                                              0.478840   data required time
---------------------------------------------------------------------------------------------
                                              0.478840   data required time
                                             -1.326448   data arrival time
---------------------------------------------------------------------------------------------
                                              0.847608   slack (MET)


Startpoint: reset (input port clocked by clk)
Endpoint: _15_ (removal check against rising-edge clock clk)
Path Group: asynchronous
Path Type: min

Fanout         Cap        Slew       Delay        Time   Description
---------------------------------------------------------------------------------------------
                                  0.000000    0.000000   clock clk (rise edge)
                                  0.000000    0.000000   clock network delay (propagated)
                                  5.000000    5.000000 v input external delay
     1    0.002500    0.007938    0.003905    5.003905 v reset (in)
                                                         reset (net)
                      0.007938    0.000000    5.003905 v input1/A (sky130_fd_sc_hd__buf_1)
     2    0.009444    0.061357    0.102358    5.106264 v input1/X (sky130_fd_sc_hd__buf_1)
                                                         net1 (net)
                      0.061357    0.000041    5.106305 v _13_/A (sky130_fd_sc_hd__inv_2)
     1    0.004075    0.029719    0.051242    5.157547 ^ _13_/Y (sky130_fd_sc_hd__inv_2)
                                                         _01_ (net)
                      0.029719    0.000012    5.157559 ^ _15_/RESET_B (sky130_fd_sc_hd__dfrtp_2)
                                              5.157559   data arrival time

                                  0.000000    0.000000   clock clk (rise edge)
                                  0.000000    0.000000   clock source latency
     1    0.010578    0.053985    0.035873    0.035873 ^ clk (in)
                                                         clk (net)
                      0.053985    0.000000    0.035873 ^ clkbuf_0_clk/A (sky130_fd_sc_hd__clkbuf_16)
     2    0.017204    0.039465    0.126063    0.161936 ^ clkbuf_0_clk/X (sky130_fd_sc_hd__clkbuf_16)
                                                         clknet_0_clk (net)
                      0.039465    0.000058    0.161994 ^ clkbuf_1_1__f_clk/A (sky130_fd_sc_hd__clkbuf_16)
     1    0.002259    0.026174    0.105235    0.267229 ^ clkbuf_1_1__f_clk/X (sky130_fd_sc_hd__clkbuf_16)
                                                         clknet_1_1__leaf_clk (net)
                      0.026174    0.000005    0.267234 ^ _15_/CLK (sky130_fd_sc_hd__dfrtp_2)
                                  0.250000    0.517234   clock uncertainty
                                  0.000000    0.517234   clock reconvergence pessimism
                                  0.310902    0.828136   library removal time
                                              0.828136   data required time
---------------------------------------------------------------------------------------------
                                              0.828136   data required time
                                             -5.157559   data arrival time
---------------------------------------------------------------------------------------------
                                              4.329423   slack (MET)


Startpoint: reset (input port clocked by clk)
Endpoint: _14_ (removal check against rising-edge clock clk)
Path Group: asynchronous
Path Type: min

Fanout         Cap        Slew       Delay        Time   Description
---------------------------------------------------------------------------------------------
                                  0.000000    0.000000   clock clk (rise edge)
                                  0.000000    0.000000   clock network delay (propagated)
                                  5.000000    5.000000 v input external delay
     1    0.002500    0.007938    0.003905    5.003905 v reset (in)
                                                         reset (net)
                      0.007938    0.000000    5.003905 v input1/A (sky130_fd_sc_hd__buf_1)
     2    0.009444    0.061357    0.102358    5.106264 v input1/X (sky130_fd_sc_hd__buf_1)
                                                         net1 (net)
                      0.061357    0.000039    5.106303 v _12_/A (sky130_fd_sc_hd__inv_2)
     1    0.004517    0.031246    0.052859    5.159161 ^ _12_/Y (sky130_fd_sc_hd__inv_2)
                                                         _00_ (net)
                      0.031246    0.000021    5.159183 ^ _14_/RESET_B (sky130_fd_sc_hd__dfrtp_4)
                                              5.159183   data arrival time

                                  0.000000    0.000000   clock clk (rise edge)
                                  0.000000    0.000000   clock source latency
     1    0.010578    0.053985    0.035873    0.035873 ^ clk (in)
                                                         clk (net)
                      0.053985    0.000000    0.035873 ^ clkbuf_0_clk/A (sky130_fd_sc_hd__clkbuf_16)
     2    0.017204    0.039465    0.126063    0.161936 ^ clkbuf_0_clk/X (sky130_fd_sc_hd__clkbuf_16)
                                                         clknet_0_clk (net)
                      0.039465    0.000041    0.161977 ^ clkbuf_1_0__f_clk/A (sky130_fd_sc_hd__clkbuf_16)
     1    0.002514    0.026425    0.105541    0.267518 ^ clkbuf_1_0__f_clk/X (sky130_fd_sc_hd__clkbuf_16)
                                                         clknet_1_0__leaf_clk (net)
                      0.026425    0.000008    0.267526 ^ _14_/CLK (sky130_fd_sc_hd__dfrtp_4)
                                  0.250000    0.517526   clock uncertainty
                                  0.000000    0.517526   clock reconvergence pessimism
                                  0.311439    0.828965   library removal time
                                              0.828965   data required time
---------------------------------------------------------------------------------------------
                                              0.828965   data required time
                                             -5.159183   data arrival time
---------------------------------------------------------------------------------------------
                                              4.330218   slack (MET)


Startpoint: _15_ (rising edge-triggered flip-flop clocked by clk)
Endpoint: result[6] (output port clocked by clk)
Path Group: clk
Path Type: min

Fanout         Cap        Slew       Delay        Time   Description
---------------------------------------------------------------------------------------------
                                  0.000000    0.000000   clock clk (rise edge)
                                  0.000000    0.000000   clock source latency
     1    0.010578    0.053985    0.035873    0.035873 ^ clk (in)
                                                         clk (net)
                      0.053985    0.000000    0.035873 ^ clkbuf_0_clk/A (sky130_fd_sc_hd__clkbuf_16)
     2    0.017204    0.039465    0.126063    0.161936 ^ clkbuf_0_clk/X (sky130_fd_sc_hd__clkbuf_16)
                                                         clknet_0_clk (net)
                      0.039465    0.000058    0.161994 ^ clkbuf_1_1__f_clk/A (sky130_fd_sc_hd__clkbuf_16)
     1    0.002259    0.026174    0.105235    0.267229 ^ clkbuf_1_1__f_clk/X (sky130_fd_sc_hd__clkbuf_16)
                                                         clknet_1_1__leaf_clk (net)
                      0.026174    0.000005    0.267234 ^ _15_/CLK (sky130_fd_sc_hd__dfrtp_2)
     5    0.016634    0.096108    0.381837    0.649070 ^ _15_/Q (sky130_fd_sc_hd__dfrtp_2)
                                                         controller_inst.pstate[1] (net)
                      0.096108    0.000071    0.649141 ^ _09_/A (sky130_fd_sc_hd__xnor2_1)
     1    0.001939    0.031350    0.071782    0.720923 v _09_/Y (sky130_fd_sc_hd__xnor2_1)
                                                         net7 (net)
                      0.031350    0.000002    0.720925 v output7/A (sky130_fd_sc_hd__buf_2)
     1    0.034160    0.089130    0.174454    0.895380 v output7/X (sky130_fd_sc_hd__buf_2)
                                                         result[6] (net)
                      0.089130    0.000116    0.895496 v result[6] (out)
                                              0.895496   data arrival time

                                  0.000000    0.000000   clock clk (rise edge)
                                  0.000000    0.000000   clock network delay (propagated)
                                  0.250000    0.250000   clock uncertainty
                                  0.000000    0.250000   clock reconvergence pessimism
                                 -5.000000   -4.750000   output external delay
                                             -4.750000   data required time
---------------------------------------------------------------------------------------------
                                             -4.750000   data required time
                                             -0.895496   data arrival time
---------------------------------------------------------------------------------------------
                                              5.645496   slack (MET)


Startpoint: _15_ (rising edge-triggered flip-flop clocked by clk)
Endpoint: result[4] (output port clocked by clk)
Path Group: clk
Path Type: min

Fanout         Cap        Slew       Delay        Time   Description
---------------------------------------------------------------------------------------------
                                  0.000000    0.000000   clock clk (rise edge)
                                  0.000000    0.000000   clock source latency
     1    0.010578    0.053985    0.035873    0.035873 ^ clk (in)
                                                         clk (net)
                      0.053985    0.000000    0.035873 ^ clkbuf_0_clk/A (sky130_fd_sc_hd__clkbuf_16)
     2    0.017204    0.039465    0.126063    0.161936 ^ clkbuf_0_clk/X (sky130_fd_sc_hd__clkbuf_16)
                                                         clknet_0_clk (net)
                      0.039465    0.000058    0.161994 ^ clkbuf_1_1__f_clk/A (sky130_fd_sc_hd__clkbuf_16)
     1    0.002259    0.026174    0.105235    0.267229 ^ clkbuf_1_1__f_clk/X (sky130_fd_sc_hd__clkbuf_16)
                                                         clknet_1_1__leaf_clk (net)
                      0.026174    0.000005    0.267234 ^ _15_/CLK (sky130_fd_sc_hd__dfrtp_2)
     5    0.016634    0.096108    0.381837    0.649070 ^ _15_/Q (sky130_fd_sc_hd__dfrtp_2)
                                                         controller_inst.pstate[1] (net)
                      0.096108    0.000062    0.649132 ^ _04_/A (sky130_fd_sc_hd__xnor2_1)
     2    0.005488    0.052984    0.093618    0.742750 v _04_/Y (sky130_fd_sc_hd__xnor2_1)
                                                         net5 (net)
                      0.052984    0.000025    0.742775 v output5/A (sky130_fd_sc_hd__buf_2)
     1    0.034696    0.090185    0.184672    0.927447 v output5/X (sky130_fd_sc_hd__buf_2)
                                                         result[4] (net)
                      0.090185    0.000245    0.927692 v result[4] (out)
                                              0.927692   data arrival time

                                  0.000000    0.000000   clock clk (rise edge)
                                  0.000000    0.000000   clock network delay (propagated)
                                  0.250000    0.250000   clock uncertainty
                                  0.000000    0.250000   clock reconvergence pessimism
                                 -5.000000   -4.750000   output external delay
                                             -4.750000   data required time
---------------------------------------------------------------------------------------------
                                             -4.750000   data required time
                                             -0.927692   data arrival time
---------------------------------------------------------------------------------------------
                                              5.677692   slack (MET)


Startpoint: _15_ (rising edge-triggered flip-flop clocked by clk)
Endpoint: result[5] (output port clocked by clk)
Path Group: clk
Path Type: min

Fanout         Cap        Slew       Delay        Time   Description
---------------------------------------------------------------------------------------------
                                  0.000000    0.000000   clock clk (rise edge)
                                  0.000000    0.000000   clock source latency
     1    0.010578    0.053985    0.035873    0.035873 ^ clk (in)
                                                         clk (net)
                      0.053985    0.000000    0.035873 ^ clkbuf_0_clk/A (sky130_fd_sc_hd__clkbuf_16)
     2    0.017204    0.039465    0.126063    0.161936 ^ clkbuf_0_clk/X (sky130_fd_sc_hd__clkbuf_16)
                                                         clknet_0_clk (net)
                      0.039465    0.000058    0.161994 ^ clkbuf_1_1__f_clk/A (sky130_fd_sc_hd__clkbuf_16)
     1    0.002259    0.026174    0.105235    0.267229 ^ clkbuf_1_1__f_clk/X (sky130_fd_sc_hd__clkbuf_16)
                                                         clknet_1_1__leaf_clk (net)
                      0.026174    0.000005    0.267234 ^ _15_/CLK (sky130_fd_sc_hd__dfrtp_2)
     5    0.016634    0.096108    0.381837    0.649070 ^ _15_/Q (sky130_fd_sc_hd__dfrtp_2)
                                                         controller_inst.pstate[1] (net)
                      0.096108    0.000074    0.649144 ^ _05_/B (sky130_fd_sc_hd__nand2b_1)
     1    0.003383    0.042601    0.066315    0.715459 v _05_/Y (sky130_fd_sc_hd__nand2b_1)
                                                         _02_ (net)
                      0.042601    0.000022    0.715481 v _06_/A (sky130_fd_sc_hd__clkbuf_1)
     2    0.005036    0.039307    0.097019    0.812500 v _06_/X (sky130_fd_sc_hd__clkbuf_1)
                                                         net6 (net)
                      0.039307    0.000013    0.812513 v output6/A (sky130_fd_sc_hd__buf_2)
     1    0.034296    0.089399    0.178075    0.990588 v output6/X (sky130_fd_sc_hd__buf_2)
                                                         result[5] (net)
                      0.089399    0.000191    0.990779 v result[5] (out)
                                              0.990779   data arrival time

                                  0.000000    0.000000   clock clk (rise edge)
                                  0.000000    0.000000   clock network delay (propagated)
                                  0.250000    0.250000   clock uncertainty
                                  0.000000    0.250000   clock reconvergence pessimism
                                 -5.000000   -4.750000   output external delay
                                             -4.750000   data required time
---------------------------------------------------------------------------------------------
                                             -4.750000   data required time
                                             -0.990779   data arrival time
---------------------------------------------------------------------------------------------
                                              5.740778   slack (MET)


Startpoint: _14_ (rising edge-triggered flip-flop clocked by clk)
Endpoint: result[2] (output port clocked by clk)
Path Group: clk
Path Type: min

Fanout         Cap        Slew       Delay        Time   Description
---------------------------------------------------------------------------------------------
                                  0.000000    0.000000   clock clk (rise edge)
                                  0.000000    0.000000   clock source latency
     1    0.010578    0.053985    0.035873    0.035873 ^ clk (in)
                                                         clk (net)
                      0.053985    0.000000    0.035873 ^ clkbuf_0_clk/A (sky130_fd_sc_hd__clkbuf_16)
     2    0.017204    0.039465    0.126063    0.161936 ^ clkbuf_0_clk/X (sky130_fd_sc_hd__clkbuf_16)
                                                         clknet_0_clk (net)
                      0.039465    0.000041    0.161977 ^ clkbuf_1_0__f_clk/A (sky130_fd_sc_hd__clkbuf_16)
     1    0.002514    0.026425    0.105541    0.267518 ^ clkbuf_1_0__f_clk/X (sky130_fd_sc_hd__clkbuf_16)
                                                         clknet_1_0__leaf_clk (net)
                      0.026425    0.000008    0.267526 ^ _14_/CLK (sky130_fd_sc_hd__dfrtp_4)
     5    0.016611    0.081686    0.420104    0.687630 ^ _14_/Q (sky130_fd_sc_hd__dfrtp_4)
                                                         controller_inst.pstate[0] (net)
                      0.081686    0.000056    0.687686 ^ _07_/B (sky130_fd_sc_hd__nand2b_1)
     1    0.002151    0.034130    0.054862    0.742548 v _07_/Y (sky130_fd_sc_hd__nand2b_1)
                                                         _03_ (net)
                      0.034130    0.000001    0.742549 v _08_/A (sky130_fd_sc_hd__clkbuf_1)
     1    0.002457    0.024798    0.080676    0.823225 v _08_/X (sky130_fd_sc_hd__clkbuf_1)
                                                         net4 (net)
                      0.024798    0.000009    0.823234 v output4/A (sky130_fd_sc_hd__buf_2)
     1    0.034069    0.088971    0.171474    0.994708 v output4/X (sky130_fd_sc_hd__buf_2)
                                                         result[2] (net)
                      0.088971    0.000099    0.994806 v result[2] (out)
                                              0.994806   data arrival time

                                  0.000000    0.000000   clock clk (rise edge)
                                  0.000000    0.000000   clock network delay (propagated)
                                  0.250000    0.250000   clock uncertainty
                                  0.000000    0.250000   clock reconvergence pessimism
                                 -5.000000   -4.750000   output external delay
                                             -4.750000   data required time
---------------------------------------------------------------------------------------------
                                             -4.750000   data required time
                                             -0.994806   data arrival time
---------------------------------------------------------------------------------------------
                                              5.744807   slack (MET)


Startpoint: _15_ (rising edge-triggered flip-flop clocked by clk)
Endpoint: result[0] (output port clocked by clk)
Path Group: clk
Path Type: min

Fanout         Cap        Slew       Delay        Time   Description
---------------------------------------------------------------------------------------------
                                  0.000000    0.000000   clock clk (rise edge)
                                  0.000000    0.000000   clock source latency
     1    0.010578    0.053985    0.035873    0.035873 ^ clk (in)
                                                         clk (net)
                      0.053985    0.000000    0.035873 ^ clkbuf_0_clk/A (sky130_fd_sc_hd__clkbuf_16)
     2    0.017204    0.039465    0.126063    0.161936 ^ clkbuf_0_clk/X (sky130_fd_sc_hd__clkbuf_16)
                                                         clknet_0_clk (net)
                      0.039465    0.000058    0.161994 ^ clkbuf_1_1__f_clk/A (sky130_fd_sc_hd__clkbuf_16)
     1    0.002259    0.026174    0.105235    0.267229 ^ clkbuf_1_1__f_clk/X (sky130_fd_sc_hd__clkbuf_16)
                                                         clknet_1_1__leaf_clk (net)
                      0.026174    0.000005    0.267234 ^ _15_/CLK (sky130_fd_sc_hd__dfrtp_2)
     5    0.016634    0.096108    0.381837    0.649070 ^ _15_/Q (sky130_fd_sc_hd__dfrtp_2)
                                                         controller_inst.pstate[1] (net)
                      0.096108    0.000062    0.649132 ^ _04_/A (sky130_fd_sc_hd__xnor2_1)
     2    0.005488    0.052984    0.093618    0.742750 v _04_/Y (sky130_fd_sc_hd__xnor2_1)
                                                         net5 (net)
                      0.052984    0.000008    0.742758 v _18_/A (sky130_fd_sc_hd__clkbuf_1)
     1    0.001929    0.022885    0.086109    0.828867 v _18_/X (sky130_fd_sc_hd__clkbuf_1)
                                                         net2 (net)
                      0.022885    0.000002    0.828869 v output2/A (sky130_fd_sc_hd__buf_2)
     1    0.034556    0.090083    0.171475    1.000344 v output2/X (sky130_fd_sc_hd__buf_2)
                                                         result[0] (net)
                      0.090083    0.000212    1.000557 v result[0] (out)
                                              1.000557   data arrival time

                                  0.000000    0.000000   clock clk (rise edge)
                                  0.000000    0.000000   clock network delay (propagated)
                                  0.250000    0.250000   clock uncertainty
                                  0.000000    0.250000   clock reconvergence pessimism
                                 -5.000000   -4.750000   output external delay
                                             -4.750000   data required time
---------------------------------------------------------------------------------------------
                                             -4.750000   data required time
                                             -1.000557   data arrival time
---------------------------------------------------------------------------------------------
                                              5.750556   slack (MET)


Startpoint: _15_ (rising edge-triggered flip-flop clocked by clk)
Endpoint: result[1] (output port clocked by clk)
Path Group: clk
Path Type: min

Fanout         Cap        Slew       Delay        Time   Description
---------------------------------------------------------------------------------------------
                                  0.000000    0.000000   clock clk (rise edge)
                                  0.000000    0.000000   clock source latency
     1    0.010578    0.053985    0.035873    0.035873 ^ clk (in)
                                                         clk (net)
                      0.053985    0.000000    0.035873 ^ clkbuf_0_clk/A (sky130_fd_sc_hd__clkbuf_16)
     2    0.017204    0.039465    0.126063    0.161936 ^ clkbuf_0_clk/X (sky130_fd_sc_hd__clkbuf_16)
                                                         clknet_0_clk (net)
                      0.039465    0.000058    0.161994 ^ clkbuf_1_1__f_clk/A (sky130_fd_sc_hd__clkbuf_16)
     1    0.002259    0.026174    0.105235    0.267229 ^ clkbuf_1_1__f_clk/X (sky130_fd_sc_hd__clkbuf_16)
                                                         clknet_1_1__leaf_clk (net)
                      0.026174    0.000005    0.267234 ^ _15_/CLK (sky130_fd_sc_hd__dfrtp_2)
     5    0.016634    0.096108    0.381837    0.649070 ^ _15_/Q (sky130_fd_sc_hd__dfrtp_2)
                                                         controller_inst.pstate[1] (net)
                      0.096108    0.000074    0.649144 ^ _05_/B (sky130_fd_sc_hd__nand2b_1)
     1    0.003383    0.042601    0.066315    0.715459 v _05_/Y (sky130_fd_sc_hd__nand2b_1)
                                                         _02_ (net)
                      0.042601    0.000022    0.715481 v _06_/A (sky130_fd_sc_hd__clkbuf_1)
     2    0.005036    0.039307    0.097019    0.812500 v _06_/X (sky130_fd_sc_hd__clkbuf_1)
                                                         net6 (net)
                      0.039307    0.000011    0.812511 v _19_/A (sky130_fd_sc_hd__clkbuf_1)
     1    0.001691    0.021605    0.078746    0.891257 v _19_/X (sky130_fd_sc_hd__clkbuf_1)
                                                         net3 (net)
                      0.021605    0.000000    0.891257 v output3/A (sky130_fd_sc_hd__buf_2)
     1    0.034645    0.090266    0.171120    1.062378 v output3/X (sky130_fd_sc_hd__buf_2)
                                                         result[1] (net)
                      0.090266    0.000219    1.062596 v result[1] (out)
                                              1.062596   data arrival time

                                  0.000000    0.000000   clock clk (rise edge)
                                  0.000000    0.000000   clock network delay (propagated)
                                  0.250000    0.250000   clock uncertainty
                                  0.000000    0.250000   clock reconvergence pessimism
                                 -5.000000   -4.750000   output external delay
                                             -4.750000   data required time
---------------------------------------------------------------------------------------------
                                             -4.750000   data required time
                                             -1.062596   data arrival time
---------------------------------------------------------------------------------------------
                                              5.812596   slack (MET)



