
===========================================================================
report_checks -unconstrained
===========================================================================
======================= min_tt_025C_1v80 Corner ===================================

Startpoint: B[0] (input port clocked by clk)
Endpoint: ZF (output port clocked by clk)
Path Group: clk
Path Type: max

Fanout         Cap        Slew       Delay        Time   Description
---------------------------------------------------------------------------------------------
                      0.000000    0.000000    0.000000   clock clk (rise edge)
                                  0.000000    0.000000   clock network delay (ideal)
                                  5.000000    5.000000 ^ input external delay
     1    0.003501    0.022769    0.012758    5.012758 ^ B[0] (in)
                                                         B[0] (net)
                      0.022769    0.000000    5.012758 ^ input8/A (sky130_fd_sc_hd__buf_1)
     3    0.012358    0.151405    0.148540    5.161298 ^ input8/X (sky130_fd_sc_hd__buf_1)
                                                         net8 (net)
                      0.151405    0.000062    5.161360 ^ fanout20/A (sky130_fd_sc_hd__buf_2)
    10    0.032533    0.162554    0.228715    5.390075 ^ fanout20/X (sky130_fd_sc_hd__buf_2)
                                                         net20 (net)
                      0.162556    0.000874    5.390950 ^ _68_/S0 (sky130_fd_sc_hd__mux4_1)
     1    0.002290    0.080945    0.556180    5.947130 v _68_/X (sky130_fd_sc_hd__mux4_1)
                                                         _27_ (net)
                      0.080945    0.000022    5.947152 v _69_/B2 (sky130_fd_sc_hd__a2bb2o_1)
     2    0.004330    0.057872    0.262997    6.210149 v _69_/X (sky130_fd_sc_hd__a2bb2o_1)
                                                         net16 (net)
                      0.057872    0.000035    6.210185 v _82_/A (sky130_fd_sc_hd__or4_1)
     1    0.006772    0.108405    0.553539    6.763723 v _82_/X (sky130_fd_sc_hd__or4_1)
                                                         _37_ (net)
                      0.108405    0.000164    6.763887 v _83_/D (sky130_fd_sc_hd__nor4_1)
     1    0.002029    0.192975    0.159480    6.923367 ^ _83_/Y (sky130_fd_sc_hd__nor4_1)
                                                         net12 (net)
                      0.192975    0.000017    6.923384 ^ output12/A (sky130_fd_sc_hd__buf_2)
     1    0.034568    0.172011    0.246932    7.170317 ^ output12/X (sky130_fd_sc_hd__buf_2)
                                                         ZF (net)
                      0.172011    0.000323    7.170640 ^ ZF (out)
                                              7.170640   data arrival time

                      0.000000   25.000000   25.000000   clock clk (rise edge)
                                  0.000000   25.000000   clock network delay (ideal)
                                 -0.250000   24.750000   clock uncertainty
                                  0.000000   24.750000   clock reconvergence pessimism
                                 -5.000000   19.750000   output external delay
                                             19.750000   data required time
---------------------------------------------------------------------------------------------
                                             19.750000   data required time
                                             -7.170640   data arrival time
---------------------------------------------------------------------------------------------
                                             12.579360   slack (MET)




===========================================================================
report_checks --slack_max -0.01
============================================================================
======================= min_tt_025C_1v80 Corner ===================================

No paths found.


===========================================================================
 report_check_types -max_slew -max_cap -max_fanout -violators
============================================================================
======================= min_tt_025C_1v80 Corner ===================================



===========================================================================
report_parasitic_annotation -report_unannotated
============================================================================
Found 4 unannotated drivers.
 B[3]
 B[4]
 B[5]
 B[6]
Found 0 partially unannotated drivers.

===========================================================================
max slew violation count 0
max fanout violation count 0
max cap violation count 0
============================================================================

===========================================================================
check_setup -verbose -unconstrained_endpoints -multiple_clock -no_clock -no_input_delay -loops -generated_clocks
===========================================================================
