89. Printing statistics.

=== ALU_7bit ===

   Number of wires:                 77
   Number of wire bits:             95
   Number of public wires:           5
   Number of public wire bits:      23
   Number of ports:                  5
   Number of port bits:             23
   Number of memories:               0
   Number of memory bits:            0
   Number of processes:              0
   Number of cells:                 80
     $_ANDNOT_                      28
     $_MUX_                         13
     $_NAND_                         2
     $_NOR_                          1
     $_NOT_                          8
     $_ORNOT_                        4
     $_OR_                          24

   Area for cell type $_NOT_ is unknown!
   Area for cell type $_NAND_ is unknown!
   Area for cell type $_OR_ is unknown!
   Area for cell type $_NOR_ is unknown!
   Area for cell type $_ANDNOT_ is unknown!
   Area for cell type $_ORNOT_ is unknown!
   Area for cell type $_MUX_ is unknown!

