103. Printing statistics.

=== ALU_7bit ===

   Number of wires:                 43
   Number of wire bits:             61
   Number of public wires:           5
   Number of public wire bits:      23
   Number of ports:                  5
   Number of port bits:             23
   Number of memories:               0
   Number of memory bits:            0
   Number of processes:              0
   Number of cells:                 46
     sky130_fd_sc_hd__a211o_2        3
     sky130_fd_sc_hd__a21o_2         1
     sky130_fd_sc_hd__a21oi_2        1
     sky130_fd_sc_hd__a2bb2o_4       2
     sky130_fd_sc_hd__a311o_2        1
     sky130_fd_sc_hd__a31o_2         2
     sky130_fd_sc_hd__and2_2         2
     sky130_fd_sc_hd__and2b_2        4
     sky130_fd_sc_hd__and4b_2        1
     sky130_fd_sc_hd__inv_2          6
     sky130_fd_sc_hd__mux2_2         5
     sky130_fd_sc_hd__mux4_2         1
     sky130_fd_sc_hd__nor2_2         2
     sky130_fd_sc_hd__nor4_4         1
     sky130_fd_sc_hd__o2111a_2       1
     sky130_fd_sc_hd__o211a_2        3
     sky130_fd_sc_hd__o211a_4        1
     sky130_fd_sc_hd__o21a_2         2
     sky130_fd_sc_hd__o21a_4         1
     sky130_fd_sc_hd__o22a_2         1
     sky130_fd_sc_hd__or3_2          1
     sky130_fd_sc_hd__or3_4          1
     sky130_fd_sc_hd__or3b_2         2
     sky130_fd_sc_hd__or4_4          1

   Chip area for module '\ALU_7bit': 462.944000
     of which used for sequential elements: 0.000000 (0.00%)

