
===========================================================================
report_checks -unconstrained
===========================================================================
======================= max_ff_n40C_1v95 Corner ===================================

Startpoint: B[0] (input port clocked by clk)
Endpoint: ZF (output port clocked by clk)
Path Group: clk
Path Type: max

Fanout         Cap        Slew       Delay        Time   Description
---------------------------------------------------------------------------------------------
                      0.000000    0.000000    0.000000   clock clk (rise edge)
                                  0.000000    0.000000   clock network delay (ideal)
                                  5.000000    5.000000 ^ input external delay
     1    0.003799    0.017511    0.009919    5.009919 ^ B[0] (in)
                                                         B[0] (net)
                      0.017513    0.000000    5.009919 ^ input8/A (sky130_fd_sc_hd__buf_1)
     3    0.013961    0.126289    0.113711    5.123630 ^ input8/X (sky130_fd_sc_hd__buf_1)
                                                         net8 (net)
                      0.126292    0.000501    5.124131 ^ fanout20/A (sky130_fd_sc_hd__buf_2)
    10    0.035489    0.132722    0.161578    5.285709 ^ fanout20/X (sky130_fd_sc_hd__buf_2)
                                                         net20 (net)
                      0.132881    0.003774    5.289484 ^ _68_/S0 (sky130_fd_sc_hd__mux4_1)
     1    0.002531    0.061425    0.276429    5.565913 v _68_/X (sky130_fd_sc_hd__mux4_1)
                                                         _27_ (net)
                      0.061425    0.000156    5.566069 v _69_/B2 (sky130_fd_sc_hd__a2bb2o_1)
     2    0.004843    0.042319    0.161599    5.727668 v _69_/X (sky130_fd_sc_hd__a2bb2o_1)
                                                         net16 (net)
                      0.042338    0.000256    5.727924 v _82_/A (sky130_fd_sc_hd__or4_1)
     1    0.007646    0.074279    0.322330    6.050254 v _82_/X (sky130_fd_sc_hd__or4_1)
                                                         _37_ (net)
                      0.074280    0.000434    6.050688 v _83_/D (sky130_fd_sc_hd__nor4_1)
     1    0.002160    0.131159    0.106378    6.157066 ^ _83_/Y (sky130_fd_sc_hd__nor4_1)
                                                         net12 (net)
                      0.131159    0.000154    6.157220 ^ output12/A (sky130_fd_sc_hd__buf_2)
     1    0.034774    0.129630    0.161236    6.318456 ^ output12/X (sky130_fd_sc_hd__buf_2)
                                                         ZF (net)
                      0.129710    0.001830    6.320286 ^ ZF (out)
                                              6.320286   data arrival time

                      0.000000   25.000000   25.000000   clock clk (rise edge)
                                  0.000000   25.000000   clock network delay (ideal)
                                 -0.250000   24.750000   clock uncertainty
                                  0.000000   24.750000   clock reconvergence pessimism
                                 -5.000000   19.750000   output external delay
                                             19.750000   data required time
---------------------------------------------------------------------------------------------
                                             19.750000   data required time
                                             -6.320286   data arrival time
---------------------------------------------------------------------------------------------
                                             13.429713   slack (MET)




===========================================================================
report_checks --slack_max -0.01
============================================================================
======================= max_ff_n40C_1v95 Corner ===================================

No paths found.


===========================================================================
 report_check_types -max_slew -max_cap -max_fanout -violators
============================================================================
======================= max_ff_n40C_1v95 Corner ===================================



===========================================================================
report_parasitic_annotation -report_unannotated
============================================================================
Found 4 unannotated drivers.
 B[3]
 B[4]
 B[5]
 B[6]
Found 0 partially unannotated drivers.

===========================================================================
max slew violation count 0
max fanout violation count 0
max cap violation count 0
============================================================================

===========================================================================
check_setup -verbose -unconstrained_endpoints -multiple_clock -no_clock -no_input_delay -loops -generated_clocks
===========================================================================
