Reading timing models for corner max_ff_n40C_1v95…
Reading cell library for the 'max_ff_n40C_1v95' corner at '/foss/pdks/sky130A/libs.ref/sky130_fd_sc_hd/lib/sky130_fd_sc_hd__ff_n40C_1v95.lib'…
Reading top-level netlist at '/foss/designs/ALU/runs/RUN_2025-06-08_17-25-06/51-openroad-fillinsertion/ALU_7bit.nl.v'…
Linking design 'ALU_7bit' from netlist…
Warning: /foss/designs/ALU/runs/RUN_2025-06-08_17-25-06/51-openroad-fillinsertion/ALU_7bit.nl.v line 278, module sky130_fd_sc_hd__tapvpwrvgnd_1 not found. Creating black box for TAP_TAPCELL_ROW_0_20.
Warning: /foss/designs/ALU/runs/RUN_2025-06-08_17-25-06/51-openroad-fillinsertion/ALU_7bit.nl.v line 332, module sky130_ef_sc_hd__decap_12 not found. Creating black box for FILLER_0_3.
Warning: /foss/designs/ALU/runs/RUN_2025-06-08_17-25-06/51-openroad-fillinsertion/ALU_7bit.nl.v line 334, module sky130_fd_sc_hd__fill_1 not found. Creating black box for FILLER_0_27.
Warning: /foss/designs/ALU/runs/RUN_2025-06-08_17-25-06/51-openroad-fillinsertion/ALU_7bit.nl.v line 344, module sky130_fd_sc_hd__fill_2 not found. Creating black box for FILLER_1_54.
Reading design constraints file at '/usr/local/lib/python3.12/dist-packages/openlane/scripts/base.sdc'…
Warning: base.sdc line 15, port 'clk' not found.
[INFO] Using clock clk…
[INFO] Setting output delay to: 5.0
[INFO] Setting input delay to: 5.0
Warning: base.sdc line 32, port 'clk' not found.
[INFO] Setting load to: 0.033442
[INFO] Setting clock uncertainty to: 0.25
[INFO] Setting clock transition to: 0.1499999999999999944488848768742172978818416595458984375
Warning: base.sdc line 69, transition time can not be specified for virtual clocks.
[INFO] Setting timing derate to: 5%
Warning: base.sdc line 79, virtual clock clk can not be propagated.
Reading top-level design parasitics for the 'max_ff_n40C_1v95' corner at '/foss/designs/ALU/runs/RUN_2025-06-08_17-25-06/53-openroad-rcx/max/ALU_7bit.max.spef'…
%OL_CREATE_REPORT min.rpt

===========================================================================
report_checks -path_delay min (Hold)
============================================================================
======================= max_ff_n40C_1v95 Corner ===================================

Startpoint: A[2] (input port clocked by clk)
Endpoint: result[2] (output port clocked by clk)
Path Group: clk
Path Type: min

Fanout         Cap        Slew       Delay        Time   Description
---------------------------------------------------------------------------------------------
                      0.000000    0.000000    0.000000   clock clk (rise edge)
                                  0.000000    0.000000   clock network delay (ideal)
                                  5.000000    5.000000 v input external delay
     1    0.003014    0.005029    0.002513    5.002513 v A[2] (in)
                                                         A[2] (net)
                      0.005037    0.000000    5.002513 v input3/A (sky130_fd_sc_hd__buf_1)
     3    0.012227    0.052143    0.075374    5.077888 v input3/X (sky130_fd_sc_hd__buf_1)
                                                         net3 (net)
                      0.052157    0.000831    5.078719 v _62_/A (sky130_fd_sc_hd__inv_2)
     1    0.004423    0.024920    0.039928    5.118647 ^ _62_/Y (sky130_fd_sc_hd__inv_2)
                                                         _22_ (net)
                      0.024932    0.000332    5.118979 ^ _67_/A1 (sky130_fd_sc_hd__a211o_1)
     2    0.005575    0.042932    0.076962    5.195941 ^ _67_/X (sky130_fd_sc_hd__a211o_1)
                                                         net15 (net)
                      0.042932    0.000178    5.196119 ^ output15/A (sky130_fd_sc_hd__buf_2)
     1    0.034353    0.128201    0.140397    5.336516 ^ output15/X (sky130_fd_sc_hd__buf_2)
                                                         result[2] (net)
                      0.128234    0.001686    5.338202 ^ result[2] (out)
                                              5.338202   data arrival time

                      0.000000    0.000000    0.000000   clock clk (rise edge)
                                  0.000000    0.000000   clock network delay (ideal)
                                  0.250000    0.250000   clock uncertainty
                                  0.000000    0.250000   clock reconvergence pessimism
                                 -5.000000   -4.750000   output external delay
                                             -4.750000   data required time
---------------------------------------------------------------------------------------------
                                             -4.750000   data required time
                                             -5.338202   data arrival time
---------------------------------------------------------------------------------------------
                                             10.088202   slack (MET)


Startpoint: A[2] (input port clocked by clk)
Endpoint: ZF (output port clocked by clk)
Path Group: clk
Path Type: min

Fanout         Cap        Slew       Delay        Time   Description
---------------------------------------------------------------------------------------------
                      0.000000    0.000000    0.000000   clock clk (rise edge)
                                  0.000000    0.000000   clock network delay (ideal)
                                  5.000000    5.000000 v input external delay
     1    0.003014    0.005029    0.002513    5.002513 v A[2] (in)
                                                         A[2] (net)
                      0.005037    0.000000    5.002513 v input3/A (sky130_fd_sc_hd__buf_1)
     3    0.012227    0.052143    0.075374    5.077888 v input3/X (sky130_fd_sc_hd__buf_1)
                                                         net3 (net)
                      0.052157    0.000831    5.078719 v _62_/A (sky130_fd_sc_hd__inv_2)
     1    0.004423    0.024920    0.039928    5.118647 ^ _62_/Y (sky130_fd_sc_hd__inv_2)
                                                         _22_ (net)
                      0.024932    0.000332    5.118979 ^ _67_/A1 (sky130_fd_sc_hd__a211o_1)
     2    0.005575    0.042932    0.076962    5.195941 ^ _67_/X (sky130_fd_sc_hd__a211o_1)
                                                         net15 (net)
                      0.042933    0.000304    5.196245 ^ _83_/C (sky130_fd_sc_hd__nor4_1)
     1    0.002001    0.020873    0.027319    5.223565 v _83_/Y (sky130_fd_sc_hd__nor4_1)
                                                         net12 (net)
                      0.020873    0.000141    5.223706 v output12/A (sky130_fd_sc_hd__buf_2)
     1    0.034774    0.063560    0.113452    5.337158 v output12/X (sky130_fd_sc_hd__buf_2)
                                                         ZF (net)
                      0.063626    0.001826    5.338984 v ZF (out)
                                              5.338984   data arrival time

                      0.000000    0.000000    0.000000   clock clk (rise edge)
                                  0.000000    0.000000   clock network delay (ideal)
                                  0.250000    0.250000   clock uncertainty
                                  0.000000    0.250000   clock reconvergence pessimism
                                 -5.000000   -4.750000   output external delay
                                             -4.750000   data required time
---------------------------------------------------------------------------------------------
                                             -4.750000   data required time
                                             -5.338984   data arrival time
---------------------------------------------------------------------------------------------
                                             10.088984   slack (MET)


Startpoint: A[5] (input port clocked by clk)
Endpoint: result[5] (output port clocked by clk)
Path Group: clk
Path Type: min

Fanout         Cap        Slew       Delay        Time   Description
---------------------------------------------------------------------------------------------
                      0.000000    0.000000    0.000000   clock clk (rise edge)
                                  0.000000    0.000000   clock network delay (ideal)
                                  5.000000    5.000000 ^ input external delay
     1    0.004804    0.021055    0.012569    5.012569 ^ A[5] (in)
                                                         A[5] (net)
                      0.021058    0.000000    5.012569 ^ input6/A (sky130_fd_sc_hd__clkbuf_2)
     7    0.025826    0.111128    0.119543    5.132112 ^ input6/X (sky130_fd_sc_hd__clkbuf_2)
                                                         net6 (net)
                      0.111141    0.000985    5.133097 ^ _76_/A (sky130_fd_sc_hd__nor2_1)
     1    0.003419    0.035402    0.035749    5.168846 v _76_/Y (sky130_fd_sc_hd__nor2_1)
                                                         _33_ (net)
                      0.035402    0.000258    5.169104 v _77_/B1 (sky130_fd_sc_hd__a31o_1)
     1    0.003567    0.021672    0.072459    5.241563 v _77_/X (sky130_fd_sc_hd__a31o_1)
                                                         net18 (net)
                      0.021676    0.000264    5.241827 v output18/A (sky130_fd_sc_hd__buf_2)
     1    0.034072    0.062479    0.113029    5.354856 v output18/X (sky130_fd_sc_hd__buf_2)
                                                         result[5] (net)
                      0.062529    0.001591    5.356447 v result[5] (out)
                                              5.356447   data arrival time

                      0.000000    0.000000    0.000000   clock clk (rise edge)
                                  0.000000    0.000000   clock network delay (ideal)
                                  0.250000    0.250000   clock uncertainty
                                  0.000000    0.250000   clock reconvergence pessimism
                                 -5.000000   -4.750000   output external delay
                                             -4.750000   data required time
---------------------------------------------------------------------------------------------
                                             -4.750000   data required time
                                             -5.356447   data arrival time
---------------------------------------------------------------------------------------------
                                             10.106447   slack (MET)


Startpoint: A[6] (input port clocked by clk)
Endpoint: result[6] (output port clocked by clk)
Path Group: clk
Path Type: min

Fanout         Cap        Slew       Delay        Time   Description
---------------------------------------------------------------------------------------------
                      0.000000    0.000000    0.000000   clock clk (rise edge)
                                  0.000000    0.000000   clock network delay (ideal)
                                  5.000000    5.000000 ^ input external delay
     1    0.004235    0.019050    0.011059    5.011059 ^ A[6] (in)
                                                         A[6] (net)
                      0.019053    0.000000    5.011059 ^ input7/A (sky130_fd_sc_hd__clkbuf_2)
     7    0.024600    0.106144    0.115725    5.126784 ^ input7/X (sky130_fd_sc_hd__clkbuf_2)
                                                         net7 (net)
                      0.106165    0.001226    5.128010 ^ _78_/S (sky130_fd_sc_hd__mux2_1)
     1    0.005460    0.044551    0.105999    5.234009 ^ _78_/X (sky130_fd_sc_hd__mux2_1)
                                                         _34_ (net)
                      0.044554    0.000408    5.234416 ^ _79_/A (sky130_fd_sc_hd__inv_2)
     1    0.001882    0.011967    0.012742    5.247159 v _79_/Y (sky130_fd_sc_hd__inv_2)
                                                         net19 (net)
                      0.011967    0.000086    5.247245 v output19/A (sky130_fd_sc_hd__buf_2)
     1    0.034547    0.063456    0.110108    5.357353 v output19/X (sky130_fd_sc_hd__buf_2)
                                                         result[6] (net)
                      0.063510    0.001665    5.359018 v result[6] (out)
                                              5.359018   data arrival time

                      0.000000    0.000000    0.000000   clock clk (rise edge)
                                  0.000000    0.000000   clock network delay (ideal)
                                  0.250000    0.250000   clock uncertainty
                                  0.000000    0.250000   clock reconvergence pessimism
                                 -5.000000   -4.750000   output external delay
                                             -4.750000   data required time
---------------------------------------------------------------------------------------------
                                             -4.750000   data required time
                                             -5.359018   data arrival time
---------------------------------------------------------------------------------------------
                                             10.109018   slack (MET)


Startpoint: A[0] (input port clocked by clk)
Endpoint: result[0] (output port clocked by clk)
Path Group: clk
Path Type: min

Fanout         Cap        Slew       Delay        Time   Description
---------------------------------------------------------------------------------------------
                      0.000000    0.000000    0.000000   clock clk (rise edge)
                                  0.000000    0.000000   clock network delay (ideal)
                                  5.000000    5.000000 ^ input external delay
     1    0.003317    0.015772    0.008642    5.008642 ^ A[0] (in)
                                                         A[0] (net)
                      0.015774    0.000000    5.008642 ^ input1/A (sky130_fd_sc_hd__clkbuf_1)
     1    0.005122    0.051440    0.061754    5.070395 ^ input1/X (sky130_fd_sc_hd__clkbuf_1)
                                                         net1 (net)
                      0.051444    0.000390    5.070786 ^ _51_/S (sky130_fd_sc_hd__mux2_1)
     1    0.003096    0.030524    0.083627    5.154413 ^ _51_/X (sky130_fd_sc_hd__mux2_1)
                                                         _13_ (net)
                      0.030525    0.000217    5.154629 ^ _52_/B1 (sky130_fd_sc_hd__o21a_1)
     2    0.005655    0.046346    0.067585    5.222214 ^ _52_/X (sky130_fd_sc_hd__o21a_1)
                                                         net13 (net)
                      0.046346    0.000192    5.222406 ^ output13/A (sky130_fd_sc_hd__buf_2)
     1    0.034494    0.128690    0.141752    5.364159 ^ output13/X (sky130_fd_sc_hd__buf_2)
                                                         result[0] (net)
                      0.128724    0.001726    5.365884 ^ result[0] (out)
                                              5.365884   data arrival time

                      0.000000    0.000000    0.000000   clock clk (rise edge)
                                  0.000000    0.000000   clock network delay (ideal)
                                  0.250000    0.250000   clock uncertainty
                                  0.000000    0.250000   clock reconvergence pessimism
                                 -5.000000   -4.750000   output external delay
                                             -4.750000   data required time
---------------------------------------------------------------------------------------------
                                             -4.750000   data required time
                                             -5.365884   data arrival time
---------------------------------------------------------------------------------------------
                                             10.115885   slack (MET)


Startpoint: A[4] (input port clocked by clk)
Endpoint: result[4] (output port clocked by clk)
Path Group: clk
Path Type: min

Fanout         Cap        Slew       Delay        Time   Description
---------------------------------------------------------------------------------------------
                      0.000000    0.000000    0.000000   clock clk (rise edge)
                                  0.000000    0.000000   clock network delay (ideal)
                                  5.000000    5.000000 ^ input external delay
     1    0.003019    0.014703    0.007856    5.007856 ^ A[4] (in)
                                                         A[4] (net)
                      0.014705    0.000000    5.007856 ^ input5/A (sky130_fd_sc_hd__buf_1)
     5    0.015964    0.143372    0.124523    5.132379 ^ input5/X (sky130_fd_sc_hd__buf_1)
                                                         net5 (net)
                      0.143376    0.000605    5.132984 ^ _73_/A1_N (sky130_fd_sc_hd__a2bb2o_1)
     2    0.005056    0.034819    0.141915    5.274899 v _73_/X (sky130_fd_sc_hd__a2bb2o_1)
                                                         net17 (net)
                      0.034820    0.000178    5.275076 v output17/A (sky130_fd_sc_hd__buf_2)
     1    0.034295    0.062828    0.118480    5.393557 v output17/X (sky130_fd_sc_hd__buf_2)
                                                         result[4] (net)
                      0.062880    0.001628    5.395185 v result[4] (out)
                                              5.395185   data arrival time

                      0.000000    0.000000    0.000000   clock clk (rise edge)
                                  0.000000    0.000000   clock network delay (ideal)
                                  0.250000    0.250000   clock uncertainty
                                  0.000000    0.250000   clock reconvergence pessimism
                                 -5.000000   -4.750000   output external delay
                                             -4.750000   data required time
---------------------------------------------------------------------------------------------
                                             -4.750000   data required time
                                             -5.395185   data arrival time
---------------------------------------------------------------------------------------------
                                             10.145185   slack (MET)


Startpoint: A[1] (input port clocked by clk)
Endpoint: result[1] (output port clocked by clk)
Path Group: clk
Path Type: min

Fanout         Cap        Slew       Delay        Time   Description
---------------------------------------------------------------------------------------------
                      0.000000    0.000000    0.000000   clock clk (rise edge)
                                  0.000000    0.000000   clock network delay (ideal)
                                  5.000000    5.000000 ^ input external delay
     1    0.003742    0.017305    0.009763    5.009763 ^ A[1] (in)
                                                         A[1] (net)
                      0.017307    0.000000    5.009763 ^ input2/A (sky130_fd_sc_hd__clkbuf_1)
     2    0.008239    0.077766    0.080352    5.090116 ^ input2/X (sky130_fd_sc_hd__clkbuf_1)
                                                         net2 (net)
                      0.077773    0.000584    5.090700 ^ _57_/S (sky130_fd_sc_hd__mux2_1)
     1    0.003175    0.030980    0.089422    5.180122 ^ _57_/X (sky130_fd_sc_hd__mux2_1)
                                                         _18_ (net)
                      0.030981    0.000216    5.180338 ^ _61_/B1 (sky130_fd_sc_hd__o211a_1)
     2    0.005234    0.040790    0.077193    5.257532 ^ _61_/X (sky130_fd_sc_hd__o211a_1)
                                                         net14 (net)
                      0.040790    0.000245    5.257776 ^ output14/A (sky130_fd_sc_hd__buf_2)
     1    0.034420    0.128444    0.139907    5.397683 ^ output14/X (sky130_fd_sc_hd__buf_2)
                                                         result[1] (net)
                      0.128477    0.001693    5.399377 ^ result[1] (out)
                                              5.399377   data arrival time

                      0.000000    0.000000    0.000000   clock clk (rise edge)
                                  0.000000    0.000000   clock network delay (ideal)
                                  0.250000    0.250000   clock uncertainty
                                  0.000000    0.250000   clock reconvergence pessimism
                                 -5.000000   -4.750000   output external delay
                                             -4.750000   data required time
---------------------------------------------------------------------------------------------
                                             -4.750000   data required time
                                             -5.399377   data arrival time
---------------------------------------------------------------------------------------------
                                             10.149377   slack (MET)


Startpoint: A[3] (input port clocked by clk)
Endpoint: result[3] (output port clocked by clk)
Path Group: clk
Path Type: min

Fanout         Cap        Slew       Delay        Time   Description
---------------------------------------------------------------------------------------------
                      0.000000    0.000000    0.000000   clock clk (rise edge)
                                  0.000000    0.000000   clock network delay (ideal)
                                  5.000000    5.000000 ^ input external delay
     1    0.002844    0.014075    0.007394    5.007394 ^ A[3] (in)
                                                         A[3] (net)
                      0.014077    0.000000    5.007394 ^ input4/A (sky130_fd_sc_hd__buf_1)
     5    0.017098    0.153052    0.130855    5.138249 ^ input4/X (sky130_fd_sc_hd__buf_1)
                                                         net4 (net)
                      0.153055    0.000527    5.138777 ^ _69_/A1_N (sky130_fd_sc_hd__a2bb2o_1)
     2    0.004843    0.034204    0.141280    5.280056 v _69_/X (sky130_fd_sc_hd__a2bb2o_1)
                                                         net16 (net)
                      0.034206    0.000295    5.280352 v output16/A (sky130_fd_sc_hd__buf_2)
     1    0.035297    0.064710    0.119313    5.399664 v output16/X (sky130_fd_sc_hd__buf_2)
                                                         result[3] (net)
                      0.064775    0.001843    5.401508 v result[3] (out)
                                              5.401508   data arrival time

                      0.000000    0.000000    0.000000   clock clk (rise edge)
                                  0.000000    0.000000   clock network delay (ideal)
                                  0.250000    0.250000   clock uncertainty
                                  0.000000    0.250000   clock reconvergence pessimism
                                 -5.000000   -4.750000   output external delay
                                             -4.750000   data required time
---------------------------------------------------------------------------------------------
                                             -4.750000   data required time
                                             -5.401508   data arrival time
---------------------------------------------------------------------------------------------
                                             10.151508   slack (MET)



%OL_END_REPORT
%OL_CREATE_REPORT max.rpt

===========================================================================
report_checks -path_delay max (Setup)
============================================================================
======================= max_ff_n40C_1v95 Corner ===================================

Startpoint: B[0] (input port clocked by clk)
Endpoint: ZF (output port clocked by clk)
Path Group: clk
Path Type: max

Fanout         Cap        Slew       Delay        Time   Description
---------------------------------------------------------------------------------------------
                      0.000000    0.000000    0.000000   clock clk (rise edge)
                                  0.000000    0.000000   clock network delay (ideal)
                                  5.000000    5.000000 ^ input external delay
     1    0.003799    0.017511    0.009919    5.009919 ^ B[0] (in)
                                                         B[0] (net)
                      0.017513    0.000000    5.009919 ^ input8/A (sky130_fd_sc_hd__buf_1)
     3    0.013961    0.126289    0.113711    5.123630 ^ input8/X (sky130_fd_sc_hd__buf_1)
                                                         net8 (net)
                      0.126292    0.000501    5.124131 ^ fanout20/A (sky130_fd_sc_hd__buf_2)
    10    0.035489    0.132722    0.161578    5.285709 ^ fanout20/X (sky130_fd_sc_hd__buf_2)
                                                         net20 (net)
                      0.132881    0.003774    5.289484 ^ _68_/S0 (sky130_fd_sc_hd__mux4_1)
     1    0.002531    0.061425    0.276429    5.565913 v _68_/X (sky130_fd_sc_hd__mux4_1)
                                                         _27_ (net)
                      0.061425    0.000156    5.566069 v _69_/B2 (sky130_fd_sc_hd__a2bb2o_1)
     2    0.004843    0.042319    0.161599    5.727668 v _69_/X (sky130_fd_sc_hd__a2bb2o_1)
                                                         net16 (net)
                      0.042338    0.000256    5.727924 v _82_/A (sky130_fd_sc_hd__or4_1)
     1    0.007646    0.074279    0.322330    6.050254 v _82_/X (sky130_fd_sc_hd__or4_1)
                                                         _37_ (net)
                      0.074280    0.000434    6.050688 v _83_/D (sky130_fd_sc_hd__nor4_1)
     1    0.002160    0.131159    0.106378    6.157066 ^ _83_/Y (sky130_fd_sc_hd__nor4_1)
                                                         net12 (net)
                      0.131159    0.000154    6.157220 ^ output12/A (sky130_fd_sc_hd__buf_2)
     1    0.034774    0.129630    0.161236    6.318456 ^ output12/X (sky130_fd_sc_hd__buf_2)
                                                         ZF (net)
                      0.129710    0.001830    6.320286 ^ ZF (out)
                                              6.320286   data arrival time

                      0.000000   25.000000   25.000000   clock clk (rise edge)
                                  0.000000   25.000000   clock network delay (ideal)
                                 -0.250000   24.750000   clock uncertainty
                                  0.000000   24.750000   clock reconvergence pessimism
                                 -5.000000   19.750000   output external delay
                                             19.750000   data required time
---------------------------------------------------------------------------------------------
                                             19.750000   data required time
                                             -6.320286   data arrival time
---------------------------------------------------------------------------------------------
                                             13.429713   slack (MET)


Startpoint: B[0] (input port clocked by clk)
Endpoint: result[0] (output port clocked by clk)
Path Group: clk
Path Type: max

Fanout         Cap        Slew       Delay        Time   Description
---------------------------------------------------------------------------------------------
                      0.000000    0.000000    0.000000   clock clk (rise edge)
                                  0.000000    0.000000   clock network delay (ideal)
                                  5.000000    5.000000 ^ input external delay
     1    0.003799    0.017511    0.009919    5.009919 ^ B[0] (in)
                                                         B[0] (net)
                      0.017513    0.000000    5.009919 ^ input8/A (sky130_fd_sc_hd__buf_1)
     3    0.013961    0.126289    0.113711    5.123630 ^ input8/X (sky130_fd_sc_hd__buf_1)
                                                         net8 (net)
                      0.126292    0.000501    5.124131 ^ fanout20/A (sky130_fd_sc_hd__buf_2)
    10    0.035489    0.132722    0.161578    5.285709 ^ fanout20/X (sky130_fd_sc_hd__buf_2)
                                                         net20 (net)
                      0.132845    0.003328    5.289037 ^ _41_/S (sky130_fd_sc_hd__mux2_1)
     2    0.006266    0.051149    0.208465    5.497502 v _41_/X (sky130_fd_sc_hd__mux2_1)
                                                         _03_ (net)
                      0.051149    0.000232    5.497734 v _44_/A2 (sky130_fd_sc_hd__o211a_1)
     1    0.002718    0.027762    0.131143    5.628876 v _44_/X (sky130_fd_sc_hd__o211a_1)
                                                         _06_ (net)
                      0.027762    0.000191    5.629067 v _48_/B1 (sky130_fd_sc_hd__a211o_1)
     1    0.003471    0.036012    0.121941    5.751008 v _48_/X (sky130_fd_sc_hd__a211o_1)
                                                         _10_ (net)
                      0.036012    0.000228    5.751235 v _52_/A2 (sky130_fd_sc_hd__o21a_1)
     2    0.005308    0.032595    0.112729    5.863965 v _52_/X (sky130_fd_sc_hd__o21a_1)
                                                         net13 (net)
                      0.032595    0.000179    5.864144 v output13/A (sky130_fd_sc_hd__buf_2)
     1    0.034494    0.063140    0.117773    5.981917 v output13/X (sky130_fd_sc_hd__buf_2)
                                                         result[0] (net)
                      0.063199    0.001722    5.983640 v result[0] (out)
                                              5.983640   data arrival time

                      0.000000   25.000000   25.000000   clock clk (rise edge)
                                  0.000000   25.000000   clock network delay (ideal)
                                 -0.250000   24.750000   clock uncertainty
                                  0.000000   24.750000   clock reconvergence pessimism
                                 -5.000000   19.750000   output external delay
                                             19.750000   data required time
---------------------------------------------------------------------------------------------
                                             19.750000   data required time
                                             -5.983640   data arrival time
---------------------------------------------------------------------------------------------
                                             13.766360   slack (MET)


Startpoint: OP (input port clocked by clk)
Endpoint: result[1] (output port clocked by clk)
Path Group: clk
Path Type: max

Fanout         Cap        Slew       Delay        Time   Description
---------------------------------------------------------------------------------------------
                      0.000000    0.000000    0.000000   clock clk (rise edge)
                                  0.000000    0.000000   clock network delay (ideal)
                                  5.000000    5.000000 ^ input external delay
     1    0.003543    0.016587    0.009236    5.009236 ^ OP (in)
                                                         OP (net)
                      0.016589    0.000000    5.009236 ^ input11/A (sky130_fd_sc_hd__buf_1)
     3    0.011149    0.102342    0.097129    5.106364 ^ input11/X (sky130_fd_sc_hd__buf_1)
                                                         net11 (net)
                      0.102347    0.000577    5.106942 ^ fanout21/A (sky130_fd_sc_hd__clkbuf_2)
    10    0.033812    0.143526    0.160189    5.267131 ^ fanout21/X (sky130_fd_sc_hd__clkbuf_2)
                                                         net21 (net)
                      0.143668    0.003685    5.270816 ^ _38_/A (sky130_fd_sc_hd__inv_2)
     5    0.014315    0.048963    0.043324    5.314141 v _38_/Y (sky130_fd_sc_hd__inv_2)
                                                         _00_ (net)
                      0.048968    0.000388    5.314529 v _50_/B (sky130_fd_sc_hd__or3b_1)
     3    0.007598    0.061636    0.225195    5.539723 v _50_/X (sky130_fd_sc_hd__or3b_1)
                                                         _12_ (net)
                      0.061640    0.000555    5.540278 v _57_/A0 (sky130_fd_sc_hd__mux2_1)
     1    0.002977    0.038659    0.151488    5.691766 v _57_/X (sky130_fd_sc_hd__mux2_1)
                                                         _18_ (net)
                      0.038659    0.000200    5.691966 v _61_/B1 (sky130_fd_sc_hd__o211a_1)
     2    0.004794    0.034355    0.083800    5.775766 v _61_/X (sky130_fd_sc_hd__o211a_1)
                                                         net14 (net)
                      0.034356    0.000225    5.775990 v output14/A (sky130_fd_sc_hd__buf_2)
     1    0.034420    0.063026    0.118407    5.894398 v output14/X (sky130_fd_sc_hd__buf_2)
                                                         result[1] (net)
                      0.063082    0.001690    5.896087 v result[1] (out)
                                              5.896087   data arrival time

                      0.000000   25.000000   25.000000   clock clk (rise edge)
                                  0.000000   25.000000   clock network delay (ideal)
                                 -0.250000   24.750000   clock uncertainty
                                  0.000000   24.750000   clock reconvergence pessimism
                                 -5.000000   19.750000   output external delay
                                             19.750000   data required time
---------------------------------------------------------------------------------------------
                                             19.750000   data required time
                                             -5.896087   data arrival time
---------------------------------------------------------------------------------------------
                                             13.853912   slack (MET)


Startpoint: B[0] (input port clocked by clk)
Endpoint: result[2] (output port clocked by clk)
Path Group: clk
Path Type: max

Fanout         Cap        Slew       Delay        Time   Description
---------------------------------------------------------------------------------------------
                      0.000000    0.000000    0.000000   clock clk (rise edge)
                                  0.000000    0.000000   clock network delay (ideal)
                                  5.000000    5.000000 ^ input external delay
     1    0.003799    0.017511    0.009919    5.009919 ^ B[0] (in)
                                                         B[0] (net)
                      0.017513    0.000000    5.009919 ^ input8/A (sky130_fd_sc_hd__buf_1)
     3    0.013961    0.126289    0.113711    5.123630 ^ input8/X (sky130_fd_sc_hd__buf_1)
                                                         net8 (net)
                      0.126292    0.000501    5.124131 ^ fanout20/A (sky130_fd_sc_hd__buf_2)
    10    0.035489    0.132722    0.161578    5.285709 ^ fanout20/X (sky130_fd_sc_hd__buf_2)
                                                         net20 (net)
                      0.132764    0.001982    5.287691 ^ _40_/A_N (sky130_fd_sc_hd__and2b_1)
     3    0.010104    0.045522    0.140981    5.428672 v _40_/X (sky130_fd_sc_hd__and2b_1)
                                                         _02_ (net)
                      0.045523    0.000296    5.428968 v _63_/B1 (sky130_fd_sc_hd__a211o_1)
     1    0.002910    0.033666    0.125691    5.554659 v _63_/X (sky130_fd_sc_hd__a211o_1)
                                                         _23_ (net)
                      0.033669    0.000139    5.554798 v _64_/B1 (sky130_fd_sc_hd__o2111a_1)
     1    0.003097    0.032315    0.085910    5.640708 v _64_/X (sky130_fd_sc_hd__o2111a_1)
                                                         _24_ (net)
                      0.032317    0.000207    5.640915 v _67_/B1 (sky130_fd_sc_hd__a211o_1)
     2    0.005058    0.041122    0.129773    5.770689 v _67_/X (sky130_fd_sc_hd__a211o_1)
                                                         net15 (net)
                      0.041122    0.000162    5.770850 v output15/A (sky130_fd_sc_hd__buf_2)
     1    0.034353    0.062925    0.121041    5.891891 v output15/X (sky130_fd_sc_hd__buf_2)
                                                         result[2] (net)
                      0.062981    0.001683    5.893574 v result[2] (out)
                                              5.893574   data arrival time

                      0.000000   25.000000   25.000000   clock clk (rise edge)
                                  0.000000   25.000000   clock network delay (ideal)
                                 -0.250000   24.750000   clock uncertainty
                                  0.000000   24.750000   clock reconvergence pessimism
                                 -5.000000   19.750000   output external delay
                                             19.750000   data required time
---------------------------------------------------------------------------------------------
                                             19.750000   data required time
                                             -5.893574   data arrival time
---------------------------------------------------------------------------------------------
                                             13.856425   slack (MET)


Startpoint: OP (input port clocked by clk)
Endpoint: result[6] (output port clocked by clk)
Path Group: clk
Path Type: max

Fanout         Cap        Slew       Delay        Time   Description
---------------------------------------------------------------------------------------------
                      0.000000    0.000000    0.000000   clock clk (rise edge)
                                  0.000000    0.000000   clock network delay (ideal)
                                  5.000000    5.000000 ^ input external delay
     1    0.003543    0.016587    0.009236    5.009236 ^ OP (in)
                                                         OP (net)
                      0.016589    0.000000    5.009236 ^ input11/A (sky130_fd_sc_hd__buf_1)
     3    0.011149    0.102342    0.097129    5.106364 ^ input11/X (sky130_fd_sc_hd__buf_1)
                                                         net11 (net)
                      0.102347    0.000577    5.106942 ^ fanout21/A (sky130_fd_sc_hd__clkbuf_2)
    10    0.033812    0.143526    0.160189    5.267131 ^ fanout21/X (sky130_fd_sc_hd__clkbuf_2)
                                                         net21 (net)
                      0.143668    0.003685    5.270816 ^ _38_/A (sky130_fd_sc_hd__inv_2)
     5    0.014315    0.048963    0.043324    5.314141 v _38_/Y (sky130_fd_sc_hd__inv_2)
                                                         _00_ (net)
                      0.048968    0.000388    5.314529 v _50_/B (sky130_fd_sc_hd__or3b_1)
     3    0.007598    0.061636    0.225195    5.539723 v _50_/X (sky130_fd_sc_hd__or3b_1)
                                                         _12_ (net)
                      0.061638    0.000461    5.540184 v _78_/A1 (sky130_fd_sc_hd__mux2_1)
     1    0.005093    0.046558    0.167761    5.707945 v _78_/X (sky130_fd_sc_hd__mux2_1)
                                                         _34_ (net)
                      0.046561    0.000378    5.708323 v _79_/A (sky130_fd_sc_hd__inv_2)
     1    0.002041    0.018390    0.030433    5.738757 ^ _79_/Y (sky130_fd_sc_hd__inv_2)
                                                         net19 (net)
                      0.018390    0.000094    5.738851 ^ output19/A (sky130_fd_sc_hd__buf_2)
     1    0.034547    0.128925    0.133528    5.872379 ^ output19/X (sky130_fd_sc_hd__buf_2)
                                                         result[6] (net)
                      0.128956    0.001668    5.874047 ^ result[6] (out)
                                              5.874047   data arrival time

                      0.000000   25.000000   25.000000   clock clk (rise edge)
                                  0.000000   25.000000   clock network delay (ideal)
                                 -0.250000   24.750000   clock uncertainty
                                  0.000000   24.750000   clock reconvergence pessimism
                                 -5.000000   19.750000   output external delay
                                             19.750000   data required time
---------------------------------------------------------------------------------------------
                                             19.750000   data required time
                                             -5.874047   data arrival time
---------------------------------------------------------------------------------------------
                                             13.875954   slack (MET)


Startpoint: B[0] (input port clocked by clk)
Endpoint: result[3] (output port clocked by clk)
Path Group: clk
Path Type: max

Fanout         Cap        Slew       Delay        Time   Description
---------------------------------------------------------------------------------------------
                      0.000000    0.000000    0.000000   clock clk (rise edge)
                                  0.000000    0.000000   clock network delay (ideal)
                                  5.000000    5.000000 ^ input external delay
     1    0.003799    0.017511    0.009919    5.009919 ^ B[0] (in)
                                                         B[0] (net)
                      0.017513    0.000000    5.009919 ^ input8/A (sky130_fd_sc_hd__buf_1)
     3    0.013961    0.126289    0.113711    5.123630 ^ input8/X (sky130_fd_sc_hd__buf_1)
                                                         net8 (net)
                      0.126292    0.000501    5.124131 ^ fanout20/A (sky130_fd_sc_hd__buf_2)
    10    0.035489    0.132722    0.161578    5.285709 ^ fanout20/X (sky130_fd_sc_hd__buf_2)
                                                         net20 (net)
                      0.132881    0.003774    5.289484 ^ _68_/S0 (sky130_fd_sc_hd__mux4_1)
     1    0.002531    0.061425    0.276429    5.565913 v _68_/X (sky130_fd_sc_hd__mux4_1)
                                                         _27_ (net)
                      0.061425    0.000156    5.566069 v _69_/B2 (sky130_fd_sc_hd__a2bb2o_1)
     2    0.004843    0.042319    0.161599    5.727668 v _69_/X (sky130_fd_sc_hd__a2bb2o_1)
                                                         net16 (net)
                      0.042339    0.000295    5.727963 v output16/A (sky130_fd_sc_hd__buf_2)
     1    0.035297    0.064696    0.122551    5.850514 v output16/X (sky130_fd_sc_hd__buf_2)
                                                         result[3] (net)
                      0.064762    0.001843    5.852357 v result[3] (out)
                                              5.852357   data arrival time

                      0.000000   25.000000   25.000000   clock clk (rise edge)
                                  0.000000   25.000000   clock network delay (ideal)
                                 -0.250000   24.750000   clock uncertainty
                                  0.000000   24.750000   clock reconvergence pessimism
                                 -5.000000   19.750000   output external delay
                                             19.750000   data required time
---------------------------------------------------------------------------------------------
                                             19.750000   data required time
                                             -5.852357   data arrival time
---------------------------------------------------------------------------------------------
                                             13.897642   slack (MET)


Startpoint: B[0] (input port clocked by clk)
Endpoint: result[4] (output port clocked by clk)
Path Group: clk
Path Type: max

Fanout         Cap        Slew       Delay        Time   Description
---------------------------------------------------------------------------------------------
                      0.000000    0.000000    0.000000   clock clk (rise edge)
                                  0.000000    0.000000   clock network delay (ideal)
                                  5.000000    5.000000 ^ input external delay
     1    0.003799    0.017511    0.009919    5.009919 ^ B[0] (in)
                                                         B[0] (net)
                      0.017513    0.000000    5.009919 ^ input8/A (sky130_fd_sc_hd__buf_1)
     3    0.013961    0.126289    0.113711    5.123630 ^ input8/X (sky130_fd_sc_hd__buf_1)
                                                         net8 (net)
                      0.126292    0.000501    5.124131 ^ fanout20/A (sky130_fd_sc_hd__buf_2)
    10    0.035489    0.132722    0.161578    5.285709 ^ fanout20/X (sky130_fd_sc_hd__buf_2)
                                                         net20 (net)
                      0.132873    0.003677    5.289386 ^ _45_/A_N (sky130_fd_sc_hd__and2b_1)
     3    0.011370    0.048647    0.144555    5.433941 v _45_/X (sky130_fd_sc_hd__and2b_1)
                                                         _07_ (net)
                      0.048650    0.000411    5.434352 v _71_/A2 (sky130_fd_sc_hd__o21a_1)
     1    0.003019    0.025635    0.108837    5.543190 v _71_/X (sky130_fd_sc_hd__o21a_1)
                                                         _29_ (net)
                      0.025636    0.000190    5.543379 v _73_/B1 (sky130_fd_sc_hd__a2bb2o_1)
     2    0.005056    0.043072    0.171636    5.715015 v _73_/X (sky130_fd_sc_hd__a2bb2o_1)
                                                         net17 (net)
                      0.043072    0.000178    5.715193 v output17/A (sky130_fd_sc_hd__buf_2)
     1    0.034295    0.062829    0.121786    5.836979 v output17/X (sky130_fd_sc_hd__buf_2)
                                                         result[4] (net)
                      0.062881    0.001628    5.838608 v result[4] (out)
                                              5.838608   data arrival time

                      0.000000   25.000000   25.000000   clock clk (rise edge)
                                  0.000000   25.000000   clock network delay (ideal)
                                 -0.250000   24.750000   clock uncertainty
                                  0.000000   24.750000   clock reconvergence pessimism
                                 -5.000000   19.750000   output external delay
                                             19.750000   data required time
---------------------------------------------------------------------------------------------
                                             19.750000   data required time
                                             -5.838608   data arrival time
---------------------------------------------------------------------------------------------
                                             13.911391   slack (MET)


Startpoint: B[0] (input port clocked by clk)
Endpoint: result[5] (output port clocked by clk)
Path Group: clk
Path Type: max

Fanout         Cap        Slew       Delay        Time   Description
---------------------------------------------------------------------------------------------
                      0.000000    0.000000    0.000000   clock clk (rise edge)
                                  0.000000    0.000000   clock network delay (ideal)
                                  5.000000    5.000000 ^ input external delay
     1    0.003799    0.017511    0.009919    5.009919 ^ B[0] (in)
                                                         B[0] (net)
                      0.017513    0.000000    5.009919 ^ input8/A (sky130_fd_sc_hd__buf_1)
     3    0.013961    0.126289    0.113711    5.123630 ^ input8/X (sky130_fd_sc_hd__buf_1)
                                                         net8 (net)
                      0.126292    0.000501    5.124131 ^ fanout20/A (sky130_fd_sc_hd__buf_2)
    10    0.035489    0.132722    0.161578    5.285709 ^ fanout20/X (sky130_fd_sc_hd__buf_2)
                                                         net20 (net)
                      0.132873    0.003673    5.289382 ^ _55_/A (sky130_fd_sc_hd__inv_2)
     3    0.009255    0.038436    0.030661    5.320043 v _55_/Y (sky130_fd_sc_hd__inv_2)
                                                         _16_ (net)
                      0.038440    0.000301    5.320344 v _74_/A (sky130_fd_sc_hd__and2_1)
     2    0.006102    0.034704    0.096557    5.416901 v _74_/X (sky130_fd_sc_hd__and2_1)
                                                         _31_ (net)
                      0.034708    0.000376    5.417276 v _75_/B1 (sky130_fd_sc_hd__a21o_1)
     1    0.003294    0.025524    0.070021    5.487298 v _75_/X (sky130_fd_sc_hd__a21o_1)
                                                         _32_ (net)
                      0.025539    0.000219    5.487516 v _77_/A3 (sky130_fd_sc_hd__a31o_1)
     1    0.003567    0.030286    0.134879    5.622396 v _77_/X (sky130_fd_sc_hd__a31o_1)
                                                         net18 (net)
                      0.030286    0.000264    5.622660 v output18/A (sky130_fd_sc_hd__buf_2)
     1    0.034072    0.062489    0.116414    5.739074 v output18/X (sky130_fd_sc_hd__buf_2)
                                                         result[5] (net)
                      0.062539    0.001591    5.740665 v result[5] (out)
                                              5.740665   data arrival time

                      0.000000   25.000000   25.000000   clock clk (rise edge)
                                  0.000000   25.000000   clock network delay (ideal)
                                 -0.250000   24.750000   clock uncertainty
                                  0.000000   24.750000   clock reconvergence pessimism
                                 -5.000000   19.750000   output external delay
                                             19.750000   data required time
---------------------------------------------------------------------------------------------
                                             19.750000   data required time
                                             -5.740665   data arrival time
---------------------------------------------------------------------------------------------
                                             14.009335   slack (MET)



%OL_END_REPORT
%OL_CREATE_REPORT checks.rpt

===========================================================================
report_checks -unconstrained
===========================================================================
======================= max_ff_n40C_1v95 Corner ===================================

Startpoint: B[0] (input port clocked by clk)
Endpoint: ZF (output port clocked by clk)
Path Group: clk
Path Type: max

Fanout         Cap        Slew       Delay        Time   Description
---------------------------------------------------------------------------------------------
                      0.000000    0.000000    0.000000   clock clk (rise edge)
                                  0.000000    0.000000   clock network delay (ideal)
                                  5.000000    5.000000 ^ input external delay
     1    0.003799    0.017511    0.009919    5.009919 ^ B[0] (in)
                                                         B[0] (net)
                      0.017513    0.000000    5.009919 ^ input8/A (sky130_fd_sc_hd__buf_1)
     3    0.013961    0.126289    0.113711    5.123630 ^ input8/X (sky130_fd_sc_hd__buf_1)
                                                         net8 (net)
                      0.126292    0.000501    5.124131 ^ fanout20/A (sky130_fd_sc_hd__buf_2)
    10    0.035489    0.132722    0.161578    5.285709 ^ fanout20/X (sky130_fd_sc_hd__buf_2)
                                                         net20 (net)
                      0.132881    0.003774    5.289484 ^ _68_/S0 (sky130_fd_sc_hd__mux4_1)
     1    0.002531    0.061425    0.276429    5.565913 v _68_/X (sky130_fd_sc_hd__mux4_1)
                                                         _27_ (net)
                      0.061425    0.000156    5.566069 v _69_/B2 (sky130_fd_sc_hd__a2bb2o_1)
     2    0.004843    0.042319    0.161599    5.727668 v _69_/X (sky130_fd_sc_hd__a2bb2o_1)
                                                         net16 (net)
                      0.042338    0.000256    5.727924 v _82_/A (sky130_fd_sc_hd__or4_1)
     1    0.007646    0.074279    0.322330    6.050254 v _82_/X (sky130_fd_sc_hd__or4_1)
                                                         _37_ (net)
                      0.074280    0.000434    6.050688 v _83_/D (sky130_fd_sc_hd__nor4_1)
     1    0.002160    0.131159    0.106378    6.157066 ^ _83_/Y (sky130_fd_sc_hd__nor4_1)
                                                         net12 (net)
                      0.131159    0.000154    6.157220 ^ output12/A (sky130_fd_sc_hd__buf_2)
     1    0.034774    0.129630    0.161236    6.318456 ^ output12/X (sky130_fd_sc_hd__buf_2)
                                                         ZF (net)
                      0.129710    0.001830    6.320286 ^ ZF (out)
                                              6.320286   data arrival time

                      0.000000   25.000000   25.000000   clock clk (rise edge)
                                  0.000000   25.000000   clock network delay (ideal)
                                 -0.250000   24.750000   clock uncertainty
                                  0.000000   24.750000   clock reconvergence pessimism
                                 -5.000000   19.750000   output external delay
                                             19.750000   data required time
---------------------------------------------------------------------------------------------
                                             19.750000   data required time
                                             -6.320286   data arrival time
---------------------------------------------------------------------------------------------
                                             13.429713   slack (MET)




===========================================================================
report_checks --slack_max -0.01
============================================================================
======================= max_ff_n40C_1v95 Corner ===================================

No paths found.


===========================================================================
 report_check_types -max_slew -max_cap -max_fanout -violators
============================================================================
======================= max_ff_n40C_1v95 Corner ===================================



===========================================================================
report_parasitic_annotation -report_unannotated
============================================================================
Found 4 unannotated drivers.
 B[3]
 B[4]
 B[5]
 B[6]
Found 0 partially unannotated drivers.

===========================================================================
max slew violation count 0
%OL_METRIC_I design__max_slew_violation__count__corner:max_ff_n40C_1v95 0
max fanout violation count 0
%OL_METRIC_I design__max_fanout_violation__count__corner:max_ff_n40C_1v95 0
max cap violation count 0
%OL_METRIC_I design__max_cap_violation__count__corner:max_ff_n40C_1v95 0
============================================================================

===========================================================================
check_setup -verbose -unconstrained_endpoints -multiple_clock -no_clock -no_input_delay -loops -generated_clocks
===========================================================================
%OL_END_REPORT
%OL_CREATE_REPORT power.rpt

===========================================================================
 report_power
============================================================================
======================= max_ff_n40C_1v95 Corner ===================================

Group                    Internal    Switching      Leakage        Total
                            Power        Power        Power        Power (Watts)
------------------------------------------------------------------------
Sequential           0.000000e+00 0.000000e+00 0.000000e+00 0.000000e+00   0.0%
Combinational        4.482401e-06 7.609553e-06 3.821130e-10 1.209234e-05 100.0%
Clock                0.000000e+00 0.000000e+00 1.559025e-10 1.559025e-10   0.0%
Macro                0.000000e+00 0.000000e+00 0.000000e+00 0.000000e+00   0.0%
Pad                  0.000000e+00 0.000000e+00 0.000000e+00 0.000000e+00   0.0%
------------------------------------------------------------------------
Total                4.482401e-06 7.609553e-06 5.380154e-10 1.209249e-05 100.0%
                            37.1%        62.9%         0.0%
%OL_METRIC_F power__internal__total 4.482401436689543e-6
%OL_METRIC_F power__switching__total 7.609553449583473e-6
%OL_METRIC_F power__leakage__total 5.380153544898292e-10
%OL_METRIC_F power__total 1.2092493307136465e-5

%OL_END_REPORT
%OL_CREATE_REPORT skew.min.rpt

===========================================================================
Clock Skew (Hold)
============================================================================
%OL_METRIC_F clock__skew__worst_hold__corner:max_ff_n40C_1v95 0.0
======================= max_ff_n40C_1v95 Corner ===================================

Clock clk
No launch/capture paths found.

%OL_END_REPORT
%OL_CREATE_REPORT skew.max.rpt

===========================================================================
Clock Skew (Setup)
============================================================================
%OL_METRIC_F clock__skew__worst_setup__corner:max_ff_n40C_1v95 0.0
======================= max_ff_n40C_1v95 Corner ===================================

Clock clk
No launch/capture paths found.

%OL_END_REPORT
%OL_CREATE_REPORT ws.min.rpt

===========================================================================
Worst Slack (Hold)
============================================================================
%OL_METRIC_F timing__hold__ws__corner:max_ff_n40C_1v95 10.088202558864303
max_ff_n40C_1v95: 10.088202558864303
%OL_END_REPORT
%OL_CREATE_REPORT ws.max.rpt

===========================================================================
Worst Slack (Setup)
============================================================================
%OL_METRIC_F timing__setup__ws__corner:max_ff_n40C_1v95 13.429712833034998
max_ff_n40C_1v95: 13.429712833034998
%OL_END_REPORT
%OL_CREATE_REPORT tns.min.rpt

===========================================================================
Total Negative Slack (Hold)
============================================================================
%OL_METRIC_F timing__hold__tns__corner:max_ff_n40C_1v95 0.0
max_ff_n40C_1v95: 0.0
%OL_END_REPORT
%OL_CREATE_REPORT tns.max.rpt

===========================================================================
Total Negative Slack (Setup)
============================================================================
%OL_METRIC_F timing__setup__tns__corner:max_ff_n40C_1v95 0.0
max_ff_n40C_1v95: 0.0
%OL_END_REPORT
%OL_CREATE_REPORT wns.min.rpt

===========================================================================
Worst Negative Slack (Hold)
============================================================================
%OL_METRIC_F timing__hold__wns__corner:max_ff_n40C_1v95 0
max_ff_n40C_1v95: 0
%OL_END_REPORT
%OL_CREATE_REPORT wns.max.rpt

===========================================================================
Worst Negative Slack (Setup)
============================================================================
%OL_METRIC_F timing__setup__wns__corner:max_ff_n40C_1v95 0.0
max_ff_n40C_1v95: 0.0
%OL_END_REPORT
%OL_CREATE_REPORT violator_list.rpt

===========================================================================
Violator List
============================================================================
%OL_METRIC_I timing__hold_vio__count__corner:max_ff_n40C_1v95 0
%OL_METRIC_F timing__hold_r2r__ws__corner:max_ff_n40C_1v95 inf
%OL_METRIC_I timing__hold_r2r_vio__count__corner:max_ff_n40C_1v95 0
%OL_METRIC_I timing__setup_vio__count__corner:max_ff_n40C_1v95 0
%OL_METRIC_F timing__setup_r2r__ws__corner:max_ff_n40C_1v95 inf
%OL_METRIC_I timing__setup_r2r_vio__count__corner:max_ff_n40C_1v95 0
%OL_END_REPORT
%OL_CREATE_REPORT unpropagated.rpt
clk
%OL_END_REPORT
%OL_CREATE_REPORT clock.rpt
Clock: clk
Sources: 
Generated: no
Virtual: yes
Propagated: no
Period: 25.000000

===========================================================================
report_clock_properties
============================================================================
Clock                   Period          Waveform
----------------------------------------------------
clk                  25.000000    0.000000 12.500000

===========================================================================
report_clock_latency
============================================================================
Clock clk


===========================================================================
report_clock_min_period
============================================================================
clk period_min = 0.00 fmax = inf
%OL_END_REPORT
Writing SDF files for all corners…
Removing Clock latencies before writing libs…
Writing timing models for all corners…
Writing timing models for the max_ff_n40C_1v95 corner to /foss/designs/ALU/runs/RUN_2025-06-08_17-25-06/54-openroad-stapostpnr/max_ff_n40C_1v95/ALU_7bit__max_ff_n40C_1v95.lib…
