                                                                        Cells by Master                                                                         
┏━━━━━━━━━━━━━━━━━━━━━━━━━━━━━━━━━━━━━━━━━━━━━━━━━━━━━━━━━━━━━━━━━━━━━━━━━━━━━━━━━━━━━━━━━━━━━━━━━━━━━━━━━━━━━━━━━━━━━━━━━━━━━━━━━━┳━━━━━━━━━━━━━━━━━━━━━━━━━━━┓
┃ Cell                                                                                                                             ┃ Count                     ┃
┡━━━━━━━━━━━━━━━━━━━━━━━━━━━━━━━━━━━━━━━━━━━━━━━━━━━━━━━━━━━━━━━━━━━━━━━━━━━━━━━━━━━━━━━━━━━━━━━━━━━━━━━━━━━━━━━━━━━━━━━━━━━━━━━━━━╇━━━━━━━━━━━━━━━━━━━━━━━━━━━┩
│ sky130_ef_sc_hd__decap_12                                                                                                        │ 31                        │
│ sky130_fd_sc_hd__buf_1                                                                                                           │ 1                         │
│ sky130_fd_sc_hd__buf_2                                                                                                           │ 8                         │
│ sky130_fd_sc_hd__clkbuf_1                                                                                                        │ 6                         │
│ sky130_fd_sc_hd__clkbuf_16                                                                                                       │ 3                         │
│ sky130_fd_sc_hd__clkbuf_4                                                                                                        │ 1                         │
│ sky130_fd_sc_hd__decap_3                                                                                                         │ 28                        │
│ sky130_fd_sc_hd__decap_4                                                                                                         │ 8                         │
│ sky130_fd_sc_hd__decap_6                                                                                                         │ 3                         │
│ sky130_fd_sc_hd__decap_8                                                                                                         │ 5                         │
│ sky130_fd_sc_hd__dfrtp_1                                                                                                         │ 3                         │
│ sky130_fd_sc_hd__dlygate4sd3_1                                                                                                   │ 2                         │
│ sky130_fd_sc_hd__dlymetal6s2s_1                                                                                                  │ 1                         │
│ sky130_fd_sc_hd__fill_1                                                                                                          │ 12                        │
│ sky130_fd_sc_hd__fill_2                                                                                                          │ 5                         │
│ sky130_fd_sc_hd__inv_2                                                                                                           │ 4                         │
│ sky130_fd_sc_hd__nand2b_1                                                                                                        │ 1                         │
│ sky130_fd_sc_hd__nor2_1                                                                                                          │ 3                         │
│ sky130_fd_sc_hd__o21bai_1                                                                                                        │ 1                         │
│ sky130_fd_sc_hd__or2_1                                                                                                           │ 2                         │
│ sky130_fd_sc_hd__or2b_1                                                                                                          │ 1                         │
│ sky130_fd_sc_hd__tapvpwrvgnd_1                                                                                                   │ 12                        │
│ sky130_fd_sc_hd__xnor2_1                                                                                                         │ 1                         │
└──────────────────────────────────────────────────────────────────────────────────────────────────────────────────────────────────┴───────────────────────────┘
