                                                                       Cells by Function                                                                        
┏━━━━━━━━━━━━━━━━━━━━━━━━━━━━━━━━━━━━━━━━━━━━━━━━━━━━━━━━━━━━━━━━━━━━━━━━━━━━━━━━━━━━━━━━━━━━━━━━━━━━━━━━━━━━━━━━━━━━━━━━━━━━━━━━━┳━━━━━━━━━━━━━━━━━━━━━━━━━━━━┓
┃ Cell Function                                                                                                                   ┃ Count                      ┃
┡━━━━━━━━━━━━━━━━━━━━━━━━━━━━━━━━━━━━━━━━━━━━━━━━━━━━━━━━━━━━━━━━━━━━━━━━━━━━━━━━━━━━━━━━━━━━━━━━━━━━━━━━━━━━━━━━━━━━━━━━━━━━━━━━━╇━━━━━━━━━━━━━━━━━━━━━━━━━━━━┩
│ sky130_ef_sc_hd__decap                                                                                                          │ 31                         │
│ sky130_fd_sc_hd__buf                                                                                                            │ 9                          │
│ sky130_fd_sc_hd__clkbuf                                                                                                         │ 10                         │
│ sky130_fd_sc_hd__decap                                                                                                          │ 44                         │
│ sky130_fd_sc_hd__dfrtp                                                                                                          │ 3                          │
│ sky130_fd_sc_hd__dlygate4sd3                                                                                                    │ 2                          │
│ sky130_fd_sc_hd__dlymetal6s2s                                                                                                   │ 1                          │
│ sky130_fd_sc_hd__fill                                                                                                           │ 17                         │
│ sky130_fd_sc_hd__inv                                                                                                            │ 4                          │
│ sky130_fd_sc_hd__nand2b                                                                                                         │ 1                          │
│ sky130_fd_sc_hd__nor2                                                                                                           │ 3                          │
│ sky130_fd_sc_hd__o21bai                                                                                                         │ 1                          │
│ sky130_fd_sc_hd__or2                                                                                                            │ 2                          │
│ sky130_fd_sc_hd__or2b                                                                                                           │ 1                          │
│ sky130_fd_sc_hd__tapvpwrvgnd                                                                                                    │ 12                         │
│ sky130_fd_sc_hd__xnor2                                                                                                          │ 1                          │
└─────────────────────────────────────────────────────────────────────────────────────────────────────────────────────────────────┴────────────────────────────┘
