Reading OpenROAD database at '/foss/designs/ALU/runs/RUN_2025-06-08_18-02-53/38-openroad-globalrouting/top.odb'…
Reading library file at '/foss/pdks/sky130A/libs.ref/sky130_fd_sc_hd/lib/sky130_fd_sc_hd__tt_025C_1v80.lib'…
Reading design constraints file at '/usr/local/lib/python3.12/dist-packages/openlane/scripts/base.sdc'…
[INFO] Using clock clk…
[INFO] Setting output delay to: 5.0
[INFO] Setting input delay to: 5.0
[INFO] Setting load to: 0.033442
[INFO] Setting clock uncertainty to: 0.25
[INFO] Setting clock transition to: 0.1499999999999999944488848768742172978818416595458984375
[INFO] Setting timing derate to: 5%
[INFO] Setting signal min routing layer to: met1 and clock min routing layer to met1. 
[INFO] Setting signal max routing layer to: met5 and clock max routing layer to met5. 
-congestion_iterations 50 -verbose
[INFO GRT-0020] Min routing layer: met1
[INFO GRT-0021] Max routing layer: met5
[INFO GRT-0022] Global adjustment: 30%
[INFO GRT-0023] Grid origin: (0, 0)
[INFO GRT-0043] No OR_DEFAULT vias defined.
[INFO GRT-0088] Layer li1     Track-Pitch = 0.4600  line-2-Via Pitch: 0.3400
[INFO GRT-0088] Layer met1    Track-Pitch = 0.3400  line-2-Via Pitch: 0.3400
[INFO GRT-0088] Layer met2    Track-Pitch = 0.4600  line-2-Via Pitch: 0.3500
[INFO GRT-0088] Layer met3    Track-Pitch = 0.6800  line-2-Via Pitch: 0.6150
[INFO GRT-0088] Layer met4    Track-Pitch = 0.9200  line-2-Via Pitch: 1.0400
[INFO GRT-0088] Layer met5    Track-Pitch = 3.4000  line-2-Via Pitch: 3.1100
[INFO GRT-0019] Found 4 clock nets.
[INFO GRT-0001] Minimum degree: 2
[INFO GRT-0002] Maximum degree: 6
[INFO GRT-0003] Macros: 0
[INFO GRT-0043] No OR_DEFAULT vias defined.
[INFO GRT-0004] Blockages: 28

[INFO GRT-0053] Routing resources analysis:
          Routing      Original      Derated      Resource
Layer     Direction    Resources     Resources    Reduction (%)
---------------------------------------------------------------
li1        Vertical            0             0          0.00%
met1       Horizontal       1015           497          51.03%
met2       Vertical          756           432          42.86%
met3       Horizontal        504           300          40.48%
met4       Vertical          315           168          46.67%
met5       Horizontal         98            42          57.14%
---------------------------------------------------------------

[INFO GRT-0197] Via related to pin nodes: 99
[INFO GRT-0198] Via related Steiner nodes: 2
[INFO GRT-0199] Via filling finished.
[INFO GRT-0111] Final number of vias: 119
[INFO GRT-0112] Final usage 3D: 399

[INFO GRT-0096] Final congestion report:
Layer         Resource        Demand        Usage (%)    Max H / Max V / Total Overflow
---------------------------------------------------------------------------------------
li1                  0             0            0.00%             0 /  0 /  0
met1               497            15            3.02%             0 /  0 /  0
met2               432            22            5.09%             0 /  0 /  0
met3               300             5            1.67%             0 /  0 /  0
met4               168             0            0.00%             0 /  0 /  0
met5                42             0            0.00%             0 /  0 /  0
---------------------------------------------------------------------------------------
Total             1439            42            2.92%             0 /  0 /  0

[INFO GRT-0018] Total wirelength: 538 um
[INFO GRT-0014] Routed nets: 30
[INFO GRT-0006] Repairing antennas, iteration 1.
[INFO GRT-0043] No OR_DEFAULT vias defined.
[INFO GRT-0012] Found 0 antenna violations.
Placement Analysis
---------------------------------
total displacement          0.0 u
average displacement        0.0 u
max displacement            0.0 u
original HPWL             334.6 u
legalized HPWL            359.2 u
delta HPWL                    7 %

[INFO DPL-0020] Mirrored 14 instances
[INFO DPL-0021] HPWL before             359.2 u
[INFO DPL-0022] HPWL after              334.6 u
[INFO DPL-0023] HPWL delta               -6.9 %
-congestion_iterations 50 -verbose
[INFO GRT-0020] Min routing layer: met1
[INFO GRT-0021] Max routing layer: met5
[INFO GRT-0022] Global adjustment: 30%
[INFO GRT-0023] Grid origin: (0, 0)
[INFO GRT-0043] No OR_DEFAULT vias defined.
[INFO GRT-0088] Layer li1     Track-Pitch = 0.4600  line-2-Via Pitch: 0.3400
[INFO GRT-0088] Layer met1    Track-Pitch = 0.3400  line-2-Via Pitch: 0.3400
[INFO GRT-0088] Layer met2    Track-Pitch = 0.4600  line-2-Via Pitch: 0.3500
[INFO GRT-0088] Layer met3    Track-Pitch = 0.6800  line-2-Via Pitch: 0.6150
[INFO GRT-0088] Layer met4    Track-Pitch = 0.9200  line-2-Via Pitch: 1.0400
[INFO GRT-0088] Layer met5    Track-Pitch = 3.4000  line-2-Via Pitch: 3.1100
[INFO GRT-0019] Found 4 clock nets.
[INFO GRT-0001] Minimum degree: 2
[INFO GRT-0002] Maximum degree: 6
[INFO GRT-0003] Macros: 0
[INFO GRT-0043] No OR_DEFAULT vias defined.
[INFO GRT-0004] Blockages: 28

[INFO GRT-0053] Routing resources analysis:
          Routing      Original      Derated      Resource
Layer     Direction    Resources     Resources    Reduction (%)
---------------------------------------------------------------
li1        Vertical            0             0          0.00%
met1       Horizontal       1015           497          51.03%
met2       Vertical          756           432          42.86%
met3       Horizontal        504           300          40.48%
met4       Vertical          315           168          46.67%
met5       Horizontal         98            42          57.14%
---------------------------------------------------------------

[INFO GRT-0197] Via related to pin nodes: 99
[INFO GRT-0198] Via related Steiner nodes: 2
[INFO GRT-0199] Via filling finished.
[INFO GRT-0111] Final number of vias: 119
[INFO GRT-0112] Final usage 3D: 399

[INFO GRT-0096] Final congestion report:
Layer         Resource        Demand        Usage (%)    Max H / Max V / Total Overflow
---------------------------------------------------------------------------------------
li1                  0             0            0.00%             0 /  0 /  0
met1               497            15            3.02%             0 /  0 /  0
met2               432            22            5.09%             0 /  0 /  0
met3               300             5            1.67%             0 /  0 /  0
met4               168             0            0.00%             0 /  0 /  0
met5                42             0            0.00%             0 /  0 /  0
---------------------------------------------------------------------------------------
Total             1439            42            2.92%             0 /  0 /  0

[INFO GRT-0018] Total wirelength: 538 um
[INFO GRT-0014] Routed nets: 30
[INFO] Setting RC values…
Setting global connections for newly added cells…
[INFO] Setting global connections...
Updating metrics…
Cell type report:                       Count       Area
  Fill cell                                20      75.07
  Tap cell                                 12      15.01
  Buffer                                    4      15.01
  Clock buffer                              3      75.07
  Timing Repair Buffer                      9      53.80
  Inverter                                  3      11.26
  Sequential cell                           2      55.05
  Multi-Input combinational cell            7      46.29
  Total                                    60     346.58
Writing OpenROAD database to '/foss/designs/ALU/runs/RUN_2025-06-08_18-02-53/41-openroad-repairantennas/1-diodeinsertion/top.odb'…
Writing layout to '/foss/designs/ALU/runs/RUN_2025-06-08_18-02-53/41-openroad-repairantennas/1-diodeinsertion/top.def'…
