
===========================================================================
report_checks -path_delay min (Hold)
============================================================================
======================= nom_ss_100C_1v60 Corner ===================================

Startpoint: _15_ (rising edge-triggered flip-flop clocked by clk)
Endpoint: _15_ (rising edge-triggered flip-flop clocked by clk)
Path Group: clk
Path Type: min

Fanout         Cap        Slew       Delay        Time   Description
---------------------------------------------------------------------------------------------
                                  0.000000    0.000000   clock clk (rise edge)
                                  0.000000    0.000000   clock source latency
     1    0.011435    0.090944    0.059550    0.059550 ^ clk (in)
                                                         clk (net)
                      0.090945    0.000000    0.059550 ^ clkbuf_0_clk/A (sky130_fd_sc_hd__clkbuf_16)
     2    0.018369    0.065396    0.228746    0.288296 ^ clkbuf_0_clk/X (sky130_fd_sc_hd__clkbuf_16)
                                                         clknet_0_clk (net)
                      0.065396    0.000477    0.288773 ^ clkbuf_1_1__f_clk/A (sky130_fd_sc_hd__clkbuf_16)
     1    0.002048    0.043570    0.190407    0.479180 ^ clkbuf_1_1__f_clk/X (sky130_fd_sc_hd__clkbuf_16)
                                                         clknet_1_1__leaf_clk (net)
                      0.043570    0.000058    0.479238 ^ _15_/CLK (sky130_fd_sc_hd__dfrtp_2)
     5    0.017171    0.169470    0.767284    1.246522 ^ _15_/Q (sky130_fd_sc_hd__dfrtp_2)
                                                         controller_inst.pstate[1] (net)
                      0.169470    0.000178    1.246700 ^ hold2/A (sky130_fd_sc_hd__dlygate4sd3_1)
     1    0.005023    0.122066    1.112414    2.359114 ^ hold2/X (sky130_fd_sc_hd__dlygate4sd3_1)
                                                         net11 (net)
                      0.122066    0.000148    2.359262 ^ _11_/A (sky130_fd_sc_hd__xor2_1)
     1    0.003683    0.074752    0.156939    2.516201 v _11_/X (sky130_fd_sc_hd__xor2_1)
                                                         controller_inst.nstate[1] (net)
                      0.074752    0.000111    2.516312 v _15_/D (sky130_fd_sc_hd__dfrtp_2)
                                              2.516312   data arrival time

                                  0.000000    0.000000   clock clk (rise edge)
                                  0.000000    0.000000   clock source latency
     1    0.011435    0.090944    0.059550    0.059550 ^ clk (in)
                                                         clk (net)
                      0.090945    0.000000    0.059550 ^ clkbuf_0_clk/A (sky130_fd_sc_hd__clkbuf_16)
     2    0.018369    0.065396    0.228746    0.288296 ^ clkbuf_0_clk/X (sky130_fd_sc_hd__clkbuf_16)
                                                         clknet_0_clk (net)
                      0.065396    0.000477    0.288773 ^ clkbuf_1_1__f_clk/A (sky130_fd_sc_hd__clkbuf_16)
     1    0.002048    0.043570    0.190407    0.479180 ^ clkbuf_1_1__f_clk/X (sky130_fd_sc_hd__clkbuf_16)
                                                         clknet_1_1__leaf_clk (net)
                      0.043570    0.000058    0.479238 ^ _15_/CLK (sky130_fd_sc_hd__dfrtp_2)
                                  0.250000    0.729238   clock uncertainty
                                  0.000000    0.729238   clock reconvergence pessimism
                                 -0.097795    0.631443   library hold time
                                              0.631443   data required time
---------------------------------------------------------------------------------------------
                                              0.631443   data required time
                                             -2.516312   data arrival time
---------------------------------------------------------------------------------------------
                                              1.884868   slack (MET)


Startpoint: _14_ (rising edge-triggered flip-flop clocked by clk)
Endpoint: _14_ (rising edge-triggered flip-flop clocked by clk)
Path Group: clk
Path Type: min

Fanout         Cap        Slew       Delay        Time   Description
---------------------------------------------------------------------------------------------
                                  0.000000    0.000000   clock clk (rise edge)
                                  0.000000    0.000000   clock source latency
     1    0.011435    0.090944    0.059550    0.059550 ^ clk (in)
                                                         clk (net)
                      0.090945    0.000000    0.059550 ^ clkbuf_0_clk/A (sky130_fd_sc_hd__clkbuf_16)
     2    0.018369    0.065396    0.228746    0.288296 ^ clkbuf_0_clk/X (sky130_fd_sc_hd__clkbuf_16)
                                                         clknet_0_clk (net)
                      0.065396    0.000430    0.288726 ^ clkbuf_1_0__f_clk/A (sky130_fd_sc_hd__clkbuf_16)
     1    0.002986    0.044969    0.192221    0.480947 ^ clkbuf_1_0__f_clk/X (sky130_fd_sc_hd__clkbuf_16)
                                                         clknet_1_0__leaf_clk (net)
                      0.044969    0.000084    0.481032 ^ _14_/CLK (sky130_fd_sc_hd__dfrtp_4)
     5    0.017569    0.148485    0.850295    1.331326 ^ _14_/Q (sky130_fd_sc_hd__dfrtp_4)
                                                         controller_inst.pstate[0] (net)
                      0.148485    0.000217    1.331544 ^ hold1/A (sky130_fd_sc_hd__dlygate4sd3_1)
     2    0.011758    0.214064    1.184930    2.516474 ^ hold1/X (sky130_fd_sc_hd__dlygate4sd3_1)
                                                         net10 (net)
                      0.214064    0.000255    2.516729 ^ _10_/A (sky130_fd_sc_hd__inv_2)
     1    0.002139    0.044181    0.091521    2.608250 v _10_/Y (sky130_fd_sc_hd__inv_2)
                                                         controller_inst.nstate[0] (net)
                      0.044181    0.000042    2.608292 v _14_/D (sky130_fd_sc_hd__dfrtp_4)
                                              2.608292   data arrival time

                                  0.000000    0.000000   clock clk (rise edge)
                                  0.000000    0.000000   clock source latency
     1    0.011435    0.090944    0.059550    0.059550 ^ clk (in)
                                                         clk (net)
                      0.090945    0.000000    0.059550 ^ clkbuf_0_clk/A (sky130_fd_sc_hd__clkbuf_16)
     2    0.018369    0.065396    0.228746    0.288296 ^ clkbuf_0_clk/X (sky130_fd_sc_hd__clkbuf_16)
                                                         clknet_0_clk (net)
                      0.065396    0.000430    0.288726 ^ clkbuf_1_0__f_clk/A (sky130_fd_sc_hd__clkbuf_16)
     1    0.002986    0.044969    0.192221    0.480947 ^ clkbuf_1_0__f_clk/X (sky130_fd_sc_hd__clkbuf_16)
                                                         clknet_1_0__leaf_clk (net)
                      0.044969    0.000084    0.481032 ^ _14_/CLK (sky130_fd_sc_hd__dfrtp_4)
                                  0.250000    0.731032   clock uncertainty
                                  0.000000    0.731032   clock reconvergence pessimism
                                 -0.088119    0.642913   library hold time
                                              0.642913   data required time
---------------------------------------------------------------------------------------------
                                              0.642913   data required time
                                             -2.608292   data arrival time
---------------------------------------------------------------------------------------------
                                              1.965379   slack (MET)


Startpoint: reset (input port clocked by clk)
Endpoint: _14_ (removal check against rising-edge clock clk)
Path Group: asynchronous
Path Type: min

Fanout         Cap        Slew       Delay        Time   Description
---------------------------------------------------------------------------------------------
                                  0.000000    0.000000   clock clk (rise edge)
                                  0.000000    0.000000   clock network delay (propagated)
                                  5.000000    5.000000 v input external delay
     1    0.002543    0.017488    0.008424    5.008424 v reset (in)
                                                         reset (net)
                      0.017488    0.000000    5.008424 v input1/A (sky130_fd_sc_hd__buf_1)
     2    0.010344    0.128552    0.200746    5.209170 v input1/X (sky130_fd_sc_hd__buf_1)
                                                         net1 (net)
                      0.128552    0.000297    5.209467 v _12_/A (sky130_fd_sc_hd__inv_2)
     1    0.004424    0.055431    0.098262    5.307729 ^ _12_/Y (sky130_fd_sc_hd__inv_2)
                                                         _00_ (net)
                      0.055431    0.000108    5.307837 ^ _14_/RESET_B (sky130_fd_sc_hd__dfrtp_4)
                                              5.307837   data arrival time

                                  0.000000    0.000000   clock clk (rise edge)
                                  0.000000    0.000000   clock source latency
     1    0.011435    0.090944    0.059550    0.059550 ^ clk (in)
                                                         clk (net)
                      0.090945    0.000000    0.059550 ^ clkbuf_0_clk/A (sky130_fd_sc_hd__clkbuf_16)
     2    0.018369    0.065396    0.228746    0.288296 ^ clkbuf_0_clk/X (sky130_fd_sc_hd__clkbuf_16)
                                                         clknet_0_clk (net)
                      0.065396    0.000430    0.288726 ^ clkbuf_1_0__f_clk/A (sky130_fd_sc_hd__clkbuf_16)
     1    0.002986    0.044969    0.192221    0.480947 ^ clkbuf_1_0__f_clk/X (sky130_fd_sc_hd__clkbuf_16)
                                                         clknet_1_0__leaf_clk (net)
                      0.044969    0.000084    0.481032 ^ _14_/CLK (sky130_fd_sc_hd__dfrtp_4)
                                  0.250000    0.731032   clock uncertainty
                                  0.000000    0.731032   clock reconvergence pessimism
                                  0.647196    1.378228   library removal time
                                              1.378228   data required time
---------------------------------------------------------------------------------------------
                                              1.378228   data required time
                                             -5.307837   data arrival time
---------------------------------------------------------------------------------------------
                                              3.929610   slack (MET)


Startpoint: reset (input port clocked by clk)
Endpoint: _15_ (removal check against rising-edge clock clk)
Path Group: asynchronous
Path Type: min

Fanout         Cap        Slew       Delay        Time   Description
---------------------------------------------------------------------------------------------
                                  0.000000    0.000000   clock clk (rise edge)
                                  0.000000    0.000000   clock network delay (propagated)
                                  5.000000    5.000000 v input external delay
     1    0.002543    0.017488    0.008424    5.008424 v reset (in)
                                                         reset (net)
                      0.017488    0.000000    5.008424 v input1/A (sky130_fd_sc_hd__buf_1)
     2    0.010344    0.128552    0.200746    5.209170 v input1/X (sky130_fd_sc_hd__buf_1)
                                                         net1 (net)
                      0.128552    0.000306    5.209476 v _13_/A (sky130_fd_sc_hd__inv_2)
     1    0.004002    0.052971    0.095456    5.304932 ^ _13_/Y (sky130_fd_sc_hd__inv_2)
                                                         _01_ (net)
                      0.052971    0.000090    5.305022 ^ _15_/RESET_B (sky130_fd_sc_hd__dfrtp_2)
                                              5.305022   data arrival time

                                  0.000000    0.000000   clock clk (rise edge)
                                  0.000000    0.000000   clock source latency
     1    0.011435    0.090944    0.059550    0.059550 ^ clk (in)
                                                         clk (net)
                      0.090945    0.000000    0.059550 ^ clkbuf_0_clk/A (sky130_fd_sc_hd__clkbuf_16)
     2    0.018369    0.065396    0.228746    0.288296 ^ clkbuf_0_clk/X (sky130_fd_sc_hd__clkbuf_16)
                                                         clknet_0_clk (net)
                      0.065396    0.000477    0.288773 ^ clkbuf_1_1__f_clk/A (sky130_fd_sc_hd__clkbuf_16)
     1    0.002048    0.043570    0.190407    0.479180 ^ clkbuf_1_1__f_clk/X (sky130_fd_sc_hd__clkbuf_16)
                                                         clknet_1_1__leaf_clk (net)
                      0.043570    0.000058    0.479238 ^ _15_/CLK (sky130_fd_sc_hd__dfrtp_2)
                                  0.250000    0.729238   clock uncertainty
                                  0.000000    0.729238   clock reconvergence pessimism
                                  0.644215    1.373453   library removal time
                                              1.373453   data required time
---------------------------------------------------------------------------------------------
                                              1.373453   data required time
                                             -5.305022   data arrival time
---------------------------------------------------------------------------------------------
                                              3.931569   slack (MET)


Startpoint: _15_ (rising edge-triggered flip-flop clocked by clk)
Endpoint: result[6] (output port clocked by clk)
Path Group: clk
Path Type: min

Fanout         Cap        Slew       Delay        Time   Description
---------------------------------------------------------------------------------------------
                                  0.000000    0.000000   clock clk (rise edge)
                                  0.000000    0.000000   clock source latency
     1    0.011435    0.090944    0.059550    0.059550 ^ clk (in)
                                                         clk (net)
                      0.090945    0.000000    0.059550 ^ clkbuf_0_clk/A (sky130_fd_sc_hd__clkbuf_16)
     2    0.018369    0.065396    0.228746    0.288296 ^ clkbuf_0_clk/X (sky130_fd_sc_hd__clkbuf_16)
                                                         clknet_0_clk (net)
                      0.065396    0.000477    0.288773 ^ clkbuf_1_1__f_clk/A (sky130_fd_sc_hd__clkbuf_16)
     1    0.002048    0.043570    0.190407    0.479180 ^ clkbuf_1_1__f_clk/X (sky130_fd_sc_hd__clkbuf_16)
                                                         clknet_1_1__leaf_clk (net)
                      0.043570    0.000058    0.479238 ^ _15_/CLK (sky130_fd_sc_hd__dfrtp_2)
     5    0.017171    0.169470    0.767284    1.246522 ^ _15_/Q (sky130_fd_sc_hd__dfrtp_2)
                                                         controller_inst.pstate[1] (net)
                      0.169470    0.000470    1.246993 ^ _09_/A (sky130_fd_sc_hd__xnor2_1)
     1    0.002161    0.065788    0.164376    1.411368 v _09_/Y (sky130_fd_sc_hd__xnor2_1)
                                                         net7 (net)
                      0.065788    0.000045    1.411413 v output7/A (sky130_fd_sc_hd__buf_2)
     1    0.034470    0.166735    0.343282    1.754695 v output7/X (sky130_fd_sc_hd__buf_2)
                                                         result[6] (net)
                      0.166736    0.000668    1.755363 v result[6] (out)
                                              1.755363   data arrival time

                                  0.000000    0.000000   clock clk (rise edge)
                                  0.000000    0.000000   clock network delay (propagated)
                                  0.250000    0.250000   clock uncertainty
                                  0.000000    0.250000   clock reconvergence pessimism
                                 -5.000000   -4.750000   output external delay
                                             -4.750000   data required time
---------------------------------------------------------------------------------------------
                                             -4.750000   data required time
                                             -1.755363   data arrival time
---------------------------------------------------------------------------------------------
                                              6.505363   slack (MET)


Startpoint: _15_ (rising edge-triggered flip-flop clocked by clk)
Endpoint: result[4] (output port clocked by clk)
Path Group: clk
Path Type: min

Fanout         Cap        Slew       Delay        Time   Description
---------------------------------------------------------------------------------------------
                                  0.000000    0.000000   clock clk (rise edge)
                                  0.000000    0.000000   clock source latency
     1    0.011435    0.090944    0.059550    0.059550 ^ clk (in)
                                                         clk (net)
                      0.090945    0.000000    0.059550 ^ clkbuf_0_clk/A (sky130_fd_sc_hd__clkbuf_16)
     2    0.018369    0.065396    0.228746    0.288296 ^ clkbuf_0_clk/X (sky130_fd_sc_hd__clkbuf_16)
                                                         clknet_0_clk (net)
                      0.065396    0.000477    0.288773 ^ clkbuf_1_1__f_clk/A (sky130_fd_sc_hd__clkbuf_16)
     1    0.002048    0.043570    0.190407    0.479180 ^ clkbuf_1_1__f_clk/X (sky130_fd_sc_hd__clkbuf_16)
                                                         clknet_1_1__leaf_clk (net)
                      0.043570    0.000058    0.479238 ^ _15_/CLK (sky130_fd_sc_hd__dfrtp_2)
     5    0.017171    0.169470    0.767284    1.246522 ^ _15_/Q (sky130_fd_sc_hd__dfrtp_2)
                                                         controller_inst.pstate[1] (net)
                      0.169470    0.000446    1.246969 ^ _04_/A (sky130_fd_sc_hd__xnor2_1)
     2    0.006844    0.132389    0.221630    1.468598 v _04_/Y (sky130_fd_sc_hd__xnor2_1)
                                                         net5 (net)
                      0.132389    0.000197    1.468795 v output5/A (sky130_fd_sc_hd__buf_2)
     1    0.035364    0.170352    0.377765    1.846560 v output5/X (sky130_fd_sc_hd__buf_2)
                                                         result[4] (net)
                      0.170354    0.000911    1.847471 v result[4] (out)
                                              1.847471   data arrival time

                                  0.000000    0.000000   clock clk (rise edge)
                                  0.000000    0.000000   clock network delay (propagated)
                                  0.250000    0.250000   clock uncertainty
                                  0.000000    0.250000   clock reconvergence pessimism
                                 -5.000000   -4.750000   output external delay
                                             -4.750000   data required time
---------------------------------------------------------------------------------------------
                                             -4.750000   data required time
                                             -1.847471   data arrival time
---------------------------------------------------------------------------------------------
                                              6.597471   slack (MET)


Startpoint: _15_ (rising edge-triggered flip-flop clocked by clk)
Endpoint: result[2] (output port clocked by clk)
Path Group: clk
Path Type: min

Fanout         Cap        Slew       Delay        Time   Description
---------------------------------------------------------------------------------------------
                                  0.000000    0.000000   clock clk (rise edge)
                                  0.000000    0.000000   clock source latency
     1    0.011435    0.090944    0.059550    0.059550 ^ clk (in)
                                                         clk (net)
                      0.090945    0.000000    0.059550 ^ clkbuf_0_clk/A (sky130_fd_sc_hd__clkbuf_16)
     2    0.018369    0.065396    0.228746    0.288296 ^ clkbuf_0_clk/X (sky130_fd_sc_hd__clkbuf_16)
                                                         clknet_0_clk (net)
                      0.065396    0.000477    0.288773 ^ clkbuf_1_1__f_clk/A (sky130_fd_sc_hd__clkbuf_16)
     1    0.002048    0.043570    0.190407    0.479180 ^ clkbuf_1_1__f_clk/X (sky130_fd_sc_hd__clkbuf_16)
                                                         clknet_1_1__leaf_clk (net)
                      0.043570    0.000058    0.479238 ^ _15_/CLK (sky130_fd_sc_hd__dfrtp_2)
     5    0.017171    0.169470    0.767284    1.246522 ^ _15_/Q (sky130_fd_sc_hd__dfrtp_2)
                                                         controller_inst.pstate[1] (net)
                      0.169470    0.000372    1.246894 ^ _07_/A_N (sky130_fd_sc_hd__nand2b_1)
     1    0.002280    0.066572    0.202876    1.449770 ^ _07_/Y (sky130_fd_sc_hd__nand2b_1)
                                                         _03_ (net)
                      0.066572    0.000044    1.449814 ^ _08_/A (sky130_fd_sc_hd__clkbuf_1)
     1    0.003234    0.079959    0.154614    1.604428 ^ _08_/X (sky130_fd_sc_hd__clkbuf_1)
                                                         net4 (net)
                      0.079959    0.000100    1.604528 ^ output4/A (sky130_fd_sc_hd__buf_2)
     1    0.034318    0.272533    0.348355    1.952882 ^ output4/X (sky130_fd_sc_hd__buf_2)
                                                         result[2] (net)
                      0.272533    0.000643    1.953525 ^ result[2] (out)
                                              1.953525   data arrival time

                                  0.000000    0.000000   clock clk (rise edge)
                                  0.000000    0.000000   clock network delay (propagated)
                                  0.250000    0.250000   clock uncertainty
                                  0.000000    0.250000   clock reconvergence pessimism
                                 -5.000000   -4.750000   output external delay
                                             -4.750000   data required time
---------------------------------------------------------------------------------------------
                                             -4.750000   data required time
                                             -1.953525   data arrival time
---------------------------------------------------------------------------------------------
                                              6.703526   slack (MET)


Startpoint: _15_ (rising edge-triggered flip-flop clocked by clk)
Endpoint: result[5] (output port clocked by clk)
Path Group: clk
Path Type: min

Fanout         Cap        Slew       Delay        Time   Description
---------------------------------------------------------------------------------------------
                                  0.000000    0.000000   clock clk (rise edge)
                                  0.000000    0.000000   clock source latency
     1    0.011435    0.090944    0.059550    0.059550 ^ clk (in)
                                                         clk (net)
                      0.090945    0.000000    0.059550 ^ clkbuf_0_clk/A (sky130_fd_sc_hd__clkbuf_16)
     2    0.018369    0.065396    0.228746    0.288296 ^ clkbuf_0_clk/X (sky130_fd_sc_hd__clkbuf_16)
                                                         clknet_0_clk (net)
                      0.065396    0.000477    0.288773 ^ clkbuf_1_1__f_clk/A (sky130_fd_sc_hd__clkbuf_16)
     1    0.002048    0.043570    0.190407    0.479180 ^ clkbuf_1_1__f_clk/X (sky130_fd_sc_hd__clkbuf_16)
                                                         clknet_1_1__leaf_clk (net)
                      0.043570    0.000058    0.479238 ^ _15_/CLK (sky130_fd_sc_hd__dfrtp_2)
     5    0.017171    0.169470    0.767284    1.246522 ^ _15_/Q (sky130_fd_sc_hd__dfrtp_2)
                                                         controller_inst.pstate[1] (net)
                      0.169470    0.000464    1.246986 ^ _05_/B (sky130_fd_sc_hd__nand2b_1)
     1    0.003860    0.096615    0.159711    1.406697 v _05_/Y (sky130_fd_sc_hd__nand2b_1)
                                                         _02_ (net)
                      0.096615    0.000133    1.406829 v _06_/A (sky130_fd_sc_hd__clkbuf_1)
     2    0.005633    0.079022    0.197613    1.604442 v _06_/X (sky130_fd_sc_hd__clkbuf_1)
                                                         net6 (net)
                      0.079022    0.000129    1.604571 v output6/A (sky130_fd_sc_hd__buf_2)
     1    0.034421    0.166520    0.349090    1.953662 v output6/X (sky130_fd_sc_hd__buf_2)
                                                         result[5] (net)
                      0.166521    0.000820    1.954482 v result[5] (out)
                                              1.954482   data arrival time

                                  0.000000    0.000000   clock clk (rise edge)
                                  0.000000    0.000000   clock network delay (propagated)
                                  0.250000    0.250000   clock uncertainty
                                  0.000000    0.250000   clock reconvergence pessimism
                                 -5.000000   -4.750000   output external delay
                                             -4.750000   data required time
---------------------------------------------------------------------------------------------
                                             -4.750000   data required time
                                             -1.954482   data arrival time
---------------------------------------------------------------------------------------------
                                              6.704482   slack (MET)


Startpoint: _15_ (rising edge-triggered flip-flop clocked by clk)
Endpoint: result[0] (output port clocked by clk)
Path Group: clk
Path Type: min

Fanout         Cap        Slew       Delay        Time   Description
---------------------------------------------------------------------------------------------
                                  0.000000    0.000000   clock clk (rise edge)
                                  0.000000    0.000000   clock source latency
     1    0.011435    0.090944    0.059550    0.059550 ^ clk (in)
                                                         clk (net)
                      0.090945    0.000000    0.059550 ^ clkbuf_0_clk/A (sky130_fd_sc_hd__clkbuf_16)
     2    0.018369    0.065396    0.228746    0.288296 ^ clkbuf_0_clk/X (sky130_fd_sc_hd__clkbuf_16)
                                                         clknet_0_clk (net)
                      0.065396    0.000477    0.288773 ^ clkbuf_1_1__f_clk/A (sky130_fd_sc_hd__clkbuf_16)
     1    0.002048    0.043570    0.190407    0.479180 ^ clkbuf_1_1__f_clk/X (sky130_fd_sc_hd__clkbuf_16)
                                                         clknet_1_1__leaf_clk (net)
                      0.043570    0.000058    0.479238 ^ _15_/CLK (sky130_fd_sc_hd__dfrtp_2)
     5    0.017171    0.169470    0.767284    1.246522 ^ _15_/Q (sky130_fd_sc_hd__dfrtp_2)
                                                         controller_inst.pstate[1] (net)
                      0.169470    0.000446    1.246969 ^ _04_/A (sky130_fd_sc_hd__xnor2_1)
     2    0.006844    0.132389    0.221630    1.468598 v _04_/Y (sky130_fd_sc_hd__xnor2_1)
                                                         net5 (net)
                      0.132389    0.000145    1.468743 v _18_/A (sky130_fd_sc_hd__clkbuf_1)
     1    0.002094    0.043724    0.182634    1.651377 v _18_/X (sky130_fd_sc_hd__clkbuf_1)
                                                         net2 (net)
                      0.043724    0.000043    1.651420 v output2/A (sky130_fd_sc_hd__buf_2)
     1    0.035016    0.169054    0.334785    1.986205 v output2/X (sky130_fd_sc_hd__buf_2)
                                                         result[0] (net)
                      0.169055    0.000855    1.987060 v result[0] (out)
                                              1.987060   data arrival time

                                  0.000000    0.000000   clock clk (rise edge)
                                  0.000000    0.000000   clock network delay (propagated)
                                  0.250000    0.250000   clock uncertainty
                                  0.000000    0.250000   clock reconvergence pessimism
                                 -5.000000   -4.750000   output external delay
                                             -4.750000   data required time
---------------------------------------------------------------------------------------------
                                             -4.750000   data required time
                                             -1.987060   data arrival time
---------------------------------------------------------------------------------------------
                                              6.737061   slack (MET)


Startpoint: _15_ (rising edge-triggered flip-flop clocked by clk)
Endpoint: result[1] (output port clocked by clk)
Path Group: clk
Path Type: min

Fanout         Cap        Slew       Delay        Time   Description
---------------------------------------------------------------------------------------------
                                  0.000000    0.000000   clock clk (rise edge)
                                  0.000000    0.000000   clock source latency
     1    0.011435    0.090944    0.059550    0.059550 ^ clk (in)
                                                         clk (net)
                      0.090945    0.000000    0.059550 ^ clkbuf_0_clk/A (sky130_fd_sc_hd__clkbuf_16)
     2    0.018369    0.065396    0.228746    0.288296 ^ clkbuf_0_clk/X (sky130_fd_sc_hd__clkbuf_16)
                                                         clknet_0_clk (net)
                      0.065396    0.000477    0.288773 ^ clkbuf_1_1__f_clk/A (sky130_fd_sc_hd__clkbuf_16)
     1    0.002048    0.043570    0.190407    0.479180 ^ clkbuf_1_1__f_clk/X (sky130_fd_sc_hd__clkbuf_16)
                                                         clknet_1_1__leaf_clk (net)
                      0.043570    0.000058    0.479238 ^ _15_/CLK (sky130_fd_sc_hd__dfrtp_2)
     5    0.017171    0.169470    0.767284    1.246522 ^ _15_/Q (sky130_fd_sc_hd__dfrtp_2)
                                                         controller_inst.pstate[1] (net)
                      0.169470    0.000464    1.246986 ^ _05_/B (sky130_fd_sc_hd__nand2b_1)
     1    0.003860    0.096615    0.159711    1.406697 v _05_/Y (sky130_fd_sc_hd__nand2b_1)
                                                         _02_ (net)
                      0.096615    0.000133    1.406829 v _06_/A (sky130_fd_sc_hd__clkbuf_1)
     2    0.005633    0.079022    0.197613    1.604442 v _06_/X (sky130_fd_sc_hd__clkbuf_1)
                                                         net6 (net)
                      0.079022    0.000136    1.604578 v _19_/A (sky130_fd_sc_hd__clkbuf_1)
     1    0.001804    0.040696    0.154500    1.759079 v _19_/X (sky130_fd_sc_hd__clkbuf_1)
                                                         net3 (net)
                      0.040696    0.000035    1.759113 v output3/A (sky130_fd_sc_hd__buf_2)
     1    0.035399    0.170592    0.334604    2.093718 v output3/X (sky130_fd_sc_hd__buf_2)
                                                         result[1] (net)
                      0.170594    0.000877    2.094594 v result[1] (out)
                                              2.094594   data arrival time

                                  0.000000    0.000000   clock clk (rise edge)
                                  0.000000    0.000000   clock network delay (propagated)
                                  0.250000    0.250000   clock uncertainty
                                  0.000000    0.250000   clock reconvergence pessimism
                                 -5.000000   -4.750000   output external delay
                                             -4.750000   data required time
---------------------------------------------------------------------------------------------
                                             -4.750000   data required time
                                             -2.094594   data arrival time
---------------------------------------------------------------------------------------------
                                              6.844594   slack (MET)



