Reading OpenROAD database at '/foss/designs/ALU/runs/RUN_2025-06-08_18-02-53/24-openroad-ioplacement/top.odb'…
Reading library file at '/foss/pdks/sky130A/libs.ref/sky130_fd_sc_hd/lib/sky130_fd_sc_hd__tt_025C_1v80.lib'…
Reading design constraints file at '/usr/local/lib/python3.12/dist-packages/openlane/scripts/base.sdc'…
[INFO] Using clock clk…
[INFO] Setting output delay to: 5.0
[INFO] Setting input delay to: 5.0
[INFO] Setting load to: 0.033442
[INFO] Setting clock uncertainty to: 0.25
[INFO] Setting clock transition to: 0.1499999999999999944488848768742172978818416595458984375
[INFO] Setting timing derate to: 5%
[INFO] Setting RC values…
[INFO] Setting signal min routing layer to: met1 and clock min routing layer to met1. 
[INFO] Setting signal max routing layer to: met5 and clock max routing layer to met5. 
+ global_placement -density 0.8 -timing_driven -routability_driven -pad_right 0 -pad_left 0 -init_wirelength_coef 0.25
[INFO GPL-0002] DBU: 1000
[INFO GPL-0003] SiteSize: (  0.460  2.720 ) um
[INFO GPL-0004] CoreBBox: (  5.520 10.880 ) ( 44.160 38.080 ) um
[INFO GPL-0006] NumInstances:                48
[INFO GPL-0007] NumPlaceInstances:           16
[INFO GPL-0008] NumFixedInstances:           32
[INFO GPL-0009] NumDummyInstances:            0
[INFO GPL-0010] NumNets:                     18
[INFO GPL-0011] NumPins:                     49
[INFO GPL-0012] DieBBox:  (  0.000  0.000 ) ( 50.000 50.000 ) um
[INFO GPL-0013] CoreBBox: (  5.520 10.880 ) ( 44.160 38.080 ) um
[INFO GPL-0016] CoreArea:              1051.008 um^2
[INFO GPL-0017] NonPlaceInstsArea:       90.086 um^2
[INFO GPL-0018] PlaceInstsArea:         213.955 um^2
[INFO GPL-0019] Util:                    22.266 %
[INFO GPL-0020] StdInstsArea:           213.955 um^2
[INFO GPL-0021] MacroInstsArea:           0.000 um^2
[InitialPlace]  Iter: 1 CG residual: 0.00000003 HPWL: 406504
[InitialPlace]  Iter: 2 CG residual: 0.00000011 HPWL: 323907
[InitialPlace]  Iter: 3 CG residual: 0.00000003 HPWL: 300744
[InitialPlace]  Iter: 4 CG residual: 0.00000009 HPWL: 290209
[InitialPlace]  Iter: 5 CG residual: 0.00000003 HPWL: 284005
[INFO GPL-0031] FillerInit:NumGCells:        60
[INFO GPL-0032] FillerInit:NumGNets:         18
[INFO GPL-0033] FillerInit:NumGPins:         49
[INFO GPL-0023] TargetDensity:            0.800
[INFO GPL-0024] AvrgPlaceInstArea:       13.372 um^2
[INFO GPL-0025] IdealBinArea:            16.715 um^2
[INFO GPL-0026] IdealBinCnt:                 62
[INFO GPL-0027] TotalBinArea:          1051.008 um^2
[INFO GPL-0028] BinCnt:         4      4
[INFO GPL-0029] BinSize: (  9.660  6.800 )
[INFO GPL-0030] NumBins: 16
[NesterovSolve] Iter:    1 overflow: 0.193 HPWL: 190697
[INFO GPL-0100] Timing-driven: executing resizer for reweighting nets.
[INFO GPL-0101] Timing-driven: worst slack 1.86e-08
[INFO GPL-0103] Timing-driven: weighted 0 nets.
[NesterovSolve] Snapshot saved at iter = 0
[INFO GPL-0075] Routability numCall: 1 inflationIterCnt: 1 bloatIterCnt: 0
[INFO GPL-0036] TileBBox: (    0    0 ) ( 6900 6900 ) DBU
[INFO GPL-0038] TileCnt:       7    7
[INFO GPL-0040] NumTiles: 49
[INFO GPL-0081] TotalRouteOverflow: 0.0
[INFO GPL-0082] OverflowTileCnt: 0
[INFO GPL-0083] 0.5%RC: 0.6362571120262146
[INFO GPL-0084] 1.0%RC: 0.6362571120262146
[INFO GPL-0085] 2.0%RC: 0.6362571120262146
[INFO GPL-0086] 5.0%RC: 0.5796441733837128
[INFO GPL-0087] FinalRC: 0.6362571
[INFO GPL-0077] FinalRC lower than targetRC(1.01), routability not needed.
[INFO GPL-0100] Timing-driven: executing resizer for reweighting nets.
[INFO GPL-0101] Timing-driven: worst slack 1.86e-08
[INFO GPL-0103] Timing-driven: weighted 1 nets.
[NesterovSolve] Iter:   10 overflow: 0.135 HPWL: 186311
[NesterovSolve] Iter:   20 overflow: 0.135 HPWL: 186489
[NesterovSolve] Iter:   30 overflow: 0.135 HPWL: 186511
[NesterovSolve] Iter:   40 overflow: 0.135 HPWL: 186516
[NesterovSolve] Iter:   50 overflow: 0.135 HPWL: 186520
[NesterovSolve] Iter:   60 overflow: 0.135 HPWL: 186533
[NesterovSolve] Iter:   70 overflow: 0.135 HPWL: 186545
[NesterovSolve] Iter:   80 overflow: 0.135 HPWL: 186568
[NesterovSolve] Iter:   90 overflow: 0.135 HPWL: 186601
[NesterovSolve] Iter:  100 overflow: 0.135 HPWL: 186662
[NesterovSolve] Iter:  110 overflow: 0.135 HPWL: 186759
[NesterovSolve] Iter:  120 overflow: 0.134 HPWL: 186866
[NesterovSolve] Iter:  130 overflow: 0.134 HPWL: 187013
[NesterovSolve] Iter:  140 overflow: 0.134 HPWL: 187158
[NesterovSolve] Iter:  150 overflow: 0.134 HPWL: 187271
[NesterovSolve] Iter:  160 overflow: 0.134 HPWL: 187307
[NesterovSolve] Iter:  170 overflow: 0.133 HPWL: 187208
[NesterovSolve] Iter:  180 overflow: 0.133 HPWL: 186953
[NesterovSolve] Iter:  190 overflow: 0.132 HPWL: 187103
[NesterovSolve] Iter:  200 overflow: 0.129 HPWL: 186924
[NesterovSolve] Iter:  210 overflow: 0.126 HPWL: 186726
[NesterovSolve] Iter:  220 overflow: 0.125 HPWL: 186642
[NesterovSolve] Iter:  230 overflow: 0.121 HPWL: 186336
[NesterovSolve] Iter:  240 overflow: 0.114 HPWL: 185853
[NesterovSolve] Iter:  250 overflow: 0.104 HPWL: 185518
[NesterovSolve] Finished with Overflow: 0.098832
[INFO] Setting RC values…
Setting global connections for newly added cells…
[INFO] Setting global connections...
Updating metrics…
Cell type report:                       Count       Area
  Fill cell                                20      75.07
  Tap cell                                 12      15.01
  Buffer                                    4      32.53
  Inverter                                  3      11.26
  Sequential cell                           2      52.55
  Multi-Input combinational cell            7     117.61
  Total                                    48     304.04
Writing OpenROAD database to '/foss/designs/ALU/runs/RUN_2025-06-08_18-02-53/27-openroad-globalplacement/top.odb'…
Writing netlist to '/foss/designs/ALU/runs/RUN_2025-06-08_18-02-53/27-openroad-globalplacement/top.nl.v'…
Writing powered netlist to '/foss/designs/ALU/runs/RUN_2025-06-08_18-02-53/27-openroad-globalplacement/top.pnl.v'…
Writing layout to '/foss/designs/ALU/runs/RUN_2025-06-08_18-02-53/27-openroad-globalplacement/top.def'…
Writing timing constraints to '/foss/designs/ALU/runs/RUN_2025-06-08_18-02-53/27-openroad-globalplacement/top.sdc'…
