
===========================================================================
report_checks -path_delay min (Hold)
============================================================================
======================= max_tt_025C_1v80 Corner ===================================

Startpoint: A[2] (input port clocked by clk)
Endpoint: result[2] (output port clocked by clk)
Path Group: clk
Path Type: min

Fanout         Cap        Slew       Delay        Time   Description
---------------------------------------------------------------------------------------------
                      0.000000    0.000000    0.000000   clock clk (rise edge)
                                  0.000000    0.000000   clock network delay (ideal)
                                  5.000000    5.000000 v input external delay
     1    0.002959    0.008986    0.004748    5.004748 v A[2] (in)
                                                         A[2] (net)
                      0.008993    0.000000    5.004748 v input3/A (sky130_fd_sc_hd__buf_1)
     3    0.012050    0.075925    0.113302    5.118051 v input3/X (sky130_fd_sc_hd__buf_1)
                                                         net3 (net)
                      0.075934    0.000823    5.118874 v _62_/A (sky130_fd_sc_hd__inv_2)
     1    0.004388    0.033967    0.057757    5.176631 ^ _62_/Y (sky130_fd_sc_hd__inv_2)
                                                         _22_ (net)
                      0.033968    0.000330    5.176960 ^ _67_/A1 (sky130_fd_sc_hd__a211o_1)
     2    0.005489    0.057402    0.120477    5.297438 ^ _67_/X (sky130_fd_sc_hd__a211o_1)
                                                         net15 (net)
                      0.057402    0.000174    5.297611 ^ output15/A (sky130_fd_sc_hd__buf_2)
     1    0.034353    0.170703    0.202215    5.499826 ^ output15/X (sky130_fd_sc_hd__buf_2)
                                                         result[2] (net)
                      0.170777    0.001687    5.501513 ^ result[2] (out)
                                              5.501513   data arrival time

                      0.000000    0.000000    0.000000   clock clk (rise edge)
                                  0.000000    0.000000   clock network delay (ideal)
                                  0.250000    0.250000   clock uncertainty
                                  0.000000    0.250000   clock reconvergence pessimism
                                 -5.000000   -4.750000   output external delay
                                             -4.750000   data required time
---------------------------------------------------------------------------------------------
                                             -4.750000   data required time
                                             -5.501513   data arrival time
---------------------------------------------------------------------------------------------
                                             10.251513   slack (MET)


Startpoint: A[2] (input port clocked by clk)
Endpoint: ZF (output port clocked by clk)
Path Group: clk
Path Type: min

Fanout         Cap        Slew       Delay        Time   Description
---------------------------------------------------------------------------------------------
                      0.000000    0.000000    0.000000   clock clk (rise edge)
                                  0.000000    0.000000   clock network delay (ideal)
                                  5.000000    5.000000 v input external delay
     1    0.002959    0.008986    0.004748    5.004748 v A[2] (in)
                                                         A[2] (net)
                      0.008993    0.000000    5.004748 v input3/A (sky130_fd_sc_hd__buf_1)
     3    0.012050    0.075925    0.113302    5.118051 v input3/X (sky130_fd_sc_hd__buf_1)
                                                         net3 (net)
                      0.075934    0.000823    5.118874 v _62_/A (sky130_fd_sc_hd__inv_2)
     1    0.004388    0.033967    0.057757    5.176631 ^ _62_/Y (sky130_fd_sc_hd__inv_2)
                                                         _22_ (net)
                      0.033968    0.000330    5.176960 ^ _67_/A1 (sky130_fd_sc_hd__a211o_1)
     2    0.005489    0.057402    0.120477    5.297438 ^ _67_/X (sky130_fd_sc_hd__a211o_1)
                                                         net15 (net)
                      0.057403    0.000301    5.297739 ^ _83_/C (sky130_fd_sc_hd__nor4_1)
     1    0.001929    0.026118    0.044772    5.342511 v _83_/Y (sky130_fd_sc_hd__nor4_1)
                                                         net12 (net)
                      0.026118    0.000135    5.342646 v output12/A (sky130_fd_sc_hd__buf_2)
     1    0.034774    0.091213    0.171985    5.514631 v output12/X (sky130_fd_sc_hd__buf_2)
                                                         ZF (net)
                      0.091257    0.001828    5.516459 v ZF (out)
                                              5.516459   data arrival time

                      0.000000    0.000000    0.000000   clock clk (rise edge)
                                  0.000000    0.000000   clock network delay (ideal)
                                  0.250000    0.250000   clock uncertainty
                                  0.000000    0.250000   clock reconvergence pessimism
                                 -5.000000   -4.750000   output external delay
                                             -4.750000   data required time
---------------------------------------------------------------------------------------------
                                             -4.750000   data required time
                                             -5.516459   data arrival time
---------------------------------------------------------------------------------------------
                                             10.266460   slack (MET)


Startpoint: A[6] (input port clocked by clk)
Endpoint: result[6] (output port clocked by clk)
Path Group: clk
Path Type: min

Fanout         Cap        Slew       Delay        Time   Description
---------------------------------------------------------------------------------------------
                      0.000000    0.000000    0.000000   clock clk (rise edge)
                                  0.000000    0.000000   clock network delay (ideal)
                                  5.000000    5.000000 ^ input external delay
     1    0.004198    0.025807    0.015271    5.015272 ^ A[6] (in)
                                                         A[6] (net)
                      0.025810    0.000000    5.015272 ^ input7/A (sky130_fd_sc_hd__clkbuf_2)
     7    0.024124    0.136074    0.162874    5.178145 ^ input7/X (sky130_fd_sc_hd__clkbuf_2)
                                                         net7 (net)
                      0.136090    0.001201    5.179347 ^ _78_/S (sky130_fd_sc_hd__mux2_1)
     1    0.005450    0.061969    0.166680    5.346027 ^ _78_/X (sky130_fd_sc_hd__mux2_1)
                                                         _34_ (net)
                      0.061971    0.000407    5.346434 ^ _79_/A (sky130_fd_sc_hd__inv_2)
     1    0.001810    0.015815    0.025941    5.372375 v _79_/Y (sky130_fd_sc_hd__inv_2)
                                                         net19 (net)
                      0.015815    0.000083    5.372458 v output19/A (sky130_fd_sc_hd__buf_2)
     1    0.034547    0.090613    0.167452    5.539910 v output19/X (sky130_fd_sc_hd__buf_2)
                                                         result[6] (net)
                      0.090649    0.001666    5.541577 v result[6] (out)
                                              5.541577   data arrival time

                      0.000000    0.000000    0.000000   clock clk (rise edge)
                                  0.000000    0.000000   clock network delay (ideal)
                                  0.250000    0.250000   clock uncertainty
                                  0.000000    0.250000   clock reconvergence pessimism
                                 -5.000000   -4.750000   output external delay
                                             -4.750000   data required time
---------------------------------------------------------------------------------------------
                                             -4.750000   data required time
                                             -5.541577   data arrival time
---------------------------------------------------------------------------------------------
                                             10.291576   slack (MET)


Startpoint: A[0] (input port clocked by clk)
Endpoint: result[0] (output port clocked by clk)
Path Group: clk
Path Type: min

Fanout         Cap        Slew       Delay        Time   Description
---------------------------------------------------------------------------------------------
                      0.000000    0.000000    0.000000   clock clk (rise edge)
                                  0.000000    0.000000   clock network delay (ideal)
                                  5.000000    5.000000 ^ input external delay
     1    0.003252    0.021695    0.011949    5.011949 ^ A[0] (in)
                                                         A[0] (net)
                      0.021696    0.000000    5.011949 ^ input1/A (sky130_fd_sc_hd__clkbuf_1)
     1    0.004956    0.067900    0.089585    5.101533 ^ input1/X (sky130_fd_sc_hd__clkbuf_1)
                                                         net1 (net)
                      0.067901    0.000376    5.101910 ^ _51_/S (sky130_fd_sc_hd__mux2_1)
     1    0.002997    0.042817    0.131182    5.233092 ^ _51_/X (sky130_fd_sc_hd__mux2_1)
                                                         _13_ (net)
                      0.042818    0.000209    5.233301 ^ _52_/B1 (sky130_fd_sc_hd__o21a_1)
     2    0.005589    0.063445    0.124740    5.358041 ^ _52_/X (sky130_fd_sc_hd__o21a_1)
                                                         net13 (net)
                      0.063445    0.000189    5.358230 ^ output13/A (sky130_fd_sc_hd__buf_2)
     1    0.034494    0.171398    0.204881    5.563111 ^ output13/X (sky130_fd_sc_hd__buf_2)
                                                         result[0] (net)
                      0.171473    0.001726    5.564837 ^ result[0] (out)
                                              5.564837   data arrival time

                      0.000000    0.000000    0.000000   clock clk (rise edge)
                                  0.000000    0.000000   clock network delay (ideal)
                                  0.250000    0.250000   clock uncertainty
                                  0.000000    0.250000   clock reconvergence pessimism
                                 -5.000000   -4.750000   output external delay
                                             -4.750000   data required time
---------------------------------------------------------------------------------------------
                                             -4.750000   data required time
                                             -5.564837   data arrival time
---------------------------------------------------------------------------------------------
                                             10.314837   slack (MET)


Startpoint: A[5] (input port clocked by clk)
Endpoint: result[5] (output port clocked by clk)
Path Group: clk
Path Type: min

Fanout         Cap        Slew       Delay        Time   Description
---------------------------------------------------------------------------------------------
                      0.000000    0.000000    0.000000   clock clk (rise edge)
                                  0.000000    0.000000   clock network delay (ideal)
                                  5.000000    5.000000 v input external delay
     1    0.004537    0.012637    0.007422    5.007422 v A[5] (in)
                                                         A[5] (net)
                      0.012641    0.000000    5.007422 v input6/A (sky130_fd_sc_hd__clkbuf_2)
     7    0.024140    0.096708    0.146279    5.153701 v input6/X (sky130_fd_sc_hd__clkbuf_2)
                                                         net6 (net)
                      0.096716    0.000921    5.154622 v _76_/A (sky130_fd_sc_hd__nor2_1)
     1    0.003638    0.090196    0.125786    5.280408 ^ _76_/Y (sky130_fd_sc_hd__nor2_1)
                                                         _33_ (net)
                      0.090196    0.000277    5.280684 ^ _77_/B1 (sky130_fd_sc_hd__a31o_1)
     1    0.003655    0.047775    0.107199    5.387884 ^ _77_/X (sky130_fd_sc_hd__a31o_1)
                                                         net18 (net)
                      0.047776    0.000272    5.388155 ^ output18/A (sky130_fd_sc_hd__buf_2)
     1    0.034072    0.169366    0.197720    5.585876 ^ output18/X (sky130_fd_sc_hd__buf_2)
                                                         result[5] (net)
                      0.169437    0.001594    5.587470 ^ result[5] (out)
                                              5.587470   data arrival time

                      0.000000    0.000000    0.000000   clock clk (rise edge)
                                  0.000000    0.000000   clock network delay (ideal)
                                  0.250000    0.250000   clock uncertainty
                                  0.000000    0.250000   clock reconvergence pessimism
                                 -5.000000   -4.750000   output external delay
                                             -4.750000   data required time
---------------------------------------------------------------------------------------------
                                             -4.750000   data required time
                                             -5.587470   data arrival time
---------------------------------------------------------------------------------------------
                                             10.337470   slack (MET)


Startpoint: A[4] (input port clocked by clk)
Endpoint: result[4] (output port clocked by clk)
Path Group: clk
Path Type: min

Fanout         Cap        Slew       Delay        Time   Description
---------------------------------------------------------------------------------------------
                      0.000000    0.000000    0.000000   clock clk (rise edge)
                                  0.000000    0.000000   clock network delay (ideal)
                                  5.000000    5.000000 v input external delay
     1    0.002776    0.008559    0.004433    5.004433 v A[4] (in)
                                                         A[4] (net)
                      0.008566    0.000000    5.004433 v input5/A (sky130_fd_sc_hd__buf_1)
     5    0.014888    0.091688    0.125126    5.129559 v input5/X (sky130_fd_sc_hd__buf_1)
                                                         net5 (net)
                      0.091690    0.000564    5.130124 v _73_/A1_N (sky130_fd_sc_hd__a2bb2o_1)
     2    0.005266    0.063834    0.282309    5.412433 ^ _73_/X (sky130_fd_sc_hd__a2bb2o_1)
                                                         net17 (net)
                      0.063834    0.000186    5.412618 ^ output17/A (sky130_fd_sc_hd__buf_2)
     1    0.034295    0.170460    0.204425    5.617043 ^ output17/X (sky130_fd_sc_hd__buf_2)
                                                         result[4] (net)
                      0.170533    0.001632    5.618675 ^ result[4] (out)
                                              5.618675   data arrival time

                      0.000000    0.000000    0.000000   clock clk (rise edge)
                                  0.000000    0.000000   clock network delay (ideal)
                                  0.250000    0.250000   clock uncertainty
                                  0.000000    0.250000   clock reconvergence pessimism
                                 -5.000000   -4.750000   output external delay
                                             -4.750000   data required time
---------------------------------------------------------------------------------------------
                                             -4.750000   data required time
                                             -5.618675   data arrival time
---------------------------------------------------------------------------------------------
                                             10.368675   slack (MET)


Startpoint: A[1] (input port clocked by clk)
Endpoint: result[1] (output port clocked by clk)
Path Group: clk
Path Type: min

Fanout         Cap        Slew       Delay        Time   Description
---------------------------------------------------------------------------------------------
                      0.000000    0.000000    0.000000   clock clk (rise edge)
                                  0.000000    0.000000   clock network delay (ideal)
                                  5.000000    5.000000 ^ input external delay
     1    0.003677    0.023545    0.013443    5.013443 ^ A[1] (in)
                                                         A[1] (net)
                      0.023547    0.000000    5.013443 ^ input2/A (sky130_fd_sc_hd__clkbuf_1)
     2    0.007985    0.101865    0.114194    5.127638 ^ input2/X (sky130_fd_sc_hd__clkbuf_1)
                                                         net2 (net)
                      0.101870    0.000563    5.128201 ^ _57_/S (sky130_fd_sc_hd__mux2_1)
     1    0.003119    0.043715    0.142109    5.270309 ^ _57_/X (sky130_fd_sc_hd__mux2_1)
                                                         _18_ (net)
                      0.043737    0.000212    5.270522 ^ _61_/B1 (sky130_fd_sc_hd__o211a_1)
     2    0.005160    0.057684    0.151165    5.421686 ^ _61_/X (sky130_fd_sc_hd__o211a_1)
                                                         net14 (net)
                      0.057684    0.000239    5.421925 ^ output14/A (sky130_fd_sc_hd__buf_2)
     1    0.034420    0.171019    0.202534    5.624459 ^ output14/X (sky130_fd_sc_hd__buf_2)
                                                         result[1] (net)
                      0.171093    0.001694    5.626153 ^ result[1] (out)
                                              5.626153   data arrival time

                      0.000000    0.000000    0.000000   clock clk (rise edge)
                                  0.000000    0.000000   clock network delay (ideal)
                                  0.250000    0.250000   clock uncertainty
                                  0.000000    0.250000   clock reconvergence pessimism
                                 -5.000000   -4.750000   output external delay
                                             -4.750000   data required time
---------------------------------------------------------------------------------------------
                                             -4.750000   data required time
                                             -5.626153   data arrival time
---------------------------------------------------------------------------------------------
                                             10.376154   slack (MET)


Startpoint: A[3] (input port clocked by clk)
Endpoint: result[3] (output port clocked by clk)
Path Group: clk
Path Type: min

Fanout         Cap        Slew       Delay        Time   Description
---------------------------------------------------------------------------------------------
                      0.000000    0.000000    0.000000   clock clk (rise edge)
                                  0.000000    0.000000   clock network delay (ideal)
                                  5.000000    5.000000 v input external delay
     1    0.002601    0.008155    0.004135    5.004135 v A[3] (in)
                                                         A[3] (net)
                      0.008157    0.000000    5.004135 v input4/A (sky130_fd_sc_hd__buf_1)
     5    0.016122    0.098597    0.130062    5.134197 v input4/X (sky130_fd_sc_hd__buf_1)
                                                         net4 (net)
                      0.098598    0.000496    5.134692 v _69_/A1_N (sky130_fd_sc_hd__a2bb2o_1)
     2    0.005020    0.061674    0.283241    5.417933 ^ _69_/X (sky130_fd_sc_hd__a2bb2o_1)
                                                         net16 (net)
                      0.061675    0.000307    5.418240 ^ output16/A (sky130_fd_sc_hd__buf_2)
     1    0.035297    0.175152    0.206811    5.625051 ^ output16/X (sky130_fd_sc_hd__buf_2)
                                                         result[3] (net)
                      0.175232    0.001848    5.626899 ^ result[3] (out)
                                              5.626899   data arrival time

                      0.000000    0.000000    0.000000   clock clk (rise edge)
                                  0.000000    0.000000   clock network delay (ideal)
                                  0.250000    0.250000   clock uncertainty
                                  0.000000    0.250000   clock reconvergence pessimism
                                 -5.000000   -4.750000   output external delay
                                             -4.750000   data required time
---------------------------------------------------------------------------------------------
                                             -4.750000   data required time
                                             -5.626899   data arrival time
---------------------------------------------------------------------------------------------
                                             10.376900   slack (MET)



