
===========================================================================
report_checks -unconstrained
===========================================================================
======================= max_ss_100C_1v60 Corner ===================================

Startpoint: B[0] (input port clocked by clk)
Endpoint: ZF (output port clocked by clk)
Path Group: clk
Path Type: max

Fanout         Cap        Slew       Delay        Time   Description
---------------------------------------------------------------------------------------------
                      0.000000    0.000000    0.000000   clock clk (rise edge)
                                  0.000000    0.000000   clock network delay (ideal)
                                  5.000000    5.000000 ^ input external delay
     1    0.003666    0.038048    0.020422    5.020422 ^ B[0] (in)
                                                         B[0] (net)
                      0.038048    0.000000    5.020422 ^ input8/A (sky130_fd_sc_hd__buf_1)
     3    0.013636    0.267120    0.276667    5.297089 ^ input8/X (sky130_fd_sc_hd__buf_1)
                                                         net8 (net)
                      0.267121    0.000486    5.297575 ^ fanout20/A (sky130_fd_sc_hd__buf_2)
    10    0.033560    0.267781    0.427033    5.724607 ^ fanout20/X (sky130_fd_sc_hd__buf_2)
                                                         net20 (net)
                      0.267830    0.003570    5.728178 ^ _68_/S0 (sky130_fd_sc_hd__mux4_1)
     1    0.002397    0.146718    1.276798    7.004976 v _68_/X (sky130_fd_sc_hd__mux4_1)
                                                         _27_ (net)
                      0.146718    0.000145    7.005121 v _69_/B2 (sky130_fd_sc_hd__a2bb2o_1)
     2    0.004615    0.117958    0.587994    7.593115 v _69_/X (sky130_fd_sc_hd__a2bb2o_1)
                                                         net16 (net)
                      0.117958    0.000242    7.593357 v _82_/A (sky130_fd_sc_hd__or4_1)
     1    0.007679    0.234356    1.313730    8.907086 v _82_/X (sky130_fd_sc_hd__or4_1)
                                                         _37_ (net)
                      0.234356    0.000436    8.907522 v _83_/D (sky130_fd_sc_hd__nor4_1)
     1    0.002035    0.333175    0.309371    9.216893 ^ _83_/Y (sky130_fd_sc_hd__nor4_1)
                                                         net12 (net)
                      0.333175    0.000144    9.217037 ^ output12/A (sky130_fd_sc_hd__buf_2)
     1    0.034774    0.276920    0.459857    9.676894 ^ output12/X (sky130_fd_sc_hd__buf_2)
                                                         ZF (net)
                      0.276928    0.001831    9.678725 ^ ZF (out)
                                              9.678725   data arrival time

                      0.000000   25.000000   25.000000   clock clk (rise edge)
                                  0.000000   25.000000   clock network delay (ideal)
                                 -0.250000   24.750000   clock uncertainty
                                  0.000000   24.750000   clock reconvergence pessimism
                                 -5.000000   19.750000   output external delay
                                             19.750000   data required time
---------------------------------------------------------------------------------------------
                                             19.750000   data required time
                                             -9.678725   data arrival time
---------------------------------------------------------------------------------------------
                                             10.071274   slack (MET)




===========================================================================
report_checks --slack_max -0.01
============================================================================
======================= max_ss_100C_1v60 Corner ===================================

No paths found.


===========================================================================
 report_check_types -max_slew -max_cap -max_fanout -violators
============================================================================
======================= max_ss_100C_1v60 Corner ===================================



===========================================================================
report_parasitic_annotation -report_unannotated
============================================================================
Found 4 unannotated drivers.
 B[3]
 B[4]
 B[5]
 B[6]
Found 0 partially unannotated drivers.

===========================================================================
max slew violation count 0
max fanout violation count 0
max cap violation count 0
============================================================================

===========================================================================
check_setup -verbose -unconstrained_endpoints -multiple_clock -no_clock -no_input_delay -loops -generated_clocks
===========================================================================
